[ 2018-06-26T10:13:11+08:00 ] 127.0.0.1 /
INFO: [ app_init ] --START--
INFO: Run Behavior\BuildLiteBehavior [ RunTime:0.000000s ]
INFO: [ app_init ] --END-- [ RunTime:0.067004s ]
INFO: [ app_begin ] --START--
INFO: Run Behavior\ReadHtmlCacheBehavior [ RunTime:0.017001s ]
INFO: [ app_begin ] --END-- [ RunTime:0.017001s ]
INFO: [ view_parse ] --START--
INFO: [ template_filter ] --START--
INFO: Run Behavior\ContentReplaceBehavior [ RunTime:0.000000s ]
INFO: [ template_filter ] --END-- [ RunTime:0.001000s ]
INFO: Run Behavior\ParseTemplateBehavior [ RunTime:0.159009s ]
INFO: [ view_parse ] --END-- [ RunTime:0.159009s ]
INFO: [ view_filter ] --START--
INFO: Run Behavior\WriteHtmlCacheBehavior [ RunTime:0.010000s ]
INFO: [ view_filter ] --END-- [ RunTime:0.010000s ]
INFO: [ app_end ] --START--
INFO: Run Behavior\ShowPageTraceBehavior [ RunTime:0.012001s ]
INFO: [ app_end ] --END-- [ RunTime:0.012001s ]

[ 2018-06-26T10:17:53+08:00 ] 127.0.0.1 /Home/statistics/equipment_day_statistics
INFO: [ app_init ] --START--
INFO: Run Behavior\BuildLiteBehavior [ RunTime:0.000000s ]
INFO: [ app_init ] --END-- [ RunTime:0.000000s ]
INFO: [ app_begin ] --START--
INFO: Run Behavior\ReadHtmlCacheBehavior [ RunTime:0.000000s ]
INFO: [ app_begin ] --END-- [ RunTime:0.000000s ]
SQL: SHOW COLUMNS FROM `equipment` [ RunTime:0.0020s ]
SQL: SELECT t1.pid as manager_id,t1.id as equipment_id,t2.price,1529856000 as statistics_data FROM equipment t1 left join goods as t2 on t1.goods_id=t2.id   [ RunTime:0.0010s ]
SQL: SHOW COLUMNS FROM `tbl_game_log` [ RunTime:0.0010s ]
SQL: SELECT count(id) count,`equipment_id` FROM `tbl_game_log` WHERE ( end_time between 1529856000 and 1529942399 ) GROUP BY equipment_id  [ RunTime:0.0010s ]
NOTIC: [8] Undefined index: run_count D:\WWW\machine\Application\Common\Common\function.php 第 259 行.
NOTIC: [8] Undefined index: run_count D:\WWW\machine\Application\Common\Common\function.php 第 259 行.
NOTIC: [8] Undefined index: run_count D:\WWW\machine\Application\Common\Common\function.php 第 259 行.
NOTIC: [8] Undefined index: run_count D:\WWW\machine\Application\Common\Common\function.php 第 259 行.
NOTIC: [8] Undefined index: run_count D:\WWW\machine\Application\Common\Common\function.php 第 259 行.
SQL: SELECT count(id) count,`equipment_id` FROM `tbl_game_log` WHERE ( end_time between 1529856000 and 1529942399 && got_gift=1 ) GROUP BY equipment_id  [ RunTime:0.0010s ]
NOTIC: [8] Undefined index: success_number D:\WWW\machine\Application\Common\Common\function.php 第 259 行.
NOTIC: [8] Undefined index: success_number D:\WWW\machine\Application\Common\Common\function.php 第 259 行.
NOTIC: [8] Undefined index: success_number D:\WWW\machine\Application\Common\Common\function.php 第 259 行.
NOTIC: [8] Undefined index: success_number D:\WWW\machine\Application\Common\Common\function.php 第 259 行.
NOTIC: [8] Undefined index: success_number D:\WWW\machine\Application\Common\Common\function.php 第 259 行.
NOTIC: [8] Undefined index: success_number D:\WWW\machine\Application\Common\Common\function.php 第 259 行.
SQL: SELECT count(id) count,`equipment_id` FROM `tbl_game_log` WHERE ( end_time between 1529856000 and 1529942399 && got_gift=0 ) GROUP BY equipment_id  [ RunTime:0.0000s ]
NOTIC: [8] Undefined index: fail_number D:\WWW\machine\Application\Common\Common\function.php 第 259 行.
NOTIC: [8] Undefined index: fail_number D:\WWW\machine\Application\Common\Common\function.php 第 259 行.
NOTIC: [8] Undefined index: fail_number D:\WWW\machine\Application\Common\Common\function.php 第 259 行.
NOTIC: [8] Undefined index: fail_number D:\WWW\machine\Application\Common\Common\function.php 第 259 行.
NOTIC: [8] Undefined index: fail_number D:\WWW\machine\Application\Common\Common\function.php 第 259 行.
NOTIC: [8] Undefined index: fail_number D:\WWW\machine\Application\Common\Common\function.php 第 259 行.
SQL: SELECT count(id) count,`equipment_id` FROM `tbl_game_log` WHERE ( end_time between 1529856000 and 1529942399 && got_gift=1 && type=('gold') ) GROUP BY equipment_id  [ RunTime:0.0000s ]
NOTIC: [8] Undefined index: gold_game_win_times D:\WWW\machine\Application\Common\Common\function.php 第 259 行.
NOTIC: [8] Undefined index: gold_game_win_times D:\WWW\machine\Application\Common\Common\function.php 第 259 行.
NOTIC: [8] Undefined index: gold_game_win_times D:\WWW\machine\Application\Common\Common\function.php 第 259 行.
NOTIC: [8] Undefined index: gold_game_win_times D:\WWW\machine\Application\Common\Common\function.php 第 259 行.
NOTIC: [8] Undefined index: gold_game_win_times D:\WWW\machine\Application\Common\Common\function.php 第 259 行.
NOTIC: [8] Undefined index: gold_game_win_times D:\WWW\machine\Application\Common\Common\function.php 第 259 行.
NOTIC: [8] Undefined index: gold_game_win_times D:\WWW\machine\Application\Common\Common\function.php 第 259 行.
SQL: SELECT count(id) count,`equipment_id` FROM `tbl_game_log` WHERE ( end_time between 1529856000 and 1529942399 && got_gift=1 && type=('silver') ) GROUP BY equipment_id  [ RunTime:0.0000s ]
NOTIC: [8] Undefined index: silver_game_win_times D:\WWW\machine\Application\Common\Common\function.php 第 259 行.
NOTIC: [8] Undefined index: silver_game_win_times D:\WWW\machine\Application\Common\Common\function.php 第 259 行.
NOTIC: [8] Undefined index: silver_game_win_times D:\WWW\machine\Application\Common\Common\function.php 第 259 行.
NOTIC: [8] Undefined index: silver_game_win_times D:\WWW\machine\Application\Common\Common\function.php 第 259 行.
NOTIC: [8] Undefined index: silver_game_win_times D:\WWW\machine\Application\Common\Common\function.php 第 259 行.
NOTIC: [8] Undefined index: silver_game_win_times D:\WWW\machine\Application\Common\Common\function.php 第 259 行.
NOTIC: [8] Undefined index: silver_game_win_times D:\WWW\machine\Application\Common\Common\function.php 第 259 行.
SQL: SELECT count(id) count,`equipment_id` FROM `tbl_game_log` WHERE ( end_time between 1529856000 and 1529942399 && got_gift=0 && type=('gold') ) GROUP BY equipment_id  [ RunTime:0.0000s ]
NOTIC: [8] Undefined index: gold_game_lose_times D:\WWW\machine\Application\Common\Common\function.php 第 259 行.
NOTIC: [8] Undefined index: gold_game_lose_times D:\WWW\machine\Application\Common\Common\function.php 第 259 行.
NOTIC: [8] Undefined index: gold_game_lose_times D:\WWW\machine\Application\Common\Common\function.php 第 259 行.
NOTIC: [8] Undefined index: gold_game_lose_times D:\WWW\machine\Application\Common\Common\function.php 第 259 行.
NOTIC: [8] Undefined index: gold_game_lose_times D:\WWW\machine\Application\Common\Common\function.php 第 259 行.
NOTIC: [8] Undefined index: gold_game_lose_times D:\WWW\machine\Application\Common\Common\function.php 第 259 行.
SQL: SELECT count(id) count,`equipment_id` FROM `tbl_game_log` WHERE ( end_time between 1529856000 and 1529942399 && got_gift=0 && type=('silver') ) GROUP BY equipment_id  [ RunTime:0.0000s ]
NOTIC: [8] Undefined index: silver_game_lose_times D:\WWW\machine\Application\Common\Common\function.php 第 259 行.
NOTIC: [8] Undefined index: silver_game_lose_times D:\WWW\machine\Application\Common\Common\function.php 第 259 行.
NOTIC: [8] Undefined index: silver_game_lose_times D:\WWW\machine\Application\Common\Common\function.php 第 259 行.
NOTIC: [8] Undefined index: silver_game_lose_times D:\WWW\machine\Application\Common\Common\function.php 第 259 行.
NOTIC: [8] Undefined index: silver_game_lose_times D:\WWW\machine\Application\Common\Common\function.php 第 259 行.
NOTIC: [8] Undefined index: silver_game_lose_times D:\WWW\machine\Application\Common\Common\function.php 第 259 行.
NOTIC: [8] Undefined index: silver_game_lose_times D:\WWW\machine\Application\Common\Common\function.php 第 259 行.
SQL: SELECT count(id) count,`equipment_id` FROM `tbl_game_log` WHERE ( end_time between 1529856000 and 1529942399 && type=('gold') ) GROUP BY equipment_id  [ RunTime:0.0000s ]
NOTIC: [8] Undefined index: gold_game_times D:\WWW\machine\Application\Common\Common\function.php 第 259 行.
NOTIC: [8] Undefined index: gold_game_times D:\WWW\machine\Application\Common\Common\function.php 第 259 行.
NOTIC: [8] Undefined index: gold_game_times D:\WWW\machine\Application\Common\Common\function.php 第 259 行.
NOTIC: [8] Undefined index: gold_game_times D:\WWW\machine\Application\Common\Common\function.php 第 259 行.
NOTIC: [8] Undefined index: gold_game_times D:\WWW\machine\Application\Common\Common\function.php 第 259 行.
NOTIC: [8] Undefined index: gold_game_times D:\WWW\machine\Application\Common\Common\function.php 第 259 行.
SQL: SELECT count(id) count,`equipment_id` FROM `tbl_game_log` WHERE ( end_time between 1529856000 and 1529942399 && type=('silver') ) GROUP BY equipment_id  [ RunTime:0.0010s ]
NOTIC: [8] Undefined index: silver_game_times D:\WWW\machine\Application\Common\Common\function.php 第 259 行.
NOTIC: [8] Undefined index: silver_game_times D:\WWW\machine\Application\Common\Common\function.php 第 259 行.
NOTIC: [8] Undefined index: silver_game_times D:\WWW\machine\Application\Common\Common\function.php 第 259 行.
NOTIC: [8] Undefined index: silver_game_times D:\WWW\machine\Application\Common\Common\function.php 第 259 行.
NOTIC: [8] Undefined index: silver_game_times D:\WWW\machine\Application\Common\Common\function.php 第 259 行.
NOTIC: [8] Undefined index: silver_game_times D:\WWW\machine\Application\Common\Common\function.php 第 259 行.
NOTIC: [8] Undefined index: silver_game_times D:\WWW\machine\Application\Common\Common\function.php 第 259 行.
SQL: SHOW COLUMNS FROM `equipment_day_statistics` [ RunTime:0.0010s ]
SQL: INSERT INTO `equipment_day_statistics` (`equipment_id`,`run_count`,`success_number`,`fail_number`,`gold_game_win_times`,`silver_game_win_times`,`gold_game_lose_times`,`silver_game_lose_times`,`gold_game_times`,`silver_game_times`,`income_count`,`create_time`,`statistics_date`) VALUES ('2','0','0','0','0','0','0','0','0','0','0','1529979473','1529856000'),('8','5','0','5','0','0','5','0','5','0','300','1529979473','1529856000'),('9','0','0','0','0','0','0','0','0','0','0','1529979473','1529856000'),('10','0','0','0','0','0','0','0','0','0','0','1529979473','1529856000'),('11','1','1','0','0','0','0','0','0','0','2','1529979473','1529856000'),('12','0','0','0','0','0','0','0','0','0','0','1529979473','1529856000'),('13','0','0','0','0','0','0','0','0','0','0','1529979473','1529856000') [ RunTime:0.0470s ]
INFO: [ app_end ] --START--
INFO: Run Behavior\ShowPageTraceBehavior [ RunTime:0.001000s ]
INFO: [ app_end ] --END-- [ RunTime:0.001000s ]

[ 2018-06-26T10:31:43+08:00 ] 127.0.0.1 /Home/testing/op
INFO: [ app_init ] --START--
INFO: Run Behavior\BuildLiteBehavior [ RunTime:0.000000s ]
INFO: [ app_init ] --END-- [ RunTime:0.000000s ]
INFO: [ app_begin ] --START--
INFO: Run Behavior\ReadHtmlCacheBehavior [ RunTime:0.001000s ]
INFO: [ app_begin ] --END-- [ RunTime:0.001000s ]
SQL: SHOW COLUMNS FROM `equipment_day_statistics` [ RunTime:0.0010s ]
SQL: SELECT * FROM `equipment_day_statistics` WHERE ( statistics_date between 1525104000 and 1527782399 )  [ RunTime:0.0010s ]

[ 2018-06-26T10:32:56+08:00 ] 127.0.0.1 /Home/testing/op
INFO: [ app_init ] --START--
INFO: Run Behavior\BuildLiteBehavior [ RunTime:0.000000s ]
INFO: [ app_init ] --END-- [ RunTime:0.000000s ]
INFO: [ app_begin ] --START--
INFO: Run Behavior\ReadHtmlCacheBehavior [ RunTime:0.000000s ]
INFO: [ app_begin ] --END-- [ RunTime:0.000000s ]
SQL: SHOW COLUMNS FROM `equipment_day_statistics` [ RunTime:0.0010s ]
SQL: SELECT * FROM `equipment_day_statistics` WHERE ( statistics_date between 1527782400 and 1530374399 )  [ RunTime:0.0010s ]

[ 2018-06-26T10:34:47+08:00 ] 127.0.0.1 /Home/testing/op
INFO: [ app_init ] --START--
INFO: Run Behavior\BuildLiteBehavior [ RunTime:0.000000s ]
INFO: [ app_init ] --END-- [ RunTime:0.000000s ]
INFO: [ app_begin ] --START--
INFO: Run Behavior\ReadHtmlCacheBehavior [ RunTime:0.001000s ]
INFO: [ app_begin ] --END-- [ RunTime:0.001000s ]
SQL: SHOW COLUMNS FROM `partner_day_statistics` [ RunTime:0.0010s ]
SQL: SELECT * FROM `partner_day_statistics` WHERE ( statistics_date between 1527782400 and 1530374399 )  [ RunTime:0.0010s ]

[ 2018-06-26T10:35:07+08:00 ] 127.0.0.1 /Home/testing/op
INFO: [ app_init ] --START--
INFO: Run Behavior\BuildLiteBehavior [ RunTime:0.001000s ]
INFO: [ app_init ] --END-- [ RunTime:0.001000s ]
INFO: [ app_begin ] --START--
INFO: Run Behavior\ReadHtmlCacheBehavior [ RunTime:0.000000s ]
INFO: [ app_begin ] --END-- [ RunTime:0.001000s ]
SQL: SHOW COLUMNS FROM `partner_day_statistics` [ RunTime:0.0010s ]
SQL: SELECT * FROM `partner_day_statistics` WHERE ( statistics_date between 1525104000 and 1527782399 )  [ RunTime:0.0010s ]

[ 2018-06-26T10:42:15+08:00 ] 127.0.0.1 /Home/testing/op
INFO: [ app_init ] --START--
INFO: Run Behavior\BuildLiteBehavior [ RunTime:0.000000s ]
INFO: [ app_init ] --END-- [ RunTime:0.001000s ]
INFO: [ app_begin ] --START--
INFO: Run Behavior\ReadHtmlCacheBehavior [ RunTime:0.000000s ]
INFO: [ app_begin ] --END-- [ RunTime:0.001000s ]
SQL: SHOW COLUMNS FROM `partner_day_statistics` [ RunTime:0.0010s ]
SQL: SELECT * FROM `partner_day_statistics` WHERE ( statistics_date between 1527782400 and 1530374399 )  [ RunTime:0.0010s ]

[ 2018-06-26T10:58:30+08:00 ] 127.0.0.1 /Home/testing/op
INFO: [ app_init ] --START--
INFO: Run Behavior\BuildLiteBehavior [ RunTime:0.000000s ]
INFO: [ app_init ] --END-- [ RunTime:0.000000s ]
INFO: [ app_begin ] --START--
INFO: Run Behavior\ReadHtmlCacheBehavior [ RunTime:0.000000s ]
INFO: [ app_begin ] --END-- [ RunTime:0.001000s ]
SQL: SHOW COLUMNS FROM `partner_day_statistics` [ RunTime:0.0010s ]
SQL: SELECT * FROM `partner_day_statistics` WHERE ( statistics_date between 1527782400 and 1530374399 )  [ RunTime:0.0010s ]

[ 2018-06-26T11:08:27+08:00 ] 127.0.0.1 /Home/Statistics/equipment_day_statistics
INFO: [ app_init ] --START--
INFO: Run Behavior\BuildLiteBehavior [ RunTime:0.000000s ]
INFO: [ app_init ] --END-- [ RunTime:0.000000s ]
INFO: [ app_begin ] --START--
INFO: Run Behavior\ReadHtmlCacheBehavior [ RunTime:0.002000s ]
INFO: [ app_begin ] --END-- [ RunTime:0.002000s ]
SQL: SHOW COLUMNS FROM `equipment` [ RunTime:0.0000s ]
SQL: SELECT t1.pid as manager_id,t1.id as equipment_id,t2.price,1529856000 as statistics_data FROM equipment t1 left join goods as t2 on t1.goods_id=t2.id   [ RunTime:0.0010s ]
SQL: SHOW COLUMNS FROM `tbl_game_log` [ RunTime:0.0000s ]
SQL: SELECT count(id) count,`equipment_id` FROM `tbl_game_log` WHERE ( end_time between 1529856000 and 1529942399 ) GROUP BY equipment_id  [ RunTime:0.0010s ]
NOTIC: [8] Undefined index: run_count D:\WWW\machine\Application\Common\Common\function.php 第 259 行.
NOTIC: [8] Undefined index: run_count D:\WWW\machine\Application\Common\Common\function.php 第 259 行.
NOTIC: [8] Undefined index: run_count D:\WWW\machine\Application\Common\Common\function.php 第 259 行.
NOTIC: [8] Undefined index: run_count D:\WWW\machine\Application\Common\Common\function.php 第 259 行.
NOTIC: [8] Undefined index: run_count D:\WWW\machine\Application\Common\Common\function.php 第 259 行.
SQL: SELECT count(id) count,`equipment_id` FROM `tbl_game_log` WHERE ( end_time between 1529856000 and 1529942399 && got_gift=1 ) GROUP BY equipment_id  [ RunTime:0.0010s ]
NOTIC: [8] Undefined index: success_number D:\WWW\machine\Application\Common\Common\function.php 第 259 行.
NOTIC: [8] Undefined index: success_number D:\WWW\machine\Application\Common\Common\function.php 第 259 行.
NOTIC: [8] Undefined index: success_number D:\WWW\machine\Application\Common\Common\function.php 第 259 行.
NOTIC: [8] Undefined index: success_number D:\WWW\machine\Application\Common\Common\function.php 第 259 行.
NOTIC: [8] Undefined index: success_number D:\WWW\machine\Application\Common\Common\function.php 第 259 行.
NOTIC: [8] Undefined index: success_number D:\WWW\machine\Application\Common\Common\function.php 第 259 行.
SQL: SELECT count(id) count,`equipment_id` FROM `tbl_game_log` WHERE ( end_time between 1529856000 and 1529942399 && got_gift=0 ) GROUP BY equipment_id  [ RunTime:0.0010s ]
NOTIC: [8] Undefined index: fail_number D:\WWW\machine\Application\Common\Common\function.php 第 259 行.
NOTIC: [8] Undefined index: fail_number D:\WWW\machine\Application\Common\Common\function.php 第 259 行.
NOTIC: [8] Undefined index: fail_number D:\WWW\machine\Application\Common\Common\function.php 第 259 行.
NOTIC: [8] Undefined index: fail_number D:\WWW\machine\Application\Common\Common\function.php 第 259 行.
NOTIC: [8] Undefined index: fail_number D:\WWW\machine\Application\Common\Common\function.php 第 259 行.
NOTIC: [8] Undefined index: fail_number D:\WWW\machine\Application\Common\Common\function.php 第 259 行.
SQL: SELECT count(id) count,`equipment_id` FROM `tbl_game_log` WHERE ( end_time between 1529856000 and 1529942399 && got_gift=1 && type=('gold') ) GROUP BY equipment_id  [ RunTime:0.0000s ]
NOTIC: [8] Undefined index: gold_game_win_times D:\WWW\machine\Application\Common\Common\function.php 第 259 行.
NOTIC: [8] Undefined index: gold_game_win_times D:\WWW\machine\Application\Common\Common\function.php 第 259 行.
NOTIC: [8] Undefined index: gold_game_win_times D:\WWW\machine\Application\Common\Common\function.php 第 259 行.
NOTIC: [8] Undefined index: gold_game_win_times D:\WWW\machine\Application\Common\Common\function.php 第 259 行.
NOTIC: [8] Undefined index: gold_game_win_times D:\WWW\machine\Application\Common\Common\function.php 第 259 行.
NOTIC: [8] Undefined index: gold_game_win_times D:\WWW\machine\Application\Common\Common\function.php 第 259 行.
NOTIC: [8] Undefined index: gold_game_win_times D:\WWW\machine\Application\Common\Common\function.php 第 259 行.
SQL: SELECT count(id) count,`equipment_id` FROM `tbl_game_log` WHERE ( end_time between 1529856000 and 1529942399 && got_gift=1 && type=('silver') ) GROUP BY equipment_id  [ RunTime:0.0000s ]
NOTIC: [8] Undefined index: silver_game_win_times D:\WWW\machine\Application\Common\Common\function.php 第 259 行.
NOTIC: [8] Undefined index: silver_game_win_times D:\WWW\machine\Application\Common\Common\function.php 第 259 行.
NOTIC: [8] Undefined index: silver_game_win_times D:\WWW\machine\Application\Common\Common\function.php 第 259 行.
NOTIC: [8] Undefined index: silver_game_win_times D:\WWW\machine\Application\Common\Common\function.php 第 259 行.
NOTIC: [8] Undefined index: silver_game_win_times D:\WWW\machine\Application\Common\Common\function.php 第 259 行.
NOTIC: [8] Undefined index: silver_game_win_times D:\WWW\machine\Application\Common\Common\function.php 第 259 行.
NOTIC: [8] Undefined index: silver_game_win_times D:\WWW\machine\Application\Common\Common\function.php 第 259 行.
SQL: SELECT count(id) count,`equipment_id` FROM `tbl_game_log` WHERE ( end_time between 1529856000 and 1529942399 && got_gift=0 && type=('gold') ) GROUP BY equipment_id  [ RunTime:0.0010s ]
NOTIC: [8] Undefined index: gold_game_lose_times D:\WWW\machine\Application\Common\Common\function.php 第 259 行.
NOTIC: [8] Undefined index: gold_game_lose_times D:\WWW\machine\Application\Common\Common\function.php 第 259 行.
NOTIC: [8] Undefined index: gold_game_lose_times D:\WWW\machine\Application\Common\Common\function.php 第 259 行.
NOTIC: [8] Undefined index: gold_game_lose_times D:\WWW\machine\Application\Common\Common\function.php 第 259 行.
NOTIC: [8] Undefined index: gold_game_lose_times D:\WWW\machine\Application\Common\Common\function.php 第 259 行.
NOTIC: [8] Undefined index: gold_game_lose_times D:\WWW\machine\Application\Common\Common\function.php 第 259 行.
SQL: SELECT count(id) count,`equipment_id` FROM `tbl_game_log` WHERE ( end_time between 1529856000 and 1529942399 && got_gift=0 && type=('silver') ) GROUP BY equipment_id  [ RunTime:0.0010s ]
NOTIC: [8] Undefined index: silver_game_lose_times D:\WWW\machine\Application\Common\Common\function.php 第 259 行.
NOTIC: [8] Undefined index: silver_game_lose_times D:\WWW\machine\Application\Common\Common\function.php 第 259 行.
NOTIC: [8] Undefined index: silver_game_lose_times D:\WWW\machine\Application\Common\Common\function.php 第 259 行.
NOTIC: [8] Undefined index: silver_game_lose_times D:\WWW\machine\Application\Common\Common\function.php 第 259 行.
NOTIC: [8] Undefined index: silver_game_lose_times D:\WWW\machine\Application\Common\Common\function.php 第 259 行.
NOTIC: [8] Undefined index: silver_game_lose_times D:\WWW\machine\Application\Common\Common\function.php 第 259 行.
NOTIC: [8] Undefined index: silver_game_lose_times D:\WWW\machine\Application\Common\Common\function.php 第 259 行.
SQL: SELECT count(id) count,`equipment_id` FROM `tbl_game_log` WHERE ( end_time between 1529856000 and 1529942399 && type=('gold') ) GROUP BY equipment_id  [ RunTime:0.0000s ]
NOTIC: [8] Undefined index: gold_game_times D:\WWW\machine\Application\Common\Common\function.php 第 259 行.
NOTIC: [8] Undefined index: gold_game_times D:\WWW\machine\Application\Common\Common\function.php 第 259 行.
NOTIC: [8] Undefined index: gold_game_times D:\WWW\machine\Application\Common\Common\function.php 第 259 行.
NOTIC: [8] Undefined index: gold_game_times D:\WWW\machine\Application\Common\Common\function.php 第 259 行.
NOTIC: [8] Undefined index: gold_game_times D:\WWW\machine\Application\Common\Common\function.php 第 259 行.
NOTIC: [8] Undefined index: gold_game_times D:\WWW\machine\Application\Common\Common\function.php 第 259 行.
SQL: SELECT count(id) count,`equipment_id` FROM `tbl_game_log` WHERE ( end_time between 1529856000 and 1529942399 && type=('silver') ) GROUP BY equipment_id  [ RunTime:0.0000s ]
NOTIC: [8] Undefined index: silver_game_times D:\WWW\machine\Application\Common\Common\function.php 第 259 行.
NOTIC: [8] Undefined index: silver_game_times D:\WWW\machine\Application\Common\Common\function.php 第 259 行.
NOTIC: [8] Undefined index: silver_game_times D:\WWW\machine\Application\Common\Common\function.php 第 259 行.
NOTIC: [8] Undefined index: silver_game_times D:\WWW\machine\Application\Common\Common\function.php 第 259 行.
NOTIC: [8] Undefined index: silver_game_times D:\WWW\machine\Application\Common\Common\function.php 第 259 行.
NOTIC: [8] Undefined index: silver_game_times D:\WWW\machine\Application\Common\Common\function.php 第 259 行.
NOTIC: [8] Undefined index: silver_game_times D:\WWW\machine\Application\Common\Common\function.php 第 259 行.
SQL: SHOW COLUMNS FROM `equipment_day_statistics` [ RunTime:0.0010s ]
SQL: INSERT INTO `equipment_day_statistics` (`equipment_id`,`run_count`,`success_number`,`fail_number`,`gold_game_win_times`,`silver_game_win_times`,`gold_game_lose_times`,`silver_game_lose_times`,`gold_game_times`,`silver_game_times`,`income_count`,`create_time`,`statistics_date`) VALUES ('2','0','0','0','0','0','0','0','0','0','0','1529982507','1529856000'),('8','5','0','5','0','0','5','0','5','0','300','1529982507','1529856000'),('9','0','0','0','0','0','0','0','0','0','0','1529982507','1529856000'),('10','0','0','0','0','0','0','0','0','0','0','1529982507','1529856000'),('11','1','1','0','0','0','0','0','0','0','2','1529982507','1529856000'),('12','0','0','0','0','0','0','0','0','0','0','1529982507','1529856000'),('13','0','0','0','0','0','0','0','0','0','0','1529982507','1529856000') [ RunTime:0.0740s ]
INFO: [ app_end ] --START--
INFO: Run Behavior\ShowPageTraceBehavior [ RunTime:0.000000s ]
INFO: [ app_end ] --END-- [ RunTime:0.000000s ]

