[ 2018-06-21T10:39:00+08:00 ] 127.0.0.1 /Home/test/jiekou
INFO: [ app_init ] --START--
INFO: Run Behavior\BuildLiteBehavior [ RunTime:0.000000s ]
INFO: [ app_init ] --END-- [ RunTime:0.000000s ]
INFO: [ app_begin ] --START--
INFO: Run Behavior\ReadHtmlCacheBehavior [ RunTime:0.000000s ]
INFO: [ app_begin ] --END-- [ RunTime:0.000000s ]

[ 2018-06-21T10:39:00+08:00 ] 127.0.0.1 /index.php
INFO: [ app_init ] --START--
INFO: Run Behavior\BuildLiteBehavior [ RunTime:0.000000s ]
INFO: [ app_init ] --END-- [ RunTime:0.000000s ]
INFO: [ app_begin ] --START--
INFO: Run Behavior\ReadHtmlCacheBehavior [ RunTime:0.001000s ]
INFO: [ app_begin ] --END-- [ RunTime:0.001000s ]

[ 2018-06-21T10:39:09+08:00 ] 127.0.0.1 /Home/test/jiekou
INFO: [ app_init ] --START--
INFO: Run Behavior\BuildLiteBehavior [ RunTime:0.000000s ]
INFO: [ app_init ] --END-- [ RunTime:0.000000s ]
INFO: [ app_begin ] --START--
INFO: Run Behavior\ReadHtmlCacheBehavior [ RunTime:0.001000s ]
INFO: [ app_begin ] --END-- [ RunTime:0.001000s ]
NOTIC: [2] json_encode() expects parameter 2 to be long, array given D:\workspace\machine\Application\Home\Controller\TestController.class.php 第 1398 行.

[ 2018-06-21T10:40:13+08:00 ] 127.0.0.1 /Home/test/jiekou
INFO: [ app_init ] --START--
INFO: Run Behavior\BuildLiteBehavior [ RunTime:0.000000s ]
INFO: [ app_init ] --END-- [ RunTime:0.001000s ]
INFO: [ app_begin ] --START--
INFO: Run Behavior\ReadHtmlCacheBehavior [ RunTime:0.000000s ]
INFO: [ app_begin ] --END-- [ RunTime:0.000000s ]
NOTIC: [2] json_encode() expects parameter 2 to be long, array given D:\workspace\machine\Application\Home\Controller\TestController.class.php 第 1398 行.

[ 2018-06-21T10:40:29+08:00 ] 127.0.0.1 /Home/test/jiekou
INFO: [ app_init ] --START--
INFO: Run Behavior\BuildLiteBehavior [ RunTime:0.000000s ]
INFO: [ app_init ] --END-- [ RunTime:0.000000s ]
INFO: [ app_begin ] --START--
INFO: Run Behavior\ReadHtmlCacheBehavior [ RunTime:0.001000s ]
INFO: [ app_begin ] --END-- [ RunTime:0.001000s ]
NOTIC: [2] json_encode() expects parameter 2 to be long, array given D:\workspace\machine\Application\Home\Controller\TestController.class.php 第 1398 行.

[ 2018-06-21T10:40:45+08:00 ] 192.168.1.164 /Home/Diliang/payment
INFO: [ app_init ] --START--
INFO: Run Behavior\BuildLiteBehavior [ RunTime:0.000000s ]
INFO: [ app_init ] --END-- [ RunTime:0.000000s ]
INFO: [ app_begin ] --START--
INFO: Run Behavior\ReadHtmlCacheBehavior [ RunTime:0.000000s ]
INFO: [ app_begin ] --END-- [ RunTime:0.000000s ]
SQL: SHOW COLUMNS FROM `goods` [ RunTime:0.0000s ]
SQL: SELECT * FROM `goods` WHERE `id` = 4 LIMIT 1   [ RunTime:0.0010s ]
SQL: SHOW COLUMNS FROM `all_user` [ RunTime:0.0230s ]
SQL: SELECT `uuid` FROM `all_user` WHERE `id` = 2 LIMIT 1   [ RunTime:0.0000s ]
SQL: SHOW COLUMNS FROM `tbl_game_log` [ RunTime:0.0000s ]
ERR: 1364:Field 'paymentid' doesn't have a default value
 [ SQL语句 ] : INSERT INTO `tbl_game_log` (`equipment_id`,`got_gift`,`userid`,`uuid`,`goods_id`,`end_time`) VALUES ('11','0','2','1','4','1529548845')
ERR: 1364:Field 'paymentid' doesn't have a default value
 [ SQL语句 ] : INSERT INTO `tbl_game_log` (`equipment_id`,`got_gift`,`userid`,`uuid`,`goods_id`,`end_time`) VALUES ('11','0','2','1','4','1529548845')

[ 2018-06-21T10:40:45+08:00 ] 127.0.0.1 /Home/test/jiekou
INFO: [ app_init ] --START--
INFO: Run Behavior\BuildLiteBehavior [ RunTime:0.000000s ]
INFO: [ app_init ] --END-- [ RunTime:0.001000s ]
INFO: [ app_begin ] --START--
INFO: Run Behavior\ReadHtmlCacheBehavior [ RunTime:0.000000s ]
INFO: [ app_begin ] --END-- [ RunTime:0.000000s ]

[ 2018-06-21T10:42:17+08:00 ] 192.168.1.164 /Home/Diliang/payment
INFO: [ app_init ] --START--
INFO: Run Behavior\BuildLiteBehavior [ RunTime:0.000000s ]
INFO: [ app_init ] --END-- [ RunTime:0.001000s ]
INFO: [ app_begin ] --START--
INFO: Run Behavior\ReadHtmlCacheBehavior [ RunTime:0.001000s ]
INFO: [ app_begin ] --END-- [ RunTime:0.001000s ]
SQL: SHOW COLUMNS FROM `goods` [ RunTime:0.0010s ]
SQL: SELECT * FROM `goods` WHERE `id` = 4 LIMIT 1   [ RunTime:0.0000s ]
SQL: SHOW COLUMNS FROM `all_user` [ RunTime:0.0220s ]
SQL: SELECT `uuid` FROM `all_user` WHERE `id` = 2 LIMIT 1   [ RunTime:0.0040s ]
SQL: SHOW COLUMNS FROM `tbl_game_log` [ RunTime:0.0080s ]
SQL: INSERT INTO `tbl_game_log` (`equipment_id`,`got_gift`,`userid`,`uuid`,`goods_id`,`end_time`) VALUES ('11','0','2','1','4','1529548937') [ RunTime:0.0520s ]

[ 2018-06-21T10:42:17+08:00 ] 127.0.0.1 /Home/test/jiekou
INFO: [ app_init ] --START--
INFO: Run Behavior\BuildLiteBehavior [ RunTime:0.000000s ]
INFO: [ app_init ] --END-- [ RunTime:0.001000s ]
INFO: [ app_begin ] --START--
INFO: Run Behavior\ReadHtmlCacheBehavior [ RunTime:0.001000s ]
INFO: [ app_begin ] --END-- [ RunTime:0.001000s ]

[ 2018-06-21T10:42:42+08:00 ] 192.168.1.164 /Home/Diliang/payment
INFO: [ app_init ] --START--
INFO: Run Behavior\BuildLiteBehavior [ RunTime:0.000000s ]
INFO: [ app_init ] --END-- [ RunTime:0.000000s ]
INFO: [ app_begin ] --START--
INFO: Run Behavior\ReadHtmlCacheBehavior [ RunTime:0.000000s ]
INFO: [ app_begin ] --END-- [ RunTime:0.000000s ]
SQL: SHOW COLUMNS FROM `goods` [ RunTime:0.0010s ]
SQL: SELECT * FROM `goods` WHERE `id` = 4 LIMIT 1   [ RunTime:0.0000s ]
SQL: SHOW COLUMNS FROM `all_user` [ RunTime:0.0300s ]
SQL: SELECT `uuid` FROM `all_user` WHERE `id` = 2 LIMIT 1   [ RunTime:0.0020s ]
SQL: SHOW COLUMNS FROM `tbl_game_log` [ RunTime:0.0080s ]
SQL: INSERT INTO `tbl_game_log` (`equipment_id`,`got_gift`,`userid`,`uuid`,`goods_id`,`end_time`) VALUES ('11','0','2','1','4','1529548960') [ RunTime:0.0490s ]

[ 2018-06-21T10:42:42+08:00 ] 127.0.0.1 /Home/test/jiekou
INFO: [ app_init ] --START--
INFO: Run Behavior\BuildLiteBehavior [ RunTime:0.000000s ]
INFO: [ app_init ] --END-- [ RunTime:0.001000s ]
INFO: [ app_begin ] --START--
INFO: Run Behavior\ReadHtmlCacheBehavior [ RunTime:0.001000s ]
INFO: [ app_begin ] --END-- [ RunTime:0.001000s ]

[ 2018-06-21T10:42:56+08:00 ] 192.168.1.164 /Home/Diliang/payment
INFO: [ app_init ] --START--
INFO: Run Behavior\BuildLiteBehavior [ RunTime:0.000000s ]
INFO: [ app_init ] --END-- [ RunTime:0.000000s ]
INFO: [ app_begin ] --START--
INFO: Run Behavior\ReadHtmlCacheBehavior [ RunTime:0.000000s ]
INFO: [ app_begin ] --END-- [ RunTime:0.001000s ]
SQL: SHOW COLUMNS FROM `goods` [ RunTime:0.0010s ]
SQL: SELECT * FROM `goods` WHERE `id` = 4 LIMIT 1   [ RunTime:0.0000s ]
SQL: SHOW COLUMNS FROM `all_user` [ RunTime:0.0010s ]
SQL: SELECT `uuid` FROM `all_user` WHERE `id` = 2 LIMIT 1   [ RunTime:0.0200s ]
SQL: SHOW COLUMNS FROM `tbl_game_log` [ RunTime:0.0040s ]
SQL: INSERT INTO `tbl_game_log` (`equipment_id`,`got_gift`,`userid`,`uuid`,`goods_id`,`end_time`) VALUES ('11','0','2','1','4','1529548976') [ RunTime:0.0530s ]

[ 2018-06-21T10:42:56+08:00 ] 127.0.0.1 /Home/test/jiekou
INFO: [ app_init ] --START--
INFO: Run Behavior\BuildLiteBehavior [ RunTime:0.000000s ]
INFO: [ app_init ] --END-- [ RunTime:0.001000s ]
INFO: [ app_begin ] --START--
INFO: Run Behavior\ReadHtmlCacheBehavior [ RunTime:0.000000s ]
INFO: [ app_begin ] --END-- [ RunTime:0.001001s ]

[ 2018-06-21T10:43:21+08:00 ] 192.168.1.164 /Home/Diliang/payment
INFO: [ app_init ] --START--
INFO: Run Behavior\BuildLiteBehavior [ RunTime:0.000000s ]
INFO: [ app_init ] --END-- [ RunTime:0.000000s ]
INFO: [ app_begin ] --START--
INFO: Run Behavior\ReadHtmlCacheBehavior [ RunTime:0.000000s ]
INFO: [ app_begin ] --END-- [ RunTime:0.000000s ]
SQL: SHOW COLUMNS FROM `goods` [ RunTime:0.0000s ]
SQL: SELECT * FROM `goods` WHERE `id` = 4 LIMIT 1   [ RunTime:0.0010s ]
SQL: SHOW COLUMNS FROM `all_user` [ RunTime:0.0000s ]
SQL: SELECT `uuid` FROM `all_user` WHERE `id` = 2 LIMIT 1   [ RunTime:0.0000s ]
SQL: SHOW COLUMNS FROM `tbl_game_log` [ RunTime:0.0320s ]
SQL: INSERT INTO `tbl_game_log` (`equipment_id`,`got_gift`,`userid`,`uuid`,`goods_id`,`end_time`) VALUES ('11','0','2','1','4','1529549001') [ RunTime:0.0550s ]

[ 2018-06-21T10:43:21+08:00 ] 127.0.0.1 /Home/test/jiekou
INFO: [ app_init ] --START--
INFO: Run Behavior\BuildLiteBehavior [ RunTime:0.000000s ]
INFO: [ app_init ] --END-- [ RunTime:0.000000s ]
INFO: [ app_begin ] --START--
INFO: Run Behavior\ReadHtmlCacheBehavior [ RunTime:0.000000s ]
INFO: [ app_begin ] --END-- [ RunTime:0.001000s ]

[ 2018-06-21T10:43:42+08:00 ] 192.168.1.164 /Home/Diliang/payment
INFO: [ app_init ] --START--
INFO: Run Behavior\BuildLiteBehavior [ RunTime:0.000000s ]
INFO: [ app_init ] --END-- [ RunTime:0.000000s ]
INFO: [ app_begin ] --START--
INFO: Run Behavior\ReadHtmlCacheBehavior [ RunTime:0.000000s ]
INFO: [ app_begin ] --END-- [ RunTime:0.000000s ]
SQL: SHOW COLUMNS FROM `goods` [ RunTime:0.0290s ]
SQL: SELECT * FROM `goods` WHERE `id` = 4 LIMIT 1   [ RunTime:0.0000s ]
SQL: SHOW COLUMNS FROM `all_user` [ RunTime:0.0010s ]
SQL: SELECT `uuid` FROM `all_user` WHERE `id` = 2 LIMIT 1   [ RunTime:0.0000s ]
SQL: SHOW COLUMNS FROM `tbl_game_log` [ RunTime:0.0060s ]
SQL: INSERT INTO `tbl_game_log` (`equipment_id`,`got_gift`,`userid`,`uuid`,`goods_id`,`end_time`) VALUES ('11','0','2','1','4','1529549022') [ RunTime:0.0560s ]

[ 2018-06-21T10:43:42+08:00 ] 127.0.0.1 /Home/test/jiekou
INFO: [ app_init ] --START--
INFO: Run Behavior\BuildLiteBehavior [ RunTime:0.000000s ]
INFO: [ app_init ] --END-- [ RunTime:0.000000s ]
INFO: [ app_begin ] --START--
INFO: Run Behavior\ReadHtmlCacheBehavior [ RunTime:0.001000s ]
INFO: [ app_begin ] --END-- [ RunTime:0.001000s ]

[ 2018-06-21T10:43:45+08:00 ] 192.168.1.164 /Home/Diliang/payment
INFO: [ app_init ] --START--
INFO: Run Behavior\BuildLiteBehavior [ RunTime:0.000000s ]
INFO: [ app_init ] --END-- [ RunTime:0.000000s ]
INFO: [ app_begin ] --START--
INFO: Run Behavior\ReadHtmlCacheBehavior [ RunTime:0.000000s ]
INFO: [ app_begin ] --END-- [ RunTime:0.000000s ]
SQL: SHOW COLUMNS FROM `goods` [ RunTime:0.0010s ]
SQL: SELECT * FROM `goods` WHERE `id` = 4 LIMIT 1   [ RunTime:0.0010s ]
SQL: SHOW COLUMNS FROM `all_user` [ RunTime:0.0010s ]
SQL: SELECT `uuid` FROM `all_user` WHERE `id` = 2 LIMIT 1   [ RunTime:0.0000s ]
SQL: SHOW COLUMNS FROM `tbl_game_log` [ RunTime:0.0390s ]
SQL: INSERT INTO `tbl_game_log` (`equipment_id`,`got_gift`,`userid`,`uuid`,`goods_id`,`end_time`) VALUES ('11','0','2','1','4','1529549025') [ RunTime:0.0520s ]

[ 2018-06-21T10:43:45+08:00 ] 127.0.0.1 /Home/test/jiekou
INFO: [ app_init ] --START--
INFO: Run Behavior\BuildLiteBehavior [ RunTime:0.000000s ]
INFO: [ app_init ] --END-- [ RunTime:0.001000s ]
INFO: [ app_begin ] --START--
INFO: Run Behavior\ReadHtmlCacheBehavior [ RunTime:0.001000s ]
INFO: [ app_begin ] --END-- [ RunTime:0.001000s ]

[ 2018-06-21T10:44:11+08:00 ] 192.168.1.164 /Home/Diliang/payment
INFO: [ app_init ] --START--
INFO: Run Behavior\BuildLiteBehavior [ RunTime:0.000000s ]
INFO: [ app_init ] --END-- [ RunTime:0.000000s ]
INFO: [ app_begin ] --START--
INFO: Run Behavior\ReadHtmlCacheBehavior [ RunTime:0.000000s ]
INFO: [ app_begin ] --END-- [ RunTime:0.000000s ]
SQL: SHOW COLUMNS FROM `goods` [ RunTime:0.0190s ]
SQL: SELECT * FROM `goods` WHERE `id` = 4 LIMIT 1   [ RunTime:0.0000s ]
SQL: SHOW COLUMNS FROM `all_user` [ RunTime:0.0010s ]
SQL: SELECT `uuid` FROM `all_user` WHERE `id` = 2 LIMIT 1   [ RunTime:0.0000s ]
SQL: SHOW COLUMNS FROM `tbl_game_log` [ RunTime:0.0000s ]
SQL: INSERT INTO `tbl_game_log` (`equipment_id`,`got_gift`,`userid`,`uuid`,`goods_id`,`end_time`) VALUES ('11','0','2','1','4','1529549051') [ RunTime:0.0500s ]

[ 2018-06-21T10:44:11+08:00 ] 127.0.0.1 /Home/test/jiekou
INFO: [ app_init ] --START--
INFO: Run Behavior\BuildLiteBehavior [ RunTime:0.000000s ]
INFO: [ app_init ] --END-- [ RunTime:0.000000s ]
INFO: [ app_begin ] --START--
INFO: Run Behavior\ReadHtmlCacheBehavior [ RunTime:0.001000s ]
INFO: [ app_begin ] --END-- [ RunTime:0.001000s ]

[ 2018-06-21T10:45:04+08:00 ] 192.168.1.164 /Home/Diliang/payment
INFO: [ app_init ] --START--
INFO: Run Behavior\BuildLiteBehavior [ RunTime:0.000000s ]
INFO: [ app_init ] --END-- [ RunTime:0.001000s ]
INFO: [ app_begin ] --START--
INFO: Run Behavior\ReadHtmlCacheBehavior [ RunTime:0.001000s ]
INFO: [ app_begin ] --END-- [ RunTime:0.001000s ]
SQL: SHOW COLUMNS FROM `goods` [ RunTime:0.0010s ]
SQL: SELECT * FROM `goods` WHERE `id` = 4 LIMIT 1   [ RunTime:0.0010s ]
SQL: SHOW COLUMNS FROM `all_user` [ RunTime:0.0000s ]
SQL: SELECT `uuid` FROM `all_user` WHERE `id` = 2 LIMIT 1   [ RunTime:0.0000s ]
SQL: SHOW COLUMNS FROM `tbl_game_log` [ RunTime:0.0000s ]
SQL: INSERT INTO `tbl_game_log` (`equipment_id`,`got_gift`,`userid`,`uuid`,`goods_id`,`end_time`) VALUES ('11','0','2','1','4','1529549104') [ RunTime:0.0400s ]

[ 2018-06-21T10:45:04+08:00 ] 127.0.0.1 /Home/test/jiekou
INFO: [ app_init ] --START--
INFO: Run Behavior\BuildLiteBehavior [ RunTime:0.000000s ]
INFO: [ app_init ] --END-- [ RunTime:0.001000s ]
INFO: [ app_begin ] --START--
INFO: Run Behavior\ReadHtmlCacheBehavior [ RunTime:0.000000s ]
INFO: [ app_begin ] --END-- [ RunTime:0.000000s ]

[ 2018-06-21T10:45:20+08:00 ] 192.168.1.164 /Home/Diliang/payment
INFO: [ app_init ] --START--
INFO: Run Behavior\BuildLiteBehavior [ RunTime:0.000000s ]
INFO: [ app_init ] --END-- [ RunTime:0.000000s ]
INFO: [ app_begin ] --START--
INFO: Run Behavior\ReadHtmlCacheBehavior [ RunTime:0.000000s ]
INFO: [ app_begin ] --END-- [ RunTime:0.000000s ]
SQL: SHOW COLUMNS FROM `goods` [ RunTime:0.0010s ]
SQL: SELECT * FROM `goods` WHERE `id` = 4 LIMIT 1   [ RunTime:0.0000s ]
SQL: SHOW COLUMNS FROM `all_user` [ RunTime:0.0010s ]
SQL: SELECT `uuid` FROM `all_user` WHERE `id` = 2 LIMIT 1   [ RunTime:0.0010s ]
SQL: SHOW COLUMNS FROM `tbl_game_log` [ RunTime:0.0010s ]
SQL: INSERT INTO `tbl_game_log` (`equipment_id`,`got_gift`,`userid`,`uuid`,`goods_id`,`end_time`) VALUES ('11','0','2','1','4','1529549120') [ RunTime:0.0450s ]
INFO: [ app_end ] --START--
INFO: Run Behavior\ShowPageTraceBehavior [ RunTime:0.002000s ]
INFO: [ app_end ] --END-- [ RunTime:0.002000s ]

[ 2018-06-21T10:45:20+08:00 ] 127.0.0.1 /Home/test/jiekou
INFO: [ app_init ] --START--
INFO: Run Behavior\BuildLiteBehavior [ RunTime:0.000000s ]
INFO: [ app_init ] --END-- [ RunTime:0.001000s ]
INFO: [ app_begin ] --START--
INFO: Run Behavior\ReadHtmlCacheBehavior [ RunTime:0.000000s ]
INFO: [ app_begin ] --END-- [ RunTime:0.000000s ]

[ 2018-06-21T10:45:37+08:00 ] 192.168.1.164 /Home/Diliang/payment
INFO: [ app_init ] --START--
INFO: Run Behavior\BuildLiteBehavior [ RunTime:0.000000s ]
INFO: [ app_init ] --END-- [ RunTime:0.000000s ]
INFO: [ app_begin ] --START--
INFO: Run Behavior\ReadHtmlCacheBehavior [ RunTime:0.000000s ]
INFO: [ app_begin ] --END-- [ RunTime:0.000000s ]
SQL: SHOW COLUMNS FROM `goods` [ RunTime:0.0230s ]
SQL: SELECT * FROM `goods` WHERE `id` = 4 LIMIT 1   [ RunTime:0.0000s ]
SQL: SHOW COLUMNS FROM `all_user` [ RunTime:0.0000s ]
SQL: SELECT `uuid` FROM `all_user` WHERE `id` = 2 LIMIT 1   [ RunTime:0.0010s ]
SQL: SHOW COLUMNS FROM `tbl_game_log` [ RunTime:0.0090s ]
SQL: INSERT INTO `tbl_game_log` (`equipment_id`,`got_gift`,`userid`,`uuid`,`goods_id`,`end_time`) VALUES ('11','0','2','1','4','1529549137') [ RunTime:0.0520s ]

[ 2018-06-21T10:45:37+08:00 ] 127.0.0.1 /Home/test/jiekou
INFO: [ app_init ] --START--
INFO: Run Behavior\BuildLiteBehavior [ RunTime:0.000000s ]
INFO: [ app_init ] --END-- [ RunTime:0.000000s ]
INFO: [ app_begin ] --START--
INFO: Run Behavior\ReadHtmlCacheBehavior [ RunTime:0.001000s ]
INFO: [ app_begin ] --END-- [ RunTime:0.001000s ]

[ 2018-06-21T10:45:55+08:00 ] 192.168.1.164 /Home/Diliang/payment
INFO: [ app_init ] --START--
INFO: Run Behavior\BuildLiteBehavior [ RunTime:0.000000s ]
INFO: [ app_init ] --END-- [ RunTime:0.000000s ]
INFO: [ app_begin ] --START--
INFO: Run Behavior\ReadHtmlCacheBehavior [ RunTime:0.001000s ]
INFO: [ app_begin ] --END-- [ RunTime:0.001000s ]
SQL: SHOW COLUMNS FROM `goods` [ RunTime:0.0010s ]
SQL: SELECT * FROM `goods` WHERE `id` = 4 LIMIT 1   [ RunTime:0.0000s ]
SQL: SHOW COLUMNS FROM `all_user` [ RunTime:0.0010s ]
SQL: SELECT `uuid` FROM `all_user` WHERE `id` = 2 LIMIT 1   [ RunTime:0.0000s ]
SQL: SHOW COLUMNS FROM `tbl_game_log` [ RunTime:0.0010s ]
SQL: INSERT INTO `tbl_game_log` (`equipment_id`,`got_gift`,`userid`,`uuid`,`goods_id`,`end_time`) VALUES ('11','0','2','1','4','1529549155') [ RunTime:0.0420s ]

[ 2018-06-21T10:45:55+08:00 ] 127.0.0.1 /Home/test/jiekou
INFO: [ app_init ] --START--
INFO: Run Behavior\BuildLiteBehavior [ RunTime:0.000000s ]
INFO: [ app_init ] --END-- [ RunTime:0.000000s ]
INFO: [ app_begin ] --START--
INFO: Run Behavior\ReadHtmlCacheBehavior [ RunTime:0.001000s ]
INFO: [ app_begin ] --END-- [ RunTime:0.001000s ]

[ 2018-06-21T10:46:45+08:00 ] 192.168.1.164 /Home/Diliang/payment
INFO: [ app_init ] --START--
INFO: Run Behavior\BuildLiteBehavior [ RunTime:0.000000s ]
INFO: [ app_init ] --END-- [ RunTime:0.001000s ]
INFO: [ app_begin ] --START--
INFO: Run Behavior\ReadHtmlCacheBehavior [ RunTime:0.001000s ]
INFO: [ app_begin ] --END-- [ RunTime:0.001000s ]
SQL: SHOW COLUMNS FROM `goods` [ RunTime:0.0210s ]
SQL: SELECT * FROM `goods` WHERE `id` = 4 LIMIT 1   [ RunTime:0.0010s ]
SQL: SHOW COLUMNS FROM `all_user` [ RunTime:0.0120s ]
SQL: SELECT `uuid` FROM `all_user` WHERE `id` = 2 LIMIT 1   [ RunTime:0.0000s ]
SQL: SHOW COLUMNS FROM `tbl_game_log` [ RunTime:0.0040s ]
SQL: INSERT INTO `tbl_game_log` (`equipment_id`,`got_gift`,`userid`,`uuid`,`goods_id`,`end_time`) VALUES ('11','0','2','1','4','1529549204') [ RunTime:0.0500s ]

[ 2018-06-21T10:46:45+08:00 ] 127.0.0.1 /Home/test/jiekou
INFO: [ app_init ] --START--
INFO: Run Behavior\BuildLiteBehavior [ RunTime:0.000000s ]
INFO: [ app_init ] --END-- [ RunTime:0.001000s ]
INFO: [ app_begin ] --START--
INFO: Run Behavior\ReadHtmlCacheBehavior [ RunTime:0.001000s ]
INFO: [ app_begin ] --END-- [ RunTime:0.001000s ]

[ 2018-06-21T10:47:47+08:00 ] 192.168.1.164 /Home/Diliang/payment
INFO: [ app_init ] --START--
INFO: Run Behavior\BuildLiteBehavior [ RunTime:0.000000s ]
INFO: [ app_init ] --END-- [ RunTime:0.001000s ]
INFO: [ app_begin ] --START--
INFO: Run Behavior\ReadHtmlCacheBehavior [ RunTime:0.000000s ]
INFO: [ app_begin ] --END-- [ RunTime:0.000000s ]
SQL: SHOW COLUMNS FROM `goods` [ RunTime:0.0040s ]
SQL: SELECT * FROM `goods` WHERE `id` = 4 LIMIT 1   [ RunTime:0.0010s ]
SQL: SHOW COLUMNS FROM `all_user` [ RunTime:0.0000s ]
SQL: SELECT `uuid` FROM `all_user` WHERE `id` = 2 LIMIT 1   [ RunTime:0.0000s ]
SQL: SHOW COLUMNS FROM `tbl_game_log` [ RunTime:0.0000s ]
SQL: INSERT INTO `tbl_game_log` (`equipment_id`,`got_gift`,`userid`,`uuid`,`goods_id`,`end_time`) VALUES ('11','0','2','1','4','1529549261') [ RunTime:0.0520s ]

[ 2018-06-21T10:47:47+08:00 ] 127.0.0.1 /Home/test/jiekou
INFO: [ app_init ] --START--
INFO: Run Behavior\BuildLiteBehavior [ RunTime:0.000000s ]
INFO: [ app_init ] --END-- [ RunTime:0.001000s ]
INFO: [ app_begin ] --START--
INFO: Run Behavior\ReadHtmlCacheBehavior [ RunTime:0.001000s ]
INFO: [ app_begin ] --END-- [ RunTime:0.001000s ]

[ 2018-06-21T10:49:56+08:00 ] 192.168.1.164 /Home/Diliang/payment
INFO: [ app_init ] --START--
INFO: Run Behavior\BuildLiteBehavior [ RunTime:0.000000s ]
INFO: [ app_init ] --END-- [ RunTime:0.000000s ]
INFO: [ app_begin ] --START--
INFO: Run Behavior\ReadHtmlCacheBehavior [ RunTime:0.001000s ]
INFO: [ app_begin ] --END-- [ RunTime:0.001000s ]
SQL: SHOW COLUMNS FROM `goods` [ RunTime:0.0010s ]
SQL: SELECT * FROM `goods` WHERE `id` = 4 LIMIT 1   [ RunTime:0.0000s ]
SQL: SHOW COLUMNS FROM `all_user` [ RunTime:0.0000s ]
SQL: SELECT `uuid` FROM `all_user` WHERE `id` = 2 LIMIT 1   [ RunTime:0.0000s ]
SQL: SHOW COLUMNS FROM `tbl_game_log` [ RunTime:0.0000s ]
SQL: INSERT INTO `tbl_game_log` (`equipment_id`,`got_gift`,`userid`,`uuid`,`goods_id`,`end_time`) VALUES ('11','0','2','1','4','1529549391') [ RunTime:0.0460s ]

[ 2018-06-21T10:49:56+08:00 ] 127.0.0.1 /Home/test/jiekou
INFO: [ app_init ] --START--
INFO: Run Behavior\BuildLiteBehavior [ RunTime:0.000000s ]
INFO: [ app_init ] --END-- [ RunTime:0.000000s ]
INFO: [ app_begin ] --START--
INFO: Run Behavior\ReadHtmlCacheBehavior [ RunTime:0.000000s ]
INFO: [ app_begin ] --END-- [ RunTime:0.000000s ]

[ 2018-06-21T10:51:06+08:00 ] 192.168.1.164 /Home/Iwawa/iwawa
INFO: [ app_init ] --START--
INFO: Run Behavior\BuildLiteBehavior [ RunTime:0.000000s ]
INFO: [ app_init ] --END-- [ RunTime:0.000000s ]
INFO: [ app_begin ] --START--
INFO: Run Behavior\ReadHtmlCacheBehavior [ RunTime:0.000000s ]
INFO: [ app_begin ] --END-- [ RunTime:0.000000s ]

[ 2018-06-21T10:51:06+08:00 ] 192.168.1.164 /Home/Diliang/payment
INFO: [ app_init ] --START--
INFO: Run Behavior\BuildLiteBehavior [ RunTime:0.000000s ]
INFO: [ app_init ] --END-- [ RunTime:0.001000s ]
INFO: [ app_begin ] --START--
INFO: Run Behavior\ReadHtmlCacheBehavior [ RunTime:0.001000s ]
INFO: [ app_begin ] --END-- [ RunTime:0.001000s ]
SQL: SHOW COLUMNS FROM `goods` [ RunTime:0.0030s ]
SQL: SELECT * FROM `goods` WHERE `id` = 4 LIMIT 1   [ RunTime:0.0000s ]
SQL: SHOW COLUMNS FROM `all_user` [ RunTime:0.0040s ]
SQL: SELECT `uuid` FROM `all_user` WHERE `id` = 2 LIMIT 1   [ RunTime:0.0000s ]
SQL: SHOW COLUMNS FROM `tbl_game_log` [ RunTime:0.0010s ]
SQL: INSERT INTO `tbl_game_log` (`equipment_id`,`got_gift`,`userid`,`uuid`,`goods_id`,`end_time`) VALUES ('11','0','2','1','4','1529549465') [ RunTime:0.0510s ]

[ 2018-06-21T10:51:06+08:00 ] 127.0.0.1 /Home/test/jiekou
INFO: [ app_init ] --START--
INFO: Run Behavior\BuildLiteBehavior [ RunTime:0.000000s ]
INFO: [ app_init ] --END-- [ RunTime:0.000000s ]
INFO: [ app_begin ] --START--
INFO: Run Behavior\ReadHtmlCacheBehavior [ RunTime:0.000000s ]
INFO: [ app_begin ] --END-- [ RunTime:0.000000s ]

[ 2018-06-21T10:51:38+08:00 ] 192.168.1.164 /Home/Iwawa/iwawa
INFO: [ app_init ] --START--
INFO: Run Behavior\BuildLiteBehavior [ RunTime:0.000000s ]
INFO: [ app_init ] --END-- [ RunTime:0.001000s ]
INFO: [ app_begin ] --START--
INFO: Run Behavior\ReadHtmlCacheBehavior [ RunTime:0.001000s ]
INFO: [ app_begin ] --END-- [ RunTime:0.001000s ]

[ 2018-06-21T10:51:38+08:00 ] 192.168.1.164 /Home/Diliang/payment
INFO: [ app_init ] --START--
INFO: Run Behavior\BuildLiteBehavior [ RunTime:0.000000s ]
INFO: [ app_init ] --END-- [ RunTime:0.000000s ]
INFO: [ app_begin ] --START--
INFO: Run Behavior\ReadHtmlCacheBehavior [ RunTime:0.000000s ]
INFO: [ app_begin ] --END-- [ RunTime:0.000000s ]
SQL: SHOW COLUMNS FROM `goods` [ RunTime:0.0010s ]
SQL: SELECT * FROM `goods` WHERE `id` = 4 LIMIT 1   [ RunTime:0.0010s ]
SQL: SHOW COLUMNS FROM `all_user` [ RunTime:0.0000s ]
SQL: SELECT `uuid` FROM `all_user` WHERE `id` = 2 LIMIT 1   [ RunTime:0.0000s ]
SQL: SHOW COLUMNS FROM `tbl_game_log` [ RunTime:0.0000s ]
SQL: INSERT INTO `tbl_game_log` (`equipment_id`,`got_gift`,`userid`,`uuid`,`goods_id`,`end_time`) VALUES ('11','0','2','1','4','1529549496') [ RunTime:0.0430s ]

[ 2018-06-21T10:51:38+08:00 ] 127.0.0.1 /Home/test/jiekou
INFO: [ app_init ] --START--
INFO: Run Behavior\BuildLiteBehavior [ RunTime:0.000000s ]
INFO: [ app_init ] --END-- [ RunTime:0.000000s ]
INFO: [ app_begin ] --START--
INFO: Run Behavior\ReadHtmlCacheBehavior [ RunTime:0.001000s ]
INFO: [ app_begin ] --END-- [ RunTime:0.001000s ]

[ 2018-06-21T10:52:06+08:00 ] 192.168.1.164 /Home/Iwawa/iwawa
INFO: [ app_init ] --START--
INFO: Run Behavior\BuildLiteBehavior [ RunTime:0.000000s ]
INFO: [ app_init ] --END-- [ RunTime:0.001000s ]
INFO: [ app_begin ] --START--
INFO: Run Behavior\ReadHtmlCacheBehavior [ RunTime:0.001000s ]
INFO: [ app_begin ] --END-- [ RunTime:0.001000s ]

[ 2018-06-21T10:52:06+08:00 ] 192.168.1.164 /Home/Diliang/payment
INFO: [ app_init ] --START--
INFO: Run Behavior\BuildLiteBehavior [ RunTime:0.000000s ]
INFO: [ app_init ] --END-- [ RunTime:0.000000s ]
INFO: [ app_begin ] --START--
INFO: Run Behavior\ReadHtmlCacheBehavior [ RunTime:0.000000s ]
INFO: [ app_begin ] --END-- [ RunTime:0.000000s ]
SQL: SHOW COLUMNS FROM `goods` [ RunTime:0.0010s ]
SQL: SELECT * FROM `goods` WHERE `id` = 4 LIMIT 1   [ RunTime:0.0010s ]
SQL: SHOW COLUMNS FROM `all_user` [ RunTime:0.0010s ]
SQL: SELECT `uuid` FROM `all_user` WHERE `id` = 2 LIMIT 1   [ RunTime:0.0000s ]
SQL: SHOW COLUMNS FROM `tbl_game_log` [ RunTime:0.0010s ]
SQL: INSERT INTO `tbl_game_log` (`equipment_id`,`got_gift`,`userid`,`uuid`,`goods_id`,`end_time`) VALUES ('11','0','2','1','4','1529549520') [ RunTime:0.0440s ]

[ 2018-06-21T10:52:06+08:00 ] 127.0.0.1 /Home/test/jiekou
INFO: [ app_init ] --START--
INFO: Run Behavior\BuildLiteBehavior [ RunTime:0.000000s ]
INFO: [ app_init ] --END-- [ RunTime:0.000000s ]
INFO: [ app_begin ] --START--
INFO: Run Behavior\ReadHtmlCacheBehavior [ RunTime:0.001000s ]
INFO: [ app_begin ] --END-- [ RunTime:0.001000s ]

[ 2018-06-21T10:53:44+08:00 ] 192.168.1.164 /Home/Iwawa/iwawa
INFO: [ app_init ] --START--
INFO: Run Behavior\BuildLiteBehavior [ RunTime:0.000000s ]
INFO: [ app_init ] --END-- [ RunTime:0.000000s ]
INFO: [ app_begin ] --START--
INFO: Run Behavior\ReadHtmlCacheBehavior [ RunTime:0.001000s ]
INFO: [ app_begin ] --END-- [ RunTime:0.001000s ]
INFO: [ app_end ] --START--
INFO: Run Behavior\ShowPageTraceBehavior [ RunTime:0.002000s ]
INFO: [ app_end ] --END-- [ RunTime:0.002000s ]

[ 2018-06-21T10:53:44+08:00 ] 192.168.1.164 /Home/Diliang/payment
INFO: [ app_init ] --START--
INFO: Run Behavior\BuildLiteBehavior [ RunTime:0.000000s ]
INFO: [ app_init ] --END-- [ RunTime:0.000000s ]
INFO: [ app_begin ] --START--
INFO: Run Behavior\ReadHtmlCacheBehavior [ RunTime:0.001000s ]
INFO: [ app_begin ] --END-- [ RunTime:0.001000s ]
SQL: SHOW COLUMNS FROM `goods` [ RunTime:0.0040s ]
SQL: SELECT * FROM `goods` WHERE `id` = 4 LIMIT 1   [ RunTime:0.0000s ]
SQL: SHOW COLUMNS FROM `all_user` [ RunTime:0.0010s ]
SQL: SELECT `uuid` FROM `all_user` WHERE `id` = 2 LIMIT 1   [ RunTime:0.0000s ]
SQL: SHOW COLUMNS FROM `tbl_game_log` [ RunTime:0.0010s ]
SQL: INSERT INTO `tbl_game_log` (`equipment_id`,`got_gift`,`userid`,`uuid`,`goods_id`,`end_time`) VALUES ('11','0','2','1','4','1529549624') [ RunTime:0.0500s ]
INFO: [ app_end ] --START--
INFO: Run Behavior\ShowPageTraceBehavior [ RunTime:0.002001s ]
INFO: [ app_end ] --END-- [ RunTime:0.002001s ]

[ 2018-06-21T10:53:44+08:00 ] 127.0.0.1 /Home/test/jiekou
INFO: [ app_init ] --START--
INFO: Run Behavior\BuildLiteBehavior [ RunTime:0.000000s ]
INFO: [ app_init ] --END-- [ RunTime:0.001000s ]
INFO: [ app_begin ] --START--
INFO: Run Behavior\ReadHtmlCacheBehavior [ RunTime:0.001000s ]
INFO: [ app_begin ] --END-- [ RunTime:0.001000s ]

[ 2018-06-21T11:02:08+08:00 ] 127.0.0.1 /Home/test/jiekou
INFO: [ app_init ] --START--
INFO: Run Behavior\BuildLiteBehavior [ RunTime:0.000000s ]
INFO: [ app_init ] --END-- [ RunTime:0.001000s ]
INFO: [ app_begin ] --START--
INFO: Run Behavior\ReadHtmlCacheBehavior [ RunTime:0.001000s ]
INFO: [ app_begin ] --END-- [ RunTime:0.001000s ]

[ 2018-06-21T11:02:30+08:00 ] 127.0.0.1 /Home/test/jiekou
INFO: [ app_init ] --START--
INFO: Run Behavior\BuildLiteBehavior [ RunTime:0.000000s ]
INFO: [ app_init ] --END-- [ RunTime:0.001000s ]
INFO: [ app_begin ] --START--
INFO: Run Behavior\ReadHtmlCacheBehavior [ RunTime:0.000000s ]
INFO: [ app_begin ] --END-- [ RunTime:0.001000s ]

[ 2018-06-21T11:02:36+08:00 ] 127.0.0.1 /Home/test/jiekou
INFO: [ app_init ] --START--
INFO: Run Behavior\BuildLiteBehavior [ RunTime:0.000000s ]
INFO: [ app_init ] --END-- [ RunTime:0.000000s ]
INFO: [ app_begin ] --START--
INFO: Run Behavior\ReadHtmlCacheBehavior [ RunTime:0.000000s ]
INFO: [ app_begin ] --END-- [ RunTime:0.000000s ]

[ 2018-06-21T11:36:39+08:00 ] 127.0.0.1 /Home/statistics/equipment_day_statistics
INFO: [ app_init ] --START--
INFO: Run Behavior\BuildLiteBehavior [ RunTime:0.000000s ]
INFO: [ app_init ] --END-- [ RunTime:0.000000s ]
INFO: [ app_begin ] --START--
INFO: Run Behavior\ReadHtmlCacheBehavior [ RunTime:0.001000s ]
INFO: [ app_begin ] --END-- [ RunTime:0.001000s ]
SQL: SHOW COLUMNS FROM `equipment` [ RunTime:0.0290s ]
SQL: SELECT t1.pid as manager_id,t1.id as equipment_id,t2.price,1529424000 as statistics_data FROM equipment t1 left join goods as t2 on t1.goods_id=t2.id   [ RunTime:0.0010s ]
SQL: SHOW COLUMNS FROM `tbl_game_log` [ RunTime:0.0000s ]
SQL: SELECT count(id) count,`equipment_id` FROM `tbl_game_log` WHERE ( end_time between 1529424000 and 1529510399 ) GROUP BY equipment_id  [ RunTime:0.0010s ]
NOTIC: [8] Undefined index: run_count D:\workspace\machine\Application\Common\Common\function.php 第 259 行.
NOTIC: [8] Undefined index: run_count D:\workspace\machine\Application\Common\Common\function.php 第 259 行.
NOTIC: [8] Undefined index: run_count D:\workspace\machine\Application\Common\Common\function.php 第 259 行.
NOTIC: [8] Undefined index: run_count D:\workspace\machine\Application\Common\Common\function.php 第 259 行.
NOTIC: [8] Undefined index: run_count D:\workspace\machine\Application\Common\Common\function.php 第 259 行.
NOTIC: [8] Undefined index: run_count D:\workspace\machine\Application\Common\Common\function.php 第 259 行.
NOTIC: [8] Undefined index: run_count D:\workspace\machine\Application\Common\Common\function.php 第 259 行.
SQL: SELECT count(id) count,`equipment_id` FROM `tbl_game_log` WHERE ( end_time between 1529424000 and 1529510399 && got_gift=1 ) GROUP BY equipment_id  [ RunTime:0.0000s ]
NOTIC: [8] Undefined index: success_number D:\workspace\machine\Application\Common\Common\function.php 第 259 行.
NOTIC: [8] Undefined index: success_number D:\workspace\machine\Application\Common\Common\function.php 第 259 行.
NOTIC: [8] Undefined index: success_number D:\workspace\machine\Application\Common\Common\function.php 第 259 行.
NOTIC: [8] Undefined index: success_number D:\workspace\machine\Application\Common\Common\function.php 第 259 行.
NOTIC: [8] Undefined index: success_number D:\workspace\machine\Application\Common\Common\function.php 第 259 行.
NOTIC: [8] Undefined index: success_number D:\workspace\machine\Application\Common\Common\function.php 第 259 行.
NOTIC: [8] Undefined index: success_number D:\workspace\machine\Application\Common\Common\function.php 第 259 行.
SQL: SELECT count(id) count,`equipment_id` FROM `tbl_game_log` WHERE ( end_time between 1529424000 and 1529510399 && got_gift=0 ) GROUP BY equipment_id  [ RunTime:0.0010s ]
NOTIC: [8] Undefined index: fail_number D:\workspace\machine\Application\Common\Common\function.php 第 259 行.
NOTIC: [8] Undefined index: fail_number D:\workspace\machine\Application\Common\Common\function.php 第 259 行.
NOTIC: [8] Undefined index: fail_number D:\workspace\machine\Application\Common\Common\function.php 第 259 行.
NOTIC: [8] Undefined index: fail_number D:\workspace\machine\Application\Common\Common\function.php 第 259 行.
NOTIC: [8] Undefined index: fail_number D:\workspace\machine\Application\Common\Common\function.php 第 259 行.
NOTIC: [8] Undefined index: fail_number D:\workspace\machine\Application\Common\Common\function.php 第 259 行.
NOTIC: [8] Undefined index: fail_number D:\workspace\machine\Application\Common\Common\function.php 第 259 行.
SQL: SELECT count(id) count,`equipment_id` FROM `tbl_game_log` WHERE ( end_time between 1529424000 and 1529510399 && got_gift=1 && type=('gold') ) GROUP BY equipment_id  [ RunTime:0.0030s ]
NOTIC: [8] Undefined index: gold_game_win_times D:\workspace\machine\Application\Common\Common\function.php 第 259 行.
NOTIC: [8] Undefined index: gold_game_win_times D:\workspace\machine\Application\Common\Common\function.php 第 259 行.
NOTIC: [8] Undefined index: gold_game_win_times D:\workspace\machine\Application\Common\Common\function.php 第 259 行.
NOTIC: [8] Undefined index: gold_game_win_times D:\workspace\machine\Application\Common\Common\function.php 第 259 行.
NOTIC: [8] Undefined index: gold_game_win_times D:\workspace\machine\Application\Common\Common\function.php 第 259 行.
NOTIC: [8] Undefined index: gold_game_win_times D:\workspace\machine\Application\Common\Common\function.php 第 259 行.
NOTIC: [8] Undefined index: gold_game_win_times D:\workspace\machine\Application\Common\Common\function.php 第 259 行.
SQL: SELECT count(id) count,`equipment_id` FROM `tbl_game_log` WHERE ( end_time between 1529424000 and 1529510399 && got_gift=1 && type=('silver') ) GROUP BY equipment_id  [ RunTime:0.0000s ]
NOTIC: [8] Undefined index: silver_game_win_times D:\workspace\machine\Application\Common\Common\function.php 第 259 行.
NOTIC: [8] Undefined index: silver_game_win_times D:\workspace\machine\Application\Common\Common\function.php 第 259 行.
NOTIC: [8] Undefined index: silver_game_win_times D:\workspace\machine\Application\Common\Common\function.php 第 259 行.
NOTIC: [8] Undefined index: silver_game_win_times D:\workspace\machine\Application\Common\Common\function.php 第 259 行.
NOTIC: [8] Undefined index: silver_game_win_times D:\workspace\machine\Application\Common\Common\function.php 第 259 行.
NOTIC: [8] Undefined index: silver_game_win_times D:\workspace\machine\Application\Common\Common\function.php 第 259 行.
NOTIC: [8] Undefined index: silver_game_win_times D:\workspace\machine\Application\Common\Common\function.php 第 259 行.
SQL: SELECT count(id) count,`equipment_id` FROM `tbl_game_log` WHERE ( end_time between 1529424000 and 1529510399 && got_gift=0 && type=('gold') ) GROUP BY equipment_id  [ RunTime:0.0000s ]
NOTIC: [8] Undefined index: gold_game_lose_times D:\workspace\machine\Application\Common\Common\function.php 第 259 行.
NOTIC: [8] Undefined index: gold_game_lose_times D:\workspace\machine\Application\Common\Common\function.php 第 259 行.
NOTIC: [8] Undefined index: gold_game_lose_times D:\workspace\machine\Application\Common\Common\function.php 第 259 行.
NOTIC: [8] Undefined index: gold_game_lose_times D:\workspace\machine\Application\Common\Common\function.php 第 259 行.
NOTIC: [8] Undefined index: gold_game_lose_times D:\workspace\machine\Application\Common\Common\function.php 第 259 行.
NOTIC: [8] Undefined index: gold_game_lose_times D:\workspace\machine\Application\Common\Common\function.php 第 259 行.
NOTIC: [8] Undefined index: gold_game_lose_times D:\workspace\machine\Application\Common\Common\function.php 第 259 行.
SQL: SELECT count(id) count,`equipment_id` FROM `tbl_game_log` WHERE ( end_time between 1529424000 and 1529510399 && got_gift=0 && type=('silver') ) GROUP BY equipment_id  [ RunTime:0.0000s ]
NOTIC: [8] Undefined index: silver_game_lose_times D:\workspace\machine\Application\Common\Common\function.php 第 259 行.
NOTIC: [8] Undefined index: silver_game_lose_times D:\workspace\machine\Application\Common\Common\function.php 第 259 行.
NOTIC: [8] Undefined index: silver_game_lose_times D:\workspace\machine\Application\Common\Common\function.php 第 259 行.
NOTIC: [8] Undefined index: silver_game_lose_times D:\workspace\machine\Application\Common\Common\function.php 第 259 行.
NOTIC: [8] Undefined index: silver_game_lose_times D:\workspace\machine\Application\Common\Common\function.php 第 259 行.
NOTIC: [8] Undefined index: silver_game_lose_times D:\workspace\machine\Application\Common\Common\function.php 第 259 行.
NOTIC: [8] Undefined index: silver_game_lose_times D:\workspace\machine\Application\Common\Common\function.php 第 259 行.
SQL: SELECT count(id) count,`equipment_id` FROM `tbl_game_log` WHERE ( end_time between 1529424000 and 1529510399 && type=('gold') ) GROUP BY equipment_id  [ RunTime:0.0000s ]
NOTIC: [8] Undefined index: gold_game_times D:\workspace\machine\Application\Common\Common\function.php 第 259 行.
NOTIC: [8] Undefined index: gold_game_times D:\workspace\machine\Application\Common\Common\function.php 第 259 行.
NOTIC: [8] Undefined index: gold_game_times D:\workspace\machine\Application\Common\Common\function.php 第 259 行.
NOTIC: [8] Undefined index: gold_game_times D:\workspace\machine\Application\Common\Common\function.php 第 259 行.
NOTIC: [8] Undefined index: gold_game_times D:\workspace\machine\Application\Common\Common\function.php 第 259 行.
NOTIC: [8] Undefined index: gold_game_times D:\workspace\machine\Application\Common\Common\function.php 第 259 行.
NOTIC: [8] Undefined index: gold_game_times D:\workspace\machine\Application\Common\Common\function.php 第 259 行.
SQL: SELECT count(id) count,`equipment_id` FROM `tbl_game_log` WHERE ( end_time between 1529424000 and 1529510399 && type=('silver') ) GROUP BY equipment_id  [ RunTime:0.0000s ]
NOTIC: [8] Undefined index: silver_game_times D:\workspace\machine\Application\Common\Common\function.php 第 259 行.
NOTIC: [8] Undefined index: silver_game_times D:\workspace\machine\Application\Common\Common\function.php 第 259 行.
NOTIC: [8] Undefined index: silver_game_times D:\workspace\machine\Application\Common\Common\function.php 第 259 行.
NOTIC: [8] Undefined index: silver_game_times D:\workspace\machine\Application\Common\Common\function.php 第 259 行.
NOTIC: [8] Undefined index: silver_game_times D:\workspace\machine\Application\Common\Common\function.php 第 259 行.
NOTIC: [8] Undefined index: silver_game_times D:\workspace\machine\Application\Common\Common\function.php 第 259 行.
NOTIC: [8] Undefined index: silver_game_times D:\workspace\machine\Application\Common\Common\function.php 第 259 行.
SQL: SHOW COLUMNS FROM `equipment_day_statistics` [ RunTime:0.0000s ]
SQL: INSERT INTO `equipment_day_statistics` (`equipment_id`,`run_count`,`success_number`,`fail_number`,`gold_game_win_times`,`silver_game_win_times`,`gold_game_lose_times`,`silver_game_lose_times`,`gold_game_times`,`silver_game_times`,`income_count`,`create_time`,`statistics_date`) VALUES ('2','0','0','0','0','0','0','0','0','0','0','1529552199','1529424000'),('8','0','0','0','0','0','0','0','0','0','0','1529552199','1529424000'),('9','0','0','0','0','0','0','0','0','0','0','1529552199','1529424000'),('10','0','0','0','0','0','0','0','0','0','0','1529552199','1529424000'),('11','0','0','0','0','0','0','0','0','0','0','1529552199','1529424000'),('12','0','0','0','0','0','0','0','0','0','0','1529552199','1529424000'),('13','0','0','0','0','0','0','0','0','0','0','1529552199','1529424000') [ RunTime:0.0550s ]
INFO: [ app_end ] --START--
INFO: Run Behavior\ShowPageTraceBehavior [ RunTime:0.001000s ]
INFO: [ app_end ] --END-- [ RunTime:0.001000s ]

[ 2018-06-21T13:16:25+08:00 ] 192.168.1.164 /Home/Iwawa/iwawa
INFO: [ app_init ] --START--
INFO: Run Behavior\BuildLiteBehavior [ RunTime:0.000000s ]
INFO: [ app_init ] --END-- [ RunTime:0.001000s ]
INFO: [ app_begin ] --START--
INFO: Run Behavior\ReadHtmlCacheBehavior [ RunTime:0.001000s ]
INFO: [ app_begin ] --END-- [ RunTime:0.001000s ]

[ 2018-06-21T13:16:25+08:00 ] 192.168.1.164 /Home/Diliang/payment
INFO: [ app_init ] --START--
INFO: Run Behavior\BuildLiteBehavior [ RunTime:0.000000s ]
INFO: [ app_init ] --END-- [ RunTime:0.000000s ]
INFO: [ app_begin ] --START--
INFO: Run Behavior\ReadHtmlCacheBehavior [ RunTime:0.000000s ]
INFO: [ app_begin ] --END-- [ RunTime:0.000000s ]
SQL: SHOW COLUMNS FROM `goods` [ RunTime:0.0010s ]
SQL: SELECT * FROM `goods` WHERE `id` = 4 LIMIT 1   [ RunTime:0.0000s ]
SQL: SHOW COLUMNS FROM `all_user` [ RunTime:0.0010s ]
SQL: SELECT `uuid` FROM `all_user` WHERE `id` = 2 LIMIT 1   [ RunTime:0.0000s ]
SQL: SHOW COLUMNS FROM `tbl_game_log` [ RunTime:0.0010s ]
SQL: INSERT INTO `tbl_game_log` (`equipment_id`,`got_gift`,`userid`,`uuid`,`goods_id`,`end_time`,`type`) VALUES ('11','1','2','1','4','1529558184','gold') [ RunTime:0.0480s ]
INFO: [ app_end ] --START--
INFO: Run Behavior\ShowPageTraceBehavior [ RunTime:0.001000s ]
INFO: [ app_end ] --END-- [ RunTime:0.001000s ]

[ 2018-06-21T13:16:25+08:00 ] 127.0.0.1 /Home/test/iwawa22
INFO: [ app_init ] --START--
INFO: Run Behavior\BuildLiteBehavior [ RunTime:0.000000s ]
INFO: [ app_init ] --END-- [ RunTime:0.000000s ]
INFO: [ app_begin ] --START--
INFO: Run Behavior\ReadHtmlCacheBehavior [ RunTime:0.001000s ]
INFO: [ app_begin ] --END-- [ RunTime:0.001000s ]

[ 2018-06-21T13:58:43+08:00 ] 127.0.0.1 /Home/test/jiekou
INFO: [ app_init ] --START--
INFO: Run Behavior\BuildLiteBehavior [ RunTime:0.000000s ]
INFO: [ app_init ] --END-- [ RunTime:0.001000s ]
INFO: [ app_begin ] --START--
INFO: Run Behavior\ReadHtmlCacheBehavior [ RunTime:0.000000s ]
INFO: [ app_begin ] --END-- [ RunTime:0.000000s ]

[ 2018-06-21T14:58:56+08:00 ] 127.0.0.1 /Home/statistics/equipment_day_statistics
INFO: [ app_init ] --START--
INFO: Run Behavior\BuildLiteBehavior [ RunTime:0.000000s ]
INFO: [ app_init ] --END-- [ RunTime:0.000000s ]
INFO: [ app_begin ] --START--
INFO: Run Behavior\ReadHtmlCacheBehavior [ RunTime:0.001000s ]
INFO: [ app_begin ] --END-- [ RunTime:0.001000s ]
SQL: SHOW COLUMNS FROM `equipment` [ RunTime:0.0010s ]
SQL: SELECT t1.pid as manager_id,t1.id as equipment_id,t2.price,1529424000 as statistics_data FROM equipment t1 left join goods as t2 on t1.goods_id=t2.id   [ RunTime:0.0010s ]
SQL: SHOW COLUMNS FROM `tbl_game_log` [ RunTime:0.0000s ]
SQL: SELECT count(id) count,`equipment_id` FROM `tbl_game_log` WHERE ( end_time between 1529424000 and 1529510399 ) GROUP BY equipment_id  [ RunTime:0.0010s ]
NOTIC: [8] Undefined index: run_count D:\workspace\machine\Application\Common\Common\function.php 第 259 行.
NOTIC: [8] Undefined index: run_count D:\workspace\machine\Application\Common\Common\function.php 第 259 行.
NOTIC: [8] Undefined index: run_count D:\workspace\machine\Application\Common\Common\function.php 第 259 行.
NOTIC: [8] Undefined index: run_count D:\workspace\machine\Application\Common\Common\function.php 第 259 行.
NOTIC: [8] Undefined index: run_count D:\workspace\machine\Application\Common\Common\function.php 第 259 行.
NOTIC: [8] Undefined index: run_count D:\workspace\machine\Application\Common\Common\function.php 第 259 行.
NOTIC: [8] Undefined index: run_count D:\workspace\machine\Application\Common\Common\function.php 第 259 行.
SQL: SELECT count(id) count,`equipment_id` FROM `tbl_game_log` WHERE ( end_time between 1529424000 and 1529510399 && got_gift=1 ) GROUP BY equipment_id  [ RunTime:0.0000s ]
NOTIC: [8] Undefined index: success_number D:\workspace\machine\Application\Common\Common\function.php 第 259 行.
NOTIC: [8] Undefined index: success_number D:\workspace\machine\Application\Common\Common\function.php 第 259 行.
NOTIC: [8] Undefined index: success_number D:\workspace\machine\Application\Common\Common\function.php 第 259 行.
NOTIC: [8] Undefined index: success_number D:\workspace\machine\Application\Common\Common\function.php 第 259 行.
NOTIC: [8] Undefined index: success_number D:\workspace\machine\Application\Common\Common\function.php 第 259 行.
NOTIC: [8] Undefined index: success_number D:\workspace\machine\Application\Common\Common\function.php 第 259 行.
NOTIC: [8] Undefined index: success_number D:\workspace\machine\Application\Common\Common\function.php 第 259 行.
SQL: SELECT count(id) count,`equipment_id` FROM `tbl_game_log` WHERE ( end_time between 1529424000 and 1529510399 && got_gift=0 ) GROUP BY equipment_id  [ RunTime:0.0010s ]
NOTIC: [8] Undefined index: fail_number D:\workspace\machine\Application\Common\Common\function.php 第 259 行.
NOTIC: [8] Undefined index: fail_number D:\workspace\machine\Application\Common\Common\function.php 第 259 行.
NOTIC: [8] Undefined index: fail_number D:\workspace\machine\Application\Common\Common\function.php 第 259 行.
NOTIC: [8] Undefined index: fail_number D:\workspace\machine\Application\Common\Common\function.php 第 259 行.
NOTIC: [8] Undefined index: fail_number D:\workspace\machine\Application\Common\Common\function.php 第 259 行.
NOTIC: [8] Undefined index: fail_number D:\workspace\machine\Application\Common\Common\function.php 第 259 行.
NOTIC: [8] Undefined index: fail_number D:\workspace\machine\Application\Common\Common\function.php 第 259 行.
SQL: SELECT count(id) count,`equipment_id` FROM `tbl_game_log` WHERE ( end_time between 1529424000 and 1529510399 && got_gift=1 && type=('gold') ) GROUP BY equipment_id  [ RunTime:0.0000s ]
NOTIC: [8] Undefined index: gold_game_win_times D:\workspace\machine\Application\Common\Common\function.php 第 259 行.
NOTIC: [8] Undefined index: gold_game_win_times D:\workspace\machine\Application\Common\Common\function.php 第 259 行.
NOTIC: [8] Undefined index: gold_game_win_times D:\workspace\machine\Application\Common\Common\function.php 第 259 行.
NOTIC: [8] Undefined index: gold_game_win_times D:\workspace\machine\Application\Common\Common\function.php 第 259 行.
NOTIC: [8] Undefined index: gold_game_win_times D:\workspace\machine\Application\Common\Common\function.php 第 259 行.
NOTIC: [8] Undefined index: gold_game_win_times D:\workspace\machine\Application\Common\Common\function.php 第 259 行.
NOTIC: [8] Undefined index: gold_game_win_times D:\workspace\machine\Application\Common\Common\function.php 第 259 行.
SQL: SELECT count(id) count,`equipment_id` FROM `tbl_game_log` WHERE ( end_time between 1529424000 and 1529510399 && got_gift=1 && type=('silver') ) GROUP BY equipment_id  [ RunTime:0.0010s ]
NOTIC: [8] Undefined index: silver_game_win_times D:\workspace\machine\Application\Common\Common\function.php 第 259 行.
NOTIC: [8] Undefined index: silver_game_win_times D:\workspace\machine\Application\Common\Common\function.php 第 259 行.
NOTIC: [8] Undefined index: silver_game_win_times D:\workspace\machine\Application\Common\Common\function.php 第 259 行.
NOTIC: [8] Undefined index: silver_game_win_times D:\workspace\machine\Application\Common\Common\function.php 第 259 行.
NOTIC: [8] Undefined index: silver_game_win_times D:\workspace\machine\Application\Common\Common\function.php 第 259 行.
NOTIC: [8] Undefined index: silver_game_win_times D:\workspace\machine\Application\Common\Common\function.php 第 259 行.
NOTIC: [8] Undefined index: silver_game_win_times D:\workspace\machine\Application\Common\Common\function.php 第 259 行.
SQL: SELECT count(id) count,`equipment_id` FROM `tbl_game_log` WHERE ( end_time between 1529424000 and 1529510399 && got_gift=0 && type=('gold') ) GROUP BY equipment_id  [ RunTime:0.0000s ]
NOTIC: [8] Undefined index: gold_game_lose_times D:\workspace\machine\Application\Common\Common\function.php 第 259 行.
NOTIC: [8] Undefined index: gold_game_lose_times D:\workspace\machine\Application\Common\Common\function.php 第 259 行.
NOTIC: [8] Undefined index: gold_game_lose_times D:\workspace\machine\Application\Common\Common\function.php 第 259 行.
NOTIC: [8] Undefined index: gold_game_lose_times D:\workspace\machine\Application\Common\Common\function.php 第 259 行.
NOTIC: [8] Undefined index: gold_game_lose_times D:\workspace\machine\Application\Common\Common\function.php 第 259 行.
NOTIC: [8] Undefined index: gold_game_lose_times D:\workspace\machine\Application\Common\Common\function.php 第 259 行.
NOTIC: [8] Undefined index: gold_game_lose_times D:\workspace\machine\Application\Common\Common\function.php 第 259 行.
SQL: SELECT count(id) count,`equipment_id` FROM `tbl_game_log` WHERE ( end_time between 1529424000 and 1529510399 && got_gift=0 && type=('silver') ) GROUP BY equipment_id  [ RunTime:0.0010s ]
NOTIC: [8] Undefined index: silver_game_lose_times D:\workspace\machine\Application\Common\Common\function.php 第 259 行.
NOTIC: [8] Undefined index: silver_game_lose_times D:\workspace\machine\Application\Common\Common\function.php 第 259 行.
NOTIC: [8] Undefined index: silver_game_lose_times D:\workspace\machine\Application\Common\Common\function.php 第 259 行.
NOTIC: [8] Undefined index: silver_game_lose_times D:\workspace\machine\Application\Common\Common\function.php 第 259 行.
NOTIC: [8] Undefined index: silver_game_lose_times D:\workspace\machine\Application\Common\Common\function.php 第 259 行.
NOTIC: [8] Undefined index: silver_game_lose_times D:\workspace\machine\Application\Common\Common\function.php 第 259 行.
NOTIC: [8] Undefined index: silver_game_lose_times D:\workspace\machine\Application\Common\Common\function.php 第 259 行.
SQL: SELECT count(id) count,`equipment_id` FROM `tbl_game_log` WHERE ( end_time between 1529424000 and 1529510399 && type=('gold') ) GROUP BY equipment_id  [ RunTime:0.0000s ]
NOTIC: [8] Undefined index: gold_game_times D:\workspace\machine\Application\Common\Common\function.php 第 259 行.
NOTIC: [8] Undefined index: gold_game_times D:\workspace\machine\Application\Common\Common\function.php 第 259 行.
NOTIC: [8] Undefined index: gold_game_times D:\workspace\machine\Application\Common\Common\function.php 第 259 行.
NOTIC: [8] Undefined index: gold_game_times D:\workspace\machine\Application\Common\Common\function.php 第 259 行.
NOTIC: [8] Undefined index: gold_game_times D:\workspace\machine\Application\Common\Common\function.php 第 259 行.
NOTIC: [8] Undefined index: gold_game_times D:\workspace\machine\Application\Common\Common\function.php 第 259 行.
NOTIC: [8] Undefined index: gold_game_times D:\workspace\machine\Application\Common\Common\function.php 第 259 行.
SQL: SELECT count(id) count,`equipment_id` FROM `tbl_game_log` WHERE ( end_time between 1529424000 and 1529510399 && type=('silver') ) GROUP BY equipment_id  [ RunTime:0.0010s ]
NOTIC: [8] Undefined index: silver_game_times D:\workspace\machine\Application\Common\Common\function.php 第 259 行.
NOTIC: [8] Undefined index: silver_game_times D:\workspace\machine\Application\Common\Common\function.php 第 259 行.
NOTIC: [8] Undefined index: silver_game_times D:\workspace\machine\Application\Common\Common\function.php 第 259 行.
NOTIC: [8] Undefined index: silver_game_times D:\workspace\machine\Application\Common\Common\function.php 第 259 行.
NOTIC: [8] Undefined index: silver_game_times D:\workspace\machine\Application\Common\Common\function.php 第 259 行.
NOTIC: [8] Undefined index: silver_game_times D:\workspace\machine\Application\Common\Common\function.php 第 259 行.
NOTIC: [8] Undefined index: silver_game_times D:\workspace\machine\Application\Common\Common\function.php 第 259 行.

[ 2018-06-21T15:05:54+08:00 ] 127.0.0.1 /Home/statistics/equipment_day_statistics
INFO: [ app_init ] --START--
INFO: Run Behavior\BuildLiteBehavior [ RunTime:0.000000s ]
INFO: [ app_init ] --END-- [ RunTime:0.000000s ]
INFO: [ app_begin ] --START--
INFO: Run Behavior\ReadHtmlCacheBehavior [ RunTime:0.000000s ]
INFO: [ app_begin ] --END-- [ RunTime:0.001000s ]
SQL: SHOW COLUMNS FROM `equipment` [ RunTime:0.0010s ]
SQL: SELECT t1.pid as manager_id,t1.id as equipment_id,t2.price,1529424000 as statistics_data FROM equipment t1 left join goods as t2 on t1.goods_id=t2.id   [ RunTime:0.0010s ]
SQL: SHOW COLUMNS FROM `tbl_game_log` [ RunTime:0.0000s ]
SQL: SELECT count(id) count,`equipment_id` FROM `tbl_game_log` WHERE ( end_time between 1529424000 and 1529510399 ) GROUP BY equipment_id  [ RunTime:0.0010s ]
NOTIC: [8] Undefined index: run_count D:\workspace\machine\Application\Common\Common\function.php 第 259 行.
NOTIC: [8] Undefined index: run_count D:\workspace\machine\Application\Common\Common\function.php 第 259 行.
NOTIC: [8] Undefined index: run_count D:\workspace\machine\Application\Common\Common\function.php 第 259 行.
NOTIC: [8] Undefined index: run_count D:\workspace\machine\Application\Common\Common\function.php 第 259 行.
NOTIC: [8] Undefined index: run_count D:\workspace\machine\Application\Common\Common\function.php 第 259 行.
NOTIC: [8] Undefined index: run_count D:\workspace\machine\Application\Common\Common\function.php 第 259 行.
NOTIC: [8] Undefined index: run_count D:\workspace\machine\Application\Common\Common\function.php 第 259 行.
SQL: SELECT count(id) count,`equipment_id` FROM `tbl_game_log` WHERE ( end_time between 1529424000 and 1529510399 && got_gift=1 ) GROUP BY equipment_id  [ RunTime:0.0010s ]
NOTIC: [8] Undefined index: success_number D:\workspace\machine\Application\Common\Common\function.php 第 259 行.
NOTIC: [8] Undefined index: success_number D:\workspace\machine\Application\Common\Common\function.php 第 259 行.
NOTIC: [8] Undefined index: success_number D:\workspace\machine\Application\Common\Common\function.php 第 259 行.
NOTIC: [8] Undefined index: success_number D:\workspace\machine\Application\Common\Common\function.php 第 259 行.
NOTIC: [8] Undefined index: success_number D:\workspace\machine\Application\Common\Common\function.php 第 259 行.
NOTIC: [8] Undefined index: success_number D:\workspace\machine\Application\Common\Common\function.php 第 259 行.
NOTIC: [8] Undefined index: success_number D:\workspace\machine\Application\Common\Common\function.php 第 259 行.
SQL: SELECT count(id) count,`equipment_id` FROM `tbl_game_log` WHERE ( end_time between 1529424000 and 1529510399 && got_gift=0 ) GROUP BY equipment_id  [ RunTime:0.0010s ]
NOTIC: [8] Undefined index: fail_number D:\workspace\machine\Application\Common\Common\function.php 第 259 行.
NOTIC: [8] Undefined index: fail_number D:\workspace\machine\Application\Common\Common\function.php 第 259 行.
NOTIC: [8] Undefined index: fail_number D:\workspace\machine\Application\Common\Common\function.php 第 259 行.
NOTIC: [8] Undefined index: fail_number D:\workspace\machine\Application\Common\Common\function.php 第 259 行.
NOTIC: [8] Undefined index: fail_number D:\workspace\machine\Application\Common\Common\function.php 第 259 行.
NOTIC: [8] Undefined index: fail_number D:\workspace\machine\Application\Common\Common\function.php 第 259 行.
NOTIC: [8] Undefined index: fail_number D:\workspace\machine\Application\Common\Common\function.php 第 259 行.
SQL: SELECT count(id) count,`equipment_id` FROM `tbl_game_log` WHERE ( end_time between 1529424000 and 1529510399 && got_gift=1 && type=('gold') ) GROUP BY equipment_id  [ RunTime:0.0010s ]
NOTIC: [8] Undefined index: gold_game_win_times D:\workspace\machine\Application\Common\Common\function.php 第 259 行.
NOTIC: [8] Undefined index: gold_game_win_times D:\workspace\machine\Application\Common\Common\function.php 第 259 行.
NOTIC: [8] Undefined index: gold_game_win_times D:\workspace\machine\Application\Common\Common\function.php 第 259 行.
NOTIC: [8] Undefined index: gold_game_win_times D:\workspace\machine\Application\Common\Common\function.php 第 259 行.
NOTIC: [8] Undefined index: gold_game_win_times D:\workspace\machine\Application\Common\Common\function.php 第 259 行.
NOTIC: [8] Undefined index: gold_game_win_times D:\workspace\machine\Application\Common\Common\function.php 第 259 行.
NOTIC: [8] Undefined index: gold_game_win_times D:\workspace\machine\Application\Common\Common\function.php 第 259 行.
SQL: SELECT count(id) count,`equipment_id` FROM `tbl_game_log` WHERE ( end_time between 1529424000 and 1529510399 && got_gift=1 && type=('silver') ) GROUP BY equipment_id  [ RunTime:0.0000s ]
NOTIC: [8] Undefined index: silver_game_win_times D:\workspace\machine\Application\Common\Common\function.php 第 259 行.
NOTIC: [8] Undefined index: silver_game_win_times D:\workspace\machine\Application\Common\Common\function.php 第 259 行.
NOTIC: [8] Undefined index: silver_game_win_times D:\workspace\machine\Application\Common\Common\function.php 第 259 行.
NOTIC: [8] Undefined index: silver_game_win_times D:\workspace\machine\Application\Common\Common\function.php 第 259 行.
NOTIC: [8] Undefined index: silver_game_win_times D:\workspace\machine\Application\Common\Common\function.php 第 259 行.
NOTIC: [8] Undefined index: silver_game_win_times D:\workspace\machine\Application\Common\Common\function.php 第 259 行.
NOTIC: [8] Undefined index: silver_game_win_times D:\workspace\machine\Application\Common\Common\function.php 第 259 行.
SQL: SELECT count(id) count,`equipment_id` FROM `tbl_game_log` WHERE ( end_time between 1529424000 and 1529510399 && got_gift=0 && type=('gold') ) GROUP BY equipment_id  [ RunTime:0.0010s ]
NOTIC: [8] Undefined index: gold_game_lose_times D:\workspace\machine\Application\Common\Common\function.php 第 259 行.
NOTIC: [8] Undefined index: gold_game_lose_times D:\workspace\machine\Application\Common\Common\function.php 第 259 行.
NOTIC: [8] Undefined index: gold_game_lose_times D:\workspace\machine\Application\Common\Common\function.php 第 259 行.
NOTIC: [8] Undefined index: gold_game_lose_times D:\workspace\machine\Application\Common\Common\function.php 第 259 行.
NOTIC: [8] Undefined index: gold_game_lose_times D:\workspace\machine\Application\Common\Common\function.php 第 259 行.
NOTIC: [8] Undefined index: gold_game_lose_times D:\workspace\machine\Application\Common\Common\function.php 第 259 行.
NOTIC: [8] Undefined index: gold_game_lose_times D:\workspace\machine\Application\Common\Common\function.php 第 259 行.
SQL: SELECT count(id) count,`equipment_id` FROM `tbl_game_log` WHERE ( end_time between 1529424000 and 1529510399 && got_gift=0 && type=('silver') ) GROUP BY equipment_id  [ RunTime:0.0010s ]
NOTIC: [8] Undefined index: silver_game_lose_times D:\workspace\machine\Application\Common\Common\function.php 第 259 行.
NOTIC: [8] Undefined index: silver_game_lose_times D:\workspace\machine\Application\Common\Common\function.php 第 259 行.
NOTIC: [8] Undefined index: silver_game_lose_times D:\workspace\machine\Application\Common\Common\function.php 第 259 行.
NOTIC: [8] Undefined index: silver_game_lose_times D:\workspace\machine\Application\Common\Common\function.php 第 259 行.
NOTIC: [8] Undefined index: silver_game_lose_times D:\workspace\machine\Application\Common\Common\function.php 第 259 行.
NOTIC: [8] Undefined index: silver_game_lose_times D:\workspace\machine\Application\Common\Common\function.php 第 259 行.
NOTIC: [8] Undefined index: silver_game_lose_times D:\workspace\machine\Application\Common\Common\function.php 第 259 行.
SQL: SELECT count(id) count,`equipment_id` FROM `tbl_game_log` WHERE ( end_time between 1529424000 and 1529510399 && type=('gold') ) GROUP BY equipment_id  [ RunTime:0.0000s ]
NOTIC: [8] Undefined index: gold_game_times D:\workspace\machine\Application\Common\Common\function.php 第 259 行.
NOTIC: [8] Undefined index: gold_game_times D:\workspace\machine\Application\Common\Common\function.php 第 259 行.
NOTIC: [8] Undefined index: gold_game_times D:\workspace\machine\Application\Common\Common\function.php 第 259 行.
NOTIC: [8] Undefined index: gold_game_times D:\workspace\machine\Application\Common\Common\function.php 第 259 行.
NOTIC: [8] Undefined index: gold_game_times D:\workspace\machine\Application\Common\Common\function.php 第 259 行.
NOTIC: [8] Undefined index: gold_game_times D:\workspace\machine\Application\Common\Common\function.php 第 259 行.
NOTIC: [8] Undefined index: gold_game_times D:\workspace\machine\Application\Common\Common\function.php 第 259 行.
SQL: SELECT count(id) count,`equipment_id` FROM `tbl_game_log` WHERE ( end_time between 1529424000 and 1529510399 && type=('silver') ) GROUP BY equipment_id  [ RunTime:0.0000s ]
NOTIC: [8] Undefined index: silver_game_times D:\workspace\machine\Application\Common\Common\function.php 第 259 行.
NOTIC: [8] Undefined index: silver_game_times D:\workspace\machine\Application\Common\Common\function.php 第 259 行.
NOTIC: [8] Undefined index: silver_game_times D:\workspace\machine\Application\Common\Common\function.php 第 259 行.
NOTIC: [8] Undefined index: silver_game_times D:\workspace\machine\Application\Common\Common\function.php 第 259 行.
NOTIC: [8] Undefined index: silver_game_times D:\workspace\machine\Application\Common\Common\function.php 第 259 行.
NOTIC: [8] Undefined index: silver_game_times D:\workspace\machine\Application\Common\Common\function.php 第 259 行.
NOTIC: [8] Undefined index: silver_game_times D:\workspace\machine\Application\Common\Common\function.php 第 259 行.

[ 2018-06-21T15:06:07+08:00 ] 127.0.0.1 /Home/statistics/equipment_day_statistics
INFO: [ app_init ] --START--
INFO: Run Behavior\BuildLiteBehavior [ RunTime:0.000000s ]
INFO: [ app_init ] --END-- [ RunTime:0.001000s ]
INFO: [ app_begin ] --START--
INFO: Run Behavior\ReadHtmlCacheBehavior [ RunTime:0.000000s ]
INFO: [ app_begin ] --END-- [ RunTime:0.000000s ]
SQL: SHOW COLUMNS FROM `equipment` [ RunTime:0.0020s ]
SQL: SELECT t1.pid as manager_id,t1.id as equipment_id,t2.price,1529424000 as statistics_data FROM equipment t1 left join goods as t2 on t1.goods_id=t2.id   [ RunTime:0.0010s ]
SQL: SHOW COLUMNS FROM `tbl_game_log` [ RunTime:0.0010s ]
SQL: SELECT count(id) count,`equipment_id` FROM `tbl_game_log` WHERE ( end_time between 1529424000 and 1529510399 ) GROUP BY equipment_id  [ RunTime:0.0010s ]
NOTIC: [8] Undefined index: run_count D:\workspace\machine\Application\Common\Common\function.php 第 259 行.
NOTIC: [8] Undefined index: run_count D:\workspace\machine\Application\Common\Common\function.php 第 259 行.
NOTIC: [8] Undefined index: run_count D:\workspace\machine\Application\Common\Common\function.php 第 259 行.
NOTIC: [8] Undefined index: run_count D:\workspace\machine\Application\Common\Common\function.php 第 259 行.
NOTIC: [8] Undefined index: run_count D:\workspace\machine\Application\Common\Common\function.php 第 259 行.
NOTIC: [8] Undefined index: run_count D:\workspace\machine\Application\Common\Common\function.php 第 259 行.
NOTIC: [8] Undefined index: run_count D:\workspace\machine\Application\Common\Common\function.php 第 259 行.
SQL: SELECT count(id) count,`equipment_id` FROM `tbl_game_log` WHERE ( end_time between 1529424000 and 1529510399 && got_gift=1 ) GROUP BY equipment_id  [ RunTime:0.0000s ]
NOTIC: [8] Undefined index: success_number D:\workspace\machine\Application\Common\Common\function.php 第 259 行.
NOTIC: [8] Undefined index: success_number D:\workspace\machine\Application\Common\Common\function.php 第 259 行.
NOTIC: [8] Undefined index: success_number D:\workspace\machine\Application\Common\Common\function.php 第 259 行.
NOTIC: [8] Undefined index: success_number D:\workspace\machine\Application\Common\Common\function.php 第 259 行.
NOTIC: [8] Undefined index: success_number D:\workspace\machine\Application\Common\Common\function.php 第 259 行.
NOTIC: [8] Undefined index: success_number D:\workspace\machine\Application\Common\Common\function.php 第 259 行.
NOTIC: [8] Undefined index: success_number D:\workspace\machine\Application\Common\Common\function.php 第 259 行.
SQL: SELECT count(id) count,`equipment_id` FROM `tbl_game_log` WHERE ( end_time between 1529424000 and 1529510399 && got_gift=0 ) GROUP BY equipment_id  [ RunTime:0.0000s ]
NOTIC: [8] Undefined index: fail_number D:\workspace\machine\Application\Common\Common\function.php 第 259 行.
NOTIC: [8] Undefined index: fail_number D:\workspace\machine\Application\Common\Common\function.php 第 259 行.
NOTIC: [8] Undefined index: fail_number D:\workspace\machine\Application\Common\Common\function.php 第 259 行.
NOTIC: [8] Undefined index: fail_number D:\workspace\machine\Application\Common\Common\function.php 第 259 行.
NOTIC: [8] Undefined index: fail_number D:\workspace\machine\Application\Common\Common\function.php 第 259 行.
NOTIC: [8] Undefined index: fail_number D:\workspace\machine\Application\Common\Common\function.php 第 259 行.
NOTIC: [8] Undefined index: fail_number D:\workspace\machine\Application\Common\Common\function.php 第 259 行.
SQL: SELECT count(id) count,`equipment_id` FROM `tbl_game_log` WHERE ( end_time between 1529424000 and 1529510399 && got_gift=1 && type=('gold') ) GROUP BY equipment_id  [ RunTime:0.0200s ]
NOTIC: [8] Undefined index: gold_game_win_times D:\workspace\machine\Application\Common\Common\function.php 第 259 行.
NOTIC: [8] Undefined index: gold_game_win_times D:\workspace\machine\Application\Common\Common\function.php 第 259 行.
NOTIC: [8] Undefined index: gold_game_win_times D:\workspace\machine\Application\Common\Common\function.php 第 259 行.
NOTIC: [8] Undefined index: gold_game_win_times D:\workspace\machine\Application\Common\Common\function.php 第 259 行.
NOTIC: [8] Undefined index: gold_game_win_times D:\workspace\machine\Application\Common\Common\function.php 第 259 行.
NOTIC: [8] Undefined index: gold_game_win_times D:\workspace\machine\Application\Common\Common\function.php 第 259 行.
NOTIC: [8] Undefined index: gold_game_win_times D:\workspace\machine\Application\Common\Common\function.php 第 259 行.
SQL: SELECT count(id) count,`equipment_id` FROM `tbl_game_log` WHERE ( end_time between 1529424000 and 1529510399 && got_gift=1 && type=('silver') ) GROUP BY equipment_id  [ RunTime:0.0010s ]
NOTIC: [8] Undefined index: silver_game_win_times D:\workspace\machine\Application\Common\Common\function.php 第 259 行.
NOTIC: [8] Undefined index: silver_game_win_times D:\workspace\machine\Application\Common\Common\function.php 第 259 行.
NOTIC: [8] Undefined index: silver_game_win_times D:\workspace\machine\Application\Common\Common\function.php 第 259 行.
NOTIC: [8] Undefined index: silver_game_win_times D:\workspace\machine\Application\Common\Common\function.php 第 259 行.
NOTIC: [8] Undefined index: silver_game_win_times D:\workspace\machine\Application\Common\Common\function.php 第 259 行.
NOTIC: [8] Undefined index: silver_game_win_times D:\workspace\machine\Application\Common\Common\function.php 第 259 行.
NOTIC: [8] Undefined index: silver_game_win_times D:\workspace\machine\Application\Common\Common\function.php 第 259 行.
SQL: SELECT count(id) count,`equipment_id` FROM `tbl_game_log` WHERE ( end_time between 1529424000 and 1529510399 && got_gift=0 && type=('gold') ) GROUP BY equipment_id  [ RunTime:0.0000s ]
NOTIC: [8] Undefined index: gold_game_lose_times D:\workspace\machine\Application\Common\Common\function.php 第 259 行.
NOTIC: [8] Undefined index: gold_game_lose_times D:\workspace\machine\Application\Common\Common\function.php 第 259 行.
NOTIC: [8] Undefined index: gold_game_lose_times D:\workspace\machine\Application\Common\Common\function.php 第 259 行.
NOTIC: [8] Undefined index: gold_game_lose_times D:\workspace\machine\Application\Common\Common\function.php 第 259 行.
NOTIC: [8] Undefined index: gold_game_lose_times D:\workspace\machine\Application\Common\Common\function.php 第 259 行.
NOTIC: [8] Undefined index: gold_game_lose_times D:\workspace\machine\Application\Common\Common\function.php 第 259 行.
NOTIC: [8] Undefined index: gold_game_lose_times D:\workspace\machine\Application\Common\Common\function.php 第 259 行.
SQL: SELECT count(id) count,`equipment_id` FROM `tbl_game_log` WHERE ( end_time between 1529424000 and 1529510399 && got_gift=0 && type=('silver') ) GROUP BY equipment_id  [ RunTime:0.0000s ]
NOTIC: [8] Undefined index: silver_game_lose_times D:\workspace\machine\Application\Common\Common\function.php 第 259 行.
NOTIC: [8] Undefined index: silver_game_lose_times D:\workspace\machine\Application\Common\Common\function.php 第 259 行.
NOTIC: [8] Undefined index: silver_game_lose_times D:\workspace\machine\Application\Common\Common\function.php 第 259 行.
NOTIC: [8] Undefined index: silver_game_lose_times D:\workspace\machine\Application\Common\Common\function.php 第 259 行.
NOTIC: [8] Undefined index: silver_game_lose_times D:\workspace\machine\Application\Common\Common\function.php 第 259 行.
NOTIC: [8] Undefined index: silver_game_lose_times D:\workspace\machine\Application\Common\Common\function.php 第 259 行.
NOTIC: [8] Undefined index: silver_game_lose_times D:\workspace\machine\Application\Common\Common\function.php 第 259 行.
SQL: SELECT count(id) count,`equipment_id` FROM `tbl_game_log` WHERE ( end_time between 1529424000 and 1529510399 && type=('gold') ) GROUP BY equipment_id  [ RunTime:0.0010s ]
NOTIC: [8] Undefined index: gold_game_times D:\workspace\machine\Application\Common\Common\function.php 第 259 行.
NOTIC: [8] Undefined index: gold_game_times D:\workspace\machine\Application\Common\Common\function.php 第 259 行.
NOTIC: [8] Undefined index: gold_game_times D:\workspace\machine\Application\Common\Common\function.php 第 259 行.
NOTIC: [8] Undefined index: gold_game_times D:\workspace\machine\Application\Common\Common\function.php 第 259 行.
NOTIC: [8] Undefined index: gold_game_times D:\workspace\machine\Application\Common\Common\function.php 第 259 行.
NOTIC: [8] Undefined index: gold_game_times D:\workspace\machine\Application\Common\Common\function.php 第 259 行.
NOTIC: [8] Undefined index: gold_game_times D:\workspace\machine\Application\Common\Common\function.php 第 259 行.
SQL: SELECT count(id) count,`equipment_id` FROM `tbl_game_log` WHERE ( end_time between 1529424000 and 1529510399 && type=('silver') ) GROUP BY equipment_id  [ RunTime:0.0010s ]
NOTIC: [8] Undefined index: silver_game_times D:\workspace\machine\Application\Common\Common\function.php 第 259 行.
NOTIC: [8] Undefined index: silver_game_times D:\workspace\machine\Application\Common\Common\function.php 第 259 行.
NOTIC: [8] Undefined index: silver_game_times D:\workspace\machine\Application\Common\Common\function.php 第 259 行.
NOTIC: [8] Undefined index: silver_game_times D:\workspace\machine\Application\Common\Common\function.php 第 259 行.
NOTIC: [8] Undefined index: silver_game_times D:\workspace\machine\Application\Common\Common\function.php 第 259 行.
NOTIC: [8] Undefined index: silver_game_times D:\workspace\machine\Application\Common\Common\function.php 第 259 行.
NOTIC: [8] Undefined index: silver_game_times D:\workspace\machine\Application\Common\Common\function.php 第 259 行.

