[ 2018-06-11T10:14:54+08:00 ] 127.0.0.1 /
INFO: [ app_init ] --START--
INFO: Run Behavior\BuildLiteBehavior [ RunTime:0.000000s ]
INFO: [ app_init ] --END-- [ RunTime:0.017001s ]
INFO: [ app_begin ] --START--
INFO: Run Behavior\ReadHtmlCacheBehavior [ RunTime:0.017001s ]
INFO: [ app_begin ] --END-- [ RunTime:0.017001s ]

[ 2018-06-11T10:48:40+08:00 ] ::1 /
INFO: [ app_init ] --START--
INFO: Run Behavior\BuildLiteBehavior [ RunTime:0.000000s ]
INFO: [ app_init ] --END-- [ RunTime:0.013001s ]
INFO: [ app_begin ] --START--
INFO: Run Behavior\ReadHtmlCacheBehavior [ RunTime:0.015001s ]
INFO: [ app_begin ] --END-- [ RunTime:0.015001s ]

[ 2018-06-11T10:48:42+08:00 ] ::1 /index.php
INFO: [ app_init ] --START--
INFO: Run Behavior\BuildLiteBehavior [ RunTime:0.000000s ]
INFO: [ app_init ] --END-- [ RunTime:0.001000s ]
INFO: [ app_begin ] --START--
INFO: Run Behavior\ReadHtmlCacheBehavior [ RunTime:0.001000s ]
INFO: [ app_begin ] --END-- [ RunTime:0.001000s ]

[ 2018-06-11T11:17:39+08:00 ] 127.0.0.1 /Home/Testing/chai
INFO: [ app_init ] --START--
INFO: Run Behavior\BuildLiteBehavior [ RunTime:0.000000s ]
INFO: [ app_init ] --END-- [ RunTime:0.000000s ]
INFO: [ app_begin ] --START--
INFO: Run Behavior\ReadHtmlCacheBehavior [ RunTime:0.001001s ]
INFO: [ app_begin ] --END-- [ RunTime:0.001001s ]

[ 2018-06-11T11:17:56+08:00 ] 127.0.0.1 /Home/Testing/chai
INFO: [ app_init ] --START--
INFO: Run Behavior\BuildLiteBehavior [ RunTime:0.000000s ]
INFO: [ app_init ] --END-- [ RunTime:0.000000s ]
INFO: [ app_begin ] --START--
INFO: Run Behavior\ReadHtmlCacheBehavior [ RunTime:0.001000s ]
INFO: [ app_begin ] --END-- [ RunTime:0.001000s ]

[ 2018-06-11T13:53:41+08:00 ] 127.0.0.1 /Home/AjAX/index23
INFO: [ app_init ] --START--
INFO: Run Behavior\BuildLiteBehavior [ RunTime:0.000000s ]
INFO: [ app_init ] --END-- [ RunTime:0.001000s ]
INFO: [ app_begin ] --START--
INFO: Run Behavior\ReadHtmlCacheBehavior [ RunTime:0.001000s ]
INFO: [ app_begin ] --END-- [ RunTime:0.001000s ]
ERR: 无法加载控制器:AjAX

[ 2018-06-11T13:53:47+08:00 ] 127.0.0.1 /Home/ajax/index
INFO: [ app_init ] --START--
INFO: Run Behavior\BuildLiteBehavior [ RunTime:0.000000s ]
INFO: [ app_init ] --END-- [ RunTime:0.000000s ]
INFO: [ app_begin ] --START--
INFO: Run Behavior\ReadHtmlCacheBehavior [ RunTime:0.000000s ]
INFO: [ app_begin ] --END-- [ RunTime:0.000000s ]
INFO: [ view_parse ] --START--
INFO: [ template_filter ] --START--
INFO: Run Behavior\ContentReplaceBehavior [ RunTime:0.000000s ]
INFO: [ template_filter ] --END-- [ RunTime:0.000000s ]
INFO: Run Behavior\ParseTemplateBehavior [ RunTime:0.100006s ]
INFO: [ view_parse ] --END-- [ RunTime:0.100006s ]
INFO: [ view_filter ] --START--
INFO: Run Behavior\WriteHtmlCacheBehavior [ RunTime:0.010001s ]
INFO: [ view_filter ] --END-- [ RunTime:0.010001s ]
INFO: [ app_end ] --START--
INFO: Run Behavior\ShowPageTraceBehavior [ RunTime:0.009000s ]
INFO: [ app_end ] --END-- [ RunTime:0.009000s ]

[ 2018-06-11T13:54:07+08:00 ] 127.0.0.1 /Home/ajax/index2
INFO: [ app_init ] --START--
INFO: Run Behavior\BuildLiteBehavior [ RunTime:0.000000s ]
INFO: [ app_init ] --END-- [ RunTime:0.000000s ]
INFO: [ app_begin ] --START--
INFO: Run Behavior\ReadHtmlCacheBehavior [ RunTime:0.002000s ]
INFO: [ app_begin ] --END-- [ RunTime:0.002000s ]
INFO: [ view_parse ] --START--
INFO: [ template_filter ] --START--
INFO: Run Behavior\ContentReplaceBehavior [ RunTime:0.000000s ]
INFO: [ template_filter ] --END-- [ RunTime:0.000000s ]
NOTIC: [8] Undefined variable: data D:\workspace\machine\Application\Runtime\Cache\Home\457de34235a182865a0301ef2aee1a71.php 第 15 行.
INFO: Run Behavior\ParseTemplateBehavior [ RunTime:0.018001s ]
INFO: [ view_parse ] --END-- [ RunTime:0.018001s ]
INFO: [ view_filter ] --START--
INFO: Run Behavior\WriteHtmlCacheBehavior [ RunTime:0.001001s ]
INFO: [ view_filter ] --END-- [ RunTime:0.001001s ]
INFO: [ app_end ] --START--
INFO: Run Behavior\ShowPageTraceBehavior [ RunTime:0.000000s ]
INFO: [ app_end ] --END-- [ RunTime:0.000000s ]

[ 2018-06-11T13:54:23+08:00 ] 127.0.0.1 /Home/ajax/index2
INFO: [ app_init ] --START--
INFO: Run Behavior\BuildLiteBehavior [ RunTime:0.000000s ]
INFO: [ app_init ] --END-- [ RunTime:0.000000s ]
INFO: [ app_begin ] --START--
INFO: Run Behavior\ReadHtmlCacheBehavior [ RunTime:0.000000s ]
INFO: [ app_begin ] --END-- [ RunTime:0.000000s ]
INFO: [ view_parse ] --START--
INFO: [ template_filter ] --START--
INFO: Run Behavior\ContentReplaceBehavior [ RunTime:0.000000s ]
INFO: [ template_filter ] --END-- [ RunTime:0.000000s ]
NOTIC: [8] Undefined variable: data D:\workspace\machine\Application\Runtime\Cache\Home\457de34235a182865a0301ef2aee1a71.php 第 15 行.
INFO: Run Behavior\ParseTemplateBehavior [ RunTime:0.020001s ]
INFO: [ view_parse ] --END-- [ RunTime:0.020001s ]
INFO: [ view_filter ] --START--
INFO: Run Behavior\WriteHtmlCacheBehavior [ RunTime:0.000000s ]
INFO: [ view_filter ] --END-- [ RunTime:0.000000s ]
INFO: [ app_end ] --START--
INFO: Run Behavior\ShowPageTraceBehavior [ RunTime:0.001000s ]
INFO: [ app_end ] --END-- [ RunTime:0.001000s ]

[ 2018-06-11T13:54:30+08:00 ] 127.0.0.1 /Home/ajax/index2
INFO: [ app_init ] --START--
INFO: Run Behavior\BuildLiteBehavior [ RunTime:0.000000s ]
INFO: [ app_init ] --END-- [ RunTime:0.000000s ]
INFO: [ app_begin ] --START--
INFO: Run Behavior\ReadHtmlCacheBehavior [ RunTime:0.000000s ]
INFO: [ app_begin ] --END-- [ RunTime:0.000000s ]
INFO: [ view_parse ] --START--
INFO: [ template_filter ] --START--
INFO: Run Behavior\ContentReplaceBehavior [ RunTime:0.000000s ]
INFO: [ template_filter ] --END-- [ RunTime:0.000000s ]
NOTIC: [8] Undefined variable: data D:\workspace\machine\Application\Runtime\Cache\Home\457de34235a182865a0301ef2aee1a71.php 第 15 行.
INFO: Run Behavior\ParseTemplateBehavior [ RunTime:0.028002s ]
INFO: [ view_parse ] --END-- [ RunTime:0.028002s ]
INFO: [ view_filter ] --START--
INFO: Run Behavior\WriteHtmlCacheBehavior [ RunTime:0.001000s ]
INFO: [ view_filter ] --END-- [ RunTime:0.001000s ]
INFO: [ app_end ] --START--
INFO: Run Behavior\ShowPageTraceBehavior [ RunTime:0.000000s ]
INFO: [ app_end ] --END-- [ RunTime:0.000000s ]

[ 2018-06-11T13:54:57+08:00 ] 127.0.0.1 /Home/ajax/index2
INFO: [ app_init ] --START--
INFO: Run Behavior\BuildLiteBehavior [ RunTime:0.000000s ]
INFO: [ app_init ] --END-- [ RunTime:0.000000s ]
INFO: [ app_begin ] --START--
INFO: Run Behavior\ReadHtmlCacheBehavior [ RunTime:0.000000s ]
INFO: [ app_begin ] --END-- [ RunTime:0.000000s ]
INFO: [ view_parse ] --START--
INFO: [ template_filter ] --START--
INFO: Run Behavior\ContentReplaceBehavior [ RunTime:0.000000s ]
INFO: [ template_filter ] --END-- [ RunTime:0.000000s ]
NOTIC: [8] Undefined variable: data D:\workspace\machine\Application\Runtime\Cache\Home\457de34235a182865a0301ef2aee1a71.php 第 15 行.
INFO: Run Behavior\ParseTemplateBehavior [ RunTime:0.008000s ]
INFO: [ view_parse ] --END-- [ RunTime:0.008000s ]
INFO: [ view_filter ] --START--
INFO: Run Behavior\WriteHtmlCacheBehavior [ RunTime:0.001000s ]
INFO: [ view_filter ] --END-- [ RunTime:0.001000s ]
INFO: [ app_end ] --START--
INFO: Run Behavior\ShowPageTraceBehavior [ RunTime:0.000000s ]
INFO: [ app_end ] --END-- [ RunTime:0.000000s ]

[ 2018-06-11T15:22:26+08:00 ] 127.0.0.1 /Home/testing/k
INFO: [ app_init ] --START--
INFO: Run Behavior\BuildLiteBehavior [ RunTime:0.000000s ]
INFO: [ app_init ] --END-- [ RunTime:0.001000s ]
INFO: [ app_begin ] --START--
INFO: Run Behavior\ReadHtmlCacheBehavior [ RunTime:0.001000s ]
INFO: [ app_begin ] --END-- [ RunTime:0.001000s ]
NOTIC: [2] Missing argument 2 for json_curl(), called in D:\workspace\machine\Application\Home\Controller\TestingController.class.php on line 414 and defined D:\workspace\machine\Application\Common\Common\function.php 第 97 行.
NOTIC: [8] Undefined variable: para D:\workspace\machine\Application\Common\Common\function.php 第 99 行.

[ 2018-06-11T17:26:31+08:00 ] 127.0.0.1 /Home/test/b
INFO: [ app_init ] --START--
INFO: Run Behavior\BuildLiteBehavior [ RunTime:0.000000s ]
INFO: [ app_init ] --END-- [ RunTime:0.000000s ]
INFO: [ app_begin ] --START--
INFO: Run Behavior\ReadHtmlCacheBehavior [ RunTime:0.001000s ]
INFO: [ app_begin ] --END-- [ RunTime:0.001000s ]
NOTIC: [2] Missing argument 2 for json_curl(), called in D:\workspace\machine\Application\Home\Controller\TestController.class.php on line 939 and defined D:\workspace\machine\Application\Common\Common\function.php 第 97 行.
NOTIC: [8] Undefined variable: para D:\workspace\machine\Application\Common\Common\function.php 第 99 行.

[ 2018-06-11T17:27:12+08:00 ] 127.0.0.1 /Home/test/b
INFO: [ app_init ] --START--
INFO: Run Behavior\BuildLiteBehavior [ RunTime:0.000000s ]
INFO: [ app_init ] --END-- [ RunTime:0.000000s ]
INFO: [ app_begin ] --START--
INFO: Run Behavior\ReadHtmlCacheBehavior [ RunTime:0.001000s ]
INFO: [ app_begin ] --END-- [ RunTime:0.001000s ]
NOTIC: [2] Missing argument 2 for json_curl(), called in D:\workspace\machine\Application\Home\Controller\TestController.class.php on line 939 and defined D:\workspace\machine\Application\Common\Common\function.php 第 97 行.
NOTIC: [8] Undefined variable: para D:\workspace\machine\Application\Common\Common\function.php 第 99 行.

[ 2018-06-11T17:27:37+08:00 ] 127.0.0.1 /Home/test/b
INFO: [ app_init ] --START--
INFO: Run Behavior\BuildLiteBehavior [ RunTime:0.000000s ]
INFO: [ app_init ] --END-- [ RunTime:0.000000s ]
INFO: [ app_begin ] --START--
INFO: Run Behavior\ReadHtmlCacheBehavior [ RunTime:0.001000s ]
INFO: [ app_begin ] --END-- [ RunTime:0.001000s ]
NOTIC: [2] Missing argument 2 for json_curl(), called in D:\workspace\machine\Application\Home\Controller\TestController.class.php on line 939 and defined D:\workspace\machine\Application\Common\Common\function.php 第 97 行.
NOTIC: [8] Undefined variable: para D:\workspace\machine\Application\Common\Common\function.php 第 99 行.

[ 2018-06-11T17:28:03+08:00 ] 127.0.0.1 /Home/test/b
INFO: [ app_init ] --START--
INFO: Run Behavior\BuildLiteBehavior [ RunTime:0.000000s ]
INFO: [ app_init ] --END-- [ RunTime:0.001000s ]
INFO: [ app_begin ] --START--
INFO: Run Behavior\ReadHtmlCacheBehavior [ RunTime:0.000000s ]
INFO: [ app_begin ] --END-- [ RunTime:0.000000s ]
NOTIC: [2] Missing argument 2 for json_curl(), called in D:\workspace\machine\Application\Home\Controller\TestController.class.php on line 939 and defined D:\workspace\machine\Application\Common\Common\function.php 第 97 行.
NOTIC: [8] Undefined variable: para D:\workspace\machine\Application\Common\Common\function.php 第 99 行.

[ 2018-06-11T17:28:04+08:00 ] 127.0.0.1 /Home/test/b
INFO: [ app_init ] --START--
INFO: Run Behavior\BuildLiteBehavior [ RunTime:0.000000s ]
INFO: [ app_init ] --END-- [ RunTime:0.001000s ]
INFO: [ app_begin ] --START--
INFO: Run Behavior\ReadHtmlCacheBehavior [ RunTime:0.001000s ]
INFO: [ app_begin ] --END-- [ RunTime:0.001000s ]
NOTIC: [2] Missing argument 2 for json_curl(), called in D:\workspace\machine\Application\Home\Controller\TestController.class.php on line 939 and defined D:\workspace\machine\Application\Common\Common\function.php 第 97 行.
NOTIC: [8] Undefined variable: para D:\workspace\machine\Application\Common\Common\function.php 第 99 行.

[ 2018-06-11T17:28:17+08:00 ] 127.0.0.1 /Home/test/b
INFO: [ app_init ] --START--
INFO: Run Behavior\BuildLiteBehavior [ RunTime:0.000000s ]
INFO: [ app_init ] --END-- [ RunTime:0.001000s ]
INFO: [ app_begin ] --START--
INFO: Run Behavior\ReadHtmlCacheBehavior [ RunTime:0.001000s ]
INFO: [ app_begin ] --END-- [ RunTime:0.001000s ]
NOTIC: [2] Missing argument 2 for json_curl(), called in D:\workspace\machine\Application\Home\Controller\TestController.class.php on line 939 and defined D:\workspace\machine\Application\Common\Common\function.php 第 97 行.
NOTIC: [8] Undefined variable: para D:\workspace\machine\Application\Common\Common\function.php 第 99 行.

[ 2018-06-11T17:28:36+08:00 ] 127.0.0.1 /Home/test/b
INFO: [ app_init ] --START--
INFO: Run Behavior\BuildLiteBehavior [ RunTime:0.000000s ]
INFO: [ app_init ] --END-- [ RunTime:0.001000s ]
INFO: [ app_begin ] --START--
INFO: Run Behavior\ReadHtmlCacheBehavior [ RunTime:0.000000s ]
INFO: [ app_begin ] --END-- [ RunTime:0.000000s ]
NOTIC: [2] Missing argument 2 for json_curl(), called in D:\workspace\machine\Application\Home\Controller\TestController.class.php on line 940 and defined D:\workspace\machine\Application\Common\Common\function.php 第 97 行.
NOTIC: [8] Undefined variable: para D:\workspace\machine\Application\Common\Common\function.php 第 99 行.

[ 2018-06-11T17:30:00+08:00 ] 127.0.0.1 /Home/test/b
INFO: [ app_init ] --START--
INFO: Run Behavior\BuildLiteBehavior [ RunTime:0.000000s ]
INFO: [ app_init ] --END-- [ RunTime:0.000000s ]
INFO: [ app_begin ] --START--
INFO: Run Behavior\ReadHtmlCacheBehavior [ RunTime:0.000000s ]
INFO: [ app_begin ] --END-- [ RunTime:0.000000s ]

[ 2018-06-11T17:30:37+08:00 ] 127.0.0.1 /Home/test/b
INFO: [ app_init ] --START--
INFO: Run Behavior\BuildLiteBehavior [ RunTime:0.000000s ]
INFO: [ app_init ] --END-- [ RunTime:0.001000s ]
INFO: [ app_begin ] --START--
INFO: Run Behavior\ReadHtmlCacheBehavior [ RunTime:0.001000s ]
INFO: [ app_begin ] --END-- [ RunTime:0.001000s ]

[ 2018-06-11T17:30:38+08:00 ] 127.0.0.1 /Home/test/b
INFO: [ app_init ] --START--
INFO: Run Behavior\BuildLiteBehavior [ RunTime:0.000000s ]
INFO: [ app_init ] --END-- [ RunTime:0.001000s ]
INFO: [ app_begin ] --START--
INFO: Run Behavior\ReadHtmlCacheBehavior [ RunTime:0.001000s ]
INFO: [ app_begin ] --END-- [ RunTime:0.001000s ]

[ 2018-06-11T17:31:15+08:00 ] 127.0.0.1 /Home/test/b
INFO: [ app_init ] --START--
INFO: Run Behavior\BuildLiteBehavior [ RunTime:0.000000s ]
INFO: [ app_init ] --END-- [ RunTime:0.000000s ]
INFO: [ app_begin ] --START--
INFO: Run Behavior\ReadHtmlCacheBehavior [ RunTime:0.000000s ]
INFO: [ app_begin ] --END-- [ RunTime:0.000000s ]

[ 2018-06-11T17:31:37+08:00 ] 127.0.0.1 /Home/test/b
INFO: [ app_init ] --START--
INFO: Run Behavior\BuildLiteBehavior [ RunTime:0.000000s ]
INFO: [ app_init ] --END-- [ RunTime:0.001001s ]
INFO: [ app_begin ] --START--
INFO: Run Behavior\ReadHtmlCacheBehavior [ RunTime:0.000000s ]
INFO: [ app_begin ] --END-- [ RunTime:0.000000s ]

[ 2018-06-11T17:32:55+08:00 ] 127.0.0.1 /Home/test/b
INFO: [ app_init ] --START--
INFO: Run Behavior\BuildLiteBehavior [ RunTime:0.000000s ]
INFO: [ app_init ] --END-- [ RunTime:0.001000s ]
INFO: [ app_begin ] --START--
INFO: Run Behavior\ReadHtmlCacheBehavior [ RunTime:0.001000s ]
INFO: [ app_begin ] --END-- [ RunTime:0.001000s ]

[ 2018-06-11T17:34:07+08:00 ] 127.0.0.1 /Home/test/b
INFO: [ app_init ] --START--
INFO: Run Behavior\BuildLiteBehavior [ RunTime:0.000000s ]
INFO: [ app_init ] --END-- [ RunTime:0.000000s ]
INFO: [ app_begin ] --START--
INFO: Run Behavior\ReadHtmlCacheBehavior [ RunTime:0.000000s ]
INFO: [ app_begin ] --END-- [ RunTime:0.000000s ]

[ 2018-06-11T17:36:42+08:00 ] 127.0.0.1 /Home/test/b
INFO: [ app_init ] --START--
INFO: Run Behavior\BuildLiteBehavior [ RunTime:0.000000s ]
INFO: [ app_init ] --END-- [ RunTime:0.001000s ]
INFO: [ app_begin ] --START--
INFO: Run Behavior\ReadHtmlCacheBehavior [ RunTime:0.001000s ]
INFO: [ app_begin ] --END-- [ RunTime:0.001000s ]

[ 2018-06-11T18:21:07+08:00 ] 127.0.0.1 /Home/test/b
INFO: [ app_init ] --START--
INFO: Run Behavior\BuildLiteBehavior [ RunTime:0.001000s ]
INFO: [ app_init ] --END-- [ RunTime:0.001000s ]
INFO: [ app_begin ] --START--
INFO: Run Behavior\ReadHtmlCacheBehavior [ RunTime:0.001000s ]
INFO: [ app_begin ] --END-- [ RunTime:0.001000s ]

[ 2018-06-11T18:21:26+08:00 ] 127.0.0.1 /Home/test/b
INFO: [ app_init ] --START--
INFO: Run Behavior\BuildLiteBehavior [ RunTime:0.000000s ]
INFO: [ app_init ] --END-- [ RunTime:0.000000s ]
INFO: [ app_begin ] --START--
INFO: Run Behavior\ReadHtmlCacheBehavior [ RunTime:0.000000s ]
INFO: [ app_begin ] --END-- [ RunTime:0.000000s ]
NOTIC: [2] Missing argument 2 for json_curl(), called in D:\workspace\machine\Application\Home\Controller\TestController.class.php on line 940 and defined D:\workspace\machine\Application\Common\Common\function.php 第 97 行.
NOTIC: [8] Undefined variable: para D:\workspace\machine\Application\Common\Common\function.php 第 99 行.

[ 2018-06-11T18:23:13+08:00 ] 127.0.0.1 /Home/test/b
INFO: [ app_init ] --START--
INFO: Run Behavior\BuildLiteBehavior [ RunTime:0.000000s ]
INFO: [ app_init ] --END-- [ RunTime:0.000000s ]
INFO: [ app_begin ] --START--
INFO: Run Behavior\ReadHtmlCacheBehavior [ RunTime:0.001000s ]
INFO: [ app_begin ] --END-- [ RunTime:0.001000s ]

[ 2018-06-11T18:37:35+08:00 ] ::1 /
INFO: [ app_init ] --START--
INFO: Run Behavior\BuildLiteBehavior [ RunTime:0.000000s ]
INFO: [ app_init ] --END-- [ RunTime:0.000000s ]
INFO: [ app_begin ] --START--
INFO: Run Behavior\ReadHtmlCacheBehavior [ RunTime:0.001000s ]
INFO: [ app_begin ] --END-- [ RunTime:0.001000s ]

[ 2018-06-11T19:13:15+08:00 ] 127.0.0.1 /
INFO: [ app_init ] --START--
INFO: Run Behavior\BuildLiteBehavior [ RunTime:0.000000s ]
INFO: [ app_init ] --END-- [ RunTime:0.000000s ]
INFO: [ app_begin ] --START--
INFO: Run Behavior\ReadHtmlCacheBehavior [ RunTime:0.001000s ]
INFO: [ app_begin ] --END-- [ RunTime:0.001000s ]

[ 2018-06-11T19:30:02+08:00 ] 127.0.0.1 /Home/test/b
INFO: [ app_init ] --START--
INFO: Run Behavior\BuildLiteBehavior [ RunTime:0.000000s ]
INFO: [ app_init ] --END-- [ RunTime:0.001000s ]
INFO: [ app_begin ] --START--
INFO: Run Behavior\ReadHtmlCacheBehavior [ RunTime:0.001001s ]
INFO: [ app_begin ] --END-- [ RunTime:0.001001s ]
NOTIC: [2] Missing argument 2 for json_curl(), called in D:\workspace\machine\Application\Home\Controller\TestController.class.php on line 940 and defined D:\workspace\machine\Application\Common\Common\function.php 第 97 行.
NOTIC: [8] Undefined variable: para D:\workspace\machine\Application\Common\Common\function.php 第 99 行.

[ 2018-06-11T19:30:02+08:00 ] 127.0.0.1 /Home/test/b
INFO: [ app_init ] --START--
INFO: Run Behavior\BuildLiteBehavior [ RunTime:0.000000s ]
INFO: [ app_init ] --END-- [ RunTime:0.001000s ]
INFO: [ app_begin ] --START--
INFO: Run Behavior\ReadHtmlCacheBehavior [ RunTime:0.000000s ]
INFO: [ app_begin ] --END-- [ RunTime:0.001001s ]
NOTIC: [2] Missing argument 2 for json_curl(), called in D:\workspace\machine\Application\Home\Controller\TestController.class.php on line 940 and defined D:\workspace\machine\Application\Common\Common\function.php 第 97 行.
NOTIC: [8] Undefined variable: para D:\workspace\machine\Application\Common\Common\function.php 第 99 行.

[ 2018-06-11T19:30:46+08:00 ] 127.0.0.1 /Home/test/b
INFO: [ app_init ] --START--
INFO: Run Behavior\BuildLiteBehavior [ RunTime:0.000000s ]
INFO: [ app_init ] --END-- [ RunTime:0.001000s ]
INFO: [ app_begin ] --START--
INFO: Run Behavior\ReadHtmlCacheBehavior [ RunTime:0.000000s ]
INFO: [ app_begin ] --END-- [ RunTime:0.000000s ]
NOTIC: [2] Missing argument 2 for json_curl(), called in D:\workspace\machine\Application\Home\Controller\TestController.class.php on line 940 and defined D:\workspace\machine\Application\Common\Common\function.php 第 97 行.
NOTIC: [8] Undefined variable: para D:\workspace\machine\Application\Common\Common\function.php 第 99 行.

[ 2018-06-11T19:30:47+08:00 ] 127.0.0.1 /Home/test/b
INFO: [ app_init ] --START--
INFO: Run Behavior\BuildLiteBehavior [ RunTime:0.000000s ]
INFO: [ app_init ] --END-- [ RunTime:0.001000s ]
INFO: [ app_begin ] --START--
INFO: Run Behavior\ReadHtmlCacheBehavior [ RunTime:0.001000s ]
INFO: [ app_begin ] --END-- [ RunTime:0.001000s ]
NOTIC: [2] Missing argument 2 for json_curl(), called in D:\workspace\machine\Application\Home\Controller\TestController.class.php on line 940 and defined D:\workspace\machine\Application\Common\Common\function.php 第 97 行.
NOTIC: [8] Undefined variable: para D:\workspace\machine\Application\Common\Common\function.php 第 99 行.

[ 2018-06-11T19:31:58+08:00 ] 127.0.0.1 /Home/test/b
INFO: [ app_init ] --START--
INFO: Run Behavior\BuildLiteBehavior [ RunTime:0.000000s ]
INFO: [ app_init ] --END-- [ RunTime:0.001000s ]
INFO: [ app_begin ] --START--
INFO: Run Behavior\ReadHtmlCacheBehavior [ RunTime:0.001000s ]
INFO: [ app_begin ] --END-- [ RunTime:0.001000s ]
NOTIC: [2] Missing argument 2 for json_curl(), called in D:\workspace\machine\Application\Home\Controller\TestController.class.php on line 940 and defined D:\workspace\machine\Application\Common\Common\function.php 第 97 行.
NOTIC: [8] Undefined variable: para D:\workspace\machine\Application\Common\Common\function.php 第 99 行.

[ 2018-06-11T19:32:00+08:00 ] 127.0.0.1 /Home/test/b
INFO: [ app_init ] --START--
INFO: Run Behavior\BuildLiteBehavior [ RunTime:0.000000s ]
INFO: [ app_init ] --END-- [ RunTime:0.001000s ]
INFO: [ app_begin ] --START--
INFO: Run Behavior\ReadHtmlCacheBehavior [ RunTime:0.001000s ]
INFO: [ app_begin ] --END-- [ RunTime:0.001000s ]
NOTIC: [2] Missing argument 2 for json_curl(), called in D:\workspace\machine\Application\Home\Controller\TestController.class.php on line 940 and defined D:\workspace\machine\Application\Common\Common\function.php 第 97 行.
NOTIC: [8] Undefined variable: para D:\workspace\machine\Application\Common\Common\function.php 第 99 行.

[ 2018-06-11T19:32:01+08:00 ] 127.0.0.1 /Home/test/b
INFO: [ app_init ] --START--
INFO: Run Behavior\BuildLiteBehavior [ RunTime:0.000000s ]
INFO: [ app_init ] --END-- [ RunTime:0.001000s ]
INFO: [ app_begin ] --START--
INFO: Run Behavior\ReadHtmlCacheBehavior [ RunTime:0.001000s ]
INFO: [ app_begin ] --END-- [ RunTime:0.001000s ]
NOTIC: [2] Missing argument 2 for json_curl(), called in D:\workspace\machine\Application\Home\Controller\TestController.class.php on line 940 and defined D:\workspace\machine\Application\Common\Common\function.php 第 97 行.
NOTIC: [8] Undefined variable: para D:\workspace\machine\Application\Common\Common\function.php 第 99 行.

[ 2018-06-11T19:33:13+08:00 ] 127.0.0.1 /Home/test/b
INFO: [ app_init ] --START--
INFO: Run Behavior\BuildLiteBehavior [ RunTime:0.000000s ]
INFO: [ app_init ] --END-- [ RunTime:0.001000s ]
INFO: [ app_begin ] --START--
INFO: Run Behavior\ReadHtmlCacheBehavior [ RunTime:0.001000s ]
INFO: [ app_begin ] --END-- [ RunTime:0.001000s ]
NOTIC: [2] Missing argument 2 for json_curl(), called in D:\workspace\machine\Application\Home\Controller\TestController.class.php on line 940 and defined D:\workspace\machine\Application\Common\Common\function.php 第 97 行.
NOTIC: [8] Undefined variable: para D:\workspace\machine\Application\Common\Common\function.php 第 99 行.

[ 2018-06-11T19:33:37+08:00 ] 127.0.0.1 /Home/test/b
INFO: [ app_init ] --START--
INFO: Run Behavior\BuildLiteBehavior [ RunTime:0.000000s ]
INFO: [ app_init ] --END-- [ RunTime:0.000000s ]
INFO: [ app_begin ] --START--
INFO: Run Behavior\ReadHtmlCacheBehavior [ RunTime:0.001000s ]
INFO: [ app_begin ] --END-- [ RunTime:0.001000s ]
NOTIC: [2] Missing argument 2 for json_curl(), called in D:\workspace\machine\Application\Home\Controller\TestController.class.php on line 940 and defined D:\workspace\machine\Application\Common\Common\function.php 第 97 行.
NOTIC: [8] Undefined variable: para D:\workspace\machine\Application\Common\Common\function.php 第 99 行.

[ 2018-06-11T19:34:21+08:00 ] 127.0.0.1 /Home/test/b
INFO: [ app_init ] --START--
INFO: Run Behavior\BuildLiteBehavior [ RunTime:0.000000s ]
INFO: [ app_init ] --END-- [ RunTime:0.001000s ]
INFO: [ app_begin ] --START--
INFO: Run Behavior\ReadHtmlCacheBehavior [ RunTime:0.000000s ]
INFO: [ app_begin ] --END-- [ RunTime:0.000000s ]
NOTIC: [2] Missing argument 2 for json_curl(), called in D:\workspace\machine\Application\Home\Controller\TestController.class.php on line 940 and defined D:\workspace\machine\Application\Common\Common\function.php 第 97 行.
NOTIC: [8] Undefined variable: para D:\workspace\machine\Application\Common\Common\function.php 第 99 行.

[ 2018-06-11T19:34:23+08:00 ] 127.0.0.1 /Home/test/b
INFO: [ app_init ] --START--
INFO: Run Behavior\BuildLiteBehavior [ RunTime:0.000000s ]
INFO: [ app_init ] --END-- [ RunTime:0.000000s ]
INFO: [ app_begin ] --START--
INFO: Run Behavior\ReadHtmlCacheBehavior [ RunTime:0.001000s ]
INFO: [ app_begin ] --END-- [ RunTime:0.001000s ]
NOTIC: [2] Missing argument 2 for json_curl(), called in D:\workspace\machine\Application\Home\Controller\TestController.class.php on line 940 and defined D:\workspace\machine\Application\Common\Common\function.php 第 97 行.
NOTIC: [8] Undefined variable: para D:\workspace\machine\Application\Common\Common\function.php 第 99 行.

[ 2018-06-11T19:34:25+08:00 ] 127.0.0.1 /Home/test/b
INFO: [ app_init ] --START--
INFO: Run Behavior\BuildLiteBehavior [ RunTime:0.000000s ]
INFO: [ app_init ] --END-- [ RunTime:0.000000s ]
INFO: [ app_begin ] --START--
INFO: Run Behavior\ReadHtmlCacheBehavior [ RunTime:0.001001s ]
INFO: [ app_begin ] --END-- [ RunTime:0.001001s ]
NOTIC: [2] Missing argument 2 for json_curl(), called in D:\workspace\machine\Application\Home\Controller\TestController.class.php on line 940 and defined D:\workspace\machine\Application\Common\Common\function.php 第 97 行.
NOTIC: [8] Undefined variable: para D:\workspace\machine\Application\Common\Common\function.php 第 99 行.

[ 2018-06-11T19:34:41+08:00 ] 127.0.0.1 /Home/test/b
INFO: [ app_init ] --START--
INFO: Run Behavior\BuildLiteBehavior [ RunTime:0.000000s ]
INFO: [ app_init ] --END-- [ RunTime:0.001000s ]
INFO: [ app_begin ] --START--
INFO: Run Behavior\ReadHtmlCacheBehavior [ RunTime:0.000000s ]
INFO: [ app_begin ] --END-- [ RunTime:0.000000s ]
NOTIC: [2] Missing argument 2 for json_curl(), called in D:\workspace\machine\Application\Home\Controller\TestController.class.php on line 940 and defined D:\workspace\machine\Application\Common\Common\function.php 第 97 行.
NOTIC: [8] Undefined variable: para D:\workspace\machine\Application\Common\Common\function.php 第 99 行.

[ 2018-06-11T19:35:27+08:00 ] 127.0.0.1 /Home/test/b
INFO: [ app_init ] --START--
INFO: Run Behavior\BuildLiteBehavior [ RunTime:0.000000s ]
INFO: [ app_init ] --END-- [ RunTime:0.000000s ]
INFO: [ app_begin ] --START--
INFO: Run Behavior\ReadHtmlCacheBehavior [ RunTime:0.001000s ]
INFO: [ app_begin ] --END-- [ RunTime:0.001000s ]
NOTIC: [2] Missing argument 2 for json_curl(), called in D:\workspace\machine\Application\Home\Controller\TestController.class.php on line 940 and defined D:\workspace\machine\Application\Common\Common\function.php 第 97 行.
NOTIC: [8] Undefined variable: para D:\workspace\machine\Application\Common\Common\function.php 第 99 行.

[ 2018-06-11T19:37:04+08:00 ] 127.0.0.1 /Home/test/b
INFO: [ app_init ] --START--
INFO: Run Behavior\BuildLiteBehavior [ RunTime:0.000000s ]
INFO: [ app_init ] --END-- [ RunTime:0.000000s ]
INFO: [ app_begin ] --START--
INFO: Run Behavior\ReadHtmlCacheBehavior [ RunTime:0.000000s ]
INFO: [ app_begin ] --END-- [ RunTime:0.000000s ]
NOTIC: [2] Missing argument 2 for json_curl(), called in D:\workspace\machine\Application\Home\Controller\TestController.class.php on line 940 and defined D:\workspace\machine\Application\Common\Common\function.php 第 97 行.
NOTIC: [8] Undefined variable: para D:\workspace\machine\Application\Common\Common\function.php 第 99 行.

[ 2018-06-11T19:37:06+08:00 ] 127.0.0.1 /Home/test/b
INFO: [ app_init ] --START--
INFO: Run Behavior\BuildLiteBehavior [ RunTime:0.000000s ]
INFO: [ app_init ] --END-- [ RunTime:0.001000s ]
INFO: [ app_begin ] --START--
INFO: Run Behavior\ReadHtmlCacheBehavior [ RunTime:0.000000s ]
INFO: [ app_begin ] --END-- [ RunTime:0.001000s ]
NOTIC: [2] Missing argument 2 for json_curl(), called in D:\workspace\machine\Application\Home\Controller\TestController.class.php on line 940 and defined D:\workspace\machine\Application\Common\Common\function.php 第 97 行.
NOTIC: [8] Undefined variable: para D:\workspace\machine\Application\Common\Common\function.php 第 99 行.

[ 2018-06-11T19:37:23+08:00 ] 127.0.0.1 /Home/test/b
INFO: [ app_init ] --START--
INFO: Run Behavior\BuildLiteBehavior [ RunTime:0.000000s ]
INFO: [ app_init ] --END-- [ RunTime:0.000000s ]
INFO: [ app_begin ] --START--
INFO: Run Behavior\ReadHtmlCacheBehavior [ RunTime:0.001000s ]
INFO: [ app_begin ] --END-- [ RunTime:0.001000s ]
NOTIC: [2] Missing argument 2 for json_curl(), called in D:\workspace\machine\Application\Home\Controller\TestController.class.php on line 940 and defined D:\workspace\machine\Application\Common\Common\function.php 第 97 行.
NOTIC: [8] Undefined variable: para D:\workspace\machine\Application\Common\Common\function.php 第 99 行.

[ 2018-06-11T19:38:25+08:00 ] 127.0.0.1 /Home/test/b
INFO: [ app_init ] --START--
INFO: Run Behavior\BuildLiteBehavior [ RunTime:0.000000s ]
INFO: [ app_init ] --END-- [ RunTime:0.001000s ]
INFO: [ app_begin ] --START--
INFO: Run Behavior\ReadHtmlCacheBehavior [ RunTime:0.001000s ]
INFO: [ app_begin ] --END-- [ RunTime:0.001000s ]
NOTIC: [8] Use of undefined constant fasle - assumed 'fasle' D:\workspace\machine\Application\Common\Common\function.php 第 32 行.
NOTIC: [8] Use of undefined constant fasle - assumed 'fasle' D:\workspace\machine\Application\Common\Common\function.php 第 46 行.
NOTIC: [8] Use of undefined constant fasle - assumed 'fasle' D:\workspace\machine\Application\Common\Common\function.php 第 47 行.

[ 2018-06-11T19:38:25+08:00 ] 127.0.0.1 /Home/test/b
INFO: [ app_init ] --START--
INFO: Run Behavior\BuildLiteBehavior [ RunTime:0.000000s ]
INFO: [ app_init ] --END-- [ RunTime:0.001000s ]
INFO: [ app_begin ] --START--
INFO: Run Behavior\ReadHtmlCacheBehavior [ RunTime:0.001000s ]
INFO: [ app_begin ] --END-- [ RunTime:0.001000s ]
NOTIC: [8] Use of undefined constant fasle - assumed 'fasle' D:\workspace\machine\Application\Common\Common\function.php 第 32 行.
NOTIC: [8] Use of undefined constant fasle - assumed 'fasle' D:\workspace\machine\Application\Common\Common\function.php 第 46 行.
NOTIC: [8] Use of undefined constant fasle - assumed 'fasle' D:\workspace\machine\Application\Common\Common\function.php 第 47 行.

[ 2018-06-11T19:38:26+08:00 ] 127.0.0.1 /Home/test/b
INFO: [ app_init ] --START--
INFO: Run Behavior\BuildLiteBehavior [ RunTime:0.000000s ]
INFO: [ app_init ] --END-- [ RunTime:0.001000s ]
INFO: [ app_begin ] --START--
INFO: Run Behavior\ReadHtmlCacheBehavior [ RunTime:0.000000s ]
INFO: [ app_begin ] --END-- [ RunTime:0.000000s ]
NOTIC: [8] Use of undefined constant fasle - assumed 'fasle' D:\workspace\machine\Application\Common\Common\function.php 第 32 行.
NOTIC: [8] Use of undefined constant fasle - assumed 'fasle' D:\workspace\machine\Application\Common\Common\function.php 第 46 行.
NOTIC: [8] Use of undefined constant fasle - assumed 'fasle' D:\workspace\machine\Application\Common\Common\function.php 第 47 行.

[ 2018-06-11T19:38:26+08:00 ] 127.0.0.1 /Home/test/b
INFO: [ app_init ] --START--
INFO: Run Behavior\BuildLiteBehavior [ RunTime:0.000000s ]
INFO: [ app_init ] --END-- [ RunTime:0.000000s ]
INFO: [ app_begin ] --START--
INFO: Run Behavior\ReadHtmlCacheBehavior [ RunTime:0.001000s ]
INFO: [ app_begin ] --END-- [ RunTime:0.001000s ]
NOTIC: [8] Use of undefined constant fasle - assumed 'fasle' D:\workspace\machine\Application\Common\Common\function.php 第 32 行.
NOTIC: [8] Use of undefined constant fasle - assumed 'fasle' D:\workspace\machine\Application\Common\Common\function.php 第 46 行.
NOTIC: [8] Use of undefined constant fasle - assumed 'fasle' D:\workspace\machine\Application\Common\Common\function.php 第 47 行.

[ 2018-06-11T19:38:26+08:00 ] 127.0.0.1 /Home/test/b
INFO: [ app_init ] --START--
INFO: Run Behavior\BuildLiteBehavior [ RunTime:0.000000s ]
INFO: [ app_init ] --END-- [ RunTime:0.001000s ]
INFO: [ app_begin ] --START--
INFO: Run Behavior\ReadHtmlCacheBehavior [ RunTime:0.000000s ]
INFO: [ app_begin ] --END-- [ RunTime:0.000000s ]
NOTIC: [8] Use of undefined constant fasle - assumed 'fasle' D:\workspace\machine\Application\Common\Common\function.php 第 32 行.
NOTIC: [8] Use of undefined constant fasle - assumed 'fasle' D:\workspace\machine\Application\Common\Common\function.php 第 46 行.
NOTIC: [8] Use of undefined constant fasle - assumed 'fasle' D:\workspace\machine\Application\Common\Common\function.php 第 47 行.

[ 2018-06-11T19:38:27+08:00 ] 127.0.0.1 /Home/test/b
INFO: [ app_init ] --START--
INFO: Run Behavior\BuildLiteBehavior [ RunTime:0.000000s ]
INFO: [ app_init ] --END-- [ RunTime:0.001000s ]
INFO: [ app_begin ] --START--
INFO: Run Behavior\ReadHtmlCacheBehavior [ RunTime:0.001000s ]
INFO: [ app_begin ] --END-- [ RunTime:0.001000s ]
NOTIC: [8] Use of undefined constant fasle - assumed 'fasle' D:\workspace\machine\Application\Common\Common\function.php 第 32 行.
NOTIC: [8] Use of undefined constant fasle - assumed 'fasle' D:\workspace\machine\Application\Common\Common\function.php 第 46 行.
NOTIC: [8] Use of undefined constant fasle - assumed 'fasle' D:\workspace\machine\Application\Common\Common\function.php 第 47 行.

[ 2018-06-11T19:38:27+08:00 ] 127.0.0.1 /Home/test/b
INFO: [ app_init ] --START--
INFO: Run Behavior\BuildLiteBehavior [ RunTime:0.000000s ]
INFO: [ app_init ] --END-- [ RunTime:0.001000s ]
INFO: [ app_begin ] --START--
INFO: Run Behavior\ReadHtmlCacheBehavior [ RunTime:0.000000s ]
INFO: [ app_begin ] --END-- [ RunTime:0.000000s ]
NOTIC: [8] Use of undefined constant fasle - assumed 'fasle' D:\workspace\machine\Application\Common\Common\function.php 第 32 行.
NOTIC: [8] Use of undefined constant fasle - assumed 'fasle' D:\workspace\machine\Application\Common\Common\function.php 第 46 行.
NOTIC: [8] Use of undefined constant fasle - assumed 'fasle' D:\workspace\machine\Application\Common\Common\function.php 第 47 行.

[ 2018-06-11T19:38:27+08:00 ] 127.0.0.1 /Home/test/b
INFO: [ app_init ] --START--
INFO: Run Behavior\BuildLiteBehavior [ RunTime:0.001000s ]
INFO: [ app_init ] --END-- [ RunTime:0.001000s ]
INFO: [ app_begin ] --START--
INFO: Run Behavior\ReadHtmlCacheBehavior [ RunTime:0.000000s ]
INFO: [ app_begin ] --END-- [ RunTime:0.001000s ]
NOTIC: [8] Use of undefined constant fasle - assumed 'fasle' D:\workspace\machine\Application\Common\Common\function.php 第 32 行.
NOTIC: [8] Use of undefined constant fasle - assumed 'fasle' D:\workspace\machine\Application\Common\Common\function.php 第 46 行.
NOTIC: [8] Use of undefined constant fasle - assumed 'fasle' D:\workspace\machine\Application\Common\Common\function.php 第 47 行.

[ 2018-06-11T19:38:28+08:00 ] 127.0.0.1 /Home/test/b
INFO: [ app_init ] --START--
INFO: Run Behavior\BuildLiteBehavior [ RunTime:0.000000s ]
INFO: [ app_init ] --END-- [ RunTime:0.001000s ]
INFO: [ app_begin ] --START--
INFO: Run Behavior\ReadHtmlCacheBehavior [ RunTime:0.001001s ]
INFO: [ app_begin ] --END-- [ RunTime:0.001001s ]
NOTIC: [8] Use of undefined constant fasle - assumed 'fasle' D:\workspace\machine\Application\Common\Common\function.php 第 32 行.
NOTIC: [8] Use of undefined constant fasle - assumed 'fasle' D:\workspace\machine\Application\Common\Common\function.php 第 46 行.
NOTIC: [8] Use of undefined constant fasle - assumed 'fasle' D:\workspace\machine\Application\Common\Common\function.php 第 47 行.

[ 2018-06-11T19:38:28+08:00 ] 127.0.0.1 /Home/test/b
INFO: [ app_init ] --START--
INFO: Run Behavior\BuildLiteBehavior [ RunTime:0.000000s ]
INFO: [ app_init ] --END-- [ RunTime:0.000000s ]
INFO: [ app_begin ] --START--
INFO: Run Behavior\ReadHtmlCacheBehavior [ RunTime:0.001000s ]
INFO: [ app_begin ] --END-- [ RunTime:0.001000s ]
NOTIC: [8] Use of undefined constant fasle - assumed 'fasle' D:\workspace\machine\Application\Common\Common\function.php 第 32 行.
NOTIC: [8] Use of undefined constant fasle - assumed 'fasle' D:\workspace\machine\Application\Common\Common\function.php 第 46 行.
NOTIC: [8] Use of undefined constant fasle - assumed 'fasle' D:\workspace\machine\Application\Common\Common\function.php 第 47 行.

[ 2018-06-11T19:38:28+08:00 ] 127.0.0.1 /Home/test/b
INFO: [ app_init ] --START--
INFO: Run Behavior\BuildLiteBehavior [ RunTime:0.000000s ]
INFO: [ app_init ] --END-- [ RunTime:0.001000s ]
INFO: [ app_begin ] --START--
INFO: Run Behavior\ReadHtmlCacheBehavior [ RunTime:0.000000s ]
INFO: [ app_begin ] --END-- [ RunTime:0.000000s ]
NOTIC: [8] Use of undefined constant fasle - assumed 'fasle' D:\workspace\machine\Application\Common\Common\function.php 第 32 行.
NOTIC: [8] Use of undefined constant fasle - assumed 'fasle' D:\workspace\machine\Application\Common\Common\function.php 第 46 行.
NOTIC: [8] Use of undefined constant fasle - assumed 'fasle' D:\workspace\machine\Application\Common\Common\function.php 第 47 行.

[ 2018-06-11T19:38:28+08:00 ] 127.0.0.1 /Home/test/b
INFO: [ app_init ] --START--
INFO: Run Behavior\BuildLiteBehavior [ RunTime:0.000000s ]
INFO: [ app_init ] --END-- [ RunTime:0.001001s ]
INFO: [ app_begin ] --START--
INFO: Run Behavior\ReadHtmlCacheBehavior [ RunTime:0.001000s ]
INFO: [ app_begin ] --END-- [ RunTime:0.001000s ]
NOTIC: [8] Use of undefined constant fasle - assumed 'fasle' D:\workspace\machine\Application\Common\Common\function.php 第 32 行.
NOTIC: [8] Use of undefined constant fasle - assumed 'fasle' D:\workspace\machine\Application\Common\Common\function.php 第 46 行.
NOTIC: [8] Use of undefined constant fasle - assumed 'fasle' D:\workspace\machine\Application\Common\Common\function.php 第 47 行.

[ 2018-06-11T19:38:29+08:00 ] 127.0.0.1 /Home/test/b
INFO: [ app_init ] --START--
INFO: Run Behavior\BuildLiteBehavior [ RunTime:0.000000s ]
INFO: [ app_init ] --END-- [ RunTime:0.001000s ]
INFO: [ app_begin ] --START--
INFO: Run Behavior\ReadHtmlCacheBehavior [ RunTime:0.001000s ]
INFO: [ app_begin ] --END-- [ RunTime:0.001000s ]
NOTIC: [8] Use of undefined constant fasle - assumed 'fasle' D:\workspace\machine\Application\Common\Common\function.php 第 32 行.
NOTIC: [8] Use of undefined constant fasle - assumed 'fasle' D:\workspace\machine\Application\Common\Common\function.php 第 46 行.
NOTIC: [8] Use of undefined constant fasle - assumed 'fasle' D:\workspace\machine\Application\Common\Common\function.php 第 47 行.

[ 2018-06-11T19:38:29+08:00 ] 127.0.0.1 /Home/test/b
INFO: [ app_init ] --START--
INFO: Run Behavior\BuildLiteBehavior [ RunTime:0.000000s ]
INFO: [ app_init ] --END-- [ RunTime:0.000000s ]
INFO: [ app_begin ] --START--
INFO: Run Behavior\ReadHtmlCacheBehavior [ RunTime:0.001000s ]
INFO: [ app_begin ] --END-- [ RunTime:0.001000s ]
NOTIC: [8] Use of undefined constant fasle - assumed 'fasle' D:\workspace\machine\Application\Common\Common\function.php 第 32 行.
NOTIC: [8] Use of undefined constant fasle - assumed 'fasle' D:\workspace\machine\Application\Common\Common\function.php 第 46 行.
NOTIC: [8] Use of undefined constant fasle - assumed 'fasle' D:\workspace\machine\Application\Common\Common\function.php 第 47 行.

[ 2018-06-11T19:38:30+08:00 ] 127.0.0.1 /Home/test/b
INFO: [ app_init ] --START--
INFO: Run Behavior\BuildLiteBehavior [ RunTime:0.000000s ]
INFO: [ app_init ] --END-- [ RunTime:0.001000s ]
INFO: [ app_begin ] --START--
INFO: Run Behavior\ReadHtmlCacheBehavior [ RunTime:0.001000s ]
INFO: [ app_begin ] --END-- [ RunTime:0.001000s ]
NOTIC: [8] Use of undefined constant fasle - assumed 'fasle' D:\workspace\machine\Application\Common\Common\function.php 第 32 行.
NOTIC: [8] Use of undefined constant fasle - assumed 'fasle' D:\workspace\machine\Application\Common\Common\function.php 第 46 行.
NOTIC: [8] Use of undefined constant fasle - assumed 'fasle' D:\workspace\machine\Application\Common\Common\function.php 第 47 行.

[ 2018-06-11T19:38:30+08:00 ] 127.0.0.1 /Home/test/b
INFO: [ app_init ] --START--
INFO: Run Behavior\BuildLiteBehavior [ RunTime:0.000000s ]
INFO: [ app_init ] --END-- [ RunTime:0.000000s ]
INFO: [ app_begin ] --START--
INFO: Run Behavior\ReadHtmlCacheBehavior [ RunTime:0.001000s ]
INFO: [ app_begin ] --END-- [ RunTime:0.001000s ]
NOTIC: [8] Use of undefined constant fasle - assumed 'fasle' D:\workspace\machine\Application\Common\Common\function.php 第 32 行.
NOTIC: [8] Use of undefined constant fasle - assumed 'fasle' D:\workspace\machine\Application\Common\Common\function.php 第 46 行.
NOTIC: [8] Use of undefined constant fasle - assumed 'fasle' D:\workspace\machine\Application\Common\Common\function.php 第 47 行.

[ 2018-06-11T19:38:30+08:00 ] 127.0.0.1 /Home/test/b
INFO: [ app_init ] --START--
INFO: Run Behavior\BuildLiteBehavior [ RunTime:0.000000s ]
INFO: [ app_init ] --END-- [ RunTime:0.001000s ]
INFO: [ app_begin ] --START--
INFO: Run Behavior\ReadHtmlCacheBehavior [ RunTime:0.000000s ]
INFO: [ app_begin ] --END-- [ RunTime:0.000000s ]
NOTIC: [8] Use of undefined constant fasle - assumed 'fasle' D:\workspace\machine\Application\Common\Common\function.php 第 32 行.
NOTIC: [8] Use of undefined constant fasle - assumed 'fasle' D:\workspace\machine\Application\Common\Common\function.php 第 46 行.
NOTIC: [8] Use of undefined constant fasle - assumed 'fasle' D:\workspace\machine\Application\Common\Common\function.php 第 47 行.

[ 2018-06-11T19:38:31+08:00 ] 127.0.0.1 /Home/test/b
INFO: [ app_init ] --START--
INFO: Run Behavior\BuildLiteBehavior [ RunTime:0.000000s ]
INFO: [ app_init ] --END-- [ RunTime:0.000000s ]
INFO: [ app_begin ] --START--
INFO: Run Behavior\ReadHtmlCacheBehavior [ RunTime:0.000000s ]
INFO: [ app_begin ] --END-- [ RunTime:0.000000s ]
NOTIC: [8] Use of undefined constant fasle - assumed 'fasle' D:\workspace\machine\Application\Common\Common\function.php 第 32 行.
NOTIC: [8] Use of undefined constant fasle - assumed 'fasle' D:\workspace\machine\Application\Common\Common\function.php 第 46 行.
NOTIC: [8] Use of undefined constant fasle - assumed 'fasle' D:\workspace\machine\Application\Common\Common\function.php 第 47 行.

[ 2018-06-11T19:38:31+08:00 ] 127.0.0.1 /Home/test/b
INFO: [ app_init ] --START--
INFO: Run Behavior\BuildLiteBehavior [ RunTime:0.000000s ]
INFO: [ app_init ] --END-- [ RunTime:0.001000s ]
INFO: [ app_begin ] --START--
INFO: Run Behavior\ReadHtmlCacheBehavior [ RunTime:0.000000s ]
INFO: [ app_begin ] --END-- [ RunTime:0.000000s ]
NOTIC: [8] Use of undefined constant fasle - assumed 'fasle' D:\workspace\machine\Application\Common\Common\function.php 第 32 行.
NOTIC: [8] Use of undefined constant fasle - assumed 'fasle' D:\workspace\machine\Application\Common\Common\function.php 第 46 行.
NOTIC: [8] Use of undefined constant fasle - assumed 'fasle' D:\workspace\machine\Application\Common\Common\function.php 第 47 行.

[ 2018-06-11T19:40:05+08:00 ] 127.0.0.1 /Home/test/b
INFO: [ app_init ] --START--
INFO: Run Behavior\BuildLiteBehavior [ RunTime:0.000000s ]
INFO: [ app_init ] --END-- [ RunTime:0.001000s ]
INFO: [ app_begin ] --START--
INFO: Run Behavior\ReadHtmlCacheBehavior [ RunTime:0.001000s ]
INFO: [ app_begin ] --END-- [ RunTime:0.001000s ]
NOTIC: [8] Use of undefined constant fasle - assumed 'fasle' D:\workspace\machine\Application\Common\Common\function.php 第 32 行.
NOTIC: [8] Use of undefined constant fasle - assumed 'fasle' D:\workspace\machine\Application\Common\Common\function.php 第 46 行.
NOTIC: [8] Use of undefined constant fasle - assumed 'fasle' D:\workspace\machine\Application\Common\Common\function.php 第 47 行.

[ 2018-06-11T19:41:30+08:00 ] 127.0.0.1 /Home/test/b
INFO: [ app_init ] --START--
INFO: Run Behavior\BuildLiteBehavior [ RunTime:0.000000s ]
INFO: [ app_init ] --END-- [ RunTime:0.000000s ]
INFO: [ app_begin ] --START--
INFO: Run Behavior\ReadHtmlCacheBehavior [ RunTime:0.001000s ]
INFO: [ app_begin ] --END-- [ RunTime:0.001000s ]
NOTIC: [8] Use of undefined constant fasle - assumed 'fasle' D:\workspace\machine\Application\Common\Common\function.php 第 32 行.
NOTIC: [8] Use of undefined constant fasle - assumed 'fasle' D:\workspace\machine\Application\Common\Common\function.php 第 46 行.
NOTIC: [8] Use of undefined constant fasle - assumed 'fasle' D:\workspace\machine\Application\Common\Common\function.php 第 47 行.

[ 2018-06-11T19:43:25+08:00 ] 127.0.0.1 /Home/test/b
INFO: [ app_init ] --START--
INFO: Run Behavior\BuildLiteBehavior [ RunTime:0.000000s ]
INFO: [ app_init ] --END-- [ RunTime:0.000000s ]
INFO: [ app_begin ] --START--
INFO: Run Behavior\ReadHtmlCacheBehavior [ RunTime:0.000000s ]
INFO: [ app_begin ] --END-- [ RunTime:0.001000s ]
NOTIC: [8] Use of undefined constant fasle - assumed 'fasle' D:\workspace\machine\Application\Common\Common\function.php 第 32 行.
NOTIC: [8] Use of undefined constant fasle - assumed 'fasle' D:\workspace\machine\Application\Common\Common\function.php 第 46 行.
NOTIC: [8] Use of undefined constant fasle - assumed 'fasle' D:\workspace\machine\Application\Common\Common\function.php 第 47 行.

[ 2018-06-11T19:43:57+08:00 ] 127.0.0.1 /Home/test/b
INFO: [ app_init ] --START--
INFO: Run Behavior\BuildLiteBehavior [ RunTime:0.000000s ]
INFO: [ app_init ] --END-- [ RunTime:0.000000s ]
INFO: [ app_begin ] --START--
INFO: Run Behavior\ReadHtmlCacheBehavior [ RunTime:0.001001s ]
INFO: [ app_begin ] --END-- [ RunTime:0.001001s ]
NOTIC: [2] Missing argument 2 for json_curl(), called in D:\workspace\machine\Application\Home\Controller\TestController.class.php on line 941 and defined D:\workspace\machine\Application\Common\Common\function.php 第 97 行.
NOTIC: [8] Undefined variable: para D:\workspace\machine\Application\Common\Common\function.php 第 99 行.

[ 2018-06-11T19:44:05+08:00 ] 127.0.0.1 /Home/test/b
INFO: [ app_init ] --START--
INFO: Run Behavior\BuildLiteBehavior [ RunTime:0.000000s ]
INFO: [ app_init ] --END-- [ RunTime:0.000000s ]
INFO: [ app_begin ] --START--
INFO: Run Behavior\ReadHtmlCacheBehavior [ RunTime:0.000000s ]
INFO: [ app_begin ] --END-- [ RunTime:0.000000s ]
NOTIC: [2] Missing argument 2 for json_curl(), called in D:\workspace\machine\Application\Home\Controller\TestController.class.php on line 941 and defined D:\workspace\machine\Application\Common\Common\function.php 第 97 行.
NOTIC: [8] Undefined variable: para D:\workspace\machine\Application\Common\Common\function.php 第 99 行.

