[ 2018-06-08T10:38:55+08:00 ] 192.168.1.171 /Home/Rooms/get_room_list
INFO: [ app_init ] --START--
INFO: Run Behavior\BuildLiteBehavior [ RunTime:0.000000s ]
INFO: [ app_init ] --END-- [ RunTime:0.009001s ]
INFO: [ app_begin ] --START--
INFO: Run Behavior\ReadHtmlCacheBehavior [ RunTime:0.014000s ]
INFO: [ app_begin ] --END-- [ RunTime:0.014000s ]
NOTIC: [8] Undefined index: userid D:\workspace\machine\Application\Home\Controller\RoomsController.class.php 第 26 行.
NOTIC: [8] Undefined index: timestamp D:\workspace\machine\Application\Home\Controller\RoomsController.class.php 第 27 行.
NOTIC: [8] Undefined index: accesstoken D:\workspace\machine\Application\Home\Controller\RoomsController.class.php 第 28 行.
NOTIC: [8] Undefined index: timestamp D:\workspace\machine\Application\Home\Controller\RoomsController.class.php 第 34 行.
INFO: [ app_end ] --START--
INFO: Run Behavior\ShowPageTraceBehavior [ RunTime:0.007000s ]
INFO: [ app_end ] --END-- [ RunTime:0.007000s ]

[ 2018-06-08T10:38:56+08:00 ] 192.168.1.171 /Home/Rooms/get_room_list
INFO: [ app_init ] --START--
INFO: Run Behavior\BuildLiteBehavior [ RunTime:0.000000s ]
INFO: [ app_init ] --END-- [ RunTime:0.001000s ]
INFO: [ app_begin ] --START--
INFO: Run Behavior\ReadHtmlCacheBehavior [ RunTime:0.001000s ]
INFO: [ app_begin ] --END-- [ RunTime:0.001000s ]
NOTIC: [8] Undefined index: userid D:\workspace\machine\Application\Home\Controller\RoomsController.class.php 第 26 行.
NOTIC: [8] Undefined index: timestamp D:\workspace\machine\Application\Home\Controller\RoomsController.class.php 第 27 行.
NOTIC: [8] Undefined index: accesstoken D:\workspace\machine\Application\Home\Controller\RoomsController.class.php 第 28 行.
NOTIC: [8] Undefined index: timestamp D:\workspace\machine\Application\Home\Controller\RoomsController.class.php 第 34 行.
INFO: [ app_end ] --START--
INFO: Run Behavior\ShowPageTraceBehavior [ RunTime:0.000000s ]
INFO: [ app_end ] --END-- [ RunTime:0.000000s ]

[ 2018-06-08T10:38:56+08:00 ] 192.168.1.171 /Home/Rooms/get_room_list
INFO: [ app_init ] --START--
INFO: Run Behavior\BuildLiteBehavior [ RunTime:0.000000s ]
INFO: [ app_init ] --END-- [ RunTime:0.001000s ]
INFO: [ app_begin ] --START--
INFO: Run Behavior\ReadHtmlCacheBehavior [ RunTime:0.000000s ]
INFO: [ app_begin ] --END-- [ RunTime:0.000000s ]
NOTIC: [8] Undefined index: userid D:\workspace\machine\Application\Home\Controller\RoomsController.class.php 第 26 行.
NOTIC: [8] Undefined index: timestamp D:\workspace\machine\Application\Home\Controller\RoomsController.class.php 第 27 行.
NOTIC: [8] Undefined index: accesstoken D:\workspace\machine\Application\Home\Controller\RoomsController.class.php 第 28 行.
NOTIC: [8] Undefined index: timestamp D:\workspace\machine\Application\Home\Controller\RoomsController.class.php 第 34 行.
INFO: [ app_end ] --START--
INFO: Run Behavior\ShowPageTraceBehavior [ RunTime:0.000000s ]
INFO: [ app_end ] --END-- [ RunTime:0.000000s ]

[ 2018-06-08T11:21:23+08:00 ] 192.168.1.171 /Home/Rooms/get_room_list
INFO: [ app_init ] --START--
INFO: Run Behavior\BuildLiteBehavior [ RunTime:0.000000s ]
INFO: [ app_init ] --END-- [ RunTime:0.000000s ]
INFO: [ app_begin ] --START--
INFO: Run Behavior\ReadHtmlCacheBehavior [ RunTime:0.000000s ]
INFO: [ app_begin ] --END-- [ RunTime:0.000000s ]
NOTIC: [8] Undefined index: userid D:\workspace\machine\Application\Home\Controller\RoomsController.class.php 第 26 行.
NOTIC: [8] Undefined index: timestamp D:\workspace\machine\Application\Home\Controller\RoomsController.class.php 第 27 行.
NOTIC: [8] Undefined index: accesstoken D:\workspace\machine\Application\Home\Controller\RoomsController.class.php 第 28 行.
NOTIC: [8] Undefined index: timestamp D:\workspace\machine\Application\Home\Controller\RoomsController.class.php 第 34 行.
INFO: [ app_end ] --START--
INFO: Run Behavior\ShowPageTraceBehavior [ RunTime:0.001000s ]
INFO: [ app_end ] --END-- [ RunTime:0.001000s ]

[ 2018-06-08T11:21:23+08:00 ] 192.168.1.171 /Home/Rooms/get_room_list
INFO: [ app_init ] --START--
INFO: Run Behavior\BuildLiteBehavior [ RunTime:0.000000s ]
INFO: [ app_init ] --END-- [ RunTime:0.000000s ]
INFO: [ app_begin ] --START--
INFO: Run Behavior\ReadHtmlCacheBehavior [ RunTime:0.000000s ]
INFO: [ app_begin ] --END-- [ RunTime:0.000000s ]
NOTIC: [8] Undefined index: userid D:\workspace\machine\Application\Home\Controller\RoomsController.class.php 第 26 行.
NOTIC: [8] Undefined index: timestamp D:\workspace\machine\Application\Home\Controller\RoomsController.class.php 第 27 行.
NOTIC: [8] Undefined index: accesstoken D:\workspace\machine\Application\Home\Controller\RoomsController.class.php 第 28 行.
NOTIC: [8] Undefined index: timestamp D:\workspace\machine\Application\Home\Controller\RoomsController.class.php 第 34 行.
INFO: [ app_end ] --START--
INFO: Run Behavior\ShowPageTraceBehavior [ RunTime:0.000000s ]
INFO: [ app_end ] --END-- [ RunTime:0.001000s ]

[ 2018-06-08T11:55:39+08:00 ] 192.168.1.171 /Home/Userlogin/get_code
INFO: [ app_init ] --START--
INFO: Run Behavior\BuildLiteBehavior [ RunTime:0.000000s ]
INFO: [ app_init ] --END-- [ RunTime:0.000000s ]
INFO: [ app_begin ] --START--
INFO: Run Behavior\ReadHtmlCacheBehavior [ RunTime:0.001000s ]
INFO: [ app_begin ] --END-- [ RunTime:0.001000s ]

[ 2018-06-08T13:17:18+08:00 ] 192.168.1.171 /Home/Userlogin/get_code
INFO: [ app_init ] --START--
INFO: Run Behavior\BuildLiteBehavior [ RunTime:0.000000s ]
INFO: [ app_init ] --END-- [ RunTime:0.000000s ]
INFO: [ app_begin ] --START--
INFO: Run Behavior\ReadHtmlCacheBehavior [ RunTime:0.001000s ]
INFO: [ app_begin ] --END-- [ RunTime:0.001000s ]

[ 2018-06-08T13:17:34+08:00 ] 192.168.1.171 /Home/Userlogin/get_code
INFO: [ app_init ] --START--
INFO: Run Behavior\BuildLiteBehavior [ RunTime:0.000000s ]
INFO: [ app_init ] --END-- [ RunTime:0.000000s ]
INFO: [ app_begin ] --START--
INFO: Run Behavior\ReadHtmlCacheBehavior [ RunTime:0.000000s ]
INFO: [ app_begin ] --END-- [ RunTime:0.000000s ]

[ 2018-06-08T13:25:06+08:00 ] 192.168.1.171 /Home/Userlogin/get_code
INFO: [ app_init ] --START--
INFO: Run Behavior\BuildLiteBehavior [ RunTime:0.000000s ]
INFO: [ app_init ] --END-- [ RunTime:0.000000s ]
INFO: [ app_begin ] --START--
INFO: Run Behavior\ReadHtmlCacheBehavior [ RunTime:0.000000s ]
INFO: [ app_begin ] --END-- [ RunTime:0.000000s ]

[ 2018-06-08T14:56:56+08:00 ] 192.168.1.171 /Home/Rooms/get_room_list
INFO: [ app_init ] --START--
INFO: Run Behavior\BuildLiteBehavior [ RunTime:0.000000s ]
INFO: [ app_init ] --END-- [ RunTime:0.000000s ]
INFO: [ app_begin ] --START--
INFO: Run Behavior\ReadHtmlCacheBehavior [ RunTime:0.001001s ]
INFO: [ app_begin ] --END-- [ RunTime:0.001001s ]
NOTIC: [8] Undefined index: userid D:\workspace\machine\Application\Home\Controller\RoomsController.class.php 第 26 行.
NOTIC: [8] Undefined index: timestamp D:\workspace\machine\Application\Home\Controller\RoomsController.class.php 第 27 行.
NOTIC: [8] Undefined index: accesstoken D:\workspace\machine\Application\Home\Controller\RoomsController.class.php 第 28 行.
NOTIC: [8] Undefined index: timestamp D:\workspace\machine\Application\Home\Controller\RoomsController.class.php 第 34 行.
INFO: [ app_end ] --START--
INFO: Run Behavior\ShowPageTraceBehavior [ RunTime:0.000000s ]
INFO: [ app_end ] --END-- [ RunTime:0.000000s ]

[ 2018-06-08T14:56:56+08:00 ] 192.168.1.171 /Home/Rooms/get_room_list
INFO: [ app_init ] --START--
INFO: Run Behavior\BuildLiteBehavior [ RunTime:0.000000s ]
INFO: [ app_init ] --END-- [ RunTime:0.000000s ]
INFO: [ app_begin ] --START--
INFO: Run Behavior\ReadHtmlCacheBehavior [ RunTime:0.000000s ]
INFO: [ app_begin ] --END-- [ RunTime:0.000000s ]
NOTIC: [8] Undefined index: userid D:\workspace\machine\Application\Home\Controller\RoomsController.class.php 第 26 行.
NOTIC: [8] Undefined index: timestamp D:\workspace\machine\Application\Home\Controller\RoomsController.class.php 第 27 行.
NOTIC: [8] Undefined index: accesstoken D:\workspace\machine\Application\Home\Controller\RoomsController.class.php 第 28 行.
NOTIC: [8] Undefined index: timestamp D:\workspace\machine\Application\Home\Controller\RoomsController.class.php 第 34 行.
INFO: [ app_end ] --START--
INFO: Run Behavior\ShowPageTraceBehavior [ RunTime:0.001000s ]
INFO: [ app_end ] --END-- [ RunTime:0.001000s ]

[ 2018-06-08T14:56:59+08:00 ] 192.168.1.171 /Home/Rooms/get_room_list
INFO: [ app_init ] --START--
INFO: Run Behavior\BuildLiteBehavior [ RunTime:0.000000s ]
INFO: [ app_init ] --END-- [ RunTime:0.000000s ]
INFO: [ app_begin ] --START--
INFO: Run Behavior\ReadHtmlCacheBehavior [ RunTime:0.000000s ]
INFO: [ app_begin ] --END-- [ RunTime:0.000000s ]
NOTIC: [8] Undefined index: userid D:\workspace\machine\Application\Home\Controller\RoomsController.class.php 第 26 行.
NOTIC: [8] Undefined index: timestamp D:\workspace\machine\Application\Home\Controller\RoomsController.class.php 第 27 行.
NOTIC: [8] Undefined index: accesstoken D:\workspace\machine\Application\Home\Controller\RoomsController.class.php 第 28 行.
NOTIC: [8] Undefined index: timestamp D:\workspace\machine\Application\Home\Controller\RoomsController.class.php 第 34 行.
INFO: [ app_end ] --START--
INFO: Run Behavior\ShowPageTraceBehavior [ RunTime:0.001000s ]
INFO: [ app_end ] --END-- [ RunTime:0.001000s ]

[ 2018-06-08T14:57:00+08:00 ] 192.168.1.171 /Home/Rooms/get_room_list
INFO: [ app_init ] --START--
INFO: Run Behavior\BuildLiteBehavior [ RunTime:0.000000s ]
INFO: [ app_init ] --END-- [ RunTime:0.000000s ]
INFO: [ app_begin ] --START--
INFO: Run Behavior\ReadHtmlCacheBehavior [ RunTime:0.000000s ]
INFO: [ app_begin ] --END-- [ RunTime:0.000000s ]
NOTIC: [8] Undefined index: userid D:\workspace\machine\Application\Home\Controller\RoomsController.class.php 第 26 行.
NOTIC: [8] Undefined index: timestamp D:\workspace\machine\Application\Home\Controller\RoomsController.class.php 第 27 行.
NOTIC: [8] Undefined index: accesstoken D:\workspace\machine\Application\Home\Controller\RoomsController.class.php 第 28 行.
NOTIC: [8] Undefined index: timestamp D:\workspace\machine\Application\Home\Controller\RoomsController.class.php 第 34 行.
INFO: [ app_end ] --START--
INFO: Run Behavior\ShowPageTraceBehavior [ RunTime:0.001000s ]
INFO: [ app_end ] --END-- [ RunTime:0.001000s ]

[ 2018-06-08T14:57:03+08:00 ] 192.168.1.171 /Home/Rooms/get_room_list
INFO: [ app_init ] --START--
INFO: Run Behavior\BuildLiteBehavior [ RunTime:0.000000s ]
INFO: [ app_init ] --END-- [ RunTime:0.001000s ]
INFO: [ app_begin ] --START--
INFO: Run Behavior\ReadHtmlCacheBehavior [ RunTime:0.000000s ]
INFO: [ app_begin ] --END-- [ RunTime:0.001000s ]
NOTIC: [8] Undefined index: userid D:\workspace\machine\Application\Home\Controller\RoomsController.class.php 第 26 行.
NOTIC: [8] Undefined index: timestamp D:\workspace\machine\Application\Home\Controller\RoomsController.class.php 第 27 行.
NOTIC: [8] Undefined index: accesstoken D:\workspace\machine\Application\Home\Controller\RoomsController.class.php 第 28 行.
NOTIC: [8] Undefined index: timestamp D:\workspace\machine\Application\Home\Controller\RoomsController.class.php 第 34 行.
INFO: [ app_end ] --START--
INFO: Run Behavior\ShowPageTraceBehavior [ RunTime:0.000000s ]
INFO: [ app_end ] --END-- [ RunTime:0.000000s ]

[ 2018-06-08T14:57:04+08:00 ] 192.168.1.171 /Home/Rooms/get_room_list
INFO: [ app_init ] --START--
INFO: Run Behavior\BuildLiteBehavior [ RunTime:0.000000s ]
INFO: [ app_init ] --END-- [ RunTime:0.000000s ]
INFO: [ app_begin ] --START--
INFO: Run Behavior\ReadHtmlCacheBehavior [ RunTime:0.001000s ]
INFO: [ app_begin ] --END-- [ RunTime:0.001000s ]
NOTIC: [8] Undefined index: userid D:\workspace\machine\Application\Home\Controller\RoomsController.class.php 第 26 行.
NOTIC: [8] Undefined index: timestamp D:\workspace\machine\Application\Home\Controller\RoomsController.class.php 第 27 行.
NOTIC: [8] Undefined index: accesstoken D:\workspace\machine\Application\Home\Controller\RoomsController.class.php 第 28 行.
NOTIC: [8] Undefined index: timestamp D:\workspace\machine\Application\Home\Controller\RoomsController.class.php 第 34 行.
INFO: [ app_end ] --START--
INFO: Run Behavior\ShowPageTraceBehavior [ RunTime:0.000000s ]
INFO: [ app_end ] --END-- [ RunTime:0.000000s ]

[ 2018-06-08T14:57:05+08:00 ] 192.168.1.171 /Home/Rooms/get_room_list
INFO: [ app_init ] --START--
INFO: Run Behavior\BuildLiteBehavior [ RunTime:0.000000s ]
INFO: [ app_init ] --END-- [ RunTime:0.000000s ]
INFO: [ app_begin ] --START--
INFO: Run Behavior\ReadHtmlCacheBehavior [ RunTime:0.000000s ]
INFO: [ app_begin ] --END-- [ RunTime:0.000000s ]
NOTIC: [8] Undefined index: userid D:\workspace\machine\Application\Home\Controller\RoomsController.class.php 第 26 行.
NOTIC: [8] Undefined index: timestamp D:\workspace\machine\Application\Home\Controller\RoomsController.class.php 第 27 行.
NOTIC: [8] Undefined index: accesstoken D:\workspace\machine\Application\Home\Controller\RoomsController.class.php 第 28 行.
NOTIC: [8] Undefined index: timestamp D:\workspace\machine\Application\Home\Controller\RoomsController.class.php 第 34 行.
INFO: [ app_end ] --START--
INFO: Run Behavior\ShowPageTraceBehavior [ RunTime:0.001000s ]
INFO: [ app_end ] --END-- [ RunTime:0.001000s ]

[ 2018-06-08T14:57:05+08:00 ] 192.168.1.171 /Home/Rooms/get_room_list
INFO: [ app_init ] --START--
INFO: Run Behavior\BuildLiteBehavior [ RunTime:0.000000s ]
INFO: [ app_init ] --END-- [ RunTime:0.000000s ]
INFO: [ app_begin ] --START--
INFO: Run Behavior\ReadHtmlCacheBehavior [ RunTime:0.000000s ]
INFO: [ app_begin ] --END-- [ RunTime:0.000000s ]
NOTIC: [8] Undefined index: userid D:\workspace\machine\Application\Home\Controller\RoomsController.class.php 第 26 行.
NOTIC: [8] Undefined index: timestamp D:\workspace\machine\Application\Home\Controller\RoomsController.class.php 第 27 行.
NOTIC: [8] Undefined index: accesstoken D:\workspace\machine\Application\Home\Controller\RoomsController.class.php 第 28 行.
NOTIC: [8] Undefined index: timestamp D:\workspace\machine\Application\Home\Controller\RoomsController.class.php 第 34 行.
INFO: [ app_end ] --START--
INFO: Run Behavior\ShowPageTraceBehavior [ RunTime:0.000000s ]
INFO: [ app_end ] --END-- [ RunTime:0.000000s ]

[ 2018-06-08T14:57:06+08:00 ] 192.168.1.171 /Home/Rooms/get_room_list
INFO: [ app_init ] --START--
INFO: Run Behavior\BuildLiteBehavior [ RunTime:0.000000s ]
INFO: [ app_init ] --END-- [ RunTime:0.000000s ]
INFO: [ app_begin ] --START--
INFO: Run Behavior\ReadHtmlCacheBehavior [ RunTime:0.000000s ]
INFO: [ app_begin ] --END-- [ RunTime:0.000000s ]
NOTIC: [8] Undefined index: userid D:\workspace\machine\Application\Home\Controller\RoomsController.class.php 第 26 行.
NOTIC: [8] Undefined index: timestamp D:\workspace\machine\Application\Home\Controller\RoomsController.class.php 第 27 行.
NOTIC: [8] Undefined index: accesstoken D:\workspace\machine\Application\Home\Controller\RoomsController.class.php 第 28 行.
NOTIC: [8] Undefined index: timestamp D:\workspace\machine\Application\Home\Controller\RoomsController.class.php 第 34 行.
INFO: [ app_end ] --START--
INFO: Run Behavior\ShowPageTraceBehavior [ RunTime:0.000000s ]
INFO: [ app_end ] --END-- [ RunTime:0.000000s ]

[ 2018-06-08T14:57:06+08:00 ] 192.168.1.171 /Home/Rooms/get_room_list
INFO: [ app_init ] --START--
INFO: Run Behavior\BuildLiteBehavior [ RunTime:0.000000s ]
INFO: [ app_init ] --END-- [ RunTime:0.000000s ]
INFO: [ app_begin ] --START--
INFO: Run Behavior\ReadHtmlCacheBehavior [ RunTime:0.000000s ]
INFO: [ app_begin ] --END-- [ RunTime:0.000000s ]
NOTIC: [8] Undefined index: userid D:\workspace\machine\Application\Home\Controller\RoomsController.class.php 第 26 行.
NOTIC: [8] Undefined index: timestamp D:\workspace\machine\Application\Home\Controller\RoomsController.class.php 第 27 行.
NOTIC: [8] Undefined index: accesstoken D:\workspace\machine\Application\Home\Controller\RoomsController.class.php 第 28 行.
NOTIC: [8] Undefined index: timestamp D:\workspace\machine\Application\Home\Controller\RoomsController.class.php 第 34 行.
INFO: [ app_end ] --START--
INFO: Run Behavior\ShowPageTraceBehavior [ RunTime:0.001000s ]
INFO: [ app_end ] --END-- [ RunTime:0.001000s ]

[ 2018-06-08T14:57:07+08:00 ] 192.168.1.171 /Home/Rooms/get_room_list
INFO: [ app_init ] --START--
INFO: Run Behavior\BuildLiteBehavior [ RunTime:0.000000s ]
INFO: [ app_init ] --END-- [ RunTime:0.000000s ]
INFO: [ app_begin ] --START--
INFO: Run Behavior\ReadHtmlCacheBehavior [ RunTime:0.001000s ]
INFO: [ app_begin ] --END-- [ RunTime:0.001000s ]
NOTIC: [8] Undefined index: userid D:\workspace\machine\Application\Home\Controller\RoomsController.class.php 第 26 行.
NOTIC: [8] Undefined index: timestamp D:\workspace\machine\Application\Home\Controller\RoomsController.class.php 第 27 行.
NOTIC: [8] Undefined index: accesstoken D:\workspace\machine\Application\Home\Controller\RoomsController.class.php 第 28 行.
NOTIC: [8] Undefined index: timestamp D:\workspace\machine\Application\Home\Controller\RoomsController.class.php 第 34 行.
INFO: [ app_end ] --START--
INFO: Run Behavior\ShowPageTraceBehavior [ RunTime:0.001000s ]
INFO: [ app_end ] --END-- [ RunTime:0.001000s ]

[ 2018-06-08T14:57:12+08:00 ] 192.168.1.171 /Home/Rooms/get_room_list
INFO: [ app_init ] --START--
INFO: Run Behavior\BuildLiteBehavior [ RunTime:0.000000s ]
INFO: [ app_init ] --END-- [ RunTime:0.000000s ]
INFO: [ app_begin ] --START--
INFO: Run Behavior\ReadHtmlCacheBehavior [ RunTime:0.000000s ]
INFO: [ app_begin ] --END-- [ RunTime:0.000000s ]
NOTIC: [8] Undefined index: userid D:\workspace\machine\Application\Home\Controller\RoomsController.class.php 第 26 行.
NOTIC: [8] Undefined index: timestamp D:\workspace\machine\Application\Home\Controller\RoomsController.class.php 第 27 行.
NOTIC: [8] Undefined index: accesstoken D:\workspace\machine\Application\Home\Controller\RoomsController.class.php 第 28 行.
NOTIC: [8] Undefined index: timestamp D:\workspace\machine\Application\Home\Controller\RoomsController.class.php 第 34 行.
INFO: [ app_end ] --START--
INFO: Run Behavior\ShowPageTraceBehavior [ RunTime:0.001000s ]
INFO: [ app_end ] --END-- [ RunTime:0.001000s ]

[ 2018-06-08T14:57:12+08:00 ] 192.168.1.171 /Home/Rooms/get_room_list
INFO: [ app_init ] --START--
INFO: Run Behavior\BuildLiteBehavior [ RunTime:0.000000s ]
INFO: [ app_init ] --END-- [ RunTime:0.000000s ]
INFO: [ app_begin ] --START--
INFO: Run Behavior\ReadHtmlCacheBehavior [ RunTime:0.001000s ]
INFO: [ app_begin ] --END-- [ RunTime:0.001000s ]
NOTIC: [8] Undefined index: userid D:\workspace\machine\Application\Home\Controller\RoomsController.class.php 第 26 行.
NOTIC: [8] Undefined index: timestamp D:\workspace\machine\Application\Home\Controller\RoomsController.class.php 第 27 行.
NOTIC: [8] Undefined index: accesstoken D:\workspace\machine\Application\Home\Controller\RoomsController.class.php 第 28 行.
NOTIC: [8] Undefined index: timestamp D:\workspace\machine\Application\Home\Controller\RoomsController.class.php 第 34 行.
INFO: [ app_end ] --START--
INFO: Run Behavior\ShowPageTraceBehavior [ RunTime:0.001000s ]
INFO: [ app_end ] --END-- [ RunTime:0.001000s ]

[ 2018-06-08T14:57:13+08:00 ] 192.168.1.171 /Home/Rooms/get_room_list
INFO: [ app_init ] --START--
INFO: Run Behavior\BuildLiteBehavior [ RunTime:0.000000s ]
INFO: [ app_init ] --END-- [ RunTime:0.001000s ]
INFO: [ app_begin ] --START--
INFO: Run Behavior\ReadHtmlCacheBehavior [ RunTime:0.001000s ]
INFO: [ app_begin ] --END-- [ RunTime:0.001000s ]
NOTIC: [8] Undefined index: userid D:\workspace\machine\Application\Home\Controller\RoomsController.class.php 第 26 行.
NOTIC: [8] Undefined index: timestamp D:\workspace\machine\Application\Home\Controller\RoomsController.class.php 第 27 行.
NOTIC: [8] Undefined index: accesstoken D:\workspace\machine\Application\Home\Controller\RoomsController.class.php 第 28 行.
NOTIC: [8] Undefined index: timestamp D:\workspace\machine\Application\Home\Controller\RoomsController.class.php 第 34 行.
INFO: [ app_end ] --START--
INFO: Run Behavior\ShowPageTraceBehavior [ RunTime:0.000000s ]
INFO: [ app_end ] --END-- [ RunTime:0.000000s ]

[ 2018-06-08T14:57:13+08:00 ] 192.168.1.171 /Home/Rooms/get_room_list
INFO: [ app_init ] --START--
INFO: Run Behavior\BuildLiteBehavior [ RunTime:0.000000s ]
INFO: [ app_init ] --END-- [ RunTime:0.001000s ]
INFO: [ app_begin ] --START--
INFO: Run Behavior\ReadHtmlCacheBehavior [ RunTime:0.001000s ]
INFO: [ app_begin ] --END-- [ RunTime:0.001000s ]
NOTIC: [8] Undefined index: userid D:\workspace\machine\Application\Home\Controller\RoomsController.class.php 第 26 行.
NOTIC: [8] Undefined index: timestamp D:\workspace\machine\Application\Home\Controller\RoomsController.class.php 第 27 行.
NOTIC: [8] Undefined index: accesstoken D:\workspace\machine\Application\Home\Controller\RoomsController.class.php 第 28 行.
NOTIC: [8] Undefined index: timestamp D:\workspace\machine\Application\Home\Controller\RoomsController.class.php 第 34 行.
INFO: [ app_end ] --START--
INFO: Run Behavior\ShowPageTraceBehavior [ RunTime:0.000000s ]
INFO: [ app_end ] --END-- [ RunTime:0.000000s ]

[ 2018-06-08T14:57:14+08:00 ] 192.168.1.171 /Home/Rooms/get_room_list
INFO: [ app_init ] --START--
INFO: Run Behavior\BuildLiteBehavior [ RunTime:0.000000s ]
INFO: [ app_init ] --END-- [ RunTime:0.001000s ]
INFO: [ app_begin ] --START--
INFO: Run Behavior\ReadHtmlCacheBehavior [ RunTime:0.001000s ]
INFO: [ app_begin ] --END-- [ RunTime:0.001000s ]
NOTIC: [8] Undefined index: userid D:\workspace\machine\Application\Home\Controller\RoomsController.class.php 第 26 行.
NOTIC: [8] Undefined index: timestamp D:\workspace\machine\Application\Home\Controller\RoomsController.class.php 第 27 行.
NOTIC: [8] Undefined index: accesstoken D:\workspace\machine\Application\Home\Controller\RoomsController.class.php 第 28 行.
NOTIC: [8] Undefined index: timestamp D:\workspace\machine\Application\Home\Controller\RoomsController.class.php 第 34 行.
INFO: [ app_end ] --START--
INFO: Run Behavior\ShowPageTraceBehavior [ RunTime:0.000000s ]
INFO: [ app_end ] --END-- [ RunTime:0.000000s ]

[ 2018-06-08T14:57:14+08:00 ] 192.168.1.171 /Home/Rooms/get_room_list
INFO: [ app_init ] --START--
INFO: Run Behavior\BuildLiteBehavior [ RunTime:0.000000s ]
INFO: [ app_init ] --END-- [ RunTime:0.000000s ]
INFO: [ app_begin ] --START--
INFO: Run Behavior\ReadHtmlCacheBehavior [ RunTime:0.000000s ]
INFO: [ app_begin ] --END-- [ RunTime:0.000000s ]
NOTIC: [8] Undefined index: userid D:\workspace\machine\Application\Home\Controller\RoomsController.class.php 第 26 行.
NOTIC: [8] Undefined index: timestamp D:\workspace\machine\Application\Home\Controller\RoomsController.class.php 第 27 行.
NOTIC: [8] Undefined index: accesstoken D:\workspace\machine\Application\Home\Controller\RoomsController.class.php 第 28 行.
NOTIC: [8] Undefined index: timestamp D:\workspace\machine\Application\Home\Controller\RoomsController.class.php 第 34 行.
INFO: [ app_end ] --START--
INFO: Run Behavior\ShowPageTraceBehavior [ RunTime:0.001000s ]
INFO: [ app_end ] --END-- [ RunTime:0.001000s ]

[ 2018-06-08T14:57:24+08:00 ] 192.168.1.171 /Home/Rooms/get_room_list
INFO: [ app_init ] --START--
INFO: Run Behavior\BuildLiteBehavior [ RunTime:0.000000s ]
INFO: [ app_init ] --END-- [ RunTime:0.000000s ]
INFO: [ app_begin ] --START--
INFO: Run Behavior\ReadHtmlCacheBehavior [ RunTime:0.000000s ]
INFO: [ app_begin ] --END-- [ RunTime:0.000000s ]
NOTIC: [8] Undefined index: userid D:\workspace\machine\Application\Home\Controller\RoomsController.class.php 第 26 行.
NOTIC: [8] Undefined index: timestamp D:\workspace\machine\Application\Home\Controller\RoomsController.class.php 第 27 行.
NOTIC: [8] Undefined index: accesstoken D:\workspace\machine\Application\Home\Controller\RoomsController.class.php 第 28 行.
NOTIC: [8] Undefined index: timestamp D:\workspace\machine\Application\Home\Controller\RoomsController.class.php 第 34 行.
INFO: [ app_end ] --START--
INFO: Run Behavior\ShowPageTraceBehavior [ RunTime:0.000000s ]
INFO: [ app_end ] --END-- [ RunTime:0.000000s ]

[ 2018-06-08T14:57:24+08:00 ] 192.168.1.171 /Home/Rooms/get_room_list
INFO: [ app_init ] --START--
INFO: Run Behavior\BuildLiteBehavior [ RunTime:0.000000s ]
INFO: [ app_init ] --END-- [ RunTime:0.000000s ]
INFO: [ app_begin ] --START--
INFO: Run Behavior\ReadHtmlCacheBehavior [ RunTime:0.001000s ]
INFO: [ app_begin ] --END-- [ RunTime:0.001000s ]
NOTIC: [8] Undefined index: userid D:\workspace\machine\Application\Home\Controller\RoomsController.class.php 第 26 行.
NOTIC: [8] Undefined index: timestamp D:\workspace\machine\Application\Home\Controller\RoomsController.class.php 第 27 行.
NOTIC: [8] Undefined index: accesstoken D:\workspace\machine\Application\Home\Controller\RoomsController.class.php 第 28 行.
NOTIC: [8] Undefined index: timestamp D:\workspace\machine\Application\Home\Controller\RoomsController.class.php 第 34 行.
INFO: [ app_end ] --START--
INFO: Run Behavior\ShowPageTraceBehavior [ RunTime:0.000000s ]
INFO: [ app_end ] --END-- [ RunTime:0.000000s ]

[ 2018-06-08T14:57:25+08:00 ] 192.168.1.171 /Home/Rooms/get_room_list
INFO: [ app_init ] --START--
INFO: Run Behavior\BuildLiteBehavior [ RunTime:0.000000s ]
INFO: [ app_init ] --END-- [ RunTime:0.000000s ]
INFO: [ app_begin ] --START--
INFO: Run Behavior\ReadHtmlCacheBehavior [ RunTime:0.001000s ]
INFO: [ app_begin ] --END-- [ RunTime:0.001000s ]
NOTIC: [8] Undefined index: userid D:\workspace\machine\Application\Home\Controller\RoomsController.class.php 第 26 行.
NOTIC: [8] Undefined index: timestamp D:\workspace\machine\Application\Home\Controller\RoomsController.class.php 第 27 行.
NOTIC: [8] Undefined index: accesstoken D:\workspace\machine\Application\Home\Controller\RoomsController.class.php 第 28 行.
NOTIC: [8] Undefined index: timestamp D:\workspace\machine\Application\Home\Controller\RoomsController.class.php 第 34 行.
INFO: [ app_end ] --START--
INFO: Run Behavior\ShowPageTraceBehavior [ RunTime:0.000000s ]
INFO: [ app_end ] --END-- [ RunTime:0.000000s ]

[ 2018-06-08T14:57:25+08:00 ] 192.168.1.171 /Home/Rooms/get_room_list
INFO: [ app_init ] --START--
INFO: Run Behavior\BuildLiteBehavior [ RunTime:0.000000s ]
INFO: [ app_init ] --END-- [ RunTime:0.001000s ]
INFO: [ app_begin ] --START--
INFO: Run Behavior\ReadHtmlCacheBehavior [ RunTime:0.000000s ]
INFO: [ app_begin ] --END-- [ RunTime:0.000000s ]
NOTIC: [8] Undefined index: userid D:\workspace\machine\Application\Home\Controller\RoomsController.class.php 第 26 行.
NOTIC: [8] Undefined index: timestamp D:\workspace\machine\Application\Home\Controller\RoomsController.class.php 第 27 行.
NOTIC: [8] Undefined index: accesstoken D:\workspace\machine\Application\Home\Controller\RoomsController.class.php 第 28 行.
NOTIC: [8] Undefined index: timestamp D:\workspace\machine\Application\Home\Controller\RoomsController.class.php 第 34 行.
INFO: [ app_end ] --START--
INFO: Run Behavior\ShowPageTraceBehavior [ RunTime:0.000000s ]
INFO: [ app_end ] --END-- [ RunTime:0.000000s ]

[ 2018-06-08T14:57:25+08:00 ] 192.168.1.171 /Home/Rooms/get_room_list
INFO: [ app_init ] --START--
INFO: Run Behavior\BuildLiteBehavior [ RunTime:0.000000s ]
INFO: [ app_init ] --END-- [ RunTime:0.000000s ]
INFO: [ app_begin ] --START--
INFO: Run Behavior\ReadHtmlCacheBehavior [ RunTime:0.000000s ]
INFO: [ app_begin ] --END-- [ RunTime:0.000000s ]
NOTIC: [8] Undefined index: userid D:\workspace\machine\Application\Home\Controller\RoomsController.class.php 第 26 行.
NOTIC: [8] Undefined index: timestamp D:\workspace\machine\Application\Home\Controller\RoomsController.class.php 第 27 行.
NOTIC: [8] Undefined index: accesstoken D:\workspace\machine\Application\Home\Controller\RoomsController.class.php 第 28 行.
NOTIC: [8] Undefined index: timestamp D:\workspace\machine\Application\Home\Controller\RoomsController.class.php 第 34 行.
INFO: [ app_end ] --START--
INFO: Run Behavior\ShowPageTraceBehavior [ RunTime:0.002000s ]
INFO: [ app_end ] --END-- [ RunTime:0.002000s ]

[ 2018-06-08T15:01:07+08:00 ] 192.168.1.171 /Home/Rooms/get_room_list
INFO: [ app_init ] --START--
INFO: Run Behavior\BuildLiteBehavior [ RunTime:0.000000s ]
INFO: [ app_init ] --END-- [ RunTime:0.001000s ]
INFO: [ app_begin ] --START--
INFO: Run Behavior\ReadHtmlCacheBehavior [ RunTime:0.001000s ]
INFO: [ app_begin ] --END-- [ RunTime:0.001000s ]
NOTIC: [8] Undefined index: userid D:\workspace\machine\Application\Home\Controller\RoomsController.class.php 第 26 行.
NOTIC: [8] Undefined index: timestamp D:\workspace\machine\Application\Home\Controller\RoomsController.class.php 第 27 行.
NOTIC: [8] Undefined index: accesstoken D:\workspace\machine\Application\Home\Controller\RoomsController.class.php 第 28 行.
NOTIC: [8] Undefined index: timestamp D:\workspace\machine\Application\Home\Controller\RoomsController.class.php 第 34 行.
INFO: [ app_end ] --START--
INFO: Run Behavior\ShowPageTraceBehavior [ RunTime:0.001000s ]
INFO: [ app_end ] --END-- [ RunTime:0.001000s ]

[ 2018-06-08T15:01:08+08:00 ] 192.168.1.171 /Home/Rooms/get_room_list
INFO: [ app_init ] --START--
INFO: Run Behavior\BuildLiteBehavior [ RunTime:0.000000s ]
INFO: [ app_init ] --END-- [ RunTime:0.000000s ]
INFO: [ app_begin ] --START--
INFO: Run Behavior\ReadHtmlCacheBehavior [ RunTime:0.000000s ]
INFO: [ app_begin ] --END-- [ RunTime:0.000000s ]
NOTIC: [8] Undefined index: userid D:\workspace\machine\Application\Home\Controller\RoomsController.class.php 第 26 行.
NOTIC: [8] Undefined index: timestamp D:\workspace\machine\Application\Home\Controller\RoomsController.class.php 第 27 行.
NOTIC: [8] Undefined index: accesstoken D:\workspace\machine\Application\Home\Controller\RoomsController.class.php 第 28 行.
NOTIC: [8] Undefined index: timestamp D:\workspace\machine\Application\Home\Controller\RoomsController.class.php 第 34 行.
INFO: [ app_end ] --START--
INFO: Run Behavior\ShowPageTraceBehavior [ RunTime:0.001000s ]
INFO: [ app_end ] --END-- [ RunTime:0.001000s ]

[ 2018-06-08T15:01:09+08:00 ] 192.168.1.171 /Home/Rooms/get_room_list
INFO: [ app_init ] --START--
INFO: Run Behavior\BuildLiteBehavior [ RunTime:0.000000s ]
INFO: [ app_init ] --END-- [ RunTime:0.001000s ]
INFO: [ app_begin ] --START--
INFO: Run Behavior\ReadHtmlCacheBehavior [ RunTime:0.000000s ]
INFO: [ app_begin ] --END-- [ RunTime:0.001000s ]
NOTIC: [8] Undefined index: userid D:\workspace\machine\Application\Home\Controller\RoomsController.class.php 第 26 行.
NOTIC: [8] Undefined index: timestamp D:\workspace\machine\Application\Home\Controller\RoomsController.class.php 第 27 行.
NOTIC: [8] Undefined index: accesstoken D:\workspace\machine\Application\Home\Controller\RoomsController.class.php 第 28 行.
NOTIC: [8] Undefined index: timestamp D:\workspace\machine\Application\Home\Controller\RoomsController.class.php 第 34 行.
INFO: [ app_end ] --START--
INFO: Run Behavior\ShowPageTraceBehavior [ RunTime:0.001000s ]
INFO: [ app_end ] --END-- [ RunTime:0.001000s ]

[ 2018-06-08T15:01:10+08:00 ] 192.168.1.171 /Home/Rooms/get_room_list
INFO: [ app_init ] --START--
INFO: Run Behavior\BuildLiteBehavior [ RunTime:0.000000s ]
INFO: [ app_init ] --END-- [ RunTime:0.000000s ]
INFO: [ app_begin ] --START--
INFO: Run Behavior\ReadHtmlCacheBehavior [ RunTime:0.001000s ]
INFO: [ app_begin ] --END-- [ RunTime:0.001000s ]
NOTIC: [8] Undefined index: userid D:\workspace\machine\Application\Home\Controller\RoomsController.class.php 第 26 行.
NOTIC: [8] Undefined index: timestamp D:\workspace\machine\Application\Home\Controller\RoomsController.class.php 第 27 行.
NOTIC: [8] Undefined index: accesstoken D:\workspace\machine\Application\Home\Controller\RoomsController.class.php 第 28 行.
NOTIC: [8] Undefined index: timestamp D:\workspace\machine\Application\Home\Controller\RoomsController.class.php 第 34 行.
INFO: [ app_end ] --START--
INFO: Run Behavior\ShowPageTraceBehavior [ RunTime:0.000000s ]
INFO: [ app_end ] --END-- [ RunTime:0.000000s ]

[ 2018-06-08T15:31:18+08:00 ] 192.168.1.171 /Home/Rooms/get_room_list
INFO: [ app_init ] --START--
INFO: Run Behavior\BuildLiteBehavior [ RunTime:0.000000s ]
INFO: [ app_init ] --END-- [ RunTime:0.000000s ]
INFO: [ app_begin ] --START--
INFO: Run Behavior\ReadHtmlCacheBehavior [ RunTime:0.001000s ]
INFO: [ app_begin ] --END-- [ RunTime:0.001000s ]
NOTIC: [8] Undefined index: userid D:\workspace\machine\Application\Home\Controller\RoomsController.class.php 第 26 行.
NOTIC: [8] Undefined index: timestamp D:\workspace\machine\Application\Home\Controller\RoomsController.class.php 第 27 行.
NOTIC: [8] Undefined index: accesstoken D:\workspace\machine\Application\Home\Controller\RoomsController.class.php 第 28 行.
NOTIC: [8] Undefined index: timestamp D:\workspace\machine\Application\Home\Controller\RoomsController.class.php 第 34 行.
INFO: [ app_end ] --START--
INFO: Run Behavior\ShowPageTraceBehavior [ RunTime:0.001000s ]
INFO: [ app_end ] --END-- [ RunTime:0.001000s ]

[ 2018-06-08T15:31:24+08:00 ] 192.168.1.171 /Home/Rooms/get_room_list
INFO: [ app_init ] --START--
INFO: Run Behavior\BuildLiteBehavior [ RunTime:0.000000s ]
INFO: [ app_init ] --END-- [ RunTime:0.000000s ]
INFO: [ app_begin ] --START--
INFO: Run Behavior\ReadHtmlCacheBehavior [ RunTime:0.000000s ]
INFO: [ app_begin ] --END-- [ RunTime:0.000000s ]
NOTIC: [8] Undefined index: userid D:\workspace\machine\Application\Home\Controller\RoomsController.class.php 第 26 行.
NOTIC: [8] Undefined index: timestamp D:\workspace\machine\Application\Home\Controller\RoomsController.class.php 第 27 行.
NOTIC: [8] Undefined index: accesstoken D:\workspace\machine\Application\Home\Controller\RoomsController.class.php 第 28 行.
NOTIC: [8] Undefined index: timestamp D:\workspace\machine\Application\Home\Controller\RoomsController.class.php 第 34 行.
INFO: [ app_end ] --START--
INFO: Run Behavior\ShowPageTraceBehavior [ RunTime:0.001000s ]
INFO: [ app_end ] --END-- [ RunTime:0.001000s ]

[ 2018-06-08T15:32:49+08:00 ] 192.168.1.171 /Home/Rooms/get_room_list
INFO: [ app_init ] --START--
INFO: Run Behavior\BuildLiteBehavior [ RunTime:0.000000s ]
INFO: [ app_init ] --END-- [ RunTime:0.000000s ]
INFO: [ app_begin ] --START--
INFO: Run Behavior\ReadHtmlCacheBehavior [ RunTime:0.000000s ]
INFO: [ app_begin ] --END-- [ RunTime:0.000000s ]
NOTIC: [8] Undefined index: userid D:\workspace\machine\Application\Home\Controller\RoomsController.class.php 第 26 行.
NOTIC: [8] Undefined index: timestamp D:\workspace\machine\Application\Home\Controller\RoomsController.class.php 第 27 行.
NOTIC: [8] Undefined index: accesstoken D:\workspace\machine\Application\Home\Controller\RoomsController.class.php 第 28 行.
NOTIC: [8] Undefined index: timestamp D:\workspace\machine\Application\Home\Controller\RoomsController.class.php 第 34 行.
INFO: [ app_end ] --START--
INFO: Run Behavior\ShowPageTraceBehavior [ RunTime:0.001000s ]
INFO: [ app_end ] --END-- [ RunTime:0.001000s ]

[ 2018-06-08T15:32:51+08:00 ] 192.168.1.171 /Home/Rooms/get_room_list
INFO: [ app_init ] --START--
INFO: Run Behavior\BuildLiteBehavior [ RunTime:0.000000s ]
INFO: [ app_init ] --END-- [ RunTime:0.000000s ]
INFO: [ app_begin ] --START--
INFO: Run Behavior\ReadHtmlCacheBehavior [ RunTime:0.000000s ]
INFO: [ app_begin ] --END-- [ RunTime:0.001000s ]
NOTIC: [8] Undefined index: userid D:\workspace\machine\Application\Home\Controller\RoomsController.class.php 第 26 行.
NOTIC: [8] Undefined index: timestamp D:\workspace\machine\Application\Home\Controller\RoomsController.class.php 第 27 行.
NOTIC: [8] Undefined index: accesstoken D:\workspace\machine\Application\Home\Controller\RoomsController.class.php 第 28 行.
NOTIC: [8] Undefined index: timestamp D:\workspace\machine\Application\Home\Controller\RoomsController.class.php 第 34 行.
INFO: [ app_end ] --START--
INFO: Run Behavior\ShowPageTraceBehavior [ RunTime:0.000000s ]
INFO: [ app_end ] --END-- [ RunTime:0.000000s ]

