<<<<<<< HEAD
[ 2018-06-27T11:35:00+08:00 ] 127.0.0.1 /index.php
INFO: [ app_init ] --START--
INFO: Run Behavior\BuildLiteBehavior [ RunTime:0.000000s ]
INFO: [ app_init ] --END-- [ RunTime:0.000000s ]
INFO: [ app_begin ] --START--
INFO: Run Behavior\ReadHtmlCacheBehavior [ RunTime:0.000000s ]
INFO: [ app_begin ] --END-- [ RunTime:0.000000s ]
INFO: [ view_parse ] --START--
INFO: [ template_filter ] --START--
INFO: Run Behavior\ContentReplaceBehavior [ RunTime:0.000000s ]
INFO: [ template_filter ] --END-- [ RunTime:0.000000s ]
INFO: Run Behavior\ParseTemplateBehavior [ RunTime:0.017001s ]
INFO: [ view_parse ] --END-- [ RunTime:0.017001s ]
INFO: [ view_filter ] --START--
INFO: Run Behavior\WriteHtmlCacheBehavior [ RunTime:0.000000s ]
INFO: [ view_filter ] --END-- [ RunTime:0.000000s ]
INFO: [ app_end ] --START--
INFO: Run Behavior\ShowPageTraceBehavior [ RunTime:0.000000s ]
INFO: [ app_end ] --END-- [ RunTime:0.000000s ]
=======
[ 2018-06-27T10:00:19+08:00 ] 127.0.0.1 /Home/Core
INFO: [ app_init ] --START--
INFO: Run Behavior\BuildLiteBehavior [ RunTime:0.000011s ]
INFO: [ app_init ] --END-- [ RunTime:0.000331s ]
INFO: [ app_begin ] --START--
INFO: Run Behavior\ReadHtmlCacheBehavior [ RunTime:0.001005s ]
INFO: [ app_begin ] --END-- [ RunTime:0.001076s ]
SQL: SHOW COLUMNS FROM `equipment` [ RunTime:0.0014s ]
SQL: SELECT t1.pid as manager_id,t1.id as equipment_id,t2.price,1529942400 as statistics_data FROM equipment t1 left join goods as t2 on t1.goods_id=t2.id   [ RunTime:0.0009s ]
SQL: SHOW COLUMNS FROM `tbl_game_log` [ RunTime:0.0010s ]
SQL: SELECT count(id) count,`equipment_id` FROM `tbl_game_log` WHERE ( end_time between 1529942400 and 1530028799 ) GROUP BY equipment_id  [ RunTime:0.0009s ]
NOTIC: [8] Undefined index: run_count C:\phpStudy\workspace\machine\Application\Common\Common\function.php 第 259 行.
NOTIC: [8] Undefined index: run_count C:\phpStudy\workspace\machine\Application\Common\Common\function.php 第 259 行.
NOTIC: [8] Undefined index: run_count C:\phpStudy\workspace\machine\Application\Common\Common\function.php 第 259 行.
NOTIC: [8] Undefined index: run_count C:\phpStudy\workspace\machine\Application\Common\Common\function.php 第 259 行.
NOTIC: [8] Undefined index: run_count C:\phpStudy\workspace\machine\Application\Common\Common\function.php 第 259 行.
NOTIC: [8] Undefined index: run_count C:\phpStudy\workspace\machine\Application\Common\Common\function.php 第 259 行.
NOTIC: [8] Undefined index: run_count C:\phpStudy\workspace\machine\Application\Common\Common\function.php 第 259 行.
SQL: SELECT count(id) count,`equipment_id` FROM `tbl_game_log` WHERE ( end_time between 1529942400 and 1530028799 && got_gift=1 ) GROUP BY equipment_id  [ RunTime:0.0008s ]
NOTIC: [8] Undefined index: success_number C:\phpStudy\workspace\machine\Application\Common\Common\function.php 第 259 行.
NOTIC: [8] Undefined index: success_number C:\phpStudy\workspace\machine\Application\Common\Common\function.php 第 259 行.
NOTIC: [8] Undefined index: success_number C:\phpStudy\workspace\machine\Application\Common\Common\function.php 第 259 行.
NOTIC: [8] Undefined index: success_number C:\phpStudy\workspace\machine\Application\Common\Common\function.php 第 259 行.
NOTIC: [8] Undefined index: success_number C:\phpStudy\workspace\machine\Application\Common\Common\function.php 第 259 行.
NOTIC: [8] Undefined index: success_number C:\phpStudy\workspace\machine\Application\Common\Common\function.php 第 259 行.
NOTIC: [8] Undefined index: success_number C:\phpStudy\workspace\machine\Application\Common\Common\function.php 第 259 行.
SQL: SELECT count(id) count,`equipment_id` FROM `tbl_game_log` WHERE ( end_time between 1529942400 and 1530028799 && got_gift=0 ) GROUP BY equipment_id  [ RunTime:0.0008s ]
NOTIC: [8] Undefined index: fail_number C:\phpStudy\workspace\machine\Application\Common\Common\function.php 第 259 行.
NOTIC: [8] Undefined index: fail_number C:\phpStudy\workspace\machine\Application\Common\Common\function.php 第 259 行.
NOTIC: [8] Undefined index: fail_number C:\phpStudy\workspace\machine\Application\Common\Common\function.php 第 259 行.
NOTIC: [8] Undefined index: fail_number C:\phpStudy\workspace\machine\Application\Common\Common\function.php 第 259 行.
NOTIC: [8] Undefined index: fail_number C:\phpStudy\workspace\machine\Application\Common\Common\function.php 第 259 行.
NOTIC: [8] Undefined index: fail_number C:\phpStudy\workspace\machine\Application\Common\Common\function.php 第 259 行.
NOTIC: [8] Undefined index: fail_number C:\phpStudy\workspace\machine\Application\Common\Common\function.php 第 259 行.
SQL: SELECT count(id) count,`equipment_id` FROM `tbl_game_log` WHERE ( end_time between 1529942400 and 1530028799 && got_gift=1 && type=('gold') ) GROUP BY equipment_id  [ RunTime:0.0008s ]
NOTIC: [8] Undefined index: gold_game_win_times C:\phpStudy\workspace\machine\Application\Common\Common\function.php 第 259 行.
NOTIC: [8] Undefined index: gold_game_win_times C:\phpStudy\workspace\machine\Application\Common\Common\function.php 第 259 行.
NOTIC: [8] Undefined index: gold_game_win_times C:\phpStudy\workspace\machine\Application\Common\Common\function.php 第 259 行.
NOTIC: [8] Undefined index: gold_game_win_times C:\phpStudy\workspace\machine\Application\Common\Common\function.php 第 259 行.
NOTIC: [8] Undefined index: gold_game_win_times C:\phpStudy\workspace\machine\Application\Common\Common\function.php 第 259 行.
NOTIC: [8] Undefined index: gold_game_win_times C:\phpStudy\workspace\machine\Application\Common\Common\function.php 第 259 行.
NOTIC: [8] Undefined index: gold_game_win_times C:\phpStudy\workspace\machine\Application\Common\Common\function.php 第 259 行.
SQL: SELECT count(id) count,`equipment_id` FROM `tbl_game_log` WHERE ( end_time between 1529942400 and 1530028799 && got_gift=1 && type=('silver') ) GROUP BY equipment_id  [ RunTime:0.0008s ]
NOTIC: [8] Undefined index: silver_game_win_times C:\phpStudy\workspace\machine\Application\Common\Common\function.php 第 259 行.
NOTIC: [8] Undefined index: silver_game_win_times C:\phpStudy\workspace\machine\Application\Common\Common\function.php 第 259 行.
NOTIC: [8] Undefined index: silver_game_win_times C:\phpStudy\workspace\machine\Application\Common\Common\function.php 第 259 行.
NOTIC: [8] Undefined index: silver_game_win_times C:\phpStudy\workspace\machine\Application\Common\Common\function.php 第 259 行.
NOTIC: [8] Undefined index: silver_game_win_times C:\phpStudy\workspace\machine\Application\Common\Common\function.php 第 259 行.
NOTIC: [8] Undefined index: silver_game_win_times C:\phpStudy\workspace\machine\Application\Common\Common\function.php 第 259 行.
NOTIC: [8] Undefined index: silver_game_win_times C:\phpStudy\workspace\machine\Application\Common\Common\function.php 第 259 行.
SQL: SELECT count(id) count,`equipment_id` FROM `tbl_game_log` WHERE ( end_time between 1529942400 and 1530028799 && got_gift=0 && type=('gold') ) GROUP BY equipment_id  [ RunTime:0.0009s ]
NOTIC: [8] Undefined index: gold_game_lose_times C:\phpStudy\workspace\machine\Application\Common\Common\function.php 第 259 行.
NOTIC: [8] Undefined index: gold_game_lose_times C:\phpStudy\workspace\machine\Application\Common\Common\function.php 第 259 行.
NOTIC: [8] Undefined index: gold_game_lose_times C:\phpStudy\workspace\machine\Application\Common\Common\function.php 第 259 行.
NOTIC: [8] Undefined index: gold_game_lose_times C:\phpStudy\workspace\machine\Application\Common\Common\function.php 第 259 行.
NOTIC: [8] Undefined index: gold_game_lose_times C:\phpStudy\workspace\machine\Application\Common\Common\function.php 第 259 行.
NOTIC: [8] Undefined index: gold_game_lose_times C:\phpStudy\workspace\machine\Application\Common\Common\function.php 第 259 行.
NOTIC: [8] Undefined index: gold_game_lose_times C:\phpStudy\workspace\machine\Application\Common\Common\function.php 第 259 行.
SQL: SELECT count(id) count,`equipment_id` FROM `tbl_game_log` WHERE ( end_time between 1529942400 and 1530028799 && got_gift=0 && type=('silver') ) GROUP BY equipment_id  [ RunTime:0.0010s ]
NOTIC: [8] Undefined index: silver_game_lose_times C:\phpStudy\workspace\machine\Application\Common\Common\function.php 第 259 行.
NOTIC: [8] Undefined index: silver_game_lose_times C:\phpStudy\workspace\machine\Application\Common\Common\function.php 第 259 行.
NOTIC: [8] Undefined index: silver_game_lose_times C:\phpStudy\workspace\machine\Application\Common\Common\function.php 第 259 行.
NOTIC: [8] Undefined index: silver_game_lose_times C:\phpStudy\workspace\machine\Application\Common\Common\function.php 第 259 行.
NOTIC: [8] Undefined index: silver_game_lose_times C:\phpStudy\workspace\machine\Application\Common\Common\function.php 第 259 行.
NOTIC: [8] Undefined index: silver_game_lose_times C:\phpStudy\workspace\machine\Application\Common\Common\function.php 第 259 行.
NOTIC: [8] Undefined index: silver_game_lose_times C:\phpStudy\workspace\machine\Application\Common\Common\function.php 第 259 行.
SQL: SELECT count(id) count,`equipment_id` FROM `tbl_game_log` WHERE ( end_time between 1529942400 and 1530028799 && type=('gold') ) GROUP BY equipment_id  [ RunTime:0.0008s ]
NOTIC: [8] Undefined index: gold_game_times C:\phpStudy\workspace\machine\Application\Common\Common\function.php 第 259 行.
NOTIC: [8] Undefined index: gold_game_times C:\phpStudy\workspace\machine\Application\Common\Common\function.php 第 259 行.
NOTIC: [8] Undefined index: gold_game_times C:\phpStudy\workspace\machine\Application\Common\Common\function.php 第 259 行.
NOTIC: [8] Undefined index: gold_game_times C:\phpStudy\workspace\machine\Application\Common\Common\function.php 第 259 行.
NOTIC: [8] Undefined index: gold_game_times C:\phpStudy\workspace\machine\Application\Common\Common\function.php 第 259 行.
NOTIC: [8] Undefined index: gold_game_times C:\phpStudy\workspace\machine\Application\Common\Common\function.php 第 259 行.
NOTIC: [8] Undefined index: gold_game_times C:\phpStudy\workspace\machine\Application\Common\Common\function.php 第 259 行.
SQL: SELECT count(id) count,`equipment_id` FROM `tbl_game_log` WHERE ( end_time between 1529942400 and 1530028799 && type=('silver') ) GROUP BY equipment_id  [ RunTime:0.0008s ]
NOTIC: [8] Undefined index: silver_game_times C:\phpStudy\workspace\machine\Application\Common\Common\function.php 第 259 行.
NOTIC: [8] Undefined index: silver_game_times C:\phpStudy\workspace\machine\Application\Common\Common\function.php 第 259 行.
NOTIC: [8] Undefined index: silver_game_times C:\phpStudy\workspace\machine\Application\Common\Common\function.php 第 259 行.
NOTIC: [8] Undefined index: silver_game_times C:\phpStudy\workspace\machine\Application\Common\Common\function.php 第 259 行.
NOTIC: [8] Undefined index: silver_game_times C:\phpStudy\workspace\machine\Application\Common\Common\function.php 第 259 行.
NOTIC: [8] Undefined index: silver_game_times C:\phpStudy\workspace\machine\Application\Common\Common\function.php 第 259 行.
NOTIC: [8] Undefined index: silver_game_times C:\phpStudy\workspace\machine\Application\Common\Common\function.php 第 259 行.
SQL: SHOW COLUMNS FROM `equipment_day_statistics` [ RunTime:0.0011s ]
SQL: INSERT INTO `equipment_day_statistics` (`equipment_id`,`run_count`,`success_number`,`fail_number`,`gold_game_win_times`,`silver_game_win_times`,`gold_game_lose_times`,`silver_game_lose_times`,`gold_game_times`,`silver_game_times`,`income_count`,`create_time`,`statistics_date`) VALUES ('2','0','0','0','0','0','0','0','0','0','0','1530064819','1529942400'),('8','0','0','0','0','0','0','0','0','0','0','1530064819','1529942400'),('9','0','0','0','0','0','0','0','0','0','0','1530064819','1529942400'),('10','0','0','0','0','0','0','0','0','0','0','1530064819','1529942400'),('11','0','0','0','0','0','0','0','0','0','0','1530064819','1529942400'),('12','0','0','0','0','0','0','0','0','0','0','1530064819','1529942400'),('13','0','0','0','0','0','0','0','0','0','0','1530064819','1529942400') [ RunTime:0.0436s ]
INFO: [ app_end ] --START--
INFO: Run Behavior\ShowPageTraceBehavior [ RunTime:0.000799s ]
INFO: [ app_end ] --END-- [ RunTime:0.000837s ]

[ 2018-06-27T10:00:57+08:00 ] 127.0.0.1 /Home/Core/partner_day
INFO: [ app_init ] --START--
INFO: Run Behavior\BuildLiteBehavior [ RunTime:0.000010s ]
INFO: [ app_init ] --END-- [ RunTime:0.000406s ]
INFO: [ app_begin ] --START--
INFO: Run Behavior\ReadHtmlCacheBehavior [ RunTime:0.000956s ]
INFO: [ app_begin ] --END-- [ RunTime:0.001035s ]
SQL: SHOW COLUMNS FROM `equipment_day_statistics` [ RunTime:0.0005s ]
SQL: SELECT FROM_UNIXTIME(t1.statistics_date,'%Y%m%d') days,t1.*,t2.pid FROM equipment_day_statistics t1 left join equipment as t2 on t2.id = t1.equipment_id   [ RunTime:0.0016s ]
NOTIC: [8] Undefined index: hardware_failure_time C:\phpStudy\workspace\machine\Application\Home\Controller\CoreController.class.php 第 112 行.
NOTIC: [8] Undefined index: silver_game_times C:\phpStudy\workspace\machine\Application\Home\Controller\CoreController.class.php 第 113 行.
NOTIC: [8] Undefined index: gold_game_times C:\phpStudy\workspace\machine\Application\Home\Controller\CoreController.class.php 第 114 行.
NOTIC: [8] Undefined index: run_count C:\phpStudy\workspace\machine\Application\Home\Controller\CoreController.class.php 第 115 行.
NOTIC: [8] Undefined index: success_number C:\phpStudy\workspace\machine\Application\Home\Controller\CoreController.class.php 第 116 行.
NOTIC: [8] Undefined index: fail_number C:\phpStudy\workspace\machine\Application\Home\Controller\CoreController.class.php 第 117 行.
NOTIC: [8] Undefined index: silver_game_win_times C:\phpStudy\workspace\machine\Application\Home\Controller\CoreController.class.php 第 118 行.
NOTIC: [8] Undefined index: silver_game_lose_times C:\phpStudy\workspace\machine\Application\Home\Controller\CoreController.class.php 第 119 行.
NOTIC: [8] Undefined index: gold_game_win_times C:\phpStudy\workspace\machine\Application\Home\Controller\CoreController.class.php 第 120 行.
NOTIC: [8] Undefined index: gold_game_lose_times C:\phpStudy\workspace\machine\Application\Home\Controller\CoreController.class.php 第 121 行.
NOTIC: [8] Undefined index: gift_out_count C:\phpStudy\workspace\machine\Application\Home\Controller\CoreController.class.php 第 122 行.
NOTIC: [8] Undefined index: income_count C:\phpStudy\workspace\machine\Application\Home\Controller\CoreController.class.php 第 123 行.

[ 2018-06-27T10:01:34+08:00 ] 127.0.0.1 /Home/Core/partner_day
INFO: [ app_init ] --START--
INFO: Run Behavior\BuildLiteBehavior [ RunTime:0.000012s ]
INFO: [ app_init ] --END-- [ RunTime:0.000280s ]
INFO: [ app_begin ] --START--
INFO: Run Behavior\ReadHtmlCacheBehavior [ RunTime:0.000467s ]
INFO: [ app_begin ] --END-- [ RunTime:0.000501s ]
SQL: SHOW COLUMNS FROM `equipment_day_statistics` [ RunTime:0.0011s ]
SQL: SELECT FROM_UNIXTIME(t1.statistics_date,'%Y%m%d') days,t1.*,t2.pid FROM equipment_day_statistics t1 left join equipment as t2 on t2.id = t1.equipment_id   [ RunTime:0.0021s ]

[ 2018-06-27T10:04:56+08:00 ] 127.0.0.1 /Home/Core/partner_day
INFO: [ app_init ] --START--
INFO: Run Behavior\BuildLiteBehavior [ RunTime:0.000011s ]
INFO: [ app_init ] --END-- [ RunTime:0.000415s ]
INFO: [ app_begin ] --START--
INFO: Run Behavior\ReadHtmlCacheBehavior [ RunTime:0.000715s ]
INFO: [ app_begin ] --END-- [ RunTime:0.000762s ]
SQL: SHOW COLUMNS FROM `equipment_day_statistics` [ RunTime:0.0010s ]
SQL: SELECT FROM_UNIXTIME(t1.statistics_date,'%Y%m%d') days,t1.*,t2.pid FROM equipment_day_statistics t1 left join equipment as t2 on t2.id = t1.equipment_id   [ RunTime:0.0021s ]

[ 2018-06-27T10:05:05+08:00 ] 127.0.0.1 /Home/Core/partner_day
INFO: [ app_init ] --START--
INFO: Run Behavior\BuildLiteBehavior [ RunTime:0.000012s ]
INFO: [ app_init ] --END-- [ RunTime:0.000341s ]
INFO: [ app_begin ] --START--
INFO: Run Behavior\ReadHtmlCacheBehavior [ RunTime:0.000533s ]
INFO: [ app_begin ] --END-- [ RunTime:0.000568s ]
SQL: SHOW COLUMNS FROM `equipment_day_statistics` [ RunTime:0.0010s ]
SQL: SELECT FROM_UNIXTIME(t1.statistics_date,'%Y%m%d') days,t1.*,t2.pid FROM equipment_day_statistics t1 left join equipment as t2 on t2.id = t1.equipment_id   [ RunTime:0.0021s ]
NOTIC: [8] Undefined index: hardware_failure_time C:\phpStudy\workspace\machine\Application\Home\Controller\CoreController.class.php 第 112 行.
NOTIC: [8] Undefined index: silver_game_times C:\phpStudy\workspace\machine\Application\Home\Controller\CoreController.class.php 第 113 行.
NOTIC: [8] Undefined index: gold_game_times C:\phpStudy\workspace\machine\Application\Home\Controller\CoreController.class.php 第 114 行.
NOTIC: [8] Undefined index: run_count C:\phpStudy\workspace\machine\Application\Home\Controller\CoreController.class.php 第 115 行.
NOTIC: [8] Undefined index: success_number C:\phpStudy\workspace\machine\Application\Home\Controller\CoreController.class.php 第 116 行.
NOTIC: [8] Undefined index: fail_number C:\phpStudy\workspace\machine\Application\Home\Controller\CoreController.class.php 第 117 行.
NOTIC: [8] Undefined index: silver_game_win_times C:\phpStudy\workspace\machine\Application\Home\Controller\CoreController.class.php 第 118 行.
NOTIC: [8] Undefined index: silver_game_lose_times C:\phpStudy\workspace\machine\Application\Home\Controller\CoreController.class.php 第 119 行.
NOTIC: [8] Undefined index: gold_game_win_times C:\phpStudy\workspace\machine\Application\Home\Controller\CoreController.class.php 第 120 行.
NOTIC: [8] Undefined index: gold_game_lose_times C:\phpStudy\workspace\machine\Application\Home\Controller\CoreController.class.php 第 121 行.
NOTIC: [8] Undefined index: gift_out_count C:\phpStudy\workspace\machine\Application\Home\Controller\CoreController.class.php 第 122 行.
NOTIC: [8] Undefined index: income_count C:\phpStudy\workspace\machine\Application\Home\Controller\CoreController.class.php 第 123 行.

[ 2018-06-27T10:05:56+08:00 ] 127.0.0.1 /Home/Core/partner_day
INFO: [ app_init ] --START--
INFO: Run Behavior\BuildLiteBehavior [ RunTime:0.000015s ]
INFO: [ app_init ] --END-- [ RunTime:0.000459s ]
INFO: [ app_begin ] --START--
INFO: Run Behavior\ReadHtmlCacheBehavior [ RunTime:0.000806s ]
INFO: [ app_begin ] --END-- [ RunTime:0.000879s ]
SQL: SHOW COLUMNS FROM `equipment_day_statistics` [ RunTime:0.0008s ]
SQL: SELECT FROM_UNIXTIME(t1.statistics_date,'%Y%m%d') days,t1.*,t2.pid FROM equipment_day_statistics t1 left join equipment as t2 on t2.id = t1.equipment_id   [ RunTime:0.0015s ]
NOTIC: [8] Undefined index: hardware_failure_time C:\phpStudy\workspace\machine\Application\Home\Controller\CoreController.class.php 第 112 行.
NOTIC: [8] Undefined index: silver_game_times C:\phpStudy\workspace\machine\Application\Home\Controller\CoreController.class.php 第 113 行.
NOTIC: [8] Undefined index: gold_game_times C:\phpStudy\workspace\machine\Application\Home\Controller\CoreController.class.php 第 114 行.
NOTIC: [8] Undefined index: run_count C:\phpStudy\workspace\machine\Application\Home\Controller\CoreController.class.php 第 115 行.
NOTIC: [8] Undefined index: success_number C:\phpStudy\workspace\machine\Application\Home\Controller\CoreController.class.php 第 116 行.
NOTIC: [8] Undefined index: fail_number C:\phpStudy\workspace\machine\Application\Home\Controller\CoreController.class.php 第 117 行.
NOTIC: [8] Undefined index: silver_game_win_times C:\phpStudy\workspace\machine\Application\Home\Controller\CoreController.class.php 第 118 行.
NOTIC: [8] Undefined index: silver_game_lose_times C:\phpStudy\workspace\machine\Application\Home\Controller\CoreController.class.php 第 119 行.
NOTIC: [8] Undefined index: gold_game_win_times C:\phpStudy\workspace\machine\Application\Home\Controller\CoreController.class.php 第 120 行.
NOTIC: [8] Undefined index: gold_game_lose_times C:\phpStudy\workspace\machine\Application\Home\Controller\CoreController.class.php 第 121 行.
NOTIC: [8] Undefined index: gift_out_count C:\phpStudy\workspace\machine\Application\Home\Controller\CoreController.class.php 第 122 行.
NOTIC: [8] Undefined index: income_count C:\phpStudy\workspace\machine\Application\Home\Controller\CoreController.class.php 第 123 行.

[ 2018-06-27T10:06:20+08:00 ] 127.0.0.1 /Home/Core/partner_day
INFO: [ app_init ] --START--
INFO: Run Behavior\BuildLiteBehavior [ RunTime:0.000012s ]
INFO: [ app_init ] --END-- [ RunTime:0.000386s ]
INFO: [ app_begin ] --START--
INFO: Run Behavior\ReadHtmlCacheBehavior [ RunTime:0.000477s ]
INFO: [ app_begin ] --END-- [ RunTime:0.000514s ]
SQL: SHOW COLUMNS FROM `equipment_day_statistics` [ RunTime:0.0012s ]
SQL: SELECT FROM_UNIXTIME(t1.statistics_date,'%Y%m%d') days,t1.*,t2.pid FROM equipment_day_statistics t1 left join equipment as t2 on t2.id = t1.equipment_id   [ RunTime:0.0020s ]
NOTIC: [8] Undefined index: hardware_failure_time C:\phpStudy\workspace\machine\Application\Home\Controller\CoreController.class.php 第 112 行.
NOTIC: [8] Undefined index: silver_game_times C:\phpStudy\workspace\machine\Application\Home\Controller\CoreController.class.php 第 113 行.
NOTIC: [8] Undefined index: gold_game_times C:\phpStudy\workspace\machine\Application\Home\Controller\CoreController.class.php 第 114 行.
NOTIC: [8] Undefined index: run_count C:\phpStudy\workspace\machine\Application\Home\Controller\CoreController.class.php 第 115 行.
NOTIC: [8] Undefined index: success_number C:\phpStudy\workspace\machine\Application\Home\Controller\CoreController.class.php 第 116 行.
NOTIC: [8] Undefined index: fail_number C:\phpStudy\workspace\machine\Application\Home\Controller\CoreController.class.php 第 117 行.
NOTIC: [8] Undefined index: silver_game_win_times C:\phpStudy\workspace\machine\Application\Home\Controller\CoreController.class.php 第 118 行.
NOTIC: [8] Undefined index: silver_game_lose_times C:\phpStudy\workspace\machine\Application\Home\Controller\CoreController.class.php 第 119 行.
NOTIC: [8] Undefined index: gold_game_win_times C:\phpStudy\workspace\machine\Application\Home\Controller\CoreController.class.php 第 120 行.
NOTIC: [8] Undefined index: gold_game_lose_times C:\phpStudy\workspace\machine\Application\Home\Controller\CoreController.class.php 第 121 行.
NOTIC: [8] Undefined index: gift_out_count C:\phpStudy\workspace\machine\Application\Home\Controller\CoreController.class.php 第 122 行.
NOTIC: [8] Undefined index: income_count C:\phpStudy\workspace\machine\Application\Home\Controller\CoreController.class.php 第 123 行.

[ 2018-06-27T10:06:21+08:00 ] 127.0.0.1 /Home/Core/partner_day
INFO: [ app_init ] --START--
INFO: Run Behavior\BuildLiteBehavior [ RunTime:0.000010s ]
INFO: [ app_init ] --END-- [ RunTime:0.000268s ]
INFO: [ app_begin ] --START--
INFO: Run Behavior\ReadHtmlCacheBehavior [ RunTime:0.000466s ]
INFO: [ app_begin ] --END-- [ RunTime:0.000500s ]
SQL: SHOW COLUMNS FROM `equipment_day_statistics` [ RunTime:0.0005s ]
SQL: SELECT FROM_UNIXTIME(t1.statistics_date,'%Y%m%d') days,t1.*,t2.pid FROM equipment_day_statistics t1 left join equipment as t2 on t2.id = t1.equipment_id   [ RunTime:0.0013s ]
NOTIC: [8] Undefined index: hardware_failure_time C:\phpStudy\workspace\machine\Application\Home\Controller\CoreController.class.php 第 112 行.
NOTIC: [8] Undefined index: silver_game_times C:\phpStudy\workspace\machine\Application\Home\Controller\CoreController.class.php 第 113 行.
NOTIC: [8] Undefined index: gold_game_times C:\phpStudy\workspace\machine\Application\Home\Controller\CoreController.class.php 第 114 行.
NOTIC: [8] Undefined index: run_count C:\phpStudy\workspace\machine\Application\Home\Controller\CoreController.class.php 第 115 行.
NOTIC: [8] Undefined index: success_number C:\phpStudy\workspace\machine\Application\Home\Controller\CoreController.class.php 第 116 行.
NOTIC: [8] Undefined index: fail_number C:\phpStudy\workspace\machine\Application\Home\Controller\CoreController.class.php 第 117 行.
NOTIC: [8] Undefined index: silver_game_win_times C:\phpStudy\workspace\machine\Application\Home\Controller\CoreController.class.php 第 118 行.
NOTIC: [8] Undefined index: silver_game_lose_times C:\phpStudy\workspace\machine\Application\Home\Controller\CoreController.class.php 第 119 行.
NOTIC: [8] Undefined index: gold_game_win_times C:\phpStudy\workspace\machine\Application\Home\Controller\CoreController.class.php 第 120 行.
NOTIC: [8] Undefined index: gold_game_lose_times C:\phpStudy\workspace\machine\Application\Home\Controller\CoreController.class.php 第 121 行.
NOTIC: [8] Undefined index: gift_out_count C:\phpStudy\workspace\machine\Application\Home\Controller\CoreController.class.php 第 122 行.
NOTIC: [8] Undefined index: income_count C:\phpStudy\workspace\machine\Application\Home\Controller\CoreController.class.php 第 123 行.
>>>>>>> 7569e1ac3a877f562049eb6a897d5bfad1b45779

[ 2018-06-27T15:10:18+08:00 ] 127.0.0.1 /index.php
INFO: [ app_init ] --START--
INFO: Run Behavior\BuildLiteBehavior [ RunTime:0.000023s ]
INFO: [ app_init ] --END-- [ RunTime:0.000915s ]
INFO: [ app_begin ] --START--
INFO: Run Behavior\ReadHtmlCacheBehavior [ RunTime:0.001303s ]
INFO: [ app_begin ] --END-- [ RunTime:0.001411s ]
INFO: [ view_parse ] --START--
INFO: [ template_filter ] --START--
INFO: Run Behavior\ContentReplaceBehavior [ RunTime:0.000101s ]
INFO: [ template_filter ] --END-- [ RunTime:0.000147s ]
INFO: Run Behavior\ParseTemplateBehavior [ RunTime:0.021711s ]
INFO: [ view_parse ] --END-- [ RunTime:0.021784s ]
INFO: [ view_filter ] --START--
INFO: Run Behavior\WriteHtmlCacheBehavior [ RunTime:0.000345s ]
INFO: [ view_filter ] --END-- [ RunTime:0.000373s ]
INFO: [ app_end ] --START--
INFO: Run Behavior\ShowPageTraceBehavior [ RunTime:0.000550s ]
INFO: [ app_end ] --END-- [ RunTime:0.000582s ]

[ 2018-06-27T16:30:20+08:00 ] 127.0.0.1 /index.php
INFO: [ app_init ] --START--
INFO: Run Behavior\BuildLiteBehavior [ RunTime:0.000023s ]
INFO: [ app_init ] --END-- [ RunTime:0.000905s ]
INFO: [ app_begin ] --START--
INFO: Run Behavior\ReadHtmlCacheBehavior [ RunTime:0.000578s ]
INFO: [ app_begin ] --END-- [ RunTime:0.000625s ]
INFO: [ view_parse ] --START--
INFO: [ template_filter ] --START--
INFO: Run Behavior\ContentReplaceBehavior [ RunTime:0.000101s ]
INFO: [ template_filter ] --END-- [ RunTime:0.000150s ]
INFO: Run Behavior\ParseTemplateBehavior [ RunTime:0.085750s ]
INFO: [ view_parse ] --END-- [ RunTime:0.085823s ]
INFO: [ view_filter ] --START--
INFO: Run Behavior\WriteHtmlCacheBehavior [ RunTime:0.009455s ]
INFO: [ view_filter ] --END-- [ RunTime:0.009504s ]
INFO: [ app_end ] --START--
INFO: Run Behavior\ShowPageTraceBehavior [ RunTime:0.009298s ]
INFO: [ app_end ] --END-- [ RunTime:0.009346s ]

[ 2018-06-27T16:37:46+08:00 ] 127.0.0.1 /Home/Core/index
INFO: [ app_init ] --START--
INFO: Run Behavior\BuildLiteBehavior [ RunTime:0.000012s ]
INFO: [ app_init ] --END-- [ RunTime:0.000382s ]
INFO: [ app_begin ] --START--
INFO: Run Behavior\ReadHtmlCacheBehavior [ RunTime:0.000877s ]
INFO: [ app_begin ] --END-- [ RunTime:0.000968s ]
SQL: SHOW COLUMNS FROM `equipment` [ RunTime:0.0015s ]
SQL: SELECT t1.pid as manager_id,t1.id as equipment_id,t2.price,1529942400 as statistics_data FROM equipment t1 left join goods as t2 on t1.goods_id=t2.id   [ RunTime:0.0010s ]
SQL: SHOW COLUMNS FROM `tbl_game_log` [ RunTime:0.0011s ]
SQL: SELECT count(id) count,`equipment_id` FROM `tbl_game_log` WHERE ( end_time between 1529942400 and 1530028799 ) GROUP BY equipment_id  [ RunTime:0.0009s ]
NOTIC: [8] Undefined index: run_count C:\phpStudy\workspace\machine\Application\Common\Common\function.php 第 259 行.
NOTIC: [8] Undefined index: run_count C:\phpStudy\workspace\machine\Application\Common\Common\function.php 第 259 行.
NOTIC: [8] Undefined index: run_count C:\phpStudy\workspace\machine\Application\Common\Common\function.php 第 259 行.
NOTIC: [8] Undefined index: run_count C:\phpStudy\workspace\machine\Application\Common\Common\function.php 第 259 行.
NOTIC: [8] Undefined index: run_count C:\phpStudy\workspace\machine\Application\Common\Common\function.php 第 259 行.
NOTIC: [8] Undefined index: run_count C:\phpStudy\workspace\machine\Application\Common\Common\function.php 第 259 行.
NOTIC: [8] Undefined index: run_count C:\phpStudy\workspace\machine\Application\Common\Common\function.php 第 259 行.
SQL: SELECT count(id) count,`equipment_id` FROM `tbl_game_log` WHERE ( end_time between 1529942400 and 1530028799 && got_gift=1 ) GROUP BY equipment_id  [ RunTime:0.0009s ]
NOTIC: [8] Undefined index: success_number C:\phpStudy\workspace\machine\Application\Common\Common\function.php 第 259 行.
NOTIC: [8] Undefined index: success_number C:\phpStudy\workspace\machine\Application\Common\Common\function.php 第 259 行.
NOTIC: [8] Undefined index: success_number C:\phpStudy\workspace\machine\Application\Common\Common\function.php 第 259 行.
NOTIC: [8] Undefined index: success_number C:\phpStudy\workspace\machine\Application\Common\Common\function.php 第 259 行.
NOTIC: [8] Undefined index: success_number C:\phpStudy\workspace\machine\Application\Common\Common\function.php 第 259 行.
NOTIC: [8] Undefined index: success_number C:\phpStudy\workspace\machine\Application\Common\Common\function.php 第 259 行.
NOTIC: [8] Undefined index: success_number C:\phpStudy\workspace\machine\Application\Common\Common\function.php 第 259 行.
SQL: SELECT count(id) count,`equipment_id` FROM `tbl_game_log` WHERE ( end_time between 1529942400 and 1530028799 && got_gift=0 ) GROUP BY equipment_id  [ RunTime:0.0008s ]
NOTIC: [8] Undefined index: fail_number C:\phpStudy\workspace\machine\Application\Common\Common\function.php 第 259 行.
NOTIC: [8] Undefined index: fail_number C:\phpStudy\workspace\machine\Application\Common\Common\function.php 第 259 行.
NOTIC: [8] Undefined index: fail_number C:\phpStudy\workspace\machine\Application\Common\Common\function.php 第 259 行.
NOTIC: [8] Undefined index: fail_number C:\phpStudy\workspace\machine\Application\Common\Common\function.php 第 259 行.
NOTIC: [8] Undefined index: fail_number C:\phpStudy\workspace\machine\Application\Common\Common\function.php 第 259 行.
NOTIC: [8] Undefined index: fail_number C:\phpStudy\workspace\machine\Application\Common\Common\function.php 第 259 行.
NOTIC: [8] Undefined index: fail_number C:\phpStudy\workspace\machine\Application\Common\Common\function.php 第 259 行.
SQL: SELECT count(id) count,`equipment_id` FROM `tbl_game_log` WHERE ( end_time between 1529942400 and 1530028799 && got_gift=1 && type=('gold') ) GROUP BY equipment_id  [ RunTime:0.0009s ]
NOTIC: [8] Undefined index: gold_game_win_times C:\phpStudy\workspace\machine\Application\Common\Common\function.php 第 259 行.
NOTIC: [8] Undefined index: gold_game_win_times C:\phpStudy\workspace\machine\Application\Common\Common\function.php 第 259 行.
NOTIC: [8] Undefined index: gold_game_win_times C:\phpStudy\workspace\machine\Application\Common\Common\function.php 第 259 行.
NOTIC: [8] Undefined index: gold_game_win_times C:\phpStudy\workspace\machine\Application\Common\Common\function.php 第 259 行.
NOTIC: [8] Undefined index: gold_game_win_times C:\phpStudy\workspace\machine\Application\Common\Common\function.php 第 259 行.
NOTIC: [8] Undefined index: gold_game_win_times C:\phpStudy\workspace\machine\Application\Common\Common\function.php 第 259 行.
NOTIC: [8] Undefined index: gold_game_win_times C:\phpStudy\workspace\machine\Application\Common\Common\function.php 第 259 行.
SQL: SELECT count(id) count,`equipment_id` FROM `tbl_game_log` WHERE ( end_time between 1529942400 and 1530028799 && got_gift=1 && type=('silver') ) GROUP BY equipment_id  [ RunTime:0.0012s ]
NOTIC: [8] Undefined index: silver_game_win_times C:\phpStudy\workspace\machine\Application\Common\Common\function.php 第 259 行.
NOTIC: [8] Undefined index: silver_game_win_times C:\phpStudy\workspace\machine\Application\Common\Common\function.php 第 259 行.
NOTIC: [8] Undefined index: silver_game_win_times C:\phpStudy\workspace\machine\Application\Common\Common\function.php 第 259 行.
NOTIC: [8] Undefined index: silver_game_win_times C:\phpStudy\workspace\machine\Application\Common\Common\function.php 第 259 行.
NOTIC: [8] Undefined index: silver_game_win_times C:\phpStudy\workspace\machine\Application\Common\Common\function.php 第 259 行.
NOTIC: [8] Undefined index: silver_game_win_times C:\phpStudy\workspace\machine\Application\Common\Common\function.php 第 259 行.
NOTIC: [8] Undefined index: silver_game_win_times C:\phpStudy\workspace\machine\Application\Common\Common\function.php 第 259 行.
SQL: SELECT count(id) count,`equipment_id` FROM `tbl_game_log` WHERE ( end_time between 1529942400 and 1530028799 && got_gift=0 && type=('gold') ) GROUP BY equipment_id  [ RunTime:0.0010s ]
NOTIC: [8] Undefined index: gold_game_lose_times C:\phpStudy\workspace\machine\Application\Common\Common\function.php 第 259 行.
NOTIC: [8] Undefined index: gold_game_lose_times C:\phpStudy\workspace\machine\Application\Common\Common\function.php 第 259 行.
NOTIC: [8] Undefined index: gold_game_lose_times C:\phpStudy\workspace\machine\Application\Common\Common\function.php 第 259 行.
NOTIC: [8] Undefined index: gold_game_lose_times C:\phpStudy\workspace\machine\Application\Common\Common\function.php 第 259 行.
NOTIC: [8] Undefined index: gold_game_lose_times C:\phpStudy\workspace\machine\Application\Common\Common\function.php 第 259 行.
NOTIC: [8] Undefined index: gold_game_lose_times C:\phpStudy\workspace\machine\Application\Common\Common\function.php 第 259 行.
NOTIC: [8] Undefined index: gold_game_lose_times C:\phpStudy\workspace\machine\Application\Common\Common\function.php 第 259 行.
SQL: SELECT count(id) count,`equipment_id` FROM `tbl_game_log` WHERE ( end_time between 1529942400 and 1530028799 && got_gift=0 && type=('silver') ) GROUP BY equipment_id  [ RunTime:0.0008s ]
NOTIC: [8] Undefined index: silver_game_lose_times C:\phpStudy\workspace\machine\Application\Common\Common\function.php 第 259 行.
NOTIC: [8] Undefined index: silver_game_lose_times C:\phpStudy\workspace\machine\Application\Common\Common\function.php 第 259 行.
NOTIC: [8] Undefined index: silver_game_lose_times C:\phpStudy\workspace\machine\Application\Common\Common\function.php 第 259 行.
NOTIC: [8] Undefined index: silver_game_lose_times C:\phpStudy\workspace\machine\Application\Common\Common\function.php 第 259 行.
NOTIC: [8] Undefined index: silver_game_lose_times C:\phpStudy\workspace\machine\Application\Common\Common\function.php 第 259 行.
NOTIC: [8] Undefined index: silver_game_lose_times C:\phpStudy\workspace\machine\Application\Common\Common\function.php 第 259 行.
NOTIC: [8] Undefined index: silver_game_lose_times C:\phpStudy\workspace\machine\Application\Common\Common\function.php 第 259 行.
SQL: SELECT count(id) count,`equipment_id` FROM `tbl_game_log` WHERE ( end_time between 1529942400 and 1530028799 && type=('gold') ) GROUP BY equipment_id  [ RunTime:0.0008s ]
NOTIC: [8] Undefined index: gold_game_times C:\phpStudy\workspace\machine\Application\Common\Common\function.php 第 259 行.
NOTIC: [8] Undefined index: gold_game_times C:\phpStudy\workspace\machine\Application\Common\Common\function.php 第 259 行.
NOTIC: [8] Undefined index: gold_game_times C:\phpStudy\workspace\machine\Application\Common\Common\function.php 第 259 行.
NOTIC: [8] Undefined index: gold_game_times C:\phpStudy\workspace\machine\Application\Common\Common\function.php 第 259 行.
NOTIC: [8] Undefined index: gold_game_times C:\phpStudy\workspace\machine\Application\Common\Common\function.php 第 259 行.
NOTIC: [8] Undefined index: gold_game_times C:\phpStudy\workspace\machine\Application\Common\Common\function.php 第 259 行.
NOTIC: [8] Undefined index: gold_game_times C:\phpStudy\workspace\machine\Application\Common\Common\function.php 第 259 行.
SQL: SELECT count(id) count,`equipment_id` FROM `tbl_game_log` WHERE ( end_time between 1529942400 and 1530028799 && type=('silver') ) GROUP BY equipment_id  [ RunTime:0.0008s ]
NOTIC: [8] Undefined index: silver_game_times C:\phpStudy\workspace\machine\Application\Common\Common\function.php 第 259 行.
NOTIC: [8] Undefined index: silver_game_times C:\phpStudy\workspace\machine\Application\Common\Common\function.php 第 259 行.
NOTIC: [8] Undefined index: silver_game_times C:\phpStudy\workspace\machine\Application\Common\Common\function.php 第 259 行.
NOTIC: [8] Undefined index: silver_game_times C:\phpStudy\workspace\machine\Application\Common\Common\function.php 第 259 行.
NOTIC: [8] Undefined index: silver_game_times C:\phpStudy\workspace\machine\Application\Common\Common\function.php 第 259 行.
NOTIC: [8] Undefined index: silver_game_times C:\phpStudy\workspace\machine\Application\Common\Common\function.php 第 259 行.
NOTIC: [8] Undefined index: silver_game_times C:\phpStudy\workspace\machine\Application\Common\Common\function.php 第 259 行.

[ 2018-06-27T16:38:19+08:00 ] 127.0.0.1 /Home/Core/index
INFO: [ app_init ] --START--
INFO: Run Behavior\BuildLiteBehavior [ RunTime:0.000010s ]
INFO: [ app_init ] --END-- [ RunTime:0.000320s ]
INFO: [ app_begin ] --START--
INFO: Run Behavior\ReadHtmlCacheBehavior [ RunTime:0.000530s ]
INFO: [ app_begin ] --END-- [ RunTime:0.000565s ]
SQL: SHOW COLUMNS FROM `equipment` [ RunTime:0.0013s ]
SQL: SELECT t1.pid as manager_id,t1.id as equipment_id,t2.price,1529942400 as statistics_data FROM equipment t1 left join goods as t2 on t1.goods_id=t2.id   [ RunTime:0.0013s ]
SQL: SHOW COLUMNS FROM `tbl_game_log` [ RunTime:0.0010s ]
SQL: SELECT count(id) count,`equipment_id` FROM `tbl_game_log` WHERE ( end_time between 1529942400 and 1530028799 ) GROUP BY equipment_id  [ RunTime:0.0008s ]
NOTIC: [8] Undefined index: run_count C:\phpStudy\workspace\machine\Application\Common\Common\function.php 第 259 行.
NOTIC: [8] Undefined index: run_count C:\phpStudy\workspace\machine\Application\Common\Common\function.php 第 259 行.
NOTIC: [8] Undefined index: run_count C:\phpStudy\workspace\machine\Application\Common\Common\function.php 第 259 行.
NOTIC: [8] Undefined index: run_count C:\phpStudy\workspace\machine\Application\Common\Common\function.php 第 259 行.
NOTIC: [8] Undefined index: run_count C:\phpStudy\workspace\machine\Application\Common\Common\function.php 第 259 行.
NOTIC: [8] Undefined index: run_count C:\phpStudy\workspace\machine\Application\Common\Common\function.php 第 259 行.
NOTIC: [8] Undefined index: run_count C:\phpStudy\workspace\machine\Application\Common\Common\function.php 第 259 行.
SQL: SELECT count(id) count,`equipment_id` FROM `tbl_game_log` WHERE ( end_time between 1529942400 and 1530028799 && got_gift=1 ) GROUP BY equipment_id  [ RunTime:0.0008s ]
NOTIC: [8] Undefined index: success_number C:\phpStudy\workspace\machine\Application\Common\Common\function.php 第 259 行.
NOTIC: [8] Undefined index: success_number C:\phpStudy\workspace\machine\Application\Common\Common\function.php 第 259 行.
NOTIC: [8] Undefined index: success_number C:\phpStudy\workspace\machine\Application\Common\Common\function.php 第 259 行.
NOTIC: [8] Undefined index: success_number C:\phpStudy\workspace\machine\Application\Common\Common\function.php 第 259 行.
NOTIC: [8] Undefined index: success_number C:\phpStudy\workspace\machine\Application\Common\Common\function.php 第 259 行.
NOTIC: [8] Undefined index: success_number C:\phpStudy\workspace\machine\Application\Common\Common\function.php 第 259 行.
NOTIC: [8] Undefined index: success_number C:\phpStudy\workspace\machine\Application\Common\Common\function.php 第 259 行.
SQL: SELECT count(id) count,`equipment_id` FROM `tbl_game_log` WHERE ( end_time between 1529942400 and 1530028799 && got_gift=0 ) GROUP BY equipment_id  [ RunTime:0.0008s ]
NOTIC: [8] Undefined index: fail_number C:\phpStudy\workspace\machine\Application\Common\Common\function.php 第 259 行.
NOTIC: [8] Undefined index: fail_number C:\phpStudy\workspace\machine\Application\Common\Common\function.php 第 259 行.
NOTIC: [8] Undefined index: fail_number C:\phpStudy\workspace\machine\Application\Common\Common\function.php 第 259 行.
NOTIC: [8] Undefined index: fail_number C:\phpStudy\workspace\machine\Application\Common\Common\function.php 第 259 行.
NOTIC: [8] Undefined index: fail_number C:\phpStudy\workspace\machine\Application\Common\Common\function.php 第 259 行.
NOTIC: [8] Undefined index: fail_number C:\phpStudy\workspace\machine\Application\Common\Common\function.php 第 259 行.
NOTIC: [8] Undefined index: fail_number C:\phpStudy\workspace\machine\Application\Common\Common\function.php 第 259 行.
SQL: SELECT count(id) count,`equipment_id` FROM `tbl_game_log` WHERE ( end_time between 1529942400 and 1530028799 && got_gift=1 && type=('gold') ) GROUP BY equipment_id  [ RunTime:0.0008s ]
NOTIC: [8] Undefined index: gold_game_win_times C:\phpStudy\workspace\machine\Application\Common\Common\function.php 第 259 行.
NOTIC: [8] Undefined index: gold_game_win_times C:\phpStudy\workspace\machine\Application\Common\Common\function.php 第 259 行.
NOTIC: [8] Undefined index: gold_game_win_times C:\phpStudy\workspace\machine\Application\Common\Common\function.php 第 259 行.
NOTIC: [8] Undefined index: gold_game_win_times C:\phpStudy\workspace\machine\Application\Common\Common\function.php 第 259 行.
NOTIC: [8] Undefined index: gold_game_win_times C:\phpStudy\workspace\machine\Application\Common\Common\function.php 第 259 行.
NOTIC: [8] Undefined index: gold_game_win_times C:\phpStudy\workspace\machine\Application\Common\Common\function.php 第 259 行.
NOTIC: [8] Undefined index: gold_game_win_times C:\phpStudy\workspace\machine\Application\Common\Common\function.php 第 259 行.
SQL: SELECT count(id) count,`equipment_id` FROM `tbl_game_log` WHERE ( end_time between 1529942400 and 1530028799 && got_gift=1 && type=('silver') ) GROUP BY equipment_id  [ RunTime:0.0008s ]
NOTIC: [8] Undefined index: silver_game_win_times C:\phpStudy\workspace\machine\Application\Common\Common\function.php 第 259 行.
NOTIC: [8] Undefined index: silver_game_win_times C:\phpStudy\workspace\machine\Application\Common\Common\function.php 第 259 行.
NOTIC: [8] Undefined index: silver_game_win_times C:\phpStudy\workspace\machine\Application\Common\Common\function.php 第 259 行.
NOTIC: [8] Undefined index: silver_game_win_times C:\phpStudy\workspace\machine\Application\Common\Common\function.php 第 259 行.
NOTIC: [8] Undefined index: silver_game_win_times C:\phpStudy\workspace\machine\Application\Common\Common\function.php 第 259 行.
NOTIC: [8] Undefined index: silver_game_win_times C:\phpStudy\workspace\machine\Application\Common\Common\function.php 第 259 行.
NOTIC: [8] Undefined index: silver_game_win_times C:\phpStudy\workspace\machine\Application\Common\Common\function.php 第 259 行.
SQL: SELECT count(id) count,`equipment_id` FROM `tbl_game_log` WHERE ( end_time between 1529942400 and 1530028799 && got_gift=0 && type=('gold') ) GROUP BY equipment_id  [ RunTime:0.0009s ]
NOTIC: [8] Undefined index: gold_game_lose_times C:\phpStudy\workspace\machine\Application\Common\Common\function.php 第 259 行.
NOTIC: [8] Undefined index: gold_game_lose_times C:\phpStudy\workspace\machine\Application\Common\Common\function.php 第 259 行.
NOTIC: [8] Undefined index: gold_game_lose_times C:\phpStudy\workspace\machine\Application\Common\Common\function.php 第 259 行.
NOTIC: [8] Undefined index: gold_game_lose_times C:\phpStudy\workspace\machine\Application\Common\Common\function.php 第 259 行.
NOTIC: [8] Undefined index: gold_game_lose_times C:\phpStudy\workspace\machine\Application\Common\Common\function.php 第 259 行.
NOTIC: [8] Undefined index: gold_game_lose_times C:\phpStudy\workspace\machine\Application\Common\Common\function.php 第 259 行.
NOTIC: [8] Undefined index: gold_game_lose_times C:\phpStudy\workspace\machine\Application\Common\Common\function.php 第 259 行.
SQL: SELECT count(id) count,`equipment_id` FROM `tbl_game_log` WHERE ( end_time between 1529942400 and 1530028799 && got_gift=0 && type=('silver') ) GROUP BY equipment_id  [ RunTime:0.0009s ]
NOTIC: [8] Undefined index: silver_game_lose_times C:\phpStudy\workspace\machine\Application\Common\Common\function.php 第 259 行.
NOTIC: [8] Undefined index: silver_game_lose_times C:\phpStudy\workspace\machine\Application\Common\Common\function.php 第 259 行.
NOTIC: [8] Undefined index: silver_game_lose_times C:\phpStudy\workspace\machine\Application\Common\Common\function.php 第 259 行.
NOTIC: [8] Undefined index: silver_game_lose_times C:\phpStudy\workspace\machine\Application\Common\Common\function.php 第 259 行.
NOTIC: [8] Undefined index: silver_game_lose_times C:\phpStudy\workspace\machine\Application\Common\Common\function.php 第 259 行.
NOTIC: [8] Undefined index: silver_game_lose_times C:\phpStudy\workspace\machine\Application\Common\Common\function.php 第 259 行.
NOTIC: [8] Undefined index: silver_game_lose_times C:\phpStudy\workspace\machine\Application\Common\Common\function.php 第 259 行.
SQL: SELECT count(id) count,`equipment_id` FROM `tbl_game_log` WHERE ( end_time between 1529942400 and 1530028799 && type=('gold') ) GROUP BY equipment_id  [ RunTime:0.0008s ]
NOTIC: [8] Undefined index: gold_game_times C:\phpStudy\workspace\machine\Application\Common\Common\function.php 第 259 行.
NOTIC: [8] Undefined index: gold_game_times C:\phpStudy\workspace\machine\Application\Common\Common\function.php 第 259 行.
NOTIC: [8] Undefined index: gold_game_times C:\phpStudy\workspace\machine\Application\Common\Common\function.php 第 259 行.
NOTIC: [8] Undefined index: gold_game_times C:\phpStudy\workspace\machine\Application\Common\Common\function.php 第 259 行.
NOTIC: [8] Undefined index: gold_game_times C:\phpStudy\workspace\machine\Application\Common\Common\function.php 第 259 行.
NOTIC: [8] Undefined index: gold_game_times C:\phpStudy\workspace\machine\Application\Common\Common\function.php 第 259 行.
NOTIC: [8] Undefined index: gold_game_times C:\phpStudy\workspace\machine\Application\Common\Common\function.php 第 259 行.
SQL: SELECT count(id) count,`equipment_id` FROM `tbl_game_log` WHERE ( end_time between 1529942400 and 1530028799 && type=('silver') ) GROUP BY equipment_id  [ RunTime:0.0007s ]
NOTIC: [8] Undefined index: silver_game_times C:\phpStudy\workspace\machine\Application\Common\Common\function.php 第 259 行.
NOTIC: [8] Undefined index: silver_game_times C:\phpStudy\workspace\machine\Application\Common\Common\function.php 第 259 行.
NOTIC: [8] Undefined index: silver_game_times C:\phpStudy\workspace\machine\Application\Common\Common\function.php 第 259 行.
NOTIC: [8] Undefined index: silver_game_times C:\phpStudy\workspace\machine\Application\Common\Common\function.php 第 259 行.
NOTIC: [8] Undefined index: silver_game_times C:\phpStudy\workspace\machine\Application\Common\Common\function.php 第 259 行.
NOTIC: [8] Undefined index: silver_game_times C:\phpStudy\workspace\machine\Application\Common\Common\function.php 第 259 行.
NOTIC: [8] Undefined index: silver_game_times C:\phpStudy\workspace\machine\Application\Common\Common\function.php 第 259 行.
NOTIC: [8] Undefined variable: all9 C:\phpStudy\workspace\machine\Application\Home\Controller\CoreController.class.php 第 94 行.
NOTIC: [2] Invalid argument supplied for foreach() C:\phpStudy\workspace\machine\Application\Home\Controller\CoreController.class.php 第 94 行.
NOTIC: [8] Undefined variable: all9 C:\phpStudy\workspace\machine\Application\Home\Controller\CoreController.class.php 第 99 行.

[ 2018-06-27T16:38:27+08:00 ] 127.0.0.1 /Home/Core/index
INFO: [ app_init ] --START--
INFO: Run Behavior\BuildLiteBehavior [ RunTime:0.000010s ]
INFO: [ app_init ] --END-- [ RunTime:0.000281s ]
INFO: [ app_begin ] --START--
INFO: Run Behavior\ReadHtmlCacheBehavior [ RunTime:0.000415s ]
INFO: [ app_begin ] --END-- [ RunTime:0.000448s ]
SQL: SHOW COLUMNS FROM `equipment` [ RunTime:0.0015s ]
SQL: SELECT t1.pid as manager_id,t1.id as equipment_id,t2.price,1529942400 as statistics_data FROM equipment t1 left join goods as t2 on t1.goods_id=t2.id   [ RunTime:0.0009s ]
SQL: SHOW COLUMNS FROM `tbl_game_log` [ RunTime:0.0010s ]
SQL: SELECT count(id) count,`equipment_id` FROM `tbl_game_log` WHERE ( end_time between 1529942400 and 1530028799 ) GROUP BY equipment_id  [ RunTime:0.0008s ]
NOTIC: [8] Undefined index: run_count C:\phpStudy\workspace\machine\Application\Common\Common\function.php 第 259 行.
NOTIC: [8] Undefined index: run_count C:\phpStudy\workspace\machine\Application\Common\Common\function.php 第 259 行.
NOTIC: [8] Undefined index: run_count C:\phpStudy\workspace\machine\Application\Common\Common\function.php 第 259 行.
NOTIC: [8] Undefined index: run_count C:\phpStudy\workspace\machine\Application\Common\Common\function.php 第 259 行.
NOTIC: [8] Undefined index: run_count C:\phpStudy\workspace\machine\Application\Common\Common\function.php 第 259 行.
NOTIC: [8] Undefined index: run_count C:\phpStudy\workspace\machine\Application\Common\Common\function.php 第 259 行.
NOTIC: [8] Undefined index: run_count C:\phpStudy\workspace\machine\Application\Common\Common\function.php 第 259 行.
SQL: SELECT count(id) count,`equipment_id` FROM `tbl_game_log` WHERE ( end_time between 1529942400 and 1530028799 && got_gift=1 ) GROUP BY equipment_id  [ RunTime:0.0008s ]
NOTIC: [8] Undefined index: success_number C:\phpStudy\workspace\machine\Application\Common\Common\function.php 第 259 行.
NOTIC: [8] Undefined index: success_number C:\phpStudy\workspace\machine\Application\Common\Common\function.php 第 259 行.
NOTIC: [8] Undefined index: success_number C:\phpStudy\workspace\machine\Application\Common\Common\function.php 第 259 行.
NOTIC: [8] Undefined index: success_number C:\phpStudy\workspace\machine\Application\Common\Common\function.php 第 259 行.
NOTIC: [8] Undefined index: success_number C:\phpStudy\workspace\machine\Application\Common\Common\function.php 第 259 行.
NOTIC: [8] Undefined index: success_number C:\phpStudy\workspace\machine\Application\Common\Common\function.php 第 259 行.
NOTIC: [8] Undefined index: success_number C:\phpStudy\workspace\machine\Application\Common\Common\function.php 第 259 行.
SQL: SELECT count(id) count,`equipment_id` FROM `tbl_game_log` WHERE ( end_time between 1529942400 and 1530028799 && got_gift=0 ) GROUP BY equipment_id  [ RunTime:0.0008s ]
NOTIC: [8] Undefined index: fail_number C:\phpStudy\workspace\machine\Application\Common\Common\function.php 第 259 行.
NOTIC: [8] Undefined index: fail_number C:\phpStudy\workspace\machine\Application\Common\Common\function.php 第 259 行.
NOTIC: [8] Undefined index: fail_number C:\phpStudy\workspace\machine\Application\Common\Common\function.php 第 259 行.
NOTIC: [8] Undefined index: fail_number C:\phpStudy\workspace\machine\Application\Common\Common\function.php 第 259 行.
NOTIC: [8] Undefined index: fail_number C:\phpStudy\workspace\machine\Application\Common\Common\function.php 第 259 行.
NOTIC: [8] Undefined index: fail_number C:\phpStudy\workspace\machine\Application\Common\Common\function.php 第 259 行.
NOTIC: [8] Undefined index: fail_number C:\phpStudy\workspace\machine\Application\Common\Common\function.php 第 259 行.
SQL: SELECT count(id) count,`equipment_id` FROM `tbl_game_log` WHERE ( end_time between 1529942400 and 1530028799 && got_gift=1 && type=('gold') ) GROUP BY equipment_id  [ RunTime:0.0008s ]
NOTIC: [8] Undefined index: gold_game_win_times C:\phpStudy\workspace\machine\Application\Common\Common\function.php 第 259 行.
NOTIC: [8] Undefined index: gold_game_win_times C:\phpStudy\workspace\machine\Application\Common\Common\function.php 第 259 行.
NOTIC: [8] Undefined index: gold_game_win_times C:\phpStudy\workspace\machine\Application\Common\Common\function.php 第 259 行.
NOTIC: [8] Undefined index: gold_game_win_times C:\phpStudy\workspace\machine\Application\Common\Common\function.php 第 259 行.
NOTIC: [8] Undefined index: gold_game_win_times C:\phpStudy\workspace\machine\Application\Common\Common\function.php 第 259 行.
NOTIC: [8] Undefined index: gold_game_win_times C:\phpStudy\workspace\machine\Application\Common\Common\function.php 第 259 行.
NOTIC: [8] Undefined index: gold_game_win_times C:\phpStudy\workspace\machine\Application\Common\Common\function.php 第 259 行.
SQL: SELECT count(id) count,`equipment_id` FROM `tbl_game_log` WHERE ( end_time between 1529942400 and 1530028799 && got_gift=1 && type=('silver') ) GROUP BY equipment_id  [ RunTime:0.0009s ]
NOTIC: [8] Undefined index: silver_game_win_times C:\phpStudy\workspace\machine\Application\Common\Common\function.php 第 259 行.
NOTIC: [8] Undefined index: silver_game_win_times C:\phpStudy\workspace\machine\Application\Common\Common\function.php 第 259 行.
NOTIC: [8] Undefined index: silver_game_win_times C:\phpStudy\workspace\machine\Application\Common\Common\function.php 第 259 行.
NOTIC: [8] Undefined index: silver_game_win_times C:\phpStudy\workspace\machine\Application\Common\Common\function.php 第 259 行.
NOTIC: [8] Undefined index: silver_game_win_times C:\phpStudy\workspace\machine\Application\Common\Common\function.php 第 259 行.
NOTIC: [8] Undefined index: silver_game_win_times C:\phpStudy\workspace\machine\Application\Common\Common\function.php 第 259 行.
NOTIC: [8] Undefined index: silver_game_win_times C:\phpStudy\workspace\machine\Application\Common\Common\function.php 第 259 行.
SQL: SELECT count(id) count,`equipment_id` FROM `tbl_game_log` WHERE ( end_time between 1529942400 and 1530028799 && got_gift=0 && type=('gold') ) GROUP BY equipment_id  [ RunTime:0.0009s ]
NOTIC: [8] Undefined index: gold_game_lose_times C:\phpStudy\workspace\machine\Application\Common\Common\function.php 第 259 行.
NOTIC: [8] Undefined index: gold_game_lose_times C:\phpStudy\workspace\machine\Application\Common\Common\function.php 第 259 行.
NOTIC: [8] Undefined index: gold_game_lose_times C:\phpStudy\workspace\machine\Application\Common\Common\function.php 第 259 行.
NOTIC: [8] Undefined index: gold_game_lose_times C:\phpStudy\workspace\machine\Application\Common\Common\function.php 第 259 行.
NOTIC: [8] Undefined index: gold_game_lose_times C:\phpStudy\workspace\machine\Application\Common\Common\function.php 第 259 行.
NOTIC: [8] Undefined index: gold_game_lose_times C:\phpStudy\workspace\machine\Application\Common\Common\function.php 第 259 行.
NOTIC: [8] Undefined index: gold_game_lose_times C:\phpStudy\workspace\machine\Application\Common\Common\function.php 第 259 行.
SQL: SELECT count(id) count,`equipment_id` FROM `tbl_game_log` WHERE ( end_time between 1529942400 and 1530028799 && got_gift=0 && type=('silver') ) GROUP BY equipment_id  [ RunTime:0.0011s ]
NOTIC: [8] Undefined index: silver_game_lose_times C:\phpStudy\workspace\machine\Application\Common\Common\function.php 第 259 行.
NOTIC: [8] Undefined index: silver_game_lose_times C:\phpStudy\workspace\machine\Application\Common\Common\function.php 第 259 行.
NOTIC: [8] Undefined index: silver_game_lose_times C:\phpStudy\workspace\machine\Application\Common\Common\function.php 第 259 行.
NOTIC: [8] Undefined index: silver_game_lose_times C:\phpStudy\workspace\machine\Application\Common\Common\function.php 第 259 行.
NOTIC: [8] Undefined index: silver_game_lose_times C:\phpStudy\workspace\machine\Application\Common\Common\function.php 第 259 行.
NOTIC: [8] Undefined index: silver_game_lose_times C:\phpStudy\workspace\machine\Application\Common\Common\function.php 第 259 行.
NOTIC: [8] Undefined index: silver_game_lose_times C:\phpStudy\workspace\machine\Application\Common\Common\function.php 第 259 行.
SQL: SELECT count(id) count,`equipment_id` FROM `tbl_game_log` WHERE ( end_time between 1529942400 and 1530028799 && type=('gold') ) GROUP BY equipment_id  [ RunTime:0.0008s ]
NOTIC: [8] Undefined index: gold_game_times C:\phpStudy\workspace\machine\Application\Common\Common\function.php 第 259 行.
NOTIC: [8] Undefined index: gold_game_times C:\phpStudy\workspace\machine\Application\Common\Common\function.php 第 259 行.
NOTIC: [8] Undefined index: gold_game_times C:\phpStudy\workspace\machine\Application\Common\Common\function.php 第 259 行.
NOTIC: [8] Undefined index: gold_game_times C:\phpStudy\workspace\machine\Application\Common\Common\function.php 第 259 行.
NOTIC: [8] Undefined index: gold_game_times C:\phpStudy\workspace\machine\Application\Common\Common\function.php 第 259 行.
NOTIC: [8] Undefined index: gold_game_times C:\phpStudy\workspace\machine\Application\Common\Common\function.php 第 259 行.
NOTIC: [8] Undefined index: gold_game_times C:\phpStudy\workspace\machine\Application\Common\Common\function.php 第 259 行.
SQL: SELECT count(id) count,`equipment_id` FROM `tbl_game_log` WHERE ( end_time between 1529942400 and 1530028799 && type=('silver') ) GROUP BY equipment_id  [ RunTime:0.0008s ]
NOTIC: [8] Undefined index: silver_game_times C:\phpStudy\workspace\machine\Application\Common\Common\function.php 第 259 行.
NOTIC: [8] Undefined index: silver_game_times C:\phpStudy\workspace\machine\Application\Common\Common\function.php 第 259 行.
NOTIC: [8] Undefined index: silver_game_times C:\phpStudy\workspace\machine\Application\Common\Common\function.php 第 259 行.
NOTIC: [8] Undefined index: silver_game_times C:\phpStudy\workspace\machine\Application\Common\Common\function.php 第 259 行.
NOTIC: [8] Undefined index: silver_game_times C:\phpStudy\workspace\machine\Application\Common\Common\function.php 第 259 行.
NOTIC: [8] Undefined index: silver_game_times C:\phpStudy\workspace\machine\Application\Common\Common\function.php 第 259 行.
NOTIC: [8] Undefined index: silver_game_times C:\phpStudy\workspace\machine\Application\Common\Common\function.php 第 259 行.

[ 2018-06-27T17:35:53+08:00 ] 127.0.0.1 /Home/Core/index
INFO: [ app_init ] --START--
INFO: Run Behavior\BuildLiteBehavior [ RunTime:0.000013s ]
INFO: [ app_init ] --END-- [ RunTime:0.000443s ]
INFO: [ app_begin ] --START--
INFO: Run Behavior\ReadHtmlCacheBehavior [ RunTime:0.000618s ]
INFO: [ app_begin ] --END-- [ RunTime:0.000674s ]
SQL: SHOW COLUMNS FROM `equipment` [ RunTime:0.0014s ]
SQL: SELECT t1.pid as manager_id,t1.id as equipment_id,t2.price,1529942400 as statistics_data FROM equipment t1 left join goods as t2 on t1.goods_id=t2.id   [ RunTime:0.0008s ]
SQL: SHOW COLUMNS FROM `tbl_game_log` [ RunTime:0.0010s ]
SQL: SELECT count(id) count,`equipment_id` FROM `tbl_game_log` WHERE ( end_time between 1529942400 and 1530028799 ) GROUP BY equipment_id  [ RunTime:0.0009s ]
NOTIC: [8] Undefined index: run_count C:\phpStudy\workspace\machine\Application\Common\Common\function.php 第 259 行.
NOTIC: [8] Undefined index: run_count C:\phpStudy\workspace\machine\Application\Common\Common\function.php 第 259 行.
NOTIC: [8] Undefined index: run_count C:\phpStudy\workspace\machine\Application\Common\Common\function.php 第 259 行.
NOTIC: [8] Undefined index: run_count C:\phpStudy\workspace\machine\Application\Common\Common\function.php 第 259 行.
NOTIC: [8] Undefined index: run_count C:\phpStudy\workspace\machine\Application\Common\Common\function.php 第 259 行.
NOTIC: [8] Undefined index: run_count C:\phpStudy\workspace\machine\Application\Common\Common\function.php 第 259 行.
NOTIC: [8] Undefined index: run_count C:\phpStudy\workspace\machine\Application\Common\Common\function.php 第 259 行.
SQL: SELECT count(id) count,`equipment_id` FROM `tbl_game_log` WHERE ( end_time between 1529942400 and 1530028799 && got_gift=1 ) GROUP BY equipment_id  [ RunTime:0.0009s ]
NOTIC: [8] Undefined index: success_number C:\phpStudy\workspace\machine\Application\Common\Common\function.php 第 259 行.
NOTIC: [8] Undefined index: success_number C:\phpStudy\workspace\machine\Application\Common\Common\function.php 第 259 行.
NOTIC: [8] Undefined index: success_number C:\phpStudy\workspace\machine\Application\Common\Common\function.php 第 259 行.
NOTIC: [8] Undefined index: success_number C:\phpStudy\workspace\machine\Application\Common\Common\function.php 第 259 行.
NOTIC: [8] Undefined index: success_number C:\phpStudy\workspace\machine\Application\Common\Common\function.php 第 259 行.
NOTIC: [8] Undefined index: success_number C:\phpStudy\workspace\machine\Application\Common\Common\function.php 第 259 行.
NOTIC: [8] Undefined index: success_number C:\phpStudy\workspace\machine\Application\Common\Common\function.php 第 259 行.
SQL: SELECT count(id) count,`equipment_id` FROM `tbl_game_log` WHERE ( end_time between 1529942400 and 1530028799 && got_gift=0 ) GROUP BY equipment_id  [ RunTime:0.0008s ]
NOTIC: [8] Undefined index: fail_number C:\phpStudy\workspace\machine\Application\Common\Common\function.php 第 259 行.
NOTIC: [8] Undefined index: fail_number C:\phpStudy\workspace\machine\Application\Common\Common\function.php 第 259 行.
NOTIC: [8] Undefined index: fail_number C:\phpStudy\workspace\machine\Application\Common\Common\function.php 第 259 行.
NOTIC: [8] Undefined index: fail_number C:\phpStudy\workspace\machine\Application\Common\Common\function.php 第 259 行.
NOTIC: [8] Undefined index: fail_number C:\phpStudy\workspace\machine\Application\Common\Common\function.php 第 259 行.
NOTIC: [8] Undefined index: fail_number C:\phpStudy\workspace\machine\Application\Common\Common\function.php 第 259 行.
NOTIC: [8] Undefined index: fail_number C:\phpStudy\workspace\machine\Application\Common\Common\function.php 第 259 行.
SQL: SELECT count(id) count,`equipment_id` FROM `tbl_game_log` WHERE ( end_time between 1529942400 and 1530028799 && got_gift=1 && type=('gold') ) GROUP BY equipment_id  [ RunTime:0.0009s ]
NOTIC: [8] Undefined index: gold_game_win_times C:\phpStudy\workspace\machine\Application\Common\Common\function.php 第 259 行.
NOTIC: [8] Undefined index: gold_game_win_times C:\phpStudy\workspace\machine\Application\Common\Common\function.php 第 259 行.
NOTIC: [8] Undefined index: gold_game_win_times C:\phpStudy\workspace\machine\Application\Common\Common\function.php 第 259 行.
NOTIC: [8] Undefined index: gold_game_win_times C:\phpStudy\workspace\machine\Application\Common\Common\function.php 第 259 行.
NOTIC: [8] Undefined index: gold_game_win_times C:\phpStudy\workspace\machine\Application\Common\Common\function.php 第 259 行.
NOTIC: [8] Undefined index: gold_game_win_times C:\phpStudy\workspace\machine\Application\Common\Common\function.php 第 259 行.
NOTIC: [8] Undefined index: gold_game_win_times C:\phpStudy\workspace\machine\Application\Common\Common\function.php 第 259 行.
SQL: SELECT count(id) count,`equipment_id` FROM `tbl_game_log` WHERE ( end_time between 1529942400 and 1530028799 && got_gift=1 && type=('silver') ) GROUP BY equipment_id  [ RunTime:0.0009s ]
NOTIC: [8] Undefined index: silver_game_win_times C:\phpStudy\workspace\machine\Application\Common\Common\function.php 第 259 行.
NOTIC: [8] Undefined index: silver_game_win_times C:\phpStudy\workspace\machine\Application\Common\Common\function.php 第 259 行.
NOTIC: [8] Undefined index: silver_game_win_times C:\phpStudy\workspace\machine\Application\Common\Common\function.php 第 259 行.
NOTIC: [8] Undefined index: silver_game_win_times C:\phpStudy\workspace\machine\Application\Common\Common\function.php 第 259 行.
NOTIC: [8] Undefined index: silver_game_win_times C:\phpStudy\workspace\machine\Application\Common\Common\function.php 第 259 行.
NOTIC: [8] Undefined index: silver_game_win_times C:\phpStudy\workspace\machine\Application\Common\Common\function.php 第 259 行.
NOTIC: [8] Undefined index: silver_game_win_times C:\phpStudy\workspace\machine\Application\Common\Common\function.php 第 259 行.
SQL: SELECT count(id) count,`equipment_id` FROM `tbl_game_log` WHERE ( end_time between 1529942400 and 1530028799 && got_gift=0 && type=('gold') ) GROUP BY equipment_id  [ RunTime:0.0011s ]
NOTIC: [8] Undefined index: gold_game_lose_times C:\phpStudy\workspace\machine\Application\Common\Common\function.php 第 259 行.
NOTIC: [8] Undefined index: gold_game_lose_times C:\phpStudy\workspace\machine\Application\Common\Common\function.php 第 259 行.
NOTIC: [8] Undefined index: gold_game_lose_times C:\phpStudy\workspace\machine\Application\Common\Common\function.php 第 259 行.
NOTIC: [8] Undefined index: gold_game_lose_times C:\phpStudy\workspace\machine\Application\Common\Common\function.php 第 259 行.
NOTIC: [8] Undefined index: gold_game_lose_times C:\phpStudy\workspace\machine\Application\Common\Common\function.php 第 259 行.
NOTIC: [8] Undefined index: gold_game_lose_times C:\phpStudy\workspace\machine\Application\Common\Common\function.php 第 259 行.
NOTIC: [8] Undefined index: gold_game_lose_times C:\phpStudy\workspace\machine\Application\Common\Common\function.php 第 259 行.
SQL: SELECT count(id) count,`equipment_id` FROM `tbl_game_log` WHERE ( end_time between 1529942400 and 1530028799 && got_gift=0 && type=('silver') ) GROUP BY equipment_id  [ RunTime:0.0013s ]
NOTIC: [8] Undefined index: silver_game_lose_times C:\phpStudy\workspace\machine\Application\Common\Common\function.php 第 259 行.
NOTIC: [8] Undefined index: silver_game_lose_times C:\phpStudy\workspace\machine\Application\Common\Common\function.php 第 259 行.
NOTIC: [8] Undefined index: silver_game_lose_times C:\phpStudy\workspace\machine\Application\Common\Common\function.php 第 259 行.
NOTIC: [8] Undefined index: silver_game_lose_times C:\phpStudy\workspace\machine\Application\Common\Common\function.php 第 259 行.
NOTIC: [8] Undefined index: silver_game_lose_times C:\phpStudy\workspace\machine\Application\Common\Common\function.php 第 259 行.
NOTIC: [8] Undefined index: silver_game_lose_times C:\phpStudy\workspace\machine\Application\Common\Common\function.php 第 259 行.
NOTIC: [8] Undefined index: silver_game_lose_times C:\phpStudy\workspace\machine\Application\Common\Common\function.php 第 259 行.
SQL: SELECT count(id) count,`equipment_id` FROM `tbl_game_log` WHERE ( end_time between 1529942400 and 1530028799 && type=('gold') ) GROUP BY equipment_id  [ RunTime:0.0010s ]
NOTIC: [8] Undefined index: gold_game_times C:\phpStudy\workspace\machine\Application\Common\Common\function.php 第 259 行.
NOTIC: [8] Undefined index: gold_game_times C:\phpStudy\workspace\machine\Application\Common\Common\function.php 第 259 行.
NOTIC: [8] Undefined index: gold_game_times C:\phpStudy\workspace\machine\Application\Common\Common\function.php 第 259 行.
NOTIC: [8] Undefined index: gold_game_times C:\phpStudy\workspace\machine\Application\Common\Common\function.php 第 259 行.
NOTIC: [8] Undefined index: gold_game_times C:\phpStudy\workspace\machine\Application\Common\Common\function.php 第 259 行.
NOTIC: [8] Undefined index: gold_game_times C:\phpStudy\workspace\machine\Application\Common\Common\function.php 第 259 行.
NOTIC: [8] Undefined index: gold_game_times C:\phpStudy\workspace\machine\Application\Common\Common\function.php 第 259 行.
SQL: SELECT count(id) count,`equipment_id` FROM `tbl_game_log` WHERE ( end_time between 1529942400 and 1530028799 && type=('silver') ) GROUP BY equipment_id  [ RunTime:0.0008s ]
NOTIC: [8] Undefined index: silver_game_times C:\phpStudy\workspace\machine\Application\Common\Common\function.php 第 259 行.
NOTIC: [8] Undefined index: silver_game_times C:\phpStudy\workspace\machine\Application\Common\Common\function.php 第 259 行.
NOTIC: [8] Undefined index: silver_game_times C:\phpStudy\workspace\machine\Application\Common\Common\function.php 第 259 行.
NOTIC: [8] Undefined index: silver_game_times C:\phpStudy\workspace\machine\Application\Common\Common\function.php 第 259 行.
NOTIC: [8] Undefined index: silver_game_times C:\phpStudy\workspace\machine\Application\Common\Common\function.php 第 259 行.
NOTIC: [8] Undefined index: silver_game_times C:\phpStudy\workspace\machine\Application\Common\Common\function.php 第 259 行.
NOTIC: [8] Undefined index: silver_game_times C:\phpStudy\workspace\machine\Application\Common\Common\function.php 第 259 行.

[ 2018-06-27T17:52:05+08:00 ] 127.0.0.1 /index.php
INFO: [ app_init ] --START--
INFO: Run Behavior\BuildLiteBehavior [ RunTime:0.000024s ]
INFO: [ app_init ] --END-- [ RunTime:0.000922s ]
INFO: [ app_begin ] --START--
INFO: Run Behavior\ReadHtmlCacheBehavior [ RunTime:0.001602s ]
INFO: [ app_begin ] --END-- [ RunTime:0.001711s ]
INFO: [ view_parse ] --START--
INFO: [ template_filter ] --START--
INFO: Run Behavior\ContentReplaceBehavior [ RunTime:0.000113s ]
INFO: [ template_filter ] --END-- [ RunTime:0.000167s ]
INFO: Run Behavior\ParseTemplateBehavior [ RunTime:0.099287s ]
INFO: [ view_parse ] --END-- [ RunTime:0.099388s ]
INFO: [ view_filter ] --START--
INFO: Run Behavior\WriteHtmlCacheBehavior [ RunTime:0.008288s ]
INFO: [ view_filter ] --END-- [ RunTime:0.008345s ]
INFO: [ app_end ] --START--
INFO: Run Behavior\ShowPageTraceBehavior [ RunTime:0.000865s ]
INFO: [ app_end ] --END-- [ RunTime:0.000913s ]

[ 2018-06-27T18:17:01+08:00 ] 127.0.0.1 /Home/Core/index
INFO: [ app_init ] --START--
INFO: Run Behavior\BuildLiteBehavior [ RunTime:0.000012s ]
INFO: [ app_init ] --END-- [ RunTime:0.000369s ]
INFO: [ app_begin ] --START--
INFO: Run Behavior\ReadHtmlCacheBehavior [ RunTime:0.000576s ]
INFO: [ app_begin ] --END-- [ RunTime:0.000630s ]
SQL: SHOW COLUMNS FROM `equipment` [ RunTime:0.0009s ]
SQL: SELECT t1.pid as manager_id,t1.id as equipment_id,t2.price,1529942400 as statistics_data FROM equipment t1 left join goods as t2 on t1.goods_id=t2.id   [ RunTime:0.0008s ]
SQL: SHOW COLUMNS FROM `tbl_game_log` [ RunTime:0.0009s ]
SQL: SELECT count(id) count,`equipment_id` FROM `tbl_game_log` WHERE ( end_time between 1529942400 and 1530028799 ) GROUP BY equipment_id  [ RunTime:0.0007s ]
NOTIC: [8] Undefined index: run_count C:\phpStudy\workspace\machine\Application\Common\Common\function.php 第 259 行.
NOTIC: [8] Undefined index: run_count C:\phpStudy\workspace\machine\Application\Common\Common\function.php 第 259 行.
NOTIC: [8] Undefined index: run_count C:\phpStudy\workspace\machine\Application\Common\Common\function.php 第 259 行.
NOTIC: [8] Undefined index: run_count C:\phpStudy\workspace\machine\Application\Common\Common\function.php 第 259 行.
NOTIC: [8] Undefined index: run_count C:\phpStudy\workspace\machine\Application\Common\Common\function.php 第 259 行.
NOTIC: [8] Undefined index: run_count C:\phpStudy\workspace\machine\Application\Common\Common\function.php 第 259 行.
NOTIC: [8] Undefined index: run_count C:\phpStudy\workspace\machine\Application\Common\Common\function.php 第 259 行.
SQL: SELECT count(id) count,`equipment_id` FROM `tbl_game_log` WHERE ( end_time between 1529942400 and 1530028799 && got_gift=1 ) GROUP BY equipment_id  [ RunTime:0.0007s ]
NOTIC: [8] Undefined index: success_number C:\phpStudy\workspace\machine\Application\Common\Common\function.php 第 259 行.
NOTIC: [8] Undefined index: success_number C:\phpStudy\workspace\machine\Application\Common\Common\function.php 第 259 行.
NOTIC: [8] Undefined index: success_number C:\phpStudy\workspace\machine\Application\Common\Common\function.php 第 259 行.
NOTIC: [8] Undefined index: success_number C:\phpStudy\workspace\machine\Application\Common\Common\function.php 第 259 行.
NOTIC: [8] Undefined index: success_number C:\phpStudy\workspace\machine\Application\Common\Common\function.php 第 259 行.
NOTIC: [8] Undefined index: success_number C:\phpStudy\workspace\machine\Application\Common\Common\function.php 第 259 行.
NOTIC: [8] Undefined index: success_number C:\phpStudy\workspace\machine\Application\Common\Common\function.php 第 259 行.
SQL: SELECT count(id) count,`equipment_id` FROM `tbl_game_log` WHERE ( end_time between 1529942400 and 1530028799 && got_gift=0 ) GROUP BY equipment_id  [ RunTime:0.0006s ]
NOTIC: [8] Undefined index: fail_number C:\phpStudy\workspace\machine\Application\Common\Common\function.php 第 259 行.
NOTIC: [8] Undefined index: fail_number C:\phpStudy\workspace\machine\Application\Common\Common\function.php 第 259 行.
NOTIC: [8] Undefined index: fail_number C:\phpStudy\workspace\machine\Application\Common\Common\function.php 第 259 行.
NOTIC: [8] Undefined index: fail_number C:\phpStudy\workspace\machine\Application\Common\Common\function.php 第 259 行.
NOTIC: [8] Undefined index: fail_number C:\phpStudy\workspace\machine\Application\Common\Common\function.php 第 259 行.
NOTIC: [8] Undefined index: fail_number C:\phpStudy\workspace\machine\Application\Common\Common\function.php 第 259 行.
NOTIC: [8] Undefined index: fail_number C:\phpStudy\workspace\machine\Application\Common\Common\function.php 第 259 行.
SQL: SELECT count(id) count,`equipment_id` FROM `tbl_game_log` WHERE ( end_time between 1529942400 and 1530028799 && got_gift=1 && type=('gold') ) GROUP BY equipment_id  [ RunTime:0.0007s ]
NOTIC: [8] Undefined index: gold_game_win_times C:\phpStudy\workspace\machine\Application\Common\Common\function.php 第 259 行.
NOTIC: [8] Undefined index: gold_game_win_times C:\phpStudy\workspace\machine\Application\Common\Common\function.php 第 259 行.
NOTIC: [8] Undefined index: gold_game_win_times C:\phpStudy\workspace\machine\Application\Common\Common\function.php 第 259 行.
NOTIC: [8] Undefined index: gold_game_win_times C:\phpStudy\workspace\machine\Application\Common\Common\function.php 第 259 行.
NOTIC: [8] Undefined index: gold_game_win_times C:\phpStudy\workspace\machine\Application\Common\Common\function.php 第 259 行.
NOTIC: [8] Undefined index: gold_game_win_times C:\phpStudy\workspace\machine\Application\Common\Common\function.php 第 259 行.
NOTIC: [8] Undefined index: gold_game_win_times C:\phpStudy\workspace\machine\Application\Common\Common\function.php 第 259 行.
SQL: SELECT count(id) count,`equipment_id` FROM `tbl_game_log` WHERE ( end_time between 1529942400 and 1530028799 && got_gift=1 && type=('silver') ) GROUP BY equipment_id  [ RunTime:0.0007s ]
NOTIC: [8] Undefined index: silver_game_win_times C:\phpStudy\workspace\machine\Application\Common\Common\function.php 第 259 行.
NOTIC: [8] Undefined index: silver_game_win_times C:\phpStudy\workspace\machine\Application\Common\Common\function.php 第 259 行.
NOTIC: [8] Undefined index: silver_game_win_times C:\phpStudy\workspace\machine\Application\Common\Common\function.php 第 259 行.
NOTIC: [8] Undefined index: silver_game_win_times C:\phpStudy\workspace\machine\Application\Common\Common\function.php 第 259 行.
NOTIC: [8] Undefined index: silver_game_win_times C:\phpStudy\workspace\machine\Application\Common\Common\function.php 第 259 行.
NOTIC: [8] Undefined index: silver_game_win_times C:\phpStudy\workspace\machine\Application\Common\Common\function.php 第 259 行.
NOTIC: [8] Undefined index: silver_game_win_times C:\phpStudy\workspace\machine\Application\Common\Common\function.php 第 259 行.
SQL: SELECT count(id) count,`equipment_id` FROM `tbl_game_log` WHERE ( end_time between 1529942400 and 1530028799 && got_gift=0 && type=('gold') ) GROUP BY equipment_id  [ RunTime:0.0006s ]
NOTIC: [8] Undefined index: gold_game_lose_times C:\phpStudy\workspace\machine\Application\Common\Common\function.php 第 259 行.
NOTIC: [8] Undefined index: gold_game_lose_times C:\phpStudy\workspace\machine\Application\Common\Common\function.php 第 259 行.
NOTIC: [8] Undefined index: gold_game_lose_times C:\phpStudy\workspace\machine\Application\Common\Common\function.php 第 259 行.
NOTIC: [8] Undefined index: gold_game_lose_times C:\phpStudy\workspace\machine\Application\Common\Common\function.php 第 259 行.
NOTIC: [8] Undefined index: gold_game_lose_times C:\phpStudy\workspace\machine\Application\Common\Common\function.php 第 259 行.
NOTIC: [8] Undefined index: gold_game_lose_times C:\phpStudy\workspace\machine\Application\Common\Common\function.php 第 259 行.
NOTIC: [8] Undefined index: gold_game_lose_times C:\phpStudy\workspace\machine\Application\Common\Common\function.php 第 259 行.
SQL: SELECT count(id) count,`equipment_id` FROM `tbl_game_log` WHERE ( end_time between 1529942400 and 1530028799 && got_gift=0 && type=('silver') ) GROUP BY equipment_id  [ RunTime:0.0007s ]
NOTIC: [8] Undefined index: silver_game_lose_times C:\phpStudy\workspace\machine\Application\Common\Common\function.php 第 259 行.
NOTIC: [8] Undefined index: silver_game_lose_times C:\phpStudy\workspace\machine\Application\Common\Common\function.php 第 259 行.
NOTIC: [8] Undefined index: silver_game_lose_times C:\phpStudy\workspace\machine\Application\Common\Common\function.php 第 259 行.
NOTIC: [8] Undefined index: silver_game_lose_times C:\phpStudy\workspace\machine\Application\Common\Common\function.php 第 259 行.
NOTIC: [8] Undefined index: silver_game_lose_times C:\phpStudy\workspace\machine\Application\Common\Common\function.php 第 259 行.
NOTIC: [8] Undefined index: silver_game_lose_times C:\phpStudy\workspace\machine\Application\Common\Common\function.php 第 259 行.
NOTIC: [8] Undefined index: silver_game_lose_times C:\phpStudy\workspace\machine\Application\Common\Common\function.php 第 259 行.
SQL: SELECT count(id) count,`equipment_id` FROM `tbl_game_log` WHERE ( end_time between 1529942400 and 1530028799 && type=('gold') ) GROUP BY equipment_id  [ RunTime:0.0007s ]
NOTIC: [8] Undefined index: gold_game_times C:\phpStudy\workspace\machine\Application\Common\Common\function.php 第 259 行.
NOTIC: [8] Undefined index: gold_game_times C:\phpStudy\workspace\machine\Application\Common\Common\function.php 第 259 行.
NOTIC: [8] Undefined index: gold_game_times C:\phpStudy\workspace\machine\Application\Common\Common\function.php 第 259 行.
NOTIC: [8] Undefined index: gold_game_times C:\phpStudy\workspace\machine\Application\Common\Common\function.php 第 259 行.
NOTIC: [8] Undefined index: gold_game_times C:\phpStudy\workspace\machine\Application\Common\Common\function.php 第 259 行.
NOTIC: [8] Undefined index: gold_game_times C:\phpStudy\workspace\machine\Application\Common\Common\function.php 第 259 行.
NOTIC: [8] Undefined index: gold_game_times C:\phpStudy\workspace\machine\Application\Common\Common\function.php 第 259 行.
SQL: SELECT count(id) count,`equipment_id` FROM `tbl_game_log` WHERE ( end_time between 1529942400 and 1530028799 && type=('silver') ) GROUP BY equipment_id  [ RunTime:0.0006s ]
NOTIC: [8] Undefined index: silver_game_times C:\phpStudy\workspace\machine\Application\Common\Common\function.php 第 259 行.
NOTIC: [8] Undefined index: silver_game_times C:\phpStudy\workspace\machine\Application\Common\Common\function.php 第 259 行.
NOTIC: [8] Undefined index: silver_game_times C:\phpStudy\workspace\machine\Application\Common\Common\function.php 第 259 行.
NOTIC: [8] Undefined index: silver_game_times C:\phpStudy\workspace\machine\Application\Common\Common\function.php 第 259 行.
NOTIC: [8] Undefined index: silver_game_times C:\phpStudy\workspace\machine\Application\Common\Common\function.php 第 259 行.
NOTIC: [8] Undefined index: silver_game_times C:\phpStudy\workspace\machine\Application\Common\Common\function.php 第 259 行.
NOTIC: [8] Undefined index: silver_game_times C:\phpStudy\workspace\machine\Application\Common\Common\function.php 第 259 行.

[ 2018-06-27T18:34:51+08:00 ] 127.0.0.1 /index.php
INFO: [ app_init ] --START--
INFO: Run Behavior\BuildLiteBehavior [ RunTime:0.000011s ]
INFO: [ app_init ] --END-- [ RunTime:0.000404s ]
INFO: [ app_begin ] --START--
INFO: Run Behavior\ReadHtmlCacheBehavior [ RunTime:0.000695s ]
INFO: [ app_begin ] --END-- [ RunTime:0.000740s ]
INFO: [ view_parse ] --START--
INFO: [ template_filter ] --START--
INFO: Run Behavior\ContentReplaceBehavior [ RunTime:0.000099s ]
INFO: [ template_filter ] --END-- [ RunTime:0.000141s ]
INFO: Run Behavior\ParseTemplateBehavior [ RunTime:0.017016s ]
INFO: [ view_parse ] --END-- [ RunTime:0.017083s ]
INFO: [ view_filter ] --START--
INFO: Run Behavior\WriteHtmlCacheBehavior [ RunTime:0.000604s ]
INFO: [ view_filter ] --END-- [ RunTime:0.000644s ]
INFO: [ app_end ] --START--
INFO: Run Behavior\ShowPageTraceBehavior [ RunTime:0.000953s ]
INFO: [ app_end ] --END-- [ RunTime:0.000999s ]

[ 2018-06-27T18:37:57+08:00 ] 127.0.0.1 /Home/Core/days
INFO: [ app_init ] --START--
INFO: Run Behavior\BuildLiteBehavior [ RunTime:0.000017s ]
INFO: [ app_init ] --END-- [ RunTime:0.003396s ]
INFO: [ app_begin ] --START--
INFO: Run Behavior\ReadHtmlCacheBehavior [ RunTime:0.002886s ]
INFO: [ app_begin ] --END-- [ RunTime:0.002943s ]
SQL: SHOW COLUMNS FROM `manager` [ RunTime:0.0012s ]
SQL: SELECT `id` FROM `manager`  [ RunTime:0.0005s ]
SQL: SHOW COLUMNS FROM `equipment` [ RunTime:0.0012s ]
SQL: SELECT FROM_UNIXTIME(t2.statistics_date,'%Y%m%d') days,t2.*,t1.name,t3.id as pid,t3.username FROM equipment t1 left join equipment_day_statistics t2 on t2.equipment_id = t1.id left join manager as t3 on t3.id = t1.pid  WHERE ( t2.statistics_date between 1529942400 and 1530028799 )  [ RunTime:0.0014s ]
SQL: SHOW COLUMNS FROM `partner_day_statistics` [ RunTime:0.0009s ]
SQL: INSERT INTO `partner_day_statistics` (`statistics_date`,`pid`,`hardware_failure_time`,`silver_game_times`,`gold_game_times`,`run_count`,`success_number`,`fail_number`,`silver_game_win_times`,`silver_game_lose_times`,`gold_game_win_times`,`gold_game_lose_times`,`gift_out_count`,`income_count`,`create_time`) VALUES ('1529942400','4','0','0','0','0','0','0','0','0','0','0','0','0','1530095877') [ RunTime:0.0732s ]
INFO: [ app_end ] --START--
INFO: Run Behavior\ShowPageTraceBehavior [ RunTime:0.000807s ]
INFO: [ app_end ] --END-- [ RunTime:0.000849s ]

[ 2018-06-27T18:39:12+08:00 ] 127.0.0.1 /Home/Core/days
INFO: [ app_init ] --START--
INFO: Run Behavior\BuildLiteBehavior [ RunTime:0.000012s ]
INFO: [ app_init ] --END-- [ RunTime:0.000374s ]
INFO: [ app_begin ] --START--
INFO: Run Behavior\ReadHtmlCacheBehavior [ RunTime:0.000562s ]
INFO: [ app_begin ] --END-- [ RunTime:0.000616s ]
SQL: SHOW COLUMNS FROM `manager` [ RunTime:0.0012s ]
SQL: SELECT `id` FROM `manager`  [ RunTime:0.0005s ]
SQL: SHOW COLUMNS FROM `equipment` [ RunTime:0.0013s ]
SQL: SELECT FROM_UNIXTIME(t2.statistics_date,'%Y%m%d') days,t2.*,t1.name,t3.id as pid,t3.username FROM equipment t1 left join equipment_day_statistics t2 on t2.equipment_id = t1.id left join manager as t3 on t3.id = t1.pid  WHERE ( t2.statistics_date between 1529942400 and 1530028799 )  [ RunTime:0.0015s ]

[ 2018-06-27T18:39:26+08:00 ] 127.0.0.1 /Home/Core/days
INFO: [ app_init ] --START--
INFO: Run Behavior\BuildLiteBehavior [ RunTime:0.000011s ]
INFO: [ app_init ] --END-- [ RunTime:0.000403s ]
INFO: [ app_begin ] --START--
INFO: Run Behavior\ReadHtmlCacheBehavior [ RunTime:0.000697s ]
INFO: [ app_begin ] --END-- [ RunTime:0.000742s ]
SQL: SHOW COLUMNS FROM `manager` [ RunTime:0.0011s ]
SQL: SELECT `id` FROM `manager`  [ RunTime:0.0004s ]
SQL: SHOW COLUMNS FROM `equipment` [ RunTime:0.0012s ]
SQL: SELECT FROM_UNIXTIME(t2.statistics_date,'%Y%m%d') days,t2.*,t1.name,t3.id as pid,t3.username FROM equipment t1 left join equipment_day_statistics t2 on t2.equipment_id = t1.id left join manager as t3 on t3.id = t1.pid  WHERE ( t2.statistics_date between 1529942400 and 1530028799 )  [ RunTime:0.0014s ]

[ 2018-06-27T18:40:32+08:00 ] 127.0.0.1 /Home/Core/days
INFO: [ app_init ] --START--
INFO: Run Behavior\BuildLiteBehavior [ RunTime:0.000012s ]
INFO: [ app_init ] --END-- [ RunTime:0.000414s ]
INFO: [ app_begin ] --START--
INFO: Run Behavior\ReadHtmlCacheBehavior [ RunTime:0.000704s ]
INFO: [ app_begin ] --END-- [ RunTime:0.000749s ]
SQL: SHOW COLUMNS FROM `manager` [ RunTime:0.0010s ]
SQL: SELECT `id` FROM `manager`  [ RunTime:0.0004s ]
SQL: SHOW COLUMNS FROM `equipment` [ RunTime:0.0008s ]
SQL: SELECT FROM_UNIXTIME(t2.statistics_date,'%Y%m%d') days,t2.*,t1.name,t3.id as pid,t3.username FROM equipment t1 left join equipment_day_statistics t2 on t2.equipment_id = t1.id left join manager as t3 on t3.id = t1.pid  WHERE ( t2.statistics_date between 1529942400 and 1530028799 )  [ RunTime:0.0010s ]

[ 2018-06-27T18:40:51+08:00 ] 127.0.0.1 /Home/Core/days
INFO: [ app_init ] --START--
INFO: Run Behavior\BuildLiteBehavior [ RunTime:0.000011s ]
INFO: [ app_init ] --END-- [ RunTime:0.000304s ]
INFO: [ app_begin ] --START--
INFO: Run Behavior\ReadHtmlCacheBehavior [ RunTime:0.000533s ]
INFO: [ app_begin ] --END-- [ RunTime:0.000567s ]
SQL: SHOW COLUMNS FROM `manager` [ RunTime:0.0012s ]
SQL: SELECT `id` FROM `manager`  [ RunTime:0.0005s ]
SQL: SHOW COLUMNS FROM `equipment` [ RunTime:0.0012s ]
SQL: SELECT FROM_UNIXTIME(t2.statistics_date,'%Y%m%d') days,t2.*,t1.name,t3.id as pid,t3.username FROM equipment t1 left join equipment_day_statistics t2 on t2.equipment_id = t1.id left join manager as t3 on t3.id = t1.pid  WHERE ( t2.statistics_date between 1529942400 and 1530028799 )  [ RunTime:0.0014s ]
SQL: SHOW COLUMNS FROM `partner_day_statistics` [ RunTime:0.0011s ]
SQL: INSERT INTO `partner_day_statistics` (`statistics_date`,`pid`,`hardware_failure_time`,`silver_game_times`,`gold_game_times`,`run_count`,`success_number`,`fail_number`,`silver_game_win_times`,`silver_game_lose_times`,`gold_game_win_times`,`gold_game_lose_times`,`gift_out_count`,`income_count`,`create_time`) VALUES ('1529942400','4','1','0','0','1','0','0','0','0','0','0','0','0','1530096051'),('1529942400','1','1','0','0','1','0','0','0','0','0','0','0','0','1530096051') [ RunTime:0.0372s ]
INFO: [ app_end ] --START--
INFO: Run Behavior\ShowPageTraceBehavior [ RunTime:0.000834s ]
INFO: [ app_end ] --END-- [ RunTime:0.000877s ]

