[ 2018-06-20T10:19:31+08:00 ] 127.0.0.1 /Home/statistics/equipment_day_statistics
INFO: [ app_init ] --START--
INFO: Run Behavior\BuildLiteBehavior [ RunTime:0.000000s ]
INFO: [ app_init ] --END-- [ RunTime:0.001000s ]
INFO: [ app_begin ] --START--
INFO: Run Behavior\ReadHtmlCacheBehavior [ RunTime:0.001000s ]
INFO: [ app_begin ] --END-- [ RunTime:0.001000s ]
SQL: SHOW COLUMNS FROM `equipment` [ RunTime:0.0300s ]
SQL: SELECT t1.pid as manager_id,t1.id as equipment_id,t2.price,1529337600 as statistics_data FROM equipment t1 left join goods as t2 on t1.goods_id=t2.id   [ RunTime:0.0120s ]
SQL: SHOW COLUMNS FROM `tbl_game_log` [ RunTime:0.0160s ]
SQL: SELECT count(id) count,`equipment_id` FROM `tbl_game_log` WHERE ( end_time between 1529337600 and 1529423999 ) GROUP BY equipment_id  [ RunTime:0.0000s ]
NOTIC: [8] Undefined index: run_count D:\workspace\machine\Application\Common\Common\function.php 第 259 行.
NOTIC: [8] Undefined index: run_count D:\workspace\machine\Application\Common\Common\function.php 第 259 行.
NOTIC: [8] Undefined index: run_count D:\workspace\machine\Application\Common\Common\function.php 第 259 行.
NOTIC: [8] Undefined index: run_count D:\workspace\machine\Application\Common\Common\function.php 第 259 行.
NOTIC: [8] Undefined index: run_count D:\workspace\machine\Application\Common\Common\function.php 第 259 行.
NOTIC: [8] Undefined index: run_count D:\workspace\machine\Application\Common\Common\function.php 第 259 行.
SQL: SELECT count(id) count,`equipment_id` FROM `tbl_game_log` WHERE ( end_time between 1529337600 and 1529423999 && got_gift=1 ) GROUP BY equipment_id  [ RunTime:0.0000s ]
NOTIC: [8] Undefined index: success_number D:\workspace\machine\Application\Common\Common\function.php 第 259 行.
NOTIC: [8] Undefined index: success_number D:\workspace\machine\Application\Common\Common\function.php 第 259 行.
NOTIC: [8] Undefined index: success_number D:\workspace\machine\Application\Common\Common\function.php 第 259 行.
NOTIC: [8] Undefined index: success_number D:\workspace\machine\Application\Common\Common\function.php 第 259 行.
NOTIC: [8] Undefined index: success_number D:\workspace\machine\Application\Common\Common\function.php 第 259 行.
NOTIC: [8] Undefined index: success_number D:\workspace\machine\Application\Common\Common\function.php 第 259 行.
SQL: SELECT count(id) count,`equipment_id` FROM `tbl_game_log` WHERE ( end_time between 1529337600 and 1529423999 && got_gift=0 ) GROUP BY equipment_id  [ RunTime:0.0010s ]
NOTIC: [8] Undefined index: fail_number D:\workspace\machine\Application\Common\Common\function.php 第 259 行.
NOTIC: [8] Undefined index: fail_number D:\workspace\machine\Application\Common\Common\function.php 第 259 行.
NOTIC: [8] Undefined index: fail_number D:\workspace\machine\Application\Common\Common\function.php 第 259 行.
NOTIC: [8] Undefined index: fail_number D:\workspace\machine\Application\Common\Common\function.php 第 259 行.
NOTIC: [8] Undefined index: fail_number D:\workspace\machine\Application\Common\Common\function.php 第 259 行.
NOTIC: [8] Undefined index: fail_number D:\workspace\machine\Application\Common\Common\function.php 第 259 行.
NOTIC: [8] Undefined index: fail_number D:\workspace\machine\Application\Common\Common\function.php 第 259 行.
SQL: SELECT count(id) count,`equipment_id` FROM `tbl_game_log` WHERE ( end_time between 1529337600 and 1529423999 && got_gift=1 && type=('gold') ) GROUP BY equipment_id  [ RunTime:0.0010s ]
NOTIC: [8] Undefined index: gold_game_win_times D:\workspace\machine\Application\Common\Common\function.php 第 259 行.
NOTIC: [8] Undefined index: gold_game_win_times D:\workspace\machine\Application\Common\Common\function.php 第 259 行.
NOTIC: [8] Undefined index: gold_game_win_times D:\workspace\machine\Application\Common\Common\function.php 第 259 行.
NOTIC: [8] Undefined index: gold_game_win_times D:\workspace\machine\Application\Common\Common\function.php 第 259 行.
NOTIC: [8] Undefined index: gold_game_win_times D:\workspace\machine\Application\Common\Common\function.php 第 259 行.
NOTIC: [8] Undefined index: gold_game_win_times D:\workspace\machine\Application\Common\Common\function.php 第 259 行.
NOTIC: [8] Undefined index: gold_game_win_times D:\workspace\machine\Application\Common\Common\function.php 第 259 行.
SQL: SELECT count(id) count,`equipment_id` FROM `tbl_game_log` WHERE ( end_time between 1529337600 and 1529423999 && got_gift=1 && type=('silver') ) GROUP BY equipment_id  [ RunTime:0.0000s ]
NOTIC: [8] Undefined index: silver_game_win_times D:\workspace\machine\Application\Common\Common\function.php 第 259 行.
NOTIC: [8] Undefined index: silver_game_win_times D:\workspace\machine\Application\Common\Common\function.php 第 259 行.
NOTIC: [8] Undefined index: silver_game_win_times D:\workspace\machine\Application\Common\Common\function.php 第 259 行.
NOTIC: [8] Undefined index: silver_game_win_times D:\workspace\machine\Application\Common\Common\function.php 第 259 行.
NOTIC: [8] Undefined index: silver_game_win_times D:\workspace\machine\Application\Common\Common\function.php 第 259 行.
NOTIC: [8] Undefined index: silver_game_win_times D:\workspace\machine\Application\Common\Common\function.php 第 259 行.
SQL: SELECT count(id) count,`equipment_id` FROM `tbl_game_log` WHERE ( end_time between 1529337600 and 1529423999 && got_gift=0 && type=('gold') ) GROUP BY equipment_id  [ RunTime:0.0000s ]
NOTIC: [8] Undefined index: gold_game_lose_times D:\workspace\machine\Application\Common\Common\function.php 第 259 行.
NOTIC: [8] Undefined index: gold_game_lose_times D:\workspace\machine\Application\Common\Common\function.php 第 259 行.
NOTIC: [8] Undefined index: gold_game_lose_times D:\workspace\machine\Application\Common\Common\function.php 第 259 行.
NOTIC: [8] Undefined index: gold_game_lose_times D:\workspace\machine\Application\Common\Common\function.php 第 259 行.
NOTIC: [8] Undefined index: gold_game_lose_times D:\workspace\machine\Application\Common\Common\function.php 第 259 行.
NOTIC: [8] Undefined index: gold_game_lose_times D:\workspace\machine\Application\Common\Common\function.php 第 259 行.
NOTIC: [8] Undefined index: gold_game_lose_times D:\workspace\machine\Application\Common\Common\function.php 第 259 行.
SQL: SELECT count(id) count,`equipment_id` FROM `tbl_game_log` WHERE ( end_time between 1529337600 and 1529423999 && got_gift=0 && type=('silver') ) GROUP BY equipment_id  [ RunTime:0.0000s ]
NOTIC: [8] Undefined index: silver_game_lose_times D:\workspace\machine\Application\Common\Common\function.php 第 259 行.
NOTIC: [8] Undefined index: silver_game_lose_times D:\workspace\machine\Application\Common\Common\function.php 第 259 行.
NOTIC: [8] Undefined index: silver_game_lose_times D:\workspace\machine\Application\Common\Common\function.php 第 259 行.
NOTIC: [8] Undefined index: silver_game_lose_times D:\workspace\machine\Application\Common\Common\function.php 第 259 行.
NOTIC: [8] Undefined index: silver_game_lose_times D:\workspace\machine\Application\Common\Common\function.php 第 259 行.
NOTIC: [8] Undefined index: silver_game_lose_times D:\workspace\machine\Application\Common\Common\function.php 第 259 行.
NOTIC: [8] Undefined index: silver_game_lose_times D:\workspace\machine\Application\Common\Common\function.php 第 259 行.
SQL: SELECT count(id) count,`equipment_id` FROM `tbl_game_log` WHERE ( end_time between 1529337600 and 1529423999 && type=('gold') ) GROUP BY equipment_id  [ RunTime:0.0010s ]
NOTIC: [8] Undefined index: gold_game_times D:\workspace\machine\Application\Common\Common\function.php 第 259 行.
NOTIC: [8] Undefined index: gold_game_times D:\workspace\machine\Application\Common\Common\function.php 第 259 行.
NOTIC: [8] Undefined index: gold_game_times D:\workspace\machine\Application\Common\Common\function.php 第 259 行.
NOTIC: [8] Undefined index: gold_game_times D:\workspace\machine\Application\Common\Common\function.php 第 259 行.
NOTIC: [8] Undefined index: gold_game_times D:\workspace\machine\Application\Common\Common\function.php 第 259 行.
NOTIC: [8] Undefined index: gold_game_times D:\workspace\machine\Application\Common\Common\function.php 第 259 行.
NOTIC: [8] Undefined index: gold_game_times D:\workspace\machine\Application\Common\Common\function.php 第 259 行.
SQL: SELECT count(id) count,`equipment_id` FROM `tbl_game_log` WHERE ( end_time between 1529337600 and 1529423999 && type=('silver') ) GROUP BY equipment_id  [ RunTime:0.0010s ]
NOTIC: [8] Undefined index: silver_game_times D:\workspace\machine\Application\Common\Common\function.php 第 259 行.
NOTIC: [8] Undefined index: silver_game_times D:\workspace\machine\Application\Common\Common\function.php 第 259 行.
NOTIC: [8] Undefined index: silver_game_times D:\workspace\machine\Application\Common\Common\function.php 第 259 行.
NOTIC: [8] Undefined index: silver_game_times D:\workspace\machine\Application\Common\Common\function.php 第 259 行.
NOTIC: [8] Undefined index: silver_game_times D:\workspace\machine\Application\Common\Common\function.php 第 259 行.
NOTIC: [8] Undefined index: silver_game_times D:\workspace\machine\Application\Common\Common\function.php 第 259 行.
SQL: SHOW COLUMNS FROM `equipment_day_statistics` [ RunTime:0.0000s ]
SQL: INSERT INTO `equipment_day_statistics` (`equipment_id`,`run_count`,`success_number`,`fail_number`,`gold_game_win_times`,`silver_game_win_times`,`gold_game_lose_times`,`silver_game_lose_times`,`gold_game_times`,`silver_game_times`,`income_count`,`create_time`,`statistics_date`) VALUES ('2','1','1','0','0','1','0','0','0','1','100','1529461171','1529337600'),('8','0','0','0','0','0','0','0','0','0','0','1529461171','1529337600'),('9','0','0','0','0','0','0','0','0','0','0','1529461171','1529337600'),('10','0','0','0','0','0','0','0','0','0','0','1529461171','1529337600'),('11','0','0','0','0','0','0','0','0','0','0','1529461171','1529337600'),('12','0','0','0','0','0','0','0','0','0','0','1529461171','1529337600'),('13','0','0','0','0','0','0','0','0','0','0','1529461171','1529337600') [ RunTime:0.1370s ]
INFO: [ app_end ] --START--
INFO: Run Behavior\ShowPageTraceBehavior [ RunTime:0.001000s ]
INFO: [ app_end ] --END-- [ RunTime:0.001000s ]

[ 2018-06-20T10:28:09+08:00 ] 127.0.0.1 /Home/statistics/equipment_month_statistics
INFO: [ app_init ] --START--
INFO: Run Behavior\BuildLiteBehavior [ RunTime:0.000000s ]
INFO: [ app_init ] --END-- [ RunTime:0.000000s ]
INFO: [ app_begin ] --START--
INFO: Run Behavior\ReadHtmlCacheBehavior [ RunTime:0.001000s ]
INFO: [ app_begin ] --END-- [ RunTime:0.001000s ]
SQL: SHOW COLUMNS FROM `equipment_day_statistics` [ RunTime:0.0310s ]
SQL: SELECT * FROM `equipment_day_statistics` WHERE ( statistics_date between 1525104000 and 1527782399 )  [ RunTime:0.0000s ]
SQL: SHOW COLUMNS FROM `equipment` [ RunTime:0.0000s ]
SQL: SELECT id as equipment_id FROM `equipment`  [ RunTime:0.0010s ]
NOTIC: [8] Undefined index: hardware_failure_time D:\workspace\machine\Application\Home\Controller\StatisticsController.class.php 第 129 行.
NOTIC: [8] Undefined index: silver_game_times D:\workspace\machine\Application\Home\Controller\StatisticsController.class.php 第 129 行.
NOTIC: [8] Undefined index: gold_game_times D:\workspace\machine\Application\Home\Controller\StatisticsController.class.php 第 129 行.
NOTIC: [8] Undefined index: run_count D:\workspace\machine\Application\Home\Controller\StatisticsController.class.php 第 129 行.
NOTIC: [8] Undefined index: success_number D:\workspace\machine\Application\Home\Controller\StatisticsController.class.php 第 129 行.
NOTIC: [8] Undefined index: fail_number D:\workspace\machine\Application\Home\Controller\StatisticsController.class.php 第 129 行.
NOTIC: [8] Undefined index: silver_game_win_times D:\workspace\machine\Application\Home\Controller\StatisticsController.class.php 第 129 行.
NOTIC: [8] Undefined index: silver_game_lose_times D:\workspace\machine\Application\Home\Controller\StatisticsController.class.php 第 129 行.
NOTIC: [8] Undefined index: gold_game_win_times D:\workspace\machine\Application\Home\Controller\StatisticsController.class.php 第 129 行.
NOTIC: [8] Undefined index: gold_game_lose_times D:\workspace\machine\Application\Home\Controller\StatisticsController.class.php 第 129 行.
NOTIC: [8] Undefined index: gift_out_count D:\workspace\machine\Application\Home\Controller\StatisticsController.class.php 第 129 行.
NOTIC: [8] Undefined index: income_count D:\workspace\machine\Application\Home\Controller\StatisticsController.class.php 第 129 行.

[ 2018-06-20T10:28:57+08:00 ] 127.0.0.1 /Home/statistics/equipment_month_statistics
INFO: [ app_init ] --START--
INFO: Run Behavior\BuildLiteBehavior [ RunTime:0.000000s ]
INFO: [ app_init ] --END-- [ RunTime:0.001000s ]
INFO: [ app_begin ] --START--
INFO: Run Behavior\ReadHtmlCacheBehavior [ RunTime:0.000000s ]
INFO: [ app_begin ] --END-- [ RunTime:0.000000s ]
SQL: SHOW COLUMNS FROM `equipment_day_statistics` [ RunTime:0.0240s ]
SQL: SELECT * FROM `equipment_day_statistics`  [ RunTime:0.0010s ]
SQL: SHOW COLUMNS FROM `equipment` [ RunTime:0.0010s ]
SQL: SELECT id as equipment_id FROM `equipment`  [ RunTime:0.0010s ]
NOTIC: [8] Undefined index: hardware_failure_time D:\workspace\machine\Application\Home\Controller\StatisticsController.class.php 第 129 行.
NOTIC: [8] Undefined index: silver_game_times D:\workspace\machine\Application\Home\Controller\StatisticsController.class.php 第 129 行.
NOTIC: [8] Undefined index: gold_game_times D:\workspace\machine\Application\Home\Controller\StatisticsController.class.php 第 129 行.
NOTIC: [8] Undefined index: run_count D:\workspace\machine\Application\Home\Controller\StatisticsController.class.php 第 129 行.
NOTIC: [8] Undefined index: success_number D:\workspace\machine\Application\Home\Controller\StatisticsController.class.php 第 129 行.
NOTIC: [8] Undefined index: fail_number D:\workspace\machine\Application\Home\Controller\StatisticsController.class.php 第 129 行.
NOTIC: [8] Undefined index: silver_game_win_times D:\workspace\machine\Application\Home\Controller\StatisticsController.class.php 第 129 行.
NOTIC: [8] Undefined index: silver_game_lose_times D:\workspace\machine\Application\Home\Controller\StatisticsController.class.php 第 129 行.
NOTIC: [8] Undefined index: gold_game_win_times D:\workspace\machine\Application\Home\Controller\StatisticsController.class.php 第 129 行.
NOTIC: [8] Undefined index: gold_game_lose_times D:\workspace\machine\Application\Home\Controller\StatisticsController.class.php 第 129 行.
NOTIC: [8] Undefined index: gift_out_count D:\workspace\machine\Application\Home\Controller\StatisticsController.class.php 第 129 行.
NOTIC: [8] Undefined index: income_count D:\workspace\machine\Application\Home\Controller\StatisticsController.class.php 第 129 行.
NOTIC: [8] Undefined index: hardware_failure_time D:\workspace\machine\Application\Home\Controller\StatisticsController.class.php 第 129 行.
NOTIC: [8] Undefined index: silver_game_times D:\workspace\machine\Application\Home\Controller\StatisticsController.class.php 第 129 行.
NOTIC: [8] Undefined index: gold_game_times D:\workspace\machine\Application\Home\Controller\StatisticsController.class.php 第 129 行.
NOTIC: [8] Undefined index: run_count D:\workspace\machine\Application\Home\Controller\StatisticsController.class.php 第 129 行.
NOTIC: [8] Undefined index: success_number D:\workspace\machine\Application\Home\Controller\StatisticsController.class.php 第 129 行.
NOTIC: [8] Undefined index: fail_number D:\workspace\machine\Application\Home\Controller\StatisticsController.class.php 第 129 行.
NOTIC: [8] Undefined index: silver_game_win_times D:\workspace\machine\Application\Home\Controller\StatisticsController.class.php 第 129 行.
NOTIC: [8] Undefined index: silver_game_lose_times D:\workspace\machine\Application\Home\Controller\StatisticsController.class.php 第 129 行.
NOTIC: [8] Undefined index: gold_game_win_times D:\workspace\machine\Application\Home\Controller\StatisticsController.class.php 第 129 行.
NOTIC: [8] Undefined index: gold_game_lose_times D:\workspace\machine\Application\Home\Controller\StatisticsController.class.php 第 129 行.
NOTIC: [8] Undefined index: gift_out_count D:\workspace\machine\Application\Home\Controller\StatisticsController.class.php 第 129 行.
NOTIC: [8] Undefined index: income_count D:\workspace\machine\Application\Home\Controller\StatisticsController.class.php 第 129 行.
NOTIC: [8] Undefined index: hardware_failure_time D:\workspace\machine\Application\Home\Controller\StatisticsController.class.php 第 129 行.
NOTIC: [8] Undefined index: silver_game_times D:\workspace\machine\Application\Home\Controller\StatisticsController.class.php 第 129 行.
NOTIC: [8] Undefined index: gold_game_times D:\workspace\machine\Application\Home\Controller\StatisticsController.class.php 第 129 行.
NOTIC: [8] Undefined index: run_count D:\workspace\machine\Application\Home\Controller\StatisticsController.class.php 第 129 行.
NOTIC: [8] Undefined index: success_number D:\workspace\machine\Application\Home\Controller\StatisticsController.class.php 第 129 行.
NOTIC: [8] Undefined index: fail_number D:\workspace\machine\Application\Home\Controller\StatisticsController.class.php 第 129 行.
NOTIC: [8] Undefined index: silver_game_win_times D:\workspace\machine\Application\Home\Controller\StatisticsController.class.php 第 129 行.
NOTIC: [8] Undefined index: silver_game_lose_times D:\workspace\machine\Application\Home\Controller\StatisticsController.class.php 第 129 行.
NOTIC: [8] Undefined index: gold_game_win_times D:\workspace\machine\Application\Home\Controller\StatisticsController.class.php 第 129 行.
NOTIC: [8] Undefined index: gold_game_lose_times D:\workspace\machine\Application\Home\Controller\StatisticsController.class.php 第 129 行.
NOTIC: [8] Undefined index: gift_out_count D:\workspace\machine\Application\Home\Controller\StatisticsController.class.php 第 129 行.
NOTIC: [8] Undefined index: income_count D:\workspace\machine\Application\Home\Controller\StatisticsController.class.php 第 129 行.
NOTIC: [8] Undefined index: hardware_failure_time D:\workspace\machine\Application\Home\Controller\StatisticsController.class.php 第 129 行.
NOTIC: [8] Undefined index: silver_game_times D:\workspace\machine\Application\Home\Controller\StatisticsController.class.php 第 129 行.
NOTIC: [8] Undefined index: gold_game_times D:\workspace\machine\Application\Home\Controller\StatisticsController.class.php 第 129 行.
NOTIC: [8] Undefined index: run_count D:\workspace\machine\Application\Home\Controller\StatisticsController.class.php 第 129 行.
NOTIC: [8] Undefined index: success_number D:\workspace\machine\Application\Home\Controller\StatisticsController.class.php 第 129 行.
NOTIC: [8] Undefined index: fail_number D:\workspace\machine\Application\Home\Controller\StatisticsController.class.php 第 129 行.
NOTIC: [8] Undefined index: silver_game_win_times D:\workspace\machine\Application\Home\Controller\StatisticsController.class.php 第 129 行.
NOTIC: [8] Undefined index: silver_game_lose_times D:\workspace\machine\Application\Home\Controller\StatisticsController.class.php 第 129 行.
NOTIC: [8] Undefined index: gold_game_win_times D:\workspace\machine\Application\Home\Controller\StatisticsController.class.php 第 129 行.
NOTIC: [8] Undefined index: gold_game_lose_times D:\workspace\machine\Application\Home\Controller\StatisticsController.class.php 第 129 行.
NOTIC: [8] Undefined index: gift_out_count D:\workspace\machine\Application\Home\Controller\StatisticsController.class.php 第 129 行.
NOTIC: [8] Undefined index: income_count D:\workspace\machine\Application\Home\Controller\StatisticsController.class.php 第 129 行.
NOTIC: [8] Undefined index: hardware_failure_time D:\workspace\machine\Application\Home\Controller\StatisticsController.class.php 第 129 行.
NOTIC: [8] Undefined index: silver_game_times D:\workspace\machine\Application\Home\Controller\StatisticsController.class.php 第 129 行.
NOTIC: [8] Undefined index: gold_game_times D:\workspace\machine\Application\Home\Controller\StatisticsController.class.php 第 129 行.
NOTIC: [8] Undefined index: run_count D:\workspace\machine\Application\Home\Controller\StatisticsController.class.php 第 129 行.
NOTIC: [8] Undefined index: success_number D:\workspace\machine\Application\Home\Controller\StatisticsController.class.php 第 129 行.
NOTIC: [8] Undefined index: fail_number D:\workspace\machine\Application\Home\Controller\StatisticsController.class.php 第 129 行.
NOTIC: [8] Undefined index: silver_game_win_times D:\workspace\machine\Application\Home\Controller\StatisticsController.class.php 第 129 行.
NOTIC: [8] Undefined index: silver_game_lose_times D:\workspace\machine\Application\Home\Controller\StatisticsController.class.php 第 129 行.
NOTIC: [8] Undefined index: gold_game_win_times D:\workspace\machine\Application\Home\Controller\StatisticsController.class.php 第 129 行.
NOTIC: [8] Undefined index: gold_game_lose_times D:\workspace\machine\Application\Home\Controller\StatisticsController.class.php 第 129 行.
NOTIC: [8] Undefined index: gift_out_count D:\workspace\machine\Application\Home\Controller\StatisticsController.class.php 第 129 行.
NOTIC: [8] Undefined index: income_count D:\workspace\machine\Application\Home\Controller\StatisticsController.class.php 第 129 行.
NOTIC: [8] Undefined index: hardware_failure_time D:\workspace\machine\Application\Home\Controller\StatisticsController.class.php 第 129 行.
NOTIC: [8] Undefined index: silver_game_times D:\workspace\machine\Application\Home\Controller\StatisticsController.class.php 第 129 行.
NOTIC: [8] Undefined index: gold_game_times D:\workspace\machine\Application\Home\Controller\StatisticsController.class.php 第 129 行.
NOTIC: [8] Undefined index: run_count D:\workspace\machine\Application\Home\Controller\StatisticsController.class.php 第 129 行.
NOTIC: [8] Undefined index: success_number D:\workspace\machine\Application\Home\Controller\StatisticsController.class.php 第 129 行.
NOTIC: [8] Undefined index: fail_number D:\workspace\machine\Application\Home\Controller\StatisticsController.class.php 第 129 行.
NOTIC: [8] Undefined index: silver_game_win_times D:\workspace\machine\Application\Home\Controller\StatisticsController.class.php 第 129 行.
NOTIC: [8] Undefined index: silver_game_lose_times D:\workspace\machine\Application\Home\Controller\StatisticsController.class.php 第 129 行.
NOTIC: [8] Undefined index: gold_game_win_times D:\workspace\machine\Application\Home\Controller\StatisticsController.class.php 第 129 行.
NOTIC: [8] Undefined index: gold_game_lose_times D:\workspace\machine\Application\Home\Controller\StatisticsController.class.php 第 129 行.
NOTIC: [8] Undefined index: gift_out_count D:\workspace\machine\Application\Home\Controller\StatisticsController.class.php 第 129 行.
NOTIC: [8] Undefined index: income_count D:\workspace\machine\Application\Home\Controller\StatisticsController.class.php 第 129 行.
NOTIC: [8] Undefined index: hardware_failure_time D:\workspace\machine\Application\Home\Controller\StatisticsController.class.php 第 129 行.
NOTIC: [8] Undefined index: silver_game_times D:\workspace\machine\Application\Home\Controller\StatisticsController.class.php 第 129 行.
NOTIC: [8] Undefined index: gold_game_times D:\workspace\machine\Application\Home\Controller\StatisticsController.class.php 第 129 行.
NOTIC: [8] Undefined index: run_count D:\workspace\machine\Application\Home\Controller\StatisticsController.class.php 第 129 行.
NOTIC: [8] Undefined index: success_number D:\workspace\machine\Application\Home\Controller\StatisticsController.class.php 第 129 行.
NOTIC: [8] Undefined index: fail_number D:\workspace\machine\Application\Home\Controller\StatisticsController.class.php 第 129 行.
NOTIC: [8] Undefined index: silver_game_win_times D:\workspace\machine\Application\Home\Controller\StatisticsController.class.php 第 129 行.
NOTIC: [8] Undefined index: silver_game_lose_times D:\workspace\machine\Application\Home\Controller\StatisticsController.class.php 第 129 行.
NOTIC: [8] Undefined index: gold_game_win_times D:\workspace\machine\Application\Home\Controller\StatisticsController.class.php 第 129 行.
NOTIC: [8] Undefined index: gold_game_lose_times D:\workspace\machine\Application\Home\Controller\StatisticsController.class.php 第 129 行.
NOTIC: [8] Undefined index: gift_out_count D:\workspace\machine\Application\Home\Controller\StatisticsController.class.php 第 129 行.
NOTIC: [8] Undefined index: income_count D:\workspace\machine\Application\Home\Controller\StatisticsController.class.php 第 129 行.

[ 2018-06-20T10:41:15+08:00 ] 127.0.0.1 /index.php
INFO: [ app_init ] --START--
INFO: Run Behavior\BuildLiteBehavior [ RunTime:0.000000s ]
INFO: [ app_init ] --END-- [ RunTime:0.000000s ]
INFO: [ app_begin ] --START--
INFO: Run Behavior\ReadHtmlCacheBehavior [ RunTime:0.000000s ]
INFO: [ app_begin ] --END-- [ RunTime:0.000000s ]

[ 2018-06-20T13:25:46+08:00 ] 127.0.0.1 /Home/statistics/equipment_month_statistics
INFO: [ app_init ] --START--
INFO: Run Behavior\BuildLiteBehavior [ RunTime:0.000000s ]
INFO: [ app_init ] --END-- [ RunTime:0.000000s ]
INFO: [ app_begin ] --START--
INFO: Run Behavior\ReadHtmlCacheBehavior [ RunTime:0.001000s ]
INFO: [ app_begin ] --END-- [ RunTime:0.001000s ]
SQL: SHOW COLUMNS FROM `equipment_day_statistics` [ RunTime:0.0300s ]
SQL: SELECT * FROM `equipment_day_statistics`  [ RunTime:0.0010s ]
SQL: SHOW COLUMNS FROM `equipment` [ RunTime:0.0070s ]
SQL: SELECT id as equipment_id FROM `equipment`  [ RunTime:0.0010s ]
NOTIC: [8] Undefined index: hardware_failure_time D:\workspace\machine\Application\Home\Controller\StatisticsController.class.php 第 129 行.
NOTIC: [8] Undefined index: silver_game_times D:\workspace\machine\Application\Home\Controller\StatisticsController.class.php 第 129 行.
NOTIC: [8] Undefined index: gold_game_times D:\workspace\machine\Application\Home\Controller\StatisticsController.class.php 第 129 行.
NOTIC: [8] Undefined index: run_count D:\workspace\machine\Application\Home\Controller\StatisticsController.class.php 第 129 行.
NOTIC: [8] Undefined index: success_number D:\workspace\machine\Application\Home\Controller\StatisticsController.class.php 第 129 行.
NOTIC: [8] Undefined index: fail_number D:\workspace\machine\Application\Home\Controller\StatisticsController.class.php 第 129 行.
NOTIC: [8] Undefined index: silver_game_win_times D:\workspace\machine\Application\Home\Controller\StatisticsController.class.php 第 129 行.
NOTIC: [8] Undefined index: silver_game_lose_times D:\workspace\machine\Application\Home\Controller\StatisticsController.class.php 第 129 行.
NOTIC: [8] Undefined index: gold_game_win_times D:\workspace\machine\Application\Home\Controller\StatisticsController.class.php 第 129 行.
NOTIC: [8] Undefined index: gold_game_lose_times D:\workspace\machine\Application\Home\Controller\StatisticsController.class.php 第 129 行.
NOTIC: [8] Undefined index: gift_out_count D:\workspace\machine\Application\Home\Controller\StatisticsController.class.php 第 129 行.
NOTIC: [8] Undefined index: income_count D:\workspace\machine\Application\Home\Controller\StatisticsController.class.php 第 129 行.
NOTIC: [8] Undefined index: hardware_failure_time D:\workspace\machine\Application\Home\Controller\StatisticsController.class.php 第 129 行.
NOTIC: [8] Undefined index: silver_game_times D:\workspace\machine\Application\Home\Controller\StatisticsController.class.php 第 129 行.
NOTIC: [8] Undefined index: gold_game_times D:\workspace\machine\Application\Home\Controller\StatisticsController.class.php 第 129 行.
NOTIC: [8] Undefined index: run_count D:\workspace\machine\Application\Home\Controller\StatisticsController.class.php 第 129 行.
NOTIC: [8] Undefined index: success_number D:\workspace\machine\Application\Home\Controller\StatisticsController.class.php 第 129 行.
NOTIC: [8] Undefined index: fail_number D:\workspace\machine\Application\Home\Controller\StatisticsController.class.php 第 129 行.
NOTIC: [8] Undefined index: silver_game_win_times D:\workspace\machine\Application\Home\Controller\StatisticsController.class.php 第 129 行.
NOTIC: [8] Undefined index: silver_game_lose_times D:\workspace\machine\Application\Home\Controller\StatisticsController.class.php 第 129 行.
NOTIC: [8] Undefined index: gold_game_win_times D:\workspace\machine\Application\Home\Controller\StatisticsController.class.php 第 129 行.
NOTIC: [8] Undefined index: gold_game_lose_times D:\workspace\machine\Application\Home\Controller\StatisticsController.class.php 第 129 行.
NOTIC: [8] Undefined index: gift_out_count D:\workspace\machine\Application\Home\Controller\StatisticsController.class.php 第 129 行.
NOTIC: [8] Undefined index: income_count D:\workspace\machine\Application\Home\Controller\StatisticsController.class.php 第 129 行.
NOTIC: [8] Undefined index: hardware_failure_time D:\workspace\machine\Application\Home\Controller\StatisticsController.class.php 第 129 行.
NOTIC: [8] Undefined index: silver_game_times D:\workspace\machine\Application\Home\Controller\StatisticsController.class.php 第 129 行.
NOTIC: [8] Undefined index: gold_game_times D:\workspace\machine\Application\Home\Controller\StatisticsController.class.php 第 129 行.
NOTIC: [8] Undefined index: run_count D:\workspace\machine\Application\Home\Controller\StatisticsController.class.php 第 129 行.
NOTIC: [8] Undefined index: success_number D:\workspace\machine\Application\Home\Controller\StatisticsController.class.php 第 129 行.
NOTIC: [8] Undefined index: fail_number D:\workspace\machine\Application\Home\Controller\StatisticsController.class.php 第 129 行.
NOTIC: [8] Undefined index: silver_game_win_times D:\workspace\machine\Application\Home\Controller\StatisticsController.class.php 第 129 行.
NOTIC: [8] Undefined index: silver_game_lose_times D:\workspace\machine\Application\Home\Controller\StatisticsController.class.php 第 129 行.
NOTIC: [8] Undefined index: gold_game_win_times D:\workspace\machine\Application\Home\Controller\StatisticsController.class.php 第 129 行.
NOTIC: [8] Undefined index: gold_game_lose_times D:\workspace\machine\Application\Home\Controller\StatisticsController.class.php 第 129 行.
NOTIC: [8] Undefined index: gift_out_count D:\workspace\machine\Application\Home\Controller\StatisticsController.class.php 第 129 行.
NOTIC: [8] Undefined index: income_count D:\workspace\machine\Application\Home\Controller\StatisticsController.class.php 第 129 行.
NOTIC: [8] Undefined index: hardware_failure_time D:\workspace\machine\Application\Home\Controller\StatisticsController.class.php 第 129 行.
NOTIC: [8] Undefined index: silver_game_times D:\workspace\machine\Application\Home\Controller\StatisticsController.class.php 第 129 行.
NOTIC: [8] Undefined index: gold_game_times D:\workspace\machine\Application\Home\Controller\StatisticsController.class.php 第 129 行.
NOTIC: [8] Undefined index: run_count D:\workspace\machine\Application\Home\Controller\StatisticsController.class.php 第 129 行.
NOTIC: [8] Undefined index: success_number D:\workspace\machine\Application\Home\Controller\StatisticsController.class.php 第 129 行.
NOTIC: [8] Undefined index: fail_number D:\workspace\machine\Application\Home\Controller\StatisticsController.class.php 第 129 行.
NOTIC: [8] Undefined index: silver_game_win_times D:\workspace\machine\Application\Home\Controller\StatisticsController.class.php 第 129 行.
NOTIC: [8] Undefined index: silver_game_lose_times D:\workspace\machine\Application\Home\Controller\StatisticsController.class.php 第 129 行.
NOTIC: [8] Undefined index: gold_game_win_times D:\workspace\machine\Application\Home\Controller\StatisticsController.class.php 第 129 行.
NOTIC: [8] Undefined index: gold_game_lose_times D:\workspace\machine\Application\Home\Controller\StatisticsController.class.php 第 129 行.
NOTIC: [8] Undefined index: gift_out_count D:\workspace\machine\Application\Home\Controller\StatisticsController.class.php 第 129 行.
NOTIC: [8] Undefined index: income_count D:\workspace\machine\Application\Home\Controller\StatisticsController.class.php 第 129 行.
NOTIC: [8] Undefined index: hardware_failure_time D:\workspace\machine\Application\Home\Controller\StatisticsController.class.php 第 129 行.
NOTIC: [8] Undefined index: silver_game_times D:\workspace\machine\Application\Home\Controller\StatisticsController.class.php 第 129 行.
NOTIC: [8] Undefined index: gold_game_times D:\workspace\machine\Application\Home\Controller\StatisticsController.class.php 第 129 行.
NOTIC: [8] Undefined index: run_count D:\workspace\machine\Application\Home\Controller\StatisticsController.class.php 第 129 行.
NOTIC: [8] Undefined index: success_number D:\workspace\machine\Application\Home\Controller\StatisticsController.class.php 第 129 行.
NOTIC: [8] Undefined index: fail_number D:\workspace\machine\Application\Home\Controller\StatisticsController.class.php 第 129 行.
NOTIC: [8] Undefined index: silver_game_win_times D:\workspace\machine\Application\Home\Controller\StatisticsController.class.php 第 129 行.
NOTIC: [8] Undefined index: silver_game_lose_times D:\workspace\machine\Application\Home\Controller\StatisticsController.class.php 第 129 行.
NOTIC: [8] Undefined index: gold_game_win_times D:\workspace\machine\Application\Home\Controller\StatisticsController.class.php 第 129 行.
NOTIC: [8] Undefined index: gold_game_lose_times D:\workspace\machine\Application\Home\Controller\StatisticsController.class.php 第 129 行.
NOTIC: [8] Undefined index: gift_out_count D:\workspace\machine\Application\Home\Controller\StatisticsController.class.php 第 129 行.
NOTIC: [8] Undefined index: income_count D:\workspace\machine\Application\Home\Controller\StatisticsController.class.php 第 129 行.
NOTIC: [8] Undefined index: hardware_failure_time D:\workspace\machine\Application\Home\Controller\StatisticsController.class.php 第 129 行.
NOTIC: [8] Undefined index: silver_game_times D:\workspace\machine\Application\Home\Controller\StatisticsController.class.php 第 129 行.
NOTIC: [8] Undefined index: gold_game_times D:\workspace\machine\Application\Home\Controller\StatisticsController.class.php 第 129 行.
NOTIC: [8] Undefined index: run_count D:\workspace\machine\Application\Home\Controller\StatisticsController.class.php 第 129 行.
NOTIC: [8] Undefined index: success_number D:\workspace\machine\Application\Home\Controller\StatisticsController.class.php 第 129 行.
NOTIC: [8] Undefined index: fail_number D:\workspace\machine\Application\Home\Controller\StatisticsController.class.php 第 129 行.
NOTIC: [8] Undefined index: silver_game_win_times D:\workspace\machine\Application\Home\Controller\StatisticsController.class.php 第 129 行.
NOTIC: [8] Undefined index: silver_game_lose_times D:\workspace\machine\Application\Home\Controller\StatisticsController.class.php 第 129 行.
NOTIC: [8] Undefined index: gold_game_win_times D:\workspace\machine\Application\Home\Controller\StatisticsController.class.php 第 129 行.
NOTIC: [8] Undefined index: gold_game_lose_times D:\workspace\machine\Application\Home\Controller\StatisticsController.class.php 第 129 行.
NOTIC: [8] Undefined index: gift_out_count D:\workspace\machine\Application\Home\Controller\StatisticsController.class.php 第 129 行.
NOTIC: [8] Undefined index: income_count D:\workspace\machine\Application\Home\Controller\StatisticsController.class.php 第 129 行.
NOTIC: [8] Undefined index: hardware_failure_time D:\workspace\machine\Application\Home\Controller\StatisticsController.class.php 第 129 行.
NOTIC: [8] Undefined index: silver_game_times D:\workspace\machine\Application\Home\Controller\StatisticsController.class.php 第 129 行.
NOTIC: [8] Undefined index: gold_game_times D:\workspace\machine\Application\Home\Controller\StatisticsController.class.php 第 129 行.
NOTIC: [8] Undefined index: run_count D:\workspace\machine\Application\Home\Controller\StatisticsController.class.php 第 129 行.
NOTIC: [8] Undefined index: success_number D:\workspace\machine\Application\Home\Controller\StatisticsController.class.php 第 129 行.
NOTIC: [8] Undefined index: fail_number D:\workspace\machine\Application\Home\Controller\StatisticsController.class.php 第 129 行.
NOTIC: [8] Undefined index: silver_game_win_times D:\workspace\machine\Application\Home\Controller\StatisticsController.class.php 第 129 行.
NOTIC: [8] Undefined index: silver_game_lose_times D:\workspace\machine\Application\Home\Controller\StatisticsController.class.php 第 129 行.
NOTIC: [8] Undefined index: gold_game_win_times D:\workspace\machine\Application\Home\Controller\StatisticsController.class.php 第 129 行.
NOTIC: [8] Undefined index: gold_game_lose_times D:\workspace\machine\Application\Home\Controller\StatisticsController.class.php 第 129 行.
NOTIC: [8] Undefined index: gift_out_count D:\workspace\machine\Application\Home\Controller\StatisticsController.class.php 第 129 行.
NOTIC: [8] Undefined index: income_count D:\workspace\machine\Application\Home\Controller\StatisticsController.class.php 第 129 行.

[ 2018-06-20T15:17:51+08:00 ] 127.0.0.1 /
INFO: [ app_init ] --START--
INFO: Run Behavior\BuildLiteBehavior [ RunTime:0.000000s ]
INFO: [ app_init ] --END-- [ RunTime:0.001000s ]
INFO: [ app_begin ] --START--
INFO: Run Behavior\ReadHtmlCacheBehavior [ RunTime:0.001000s ]
INFO: [ app_begin ] --END-- [ RunTime:0.001000s ]

[ 2018-06-20T16:39:44+08:00 ] 127.0.0.1 /index.php
INFO: [ app_init ] --START--
INFO: Run Behavior\BuildLiteBehavior [ RunTime:0.000000s ]
INFO: [ app_init ] --END-- [ RunTime:0.000000s ]
INFO: [ app_begin ] --START--
INFO: Run Behavior\ReadHtmlCacheBehavior [ RunTime:0.000000s ]
INFO: [ app_begin ] --END-- [ RunTime:0.001000s ]

[ 2018-06-20T18:00:51+08:00 ] 127.0.0.1 /index.php
INFO: [ app_init ] --START--
INFO: Run Behavior\BuildLiteBehavior [ RunTime:0.000000s ]
INFO: [ app_init ] --END-- [ RunTime:0.001000s ]
INFO: [ app_begin ] --START--
INFO: Run Behavior\ReadHtmlCacheBehavior [ RunTime:0.000000s ]
INFO: [ app_begin ] --END-- [ RunTime:0.000000s ]

[ 2018-06-20T18:02:57+08:00 ] 127.0.0.1 /Home/
INFO: [ app_init ] --START--
INFO: Run Behavior\BuildLiteBehavior [ RunTime:0.000000s ]
INFO: [ app_init ] --END-- [ RunTime:0.000000s ]
INFO: [ app_begin ] --START--
INFO: Run Behavior\ReadHtmlCacheBehavior [ RunTime:0.000000s ]
INFO: [ app_begin ] --END-- [ RunTime:0.000000s ]

