[ 2018-06-28T09:25:54+08:00 ] 127.0.0.1 /Home/Core/days
INFO: [ app_init ] --START--
INFO: Run Behavior\BuildLiteBehavior [ RunTime:0.000011s ]
INFO: [ app_init ] --END-- [ RunTime:0.000320s ]
INFO: [ app_begin ] --START--
INFO: Run Behavior\ReadHtmlCacheBehavior [ RunTime:0.000744s ]
INFO: [ app_begin ] --END-- [ RunTime:0.000801s ]
SQL: SHOW COLUMNS FROM `manager` [ RunTime:0.0013s ]
SQL: SELECT `id` FROM `manager`  [ RunTime:0.0005s ]
SQL: SHOW COLUMNS FROM `equipment` [ RunTime:0.0013s ]
SQL: SELECT FROM_UNIXTIME(t2.statistics_date,'%Y%m%d') days,t2.*,t1.name,t3.id as pid,t3.username FROM equipment t1 left join equipment_day_statistics t2 on t2.equipment_id = t1.id left join manager as t3 on t3.id = t1.pid  WHERE ( t2.statistics_date between 1530028800 and 1530115199 )  [ RunTime:0.0013s ]

[ 2018-06-28T09:26:03+08:00 ] 127.0.0.1 /Home/Core/index
INFO: [ app_init ] --START--
INFO: Run Behavior\BuildLiteBehavior [ RunTime:0.000016s ]
INFO: [ app_init ] --END-- [ RunTime:0.000407s ]
INFO: [ app_begin ] --START--
INFO: Run Behavior\ReadHtmlCacheBehavior [ RunTime:0.000593s ]
INFO: [ app_begin ] --END-- [ RunTime:0.000660s ]
SQL: SHOW COLUMNS FROM `equipment` [ RunTime:0.0013s ]
SQL: SELECT t1.pid as manager_id,t1.id as equipment_id,t2.price,1530028800 as statistics_data FROM equipment t1 left join goods as t2 on t1.goods_id=t2.id   [ RunTime:0.0009s ]
SQL: SHOW COLUMNS FROM `tbl_game_log` [ RunTime:0.0010s ]
SQL: SELECT count(id) count,`equipment_id` FROM `tbl_game_log` WHERE ( end_time between 1530028800 and 1530115199 ) GROUP BY equipment_id  [ RunTime:0.0008s ]
NOTIC: [8] Undefined index: run_count C:\phpStudy\workspace\machine\Application\Common\Common\function.php 第 259 行.
NOTIC: [8] Undefined index: run_count C:\phpStudy\workspace\machine\Application\Common\Common\function.php 第 259 行.
NOTIC: [8] Undefined index: run_count C:\phpStudy\workspace\machine\Application\Common\Common\function.php 第 259 行.
NOTIC: [8] Undefined index: run_count C:\phpStudy\workspace\machine\Application\Common\Common\function.php 第 259 行.
NOTIC: [8] Undefined index: run_count C:\phpStudy\workspace\machine\Application\Common\Common\function.php 第 259 行.
NOTIC: [8] Undefined index: run_count C:\phpStudy\workspace\machine\Application\Common\Common\function.php 第 259 行.
SQL: SELECT count(id) count,`equipment_id` FROM `tbl_game_log` WHERE ( end_time between 1530028800 and 1530115199 && got_gift=1 ) GROUP BY equipment_id  [ RunTime:0.0008s ]
NOTIC: [8] Undefined index: success_number C:\phpStudy\workspace\machine\Application\Common\Common\function.php 第 259 行.
NOTIC: [8] Undefined index: success_number C:\phpStudy\workspace\machine\Application\Common\Common\function.php 第 259 行.
NOTIC: [8] Undefined index: success_number C:\phpStudy\workspace\machine\Application\Common\Common\function.php 第 259 行.
NOTIC: [8] Undefined index: success_number C:\phpStudy\workspace\machine\Application\Common\Common\function.php 第 259 行.
NOTIC: [8] Undefined index: success_number C:\phpStudy\workspace\machine\Application\Common\Common\function.php 第 259 行.
NOTIC: [8] Undefined index: success_number C:\phpStudy\workspace\machine\Application\Common\Common\function.php 第 259 行.
NOTIC: [8] Undefined index: success_number C:\phpStudy\workspace\machine\Application\Common\Common\function.php 第 259 行.
SQL: SELECT count(id) count,`equipment_id` FROM `tbl_game_log` WHERE ( end_time between 1530028800 and 1530115199 && got_gift=0 ) GROUP BY equipment_id  [ RunTime:0.0007s ]
NOTIC: [8] Undefined index: fail_number C:\phpStudy\workspace\machine\Application\Common\Common\function.php 第 259 行.
NOTIC: [8] Undefined index: fail_number C:\phpStudy\workspace\machine\Application\Common\Common\function.php 第 259 行.
NOTIC: [8] Undefined index: fail_number C:\phpStudy\workspace\machine\Application\Common\Common\function.php 第 259 行.
NOTIC: [8] Undefined index: fail_number C:\phpStudy\workspace\machine\Application\Common\Common\function.php 第 259 行.
NOTIC: [8] Undefined index: fail_number C:\phpStudy\workspace\machine\Application\Common\Common\function.php 第 259 行.
NOTIC: [8] Undefined index: fail_number C:\phpStudy\workspace\machine\Application\Common\Common\function.php 第 259 行.
SQL: SELECT count(id) count,`equipment_id` FROM `tbl_game_log` WHERE ( end_time between 1530028800 and 1530115199 && got_gift=1 && type=('gold') ) GROUP BY equipment_id  [ RunTime:0.0008s ]
NOTIC: [8] Undefined index: gold_game_win_times C:\phpStudy\workspace\machine\Application\Common\Common\function.php 第 259 行.
NOTIC: [8] Undefined index: gold_game_win_times C:\phpStudy\workspace\machine\Application\Common\Common\function.php 第 259 行.
NOTIC: [8] Undefined index: gold_game_win_times C:\phpStudy\workspace\machine\Application\Common\Common\function.php 第 259 行.
NOTIC: [8] Undefined index: gold_game_win_times C:\phpStudy\workspace\machine\Application\Common\Common\function.php 第 259 行.
NOTIC: [8] Undefined index: gold_game_win_times C:\phpStudy\workspace\machine\Application\Common\Common\function.php 第 259 行.
NOTIC: [8] Undefined index: gold_game_win_times C:\phpStudy\workspace\machine\Application\Common\Common\function.php 第 259 行.
NOTIC: [8] Undefined index: gold_game_win_times C:\phpStudy\workspace\machine\Application\Common\Common\function.php 第 259 行.
SQL: SELECT count(id) count,`equipment_id` FROM `tbl_game_log` WHERE ( end_time between 1530028800 and 1530115199 && got_gift=1 && type=('silver') ) GROUP BY equipment_id  [ RunTime:0.0009s ]
NOTIC: [8] Undefined index: silver_game_win_times C:\phpStudy\workspace\machine\Application\Common\Common\function.php 第 259 行.
NOTIC: [8] Undefined index: silver_game_win_times C:\phpStudy\workspace\machine\Application\Common\Common\function.php 第 259 行.
NOTIC: [8] Undefined index: silver_game_win_times C:\phpStudy\workspace\machine\Application\Common\Common\function.php 第 259 行.
NOTIC: [8] Undefined index: silver_game_win_times C:\phpStudy\workspace\machine\Application\Common\Common\function.php 第 259 行.
NOTIC: [8] Undefined index: silver_game_win_times C:\phpStudy\workspace\machine\Application\Common\Common\function.php 第 259 行.
NOTIC: [8] Undefined index: silver_game_win_times C:\phpStudy\workspace\machine\Application\Common\Common\function.php 第 259 行.
NOTIC: [8] Undefined index: silver_game_win_times C:\phpStudy\workspace\machine\Application\Common\Common\function.php 第 259 行.
SQL: SELECT count(id) count,`equipment_id` FROM `tbl_game_log` WHERE ( end_time between 1530028800 and 1530115199 && got_gift=0 && type=('gold') ) GROUP BY equipment_id  [ RunTime:0.0011s ]
NOTIC: [8] Undefined index: gold_game_lose_times C:\phpStudy\workspace\machine\Application\Common\Common\function.php 第 259 行.
NOTIC: [8] Undefined index: gold_game_lose_times C:\phpStudy\workspace\machine\Application\Common\Common\function.php 第 259 行.
NOTIC: [8] Undefined index: gold_game_lose_times C:\phpStudy\workspace\machine\Application\Common\Common\function.php 第 259 行.
NOTIC: [8] Undefined index: gold_game_lose_times C:\phpStudy\workspace\machine\Application\Common\Common\function.php 第 259 行.
NOTIC: [8] Undefined index: gold_game_lose_times C:\phpStudy\workspace\machine\Application\Common\Common\function.php 第 259 行.
NOTIC: [8] Undefined index: gold_game_lose_times C:\phpStudy\workspace\machine\Application\Common\Common\function.php 第 259 行.
SQL: SELECT count(id) count,`equipment_id` FROM `tbl_game_log` WHERE ( end_time between 1530028800 and 1530115199 && got_gift=0 && type=('silver') ) GROUP BY equipment_id  [ RunTime:0.0008s ]
NOTIC: [8] Undefined index: silver_game_lose_times C:\phpStudy\workspace\machine\Application\Common\Common\function.php 第 259 行.
NOTIC: [8] Undefined index: silver_game_lose_times C:\phpStudy\workspace\machine\Application\Common\Common\function.php 第 259 行.
NOTIC: [8] Undefined index: silver_game_lose_times C:\phpStudy\workspace\machine\Application\Common\Common\function.php 第 259 行.
NOTIC: [8] Undefined index: silver_game_lose_times C:\phpStudy\workspace\machine\Application\Common\Common\function.php 第 259 行.
NOTIC: [8] Undefined index: silver_game_lose_times C:\phpStudy\workspace\machine\Application\Common\Common\function.php 第 259 行.
NOTIC: [8] Undefined index: silver_game_lose_times C:\phpStudy\workspace\machine\Application\Common\Common\function.php 第 259 行.
NOTIC: [8] Undefined index: silver_game_lose_times C:\phpStudy\workspace\machine\Application\Common\Common\function.php 第 259 行.
SQL: SELECT count(id) count,`equipment_id` FROM `tbl_game_log` WHERE ( end_time between 1530028800 and 1530115199 && type=('gold') ) GROUP BY equipment_id  [ RunTime:0.0008s ]
NOTIC: [8] Undefined index: gold_game_times C:\phpStudy\workspace\machine\Application\Common\Common\function.php 第 259 行.
NOTIC: [8] Undefined index: gold_game_times C:\phpStudy\workspace\machine\Application\Common\Common\function.php 第 259 行.
NOTIC: [8] Undefined index: gold_game_times C:\phpStudy\workspace\machine\Application\Common\Common\function.php 第 259 行.
NOTIC: [8] Undefined index: gold_game_times C:\phpStudy\workspace\machine\Application\Common\Common\function.php 第 259 行.
NOTIC: [8] Undefined index: gold_game_times C:\phpStudy\workspace\machine\Application\Common\Common\function.php 第 259 行.
NOTIC: [8] Undefined index: gold_game_times C:\phpStudy\workspace\machine\Application\Common\Common\function.php 第 259 行.
SQL: SELECT count(id) count,`equipment_id` FROM `tbl_game_log` WHERE ( end_time between 1530028800 and 1530115199 && type=('silver') ) GROUP BY equipment_id  [ RunTime:0.0008s ]
NOTIC: [8] Undefined index: silver_game_times C:\phpStudy\workspace\machine\Application\Common\Common\function.php 第 259 行.
NOTIC: [8] Undefined index: silver_game_times C:\phpStudy\workspace\machine\Application\Common\Common\function.php 第 259 行.
NOTIC: [8] Undefined index: silver_game_times C:\phpStudy\workspace\machine\Application\Common\Common\function.php 第 259 行.
NOTIC: [8] Undefined index: silver_game_times C:\phpStudy\workspace\machine\Application\Common\Common\function.php 第 259 行.
NOTIC: [8] Undefined index: silver_game_times C:\phpStudy\workspace\machine\Application\Common\Common\function.php 第 259 行.
NOTIC: [8] Undefined index: silver_game_times C:\phpStudy\workspace\machine\Application\Common\Common\function.php 第 259 行.
NOTIC: [8] Undefined index: silver_game_times C:\phpStudy\workspace\machine\Application\Common\Common\function.php 第 259 行.
SQL: SHOW COLUMNS FROM `equipment_day_statistics` [ RunTime:0.0008s ]
SQL: INSERT INTO `equipment_day_statistics` (`equipment_id`,`run_count`,`success_number`,`fail_number`,`gold_game_win_times`,`silver_game_win_times`,`gold_game_lose_times`,`silver_game_lose_times`,`gold_game_times`,`silver_game_times`,`income_count`,`create_time`,`statistics_date`) VALUES ('8','0','0','0','0','0','0','0','0','0','0','1530149163','1530028800'),('11','0','0','0','0','0','0','0','0','0','0','1530149163','1530028800'),('9','0','0','0','0','0','0','0','0','0','0','1530149163','1530028800'),('10','0','0','0','0','0','0','0','0','0','0','1530149163','1530028800'),('12','0','0','0','0','0','0','0','0','0','0','1530149163','1530028800'),('13','0','0','0','0','0','0','0','0','0','0','1530149163','1530028800'),('2','4','0','4','0','0','4','0','4','0','400','1530149163','1530028800') [ RunTime:0.0432s ]
INFO: [ app_end ] --START--
INFO: Run Behavior\ShowPageTraceBehavior [ RunTime:0.000777s ]
INFO: [ app_end ] --END-- [ RunTime:0.000850s ]

[ 2018-06-28T09:26:34+08:00 ] 127.0.0.1 /Home/Core/days
INFO: [ app_init ] --START--
INFO: Run Behavior\BuildLiteBehavior [ RunTime:0.000011s ]
INFO: [ app_init ] --END-- [ RunTime:0.000348s ]
INFO: [ app_begin ] --START--
INFO: Run Behavior\ReadHtmlCacheBehavior [ RunTime:0.000538s ]
INFO: [ app_begin ] --END-- [ RunTime:0.000584s ]
SQL: SHOW COLUMNS FROM `manager` [ RunTime:0.0011s ]
SQL: SELECT `id` FROM `manager`  [ RunTime:0.0004s ]
SQL: SHOW COLUMNS FROM `equipment` [ RunTime:0.0011s ]
SQL: SELECT FROM_UNIXTIME(t2.statistics_date,'%Y%m%d') days,t2.*,t1.name,t3.id as pid,t3.username FROM equipment t1 left join equipment_day_statistics t2 on t2.equipment_id = t1.id left join manager as t3 on t3.id = t1.pid  WHERE ( t2.statistics_date between 1530028800 and 1530115199 )  [ RunTime:0.0015s ]
SQL: SHOW COLUMNS FROM `partner_day_statistics` [ RunTime:0.0010s ]
SQL: INSERT INTO `partner_day_statistics` (`statistics_date`,`pid`,`hardware_failure_time`,`silver_game_times`,`gold_game_times`,`run_count`,`success_number`,`fail_number`,`silver_game_win_times`,`silver_game_lose_times`,`gold_game_win_times`,`gold_game_lose_times`,`gift_out_count`,`income_count`,`create_time`) VALUES ('1530028800','1','0','0','4','4','0','4','0','0','0','4','0','400','1530149194'),('1530028800','4','0','0','0','0','0','0','0','0','0','0','0','0','1530149194') [ RunTime:0.0455s ]
INFO: [ app_end ] --START--
INFO: Run Behavior\ShowPageTraceBehavior [ RunTime:0.000781s ]
INFO: [ app_end ] --END-- [ RunTime:0.000819s ]

[ 2018-06-28T09:27:36+08:00 ] 127.0.0.1 /Home/Core/days
INFO: [ app_init ] --START--
INFO: Run Behavior\BuildLiteBehavior [ RunTime:0.000011s ]
INFO: [ app_init ] --END-- [ RunTime:0.000312s ]
INFO: [ app_begin ] --START--
INFO: Run Behavior\ReadHtmlCacheBehavior [ RunTime:0.000534s ]
INFO: [ app_begin ] --END-- [ RunTime:0.000572s ]
SQL: SHOW COLUMNS FROM `manager` [ RunTime:0.0014s ]
SQL: SELECT `id` FROM `manager`  [ RunTime:0.0005s ]
SQL: SHOW COLUMNS FROM `equipment` [ RunTime:0.0012s ]
SQL: SELECT FROM_UNIXTIME(t2.statistics_date,'%Y%m%d') days,t2.*,t1.name,t3.id as pid,t3.username FROM equipment t1 left join equipment_day_statistics t2 on t2.equipment_id = t1.id left join manager as t3 on t3.id = t1.pid  WHERE ( t2.statistics_date between 1530028800 and 1530115199 )  [ RunTime:0.0015s ]

[ 2018-06-28T09:28:42+08:00 ] 127.0.0.1 /Home/Core/days
INFO: [ app_init ] --START--
INFO: Run Behavior\BuildLiteBehavior [ RunTime:0.000012s ]
INFO: [ app_init ] --END-- [ RunTime:0.000274s ]
INFO: [ app_begin ] --START--
INFO: Run Behavior\ReadHtmlCacheBehavior [ RunTime:0.000421s ]
INFO: [ app_begin ] --END-- [ RunTime:0.000456s ]
SQL: SHOW COLUMNS FROM `manager` [ RunTime:0.0012s ]
SQL: SELECT `id` FROM `manager`  [ RunTime:0.0006s ]
SQL: SHOW COLUMNS FROM `equipment` [ RunTime:0.0015s ]
SQL: SELECT FROM_UNIXTIME(t2.statistics_date,'%Y%m%d') days,t2.*,t1.name,t3.id as pid,t3.username FROM equipment t1 left join equipment_day_statistics t2 on t2.equipment_id = t1.id left join manager as t3 on t3.id = t1.pid  WHERE ( t2.statistics_date between 1530028800 and 1530115199 )  [ RunTime:0.0015s ]
SQL: SHOW COLUMNS FROM `partner_day_statistics` [ RunTime:0.0011s ]
SQL: INSERT INTO `partner_day_statistics` (`statistics_date`,`pid`,`hardware_failure_time`,`silver_game_times`,`gold_game_times`,`run_count`,`success_number`,`fail_number`,`silver_game_win_times`,`silver_game_lose_times`,`gold_game_win_times`,`gold_game_lose_times`,`gift_out_count`,`income_count`,`create_time`) VALUES ('1530028800','4','0','0','4','4','0','4','0','0','0','4','0','400','1530149322') [ RunTime:0.0425s ]
INFO: [ app_end ] --START--
INFO: Run Behavior\ShowPageTraceBehavior [ RunTime:0.000885s ]
INFO: [ app_end ] --END-- [ RunTime:0.000931s ]

[ 2018-06-28T10:01:37+08:00 ] 127.0.0.1 /Home/Core/days
INFO: [ app_init ] --START--
INFO: Run Behavior\BuildLiteBehavior [ RunTime:0.000013s ]
INFO: [ app_init ] --END-- [ RunTime:0.000515s ]
INFO: [ app_begin ] --START--
INFO: Run Behavior\ReadHtmlCacheBehavior [ RunTime:0.000571s ]
INFO: [ app_begin ] --END-- [ RunTime:0.000625s ]
SQL: SHOW COLUMNS FROM `manager` [ RunTime:0.0013s ]
SQL: SELECT `id` FROM `manager`  [ RunTime:0.0005s ]
SQL: SHOW COLUMNS FROM `equipment` [ RunTime:0.0013s ]
SQL: SELECT FROM_UNIXTIME(t2.statistics_date,'%Y%m%d') days,t2.*,t1.name,t3.id as pid,t3.username FROM equipment t1 left join equipment_day_statistics t2 on t2.equipment_id = t1.id left join manager as t3 on t3.id = t1.pid  WHERE ( t2.statistics_date between 1530028800 and 1530115199 )  [ RunTime:0.0016s ]
SQL: SHOW COLUMNS FROM `partner_day_statistics` [ RunTime:0.0010s ]
SQL: INSERT INTO `partner_day_statistics` (`statistics_date`,`pid`,`hardware_failure_time`,`silver_game_times`,`gold_game_times`,`run_count`,`success_number`,`fail_number`,`silver_game_win_times`,`silver_game_lose_times`,`gold_game_win_times`,`gold_game_lose_times`,`gift_out_count`,`income_count`,`create_time`) VALUES ('1530028800','4','0','0','0','0','0','0','0','0','0','0','0','0','1530151297'),('1530028800',NULL,'0','0','0','0','0','0','0','0','0','0','0','0','1530151297'),('1530028800','1','0','0','4','4','0','4','0','0','0','4','0','400','1530151297'),('1530028800','5','0','0','0','0','0','0','0','0','0','0','0','0','1530151297') [ RunTime:0.0431s ]
INFO: [ app_end ] --START--
INFO: Run Behavior\ShowPageTraceBehavior [ RunTime:0.000890s ]
INFO: [ app_end ] --END-- [ RunTime:0.000936s ]

[ 2018-06-28T10:02:25+08:00 ] 127.0.0.1 /Home/Core/days
INFO: [ app_init ] --START--
INFO: Run Behavior\BuildLiteBehavior [ RunTime:0.000012s ]
INFO: [ app_init ] --END-- [ RunTime:0.000420s ]
INFO: [ app_begin ] --START--
INFO: Run Behavior\ReadHtmlCacheBehavior [ RunTime:0.000761s ]
INFO: [ app_begin ] --END-- [ RunTime:0.000819s ]
SQL: SHOW COLUMNS FROM `manager` [ RunTime:0.0012s ]
SQL: SELECT `id` FROM `manager`  [ RunTime:0.0004s ]
SQL: SHOW COLUMNS FROM `equipment` [ RunTime:0.0011s ]
SQL: SELECT FROM_UNIXTIME(t2.statistics_date,'%Y%m%d') days,t2.*,t1.name,t3.id as pid,t3.username FROM equipment t1 left join equipment_day_statistics t2 on t2.equipment_id = t1.id left join manager as t3 on t3.id = t1.pid  WHERE ( t2.statistics_date between 1530028800 and 1530115199 )  [ RunTime:0.0013s ]
SQL: SHOW COLUMNS FROM `partner_day_statistics` [ RunTime:0.0010s ]
SQL: INSERT INTO `partner_day_statistics` (`statistics_date`,`pid`,`hardware_failure_time`,`silver_game_times`,`gold_game_times`,`run_count`,`success_number`,`fail_number`,`silver_game_win_times`,`silver_game_lose_times`,`gold_game_win_times`,`gold_game_lose_times`,`gift_out_count`,`income_count`,`create_time`) VALUES ('1530028800','4','0','0','4','4','0','4','0','0','0','4','0','400','1530151345') [ RunTime:0.0374s ]
INFO: [ app_end ] --START--
INFO: Run Behavior\ShowPageTraceBehavior [ RunTime:0.000783s ]
INFO: [ app_end ] --END-- [ RunTime:0.000824s ]

[ 2018-06-28T17:33:30+08:00 ] 127.0.0.1 /Home/Weixinpay
INFO: [ app_init ] --START--
INFO: Run Behavior\BuildLiteBehavior [ RunTime:0.000012s ]
INFO: [ app_init ] --END-- [ RunTime:0.000454s ]
INFO: [ app_begin ] --START--
INFO: Run Behavior\ReadHtmlCacheBehavior [ RunTime:0.001141s ]
INFO: [ app_begin ] --END-- [ RunTime:0.001294s ]
ERR: 非法操作:index

[ 2018-06-28T17:34:00+08:00 ] 127.0.0.1 /Home/Weixinpay/pay
INFO: [ app_init ] --START--
INFO: Run Behavior\BuildLiteBehavior [ RunTime:0.000010s ]
INFO: [ app_init ] --END-- [ RunTime:0.000411s ]
INFO: [ app_begin ] --START--
INFO: Run Behavior\ReadHtmlCacheBehavior [ RunTime:0.000705s ]
INFO: [ app_begin ] --END-- [ RunTime:0.000752s ]

[ 2018-06-28T17:34:07+08:00 ] 127.0.0.1 /Home/Weixinpay
INFO: [ app_init ] --START--
INFO: Run Behavior\BuildLiteBehavior [ RunTime:0.000011s ]
INFO: [ app_init ] --END-- [ RunTime:0.000317s ]
INFO: [ app_begin ] --START--
INFO: Run Behavior\ReadHtmlCacheBehavior [ RunTime:0.000567s ]
INFO: [ app_begin ] --END-- [ RunTime:0.000608s ]
ERR: 非法操作:index

[ 2018-06-28T17:34:28+08:00 ] 127.0.0.1 /Home/Weixinpay/test
INFO: [ app_init ] --START--
INFO: Run Behavior\BuildLiteBehavior [ RunTime:0.000010s ]
INFO: [ app_init ] --END-- [ RunTime:0.000275s ]
INFO: [ app_begin ] --START--
INFO: Run Behavior\ReadHtmlCacheBehavior [ RunTime:0.000436s ]
INFO: [ app_begin ] --END-- [ RunTime:0.000473s ]
NOTIC: [8] Undefined variable: userid C:\phpStudy\workspace\machine\Application\Home\Controller\WeixinpayController.class.php 第 54 行.
NOTIC: [8] Undefined variable: amount C:\phpStudy\workspace\machine\Application\Home\Controller\WeixinpayController.class.php 第 55 行.

[ 2018-06-28T17:34:58+08:00 ] 127.0.0.1 /Home/Weixinpay/pay.html
INFO: [ app_init ] --START--
INFO: Run Behavior\BuildLiteBehavior [ RunTime:0.000013s ]
INFO: [ app_init ] --END-- [ RunTime:0.000389s ]
INFO: [ app_begin ] --START--
INFO: Run Behavior\ReadHtmlCacheBehavior [ RunTime:0.000553s ]
INFO: [ app_begin ] --END-- [ RunTime:0.000589s ]

[ 2018-06-28T17:35:06+08:00 ] 127.0.0.1 /Home/Weixinpay/test
INFO: [ app_init ] --START--
INFO: Run Behavior\BuildLiteBehavior [ RunTime:0.000033s ]
INFO: [ app_init ] --END-- [ RunTime:0.000772s ]
INFO: [ app_begin ] --START--
INFO: Run Behavior\ReadHtmlCacheBehavior [ RunTime:0.000723s ]
INFO: [ app_begin ] --END-- [ RunTime:0.000790s ]
NOTIC: [8] Undefined variable: userid C:\phpStudy\workspace\machine\Application\Home\Controller\WeixinpayController.class.php 第 54 行.
NOTIC: [8] Undefined variable: amount C:\phpStudy\workspace\machine\Application\Home\Controller\WeixinpayController.class.php 第 55 行.

[ 2018-06-28T17:35:06+08:00 ] 127.0.0.1 /Home/Weixinpay
INFO: [ app_init ] --START--
INFO: Run Behavior\BuildLiteBehavior [ RunTime:0.000015s ]
INFO: [ app_init ] --END-- [ RunTime:0.000424s ]
INFO: [ app_begin ] --START--
INFO: Run Behavior\ReadHtmlCacheBehavior [ RunTime:0.000612s ]
INFO: [ app_begin ] --END-- [ RunTime:0.000659s ]
ERR: 非法操作:index

[ 2018-06-28T17:35:18+08:00 ] 127.0.0.1 /Home/Weixinpay/pay.html
INFO: [ app_init ] --START--
INFO: Run Behavior\BuildLiteBehavior [ RunTime:0.000015s ]
INFO: [ app_init ] --END-- [ RunTime:0.000498s ]
INFO: [ app_begin ] --START--
INFO: Run Behavior\ReadHtmlCacheBehavior [ RunTime:0.000861s ]
INFO: [ app_begin ] --END-- [ RunTime:0.000957s ]

