[ 2018-06-22T10:11:57+08:00 ] 127.0.0.1 /Home/statistics/equipment_day_statistics
INFO: [ app_init ] --START--
INFO: Run Behavior\BuildLiteBehavior [ RunTime:0.000000s ]
INFO: [ app_init ] --END-- [ RunTime:0.010000s ]
INFO: [ app_begin ] --START--
INFO: Run Behavior\ReadHtmlCacheBehavior [ RunTime:0.012000s ]
INFO: [ app_begin ] --END-- [ RunTime:0.012000s ]
SQL: SHOW COLUMNS FROM `equipment` [ RunTime:0.0000s ]
SQL: SELECT t1.pid as manager_id,t1.id as equipment_id,t2.price,1529510400 as statistics_data FROM equipment t1 left join goods as t2 on t1.goods_id=t2.id   [ RunTime:0.0160s ]
SQL: SHOW COLUMNS FROM `tbl_game_log` [ RunTime:0.0000s ]
SQL: SELECT count(id) count,`equipment_id` FROM `tbl_game_log` WHERE ( end_time between 1529510400 and 1529596799 ) GROUP BY equipment_id  [ RunTime:0.0010s ]
NOTIC: [8] Undefined index: run_count D:\workspace\machine\Application\Common\Common\function.php 第 259 行.
NOTIC: [8] Undefined index: run_count D:\workspace\machine\Application\Common\Common\function.php 第 259 行.
NOTIC: [8] Undefined index: run_count D:\workspace\machine\Application\Common\Common\function.php 第 259 行.
NOTIC: [8] Undefined index: run_count D:\workspace\machine\Application\Common\Common\function.php 第 259 行.
NOTIC: [8] Undefined index: run_count D:\workspace\machine\Application\Common\Common\function.php 第 259 行.
SQL: SELECT count(id) count,`equipment_id` FROM `tbl_game_log` WHERE ( end_time between 1529510400 and 1529596799 && got_gift=1 ) GROUP BY equipment_id  [ RunTime:0.0000s ]
NOTIC: [8] Undefined index: success_number D:\workspace\machine\Application\Common\Common\function.php 第 259 行.
NOTIC: [8] Undefined index: success_number D:\workspace\machine\Application\Common\Common\function.php 第 259 行.
NOTIC: [8] Undefined index: success_number D:\workspace\machine\Application\Common\Common\function.php 第 259 行.
NOTIC: [8] Undefined index: success_number D:\workspace\machine\Application\Common\Common\function.php 第 259 行.
NOTIC: [8] Undefined index: success_number D:\workspace\machine\Application\Common\Common\function.php 第 259 行.
NOTIC: [8] Undefined index: success_number D:\workspace\machine\Application\Common\Common\function.php 第 259 行.
SQL: SELECT count(id) count,`equipment_id` FROM `tbl_game_log` WHERE ( end_time between 1529510400 and 1529596799 && got_gift=0 ) GROUP BY equipment_id  [ RunTime:0.0000s ]
NOTIC: [8] Undefined index: fail_number D:\workspace\machine\Application\Common\Common\function.php 第 259 行.
NOTIC: [8] Undefined index: fail_number D:\workspace\machine\Application\Common\Common\function.php 第 259 行.
NOTIC: [8] Undefined index: fail_number D:\workspace\machine\Application\Common\Common\function.php 第 259 行.
NOTIC: [8] Undefined index: fail_number D:\workspace\machine\Application\Common\Common\function.php 第 259 行.
NOTIC: [8] Undefined index: fail_number D:\workspace\machine\Application\Common\Common\function.php 第 259 行.
SQL: SELECT count(id) count,`equipment_id` FROM `tbl_game_log` WHERE ( end_time between 1529510400 and 1529596799 && got_gift=1 && type=('gold') ) GROUP BY equipment_id  [ RunTime:0.0760s ]
NOTIC: [8] Undefined index: gold_game_win_times D:\workspace\machine\Application\Common\Common\function.php 第 259 行.
NOTIC: [8] Undefined index: gold_game_win_times D:\workspace\machine\Application\Common\Common\function.php 第 259 行.
NOTIC: [8] Undefined index: gold_game_win_times D:\workspace\machine\Application\Common\Common\function.php 第 259 行.
NOTIC: [8] Undefined index: gold_game_win_times D:\workspace\machine\Application\Common\Common\function.php 第 259 行.
NOTIC: [8] Undefined index: gold_game_win_times D:\workspace\machine\Application\Common\Common\function.php 第 259 行.
NOTIC: [8] Undefined index: gold_game_win_times D:\workspace\machine\Application\Common\Common\function.php 第 259 行.
SQL: SELECT count(id) count,`equipment_id` FROM `tbl_game_log` WHERE ( end_time between 1529510400 and 1529596799 && got_gift=1 && type=('silver') ) GROUP BY equipment_id  [ RunTime:0.0010s ]
NOTIC: [8] Undefined index: silver_game_win_times D:\workspace\machine\Application\Common\Common\function.php 第 259 行.
NOTIC: [8] Undefined index: silver_game_win_times D:\workspace\machine\Application\Common\Common\function.php 第 259 行.
NOTIC: [8] Undefined index: silver_game_win_times D:\workspace\machine\Application\Common\Common\function.php 第 259 行.
NOTIC: [8] Undefined index: silver_game_win_times D:\workspace\machine\Application\Common\Common\function.php 第 259 行.
NOTIC: [8] Undefined index: silver_game_win_times D:\workspace\machine\Application\Common\Common\function.php 第 259 行.
NOTIC: [8] Undefined index: silver_game_win_times D:\workspace\machine\Application\Common\Common\function.php 第 259 行.
NOTIC: [8] Undefined index: silver_game_win_times D:\workspace\machine\Application\Common\Common\function.php 第 259 行.
SQL: SELECT count(id) count,`equipment_id` FROM `tbl_game_log` WHERE ( end_time between 1529510400 and 1529596799 && got_gift=0 && type=('gold') ) GROUP BY equipment_id  [ RunTime:0.0010s ]
NOTIC: [8] Undefined index: gold_game_lose_times D:\workspace\machine\Application\Common\Common\function.php 第 259 行.
NOTIC: [8] Undefined index: gold_game_lose_times D:\workspace\machine\Application\Common\Common\function.php 第 259 行.
NOTIC: [8] Undefined index: gold_game_lose_times D:\workspace\machine\Application\Common\Common\function.php 第 259 行.
NOTIC: [8] Undefined index: gold_game_lose_times D:\workspace\machine\Application\Common\Common\function.php 第 259 行.
NOTIC: [8] Undefined index: gold_game_lose_times D:\workspace\machine\Application\Common\Common\function.php 第 259 行.
SQL: SELECT count(id) count,`equipment_id` FROM `tbl_game_log` WHERE ( end_time between 1529510400 and 1529596799 && got_gift=0 && type=('silver') ) GROUP BY equipment_id  [ RunTime:0.0010s ]
NOTIC: [8] Undefined index: silver_game_lose_times D:\workspace\machine\Application\Common\Common\function.php 第 259 行.
NOTIC: [8] Undefined index: silver_game_lose_times D:\workspace\machine\Application\Common\Common\function.php 第 259 行.
NOTIC: [8] Undefined index: silver_game_lose_times D:\workspace\machine\Application\Common\Common\function.php 第 259 行.
NOTIC: [8] Undefined index: silver_game_lose_times D:\workspace\machine\Application\Common\Common\function.php 第 259 行.
NOTIC: [8] Undefined index: silver_game_lose_times D:\workspace\machine\Application\Common\Common\function.php 第 259 行.
NOTIC: [8] Undefined index: silver_game_lose_times D:\workspace\machine\Application\Common\Common\function.php 第 259 行.
NOTIC: [8] Undefined index: silver_game_lose_times D:\workspace\machine\Application\Common\Common\function.php 第 259 行.
SQL: SELECT count(id) count,`equipment_id` FROM `tbl_game_log` WHERE ( end_time between 1529510400 and 1529596799 && type=('gold') ) GROUP BY equipment_id  [ RunTime:0.0000s ]
NOTIC: [8] Undefined index: gold_game_times D:\workspace\machine\Application\Common\Common\function.php 第 259 行.
NOTIC: [8] Undefined index: gold_game_times D:\workspace\machine\Application\Common\Common\function.php 第 259 行.
NOTIC: [8] Undefined index: gold_game_times D:\workspace\machine\Application\Common\Common\function.php 第 259 行.
NOTIC: [8] Undefined index: gold_game_times D:\workspace\machine\Application\Common\Common\function.php 第 259 行.
NOTIC: [8] Undefined index: gold_game_times D:\workspace\machine\Application\Common\Common\function.php 第 259 行.
SQL: SELECT count(id) count,`equipment_id` FROM `tbl_game_log` WHERE ( end_time between 1529510400 and 1529596799 && type=('silver') ) GROUP BY equipment_id  [ RunTime:0.0000s ]
NOTIC: [8] Undefined index: silver_game_times D:\workspace\machine\Application\Common\Common\function.php 第 259 行.
NOTIC: [8] Undefined index: silver_game_times D:\workspace\machine\Application\Common\Common\function.php 第 259 行.
NOTIC: [8] Undefined index: silver_game_times D:\workspace\machine\Application\Common\Common\function.php 第 259 行.
NOTIC: [8] Undefined index: silver_game_times D:\workspace\machine\Application\Common\Common\function.php 第 259 行.
NOTIC: [8] Undefined index: silver_game_times D:\workspace\machine\Application\Common\Common\function.php 第 259 行.
NOTIC: [8] Undefined index: silver_game_times D:\workspace\machine\Application\Common\Common\function.php 第 259 行.
NOTIC: [8] Undefined index: silver_game_times D:\workspace\machine\Application\Common\Common\function.php 第 259 行.

[ 2018-06-22T10:12:05+08:00 ] 127.0.0.1 /Home/statistics/equipment_day_statistics
INFO: [ app_init ] --START--
INFO: Run Behavior\BuildLiteBehavior [ RunTime:0.000000s ]
INFO: [ app_init ] --END-- [ RunTime:0.001000s ]
INFO: [ app_begin ] --START--
INFO: Run Behavior\ReadHtmlCacheBehavior [ RunTime:0.001000s ]
INFO: [ app_begin ] --END-- [ RunTime:0.001000s ]
SQL: SHOW COLUMNS FROM `equipment` [ RunTime:0.0010s ]
SQL: SELECT t1.pid as manager_id,t1.id as equipment_id,t2.price,1529510400 as statistics_data FROM equipment t1 left join goods as t2 on t1.goods_id=t2.id   [ RunTime:0.0010s ]
SQL: SHOW COLUMNS FROM `tbl_game_log` [ RunTime:0.0000s ]
SQL: SELECT count(id) count,`equipment_id` FROM `tbl_game_log` WHERE ( end_time between 1529510400 and 1529596799 ) GROUP BY equipment_id  [ RunTime:0.0010s ]
NOTIC: [8] Undefined index: run_count D:\workspace\machine\Application\Common\Common\function.php 第 259 行.
NOTIC: [8] Undefined index: run_count D:\workspace\machine\Application\Common\Common\function.php 第 259 行.
NOTIC: [8] Undefined index: run_count D:\workspace\machine\Application\Common\Common\function.php 第 259 行.
NOTIC: [8] Undefined index: run_count D:\workspace\machine\Application\Common\Common\function.php 第 259 行.
NOTIC: [8] Undefined index: run_count D:\workspace\machine\Application\Common\Common\function.php 第 259 行.
SQL: SELECT count(id) count,`equipment_id` FROM `tbl_game_log` WHERE ( end_time between 1529510400 and 1529596799 && got_gift=1 ) GROUP BY equipment_id  [ RunTime:0.0000s ]
NOTIC: [8] Undefined index: success_number D:\workspace\machine\Application\Common\Common\function.php 第 259 行.
NOTIC: [8] Undefined index: success_number D:\workspace\machine\Application\Common\Common\function.php 第 259 行.
NOTIC: [8] Undefined index: success_number D:\workspace\machine\Application\Common\Common\function.php 第 259 行.
NOTIC: [8] Undefined index: success_number D:\workspace\machine\Application\Common\Common\function.php 第 259 行.
NOTIC: [8] Undefined index: success_number D:\workspace\machine\Application\Common\Common\function.php 第 259 行.
NOTIC: [8] Undefined index: success_number D:\workspace\machine\Application\Common\Common\function.php 第 259 行.
SQL: SELECT count(id) count,`equipment_id` FROM `tbl_game_log` WHERE ( end_time between 1529510400 and 1529596799 && got_gift=0 ) GROUP BY equipment_id  [ RunTime:0.0010s ]
NOTIC: [8] Undefined index: fail_number D:\workspace\machine\Application\Common\Common\function.php 第 259 行.
NOTIC: [8] Undefined index: fail_number D:\workspace\machine\Application\Common\Common\function.php 第 259 行.
NOTIC: [8] Undefined index: fail_number D:\workspace\machine\Application\Common\Common\function.php 第 259 行.
NOTIC: [8] Undefined index: fail_number D:\workspace\machine\Application\Common\Common\function.php 第 259 行.
NOTIC: [8] Undefined index: fail_number D:\workspace\machine\Application\Common\Common\function.php 第 259 行.
SQL: SELECT count(id) count,`equipment_id` FROM `tbl_game_log` WHERE ( end_time between 1529510400 and 1529596799 && got_gift=1 && type=('gold') ) GROUP BY equipment_id  [ RunTime:0.0000s ]
NOTIC: [8] Undefined index: gold_game_win_times D:\workspace\machine\Application\Common\Common\function.php 第 259 行.
NOTIC: [8] Undefined index: gold_game_win_times D:\workspace\machine\Application\Common\Common\function.php 第 259 行.
NOTIC: [8] Undefined index: gold_game_win_times D:\workspace\machine\Application\Common\Common\function.php 第 259 行.
NOTIC: [8] Undefined index: gold_game_win_times D:\workspace\machine\Application\Common\Common\function.php 第 259 行.
NOTIC: [8] Undefined index: gold_game_win_times D:\workspace\machine\Application\Common\Common\function.php 第 259 行.
NOTIC: [8] Undefined index: gold_game_win_times D:\workspace\machine\Application\Common\Common\function.php 第 259 行.
SQL: SELECT count(id) count,`equipment_id` FROM `tbl_game_log` WHERE ( end_time between 1529510400 and 1529596799 && got_gift=1 && type=('silver') ) GROUP BY equipment_id  [ RunTime:0.0000s ]
NOTIC: [8] Undefined index: silver_game_win_times D:\workspace\machine\Application\Common\Common\function.php 第 259 行.
NOTIC: [8] Undefined index: silver_game_win_times D:\workspace\machine\Application\Common\Common\function.php 第 259 行.
NOTIC: [8] Undefined index: silver_game_win_times D:\workspace\machine\Application\Common\Common\function.php 第 259 行.
NOTIC: [8] Undefined index: silver_game_win_times D:\workspace\machine\Application\Common\Common\function.php 第 259 行.
NOTIC: [8] Undefined index: silver_game_win_times D:\workspace\machine\Application\Common\Common\function.php 第 259 行.
NOTIC: [8] Undefined index: silver_game_win_times D:\workspace\machine\Application\Common\Common\function.php 第 259 行.
NOTIC: [8] Undefined index: silver_game_win_times D:\workspace\machine\Application\Common\Common\function.php 第 259 行.
SQL: SELECT count(id) count,`equipment_id` FROM `tbl_game_log` WHERE ( end_time between 1529510400 and 1529596799 && got_gift=0 && type=('gold') ) GROUP BY equipment_id  [ RunTime:0.0010s ]
NOTIC: [8] Undefined index: gold_game_lose_times D:\workspace\machine\Application\Common\Common\function.php 第 259 行.
NOTIC: [8] Undefined index: gold_game_lose_times D:\workspace\machine\Application\Common\Common\function.php 第 259 行.
NOTIC: [8] Undefined index: gold_game_lose_times D:\workspace\machine\Application\Common\Common\function.php 第 259 行.
NOTIC: [8] Undefined index: gold_game_lose_times D:\workspace\machine\Application\Common\Common\function.php 第 259 行.
NOTIC: [8] Undefined index: gold_game_lose_times D:\workspace\machine\Application\Common\Common\function.php 第 259 行.
SQL: SELECT count(id) count,`equipment_id` FROM `tbl_game_log` WHERE ( end_time between 1529510400 and 1529596799 && got_gift=0 && type=('silver') ) GROUP BY equipment_id  [ RunTime:0.0000s ]
NOTIC: [8] Undefined index: silver_game_lose_times D:\workspace\machine\Application\Common\Common\function.php 第 259 行.
NOTIC: [8] Undefined index: silver_game_lose_times D:\workspace\machine\Application\Common\Common\function.php 第 259 行.
NOTIC: [8] Undefined index: silver_game_lose_times D:\workspace\machine\Application\Common\Common\function.php 第 259 行.
NOTIC: [8] Undefined index: silver_game_lose_times D:\workspace\machine\Application\Common\Common\function.php 第 259 行.
NOTIC: [8] Undefined index: silver_game_lose_times D:\workspace\machine\Application\Common\Common\function.php 第 259 行.
NOTIC: [8] Undefined index: silver_game_lose_times D:\workspace\machine\Application\Common\Common\function.php 第 259 行.
NOTIC: [8] Undefined index: silver_game_lose_times D:\workspace\machine\Application\Common\Common\function.php 第 259 行.
SQL: SELECT count(id) count,`equipment_id` FROM `tbl_game_log` WHERE ( end_time between 1529510400 and 1529596799 && type=('gold') ) GROUP BY equipment_id  [ RunTime:0.0010s ]
NOTIC: [8] Undefined index: gold_game_times D:\workspace\machine\Application\Common\Common\function.php 第 259 行.
NOTIC: [8] Undefined index: gold_game_times D:\workspace\machine\Application\Common\Common\function.php 第 259 行.
NOTIC: [8] Undefined index: gold_game_times D:\workspace\machine\Application\Common\Common\function.php 第 259 行.
NOTIC: [8] Undefined index: gold_game_times D:\workspace\machine\Application\Common\Common\function.php 第 259 行.
NOTIC: [8] Undefined index: gold_game_times D:\workspace\machine\Application\Common\Common\function.php 第 259 行.
SQL: SELECT count(id) count,`equipment_id` FROM `tbl_game_log` WHERE ( end_time between 1529510400 and 1529596799 && type=('silver') ) GROUP BY equipment_id  [ RunTime:0.0000s ]
NOTIC: [8] Undefined index: silver_game_times D:\workspace\machine\Application\Common\Common\function.php 第 259 行.
NOTIC: [8] Undefined index: silver_game_times D:\workspace\machine\Application\Common\Common\function.php 第 259 行.
NOTIC: [8] Undefined index: silver_game_times D:\workspace\machine\Application\Common\Common\function.php 第 259 行.
NOTIC: [8] Undefined index: silver_game_times D:\workspace\machine\Application\Common\Common\function.php 第 259 行.
NOTIC: [8] Undefined index: silver_game_times D:\workspace\machine\Application\Common\Common\function.php 第 259 行.
NOTIC: [8] Undefined index: silver_game_times D:\workspace\machine\Application\Common\Common\function.php 第 259 行.
NOTIC: [8] Undefined index: silver_game_times D:\workspace\machine\Application\Common\Common\function.php 第 259 行.
SQL: SHOW COLUMNS FROM `equipment_day_statistics` [ RunTime:0.0010s ]
SQL: INSERT INTO `equipment_day_statistics` (`equipment_id`,`run_count`,`success_number`,`fail_number`,`gold_game_win_times`,`silver_game_win_times`,`gold_game_lose_times`,`silver_game_lose_times`,`gold_game_times`,`silver_game_times`,`income_count`,`create_time`,`statistics_date`) VALUES ('2','0','0','0','0','0','0','0','0','0','0','1529633525','1529510400'),('8','1','0','1','0','0','1','0','1','0','0','1529633525','1529510400'),('9','0','0','0','0','0','0','0','0','0','0','1529633525','1529510400'),('10','0','0','0','0','0','0','0','0','0','0','1529633525','1529510400'),('11','38','4','34','4','0','14','0','18','0','0','1529633525','1529510400'),('12','0','0','0','0','0','0','0','0','0','0','1529633525','1529510400'),('13','0','0','0','0','0','0','0','0','0','0','1529633525','1529510400') [ RunTime:0.0900s ]
INFO: [ app_end ] --START--
INFO: Run Behavior\ShowPageTraceBehavior [ RunTime:0.029001s ]
INFO: [ app_end ] --END-- [ RunTime:0.029001s ]

[ 2018-06-22T10:17:47+08:00 ] 127.0.0.1 /Home/statistics/equipment_day_statistics
INFO: [ app_init ] --START--
INFO: Run Behavior\BuildLiteBehavior [ RunTime:0.000000s ]
INFO: [ app_init ] --END-- [ RunTime:0.001001s ]
INFO: [ app_begin ] --START--
INFO: Run Behavior\ReadHtmlCacheBehavior [ RunTime:0.001000s ]
INFO: [ app_begin ] --END-- [ RunTime:0.001000s ]
SQL: SHOW COLUMNS FROM `equipment` [ RunTime:0.0010s ]
SQL: SELECT t1.pid as manager_id,t1.id as equipment_id,t2.price,1529510400 as statistics_data FROM equipment t1 left join goods as t2 on t1.goods_id=t2.id   [ RunTime:0.0010s ]
SQL: SHOW COLUMNS FROM `tbl_game_log` [ RunTime:0.0000s ]
SQL: SELECT count(id) count,`equipment_id` FROM `tbl_game_log` WHERE ( end_time between 1529510400 and 1529596799 ) GROUP BY equipment_id  [ RunTime:0.0000s ]
NOTIC: [8] Undefined index: run_count D:\workspace\machine\Application\Common\Common\function.php 第 259 行.
NOTIC: [8] Undefined index: run_count D:\workspace\machine\Application\Common\Common\function.php 第 259 行.
NOTIC: [8] Undefined index: run_count D:\workspace\machine\Application\Common\Common\function.php 第 259 行.
NOTIC: [8] Undefined index: run_count D:\workspace\machine\Application\Common\Common\function.php 第 259 行.
NOTIC: [8] Undefined index: run_count D:\workspace\machine\Application\Common\Common\function.php 第 259 行.
SQL: SELECT count(id) count,`equipment_id` FROM `tbl_game_log` WHERE ( end_time between 1529510400 and 1529596799 && got_gift=1 ) GROUP BY equipment_id  [ RunTime:0.0010s ]
NOTIC: [8] Undefined index: success_number D:\workspace\machine\Application\Common\Common\function.php 第 259 行.
NOTIC: [8] Undefined index: success_number D:\workspace\machine\Application\Common\Common\function.php 第 259 行.
NOTIC: [8] Undefined index: success_number D:\workspace\machine\Application\Common\Common\function.php 第 259 行.
NOTIC: [8] Undefined index: success_number D:\workspace\machine\Application\Common\Common\function.php 第 259 行.
NOTIC: [8] Undefined index: success_number D:\workspace\machine\Application\Common\Common\function.php 第 259 行.
NOTIC: [8] Undefined index: success_number D:\workspace\machine\Application\Common\Common\function.php 第 259 行.
SQL: SELECT count(id) count,`equipment_id` FROM `tbl_game_log` WHERE ( end_time between 1529510400 and 1529596799 && got_gift=0 ) GROUP BY equipment_id  [ RunTime:0.0000s ]
NOTIC: [8] Undefined index: fail_number D:\workspace\machine\Application\Common\Common\function.php 第 259 行.
NOTIC: [8] Undefined index: fail_number D:\workspace\machine\Application\Common\Common\function.php 第 259 行.
NOTIC: [8] Undefined index: fail_number D:\workspace\machine\Application\Common\Common\function.php 第 259 行.
NOTIC: [8] Undefined index: fail_number D:\workspace\machine\Application\Common\Common\function.php 第 259 行.
NOTIC: [8] Undefined index: fail_number D:\workspace\machine\Application\Common\Common\function.php 第 259 行.
SQL: SELECT count(id) count,`equipment_id` FROM `tbl_game_log` WHERE ( end_time between 1529510400 and 1529596799 && got_gift=1 && type=('gold') ) GROUP BY equipment_id  [ RunTime:0.0220s ]
NOTIC: [8] Undefined index: gold_game_win_times D:\workspace\machine\Application\Common\Common\function.php 第 259 行.
NOTIC: [8] Undefined index: gold_game_win_times D:\workspace\machine\Application\Common\Common\function.php 第 259 行.
NOTIC: [8] Undefined index: gold_game_win_times D:\workspace\machine\Application\Common\Common\function.php 第 259 行.
NOTIC: [8] Undefined index: gold_game_win_times D:\workspace\machine\Application\Common\Common\function.php 第 259 行.
NOTIC: [8] Undefined index: gold_game_win_times D:\workspace\machine\Application\Common\Common\function.php 第 259 行.
NOTIC: [8] Undefined index: gold_game_win_times D:\workspace\machine\Application\Common\Common\function.php 第 259 行.
SQL: SELECT count(id) count,`equipment_id` FROM `tbl_game_log` WHERE ( end_time between 1529510400 and 1529596799 && got_gift=1 && type=('silver') ) GROUP BY equipment_id  [ RunTime:0.0000s ]
NOTIC: [8] Undefined index: silver_game_win_times D:\workspace\machine\Application\Common\Common\function.php 第 259 行.
NOTIC: [8] Undefined index: silver_game_win_times D:\workspace\machine\Application\Common\Common\function.php 第 259 行.
NOTIC: [8] Undefined index: silver_game_win_times D:\workspace\machine\Application\Common\Common\function.php 第 259 行.
NOTIC: [8] Undefined index: silver_game_win_times D:\workspace\machine\Application\Common\Common\function.php 第 259 行.
NOTIC: [8] Undefined index: silver_game_win_times D:\workspace\machine\Application\Common\Common\function.php 第 259 行.
NOTIC: [8] Undefined index: silver_game_win_times D:\workspace\machine\Application\Common\Common\function.php 第 259 行.
NOTIC: [8] Undefined index: silver_game_win_times D:\workspace\machine\Application\Common\Common\function.php 第 259 行.
SQL: SELECT count(id) count,`equipment_id` FROM `tbl_game_log` WHERE ( end_time between 1529510400 and 1529596799 && got_gift=0 && type=('gold') ) GROUP BY equipment_id  [ RunTime:0.0010s ]
NOTIC: [8] Undefined index: gold_game_lose_times D:\workspace\machine\Application\Common\Common\function.php 第 259 行.
NOTIC: [8] Undefined index: gold_game_lose_times D:\workspace\machine\Application\Common\Common\function.php 第 259 行.
NOTIC: [8] Undefined index: gold_game_lose_times D:\workspace\machine\Application\Common\Common\function.php 第 259 行.
NOTIC: [8] Undefined index: gold_game_lose_times D:\workspace\machine\Application\Common\Common\function.php 第 259 行.
NOTIC: [8] Undefined index: gold_game_lose_times D:\workspace\machine\Application\Common\Common\function.php 第 259 行.
SQL: SELECT count(id) count,`equipment_id` FROM `tbl_game_log` WHERE ( end_time between 1529510400 and 1529596799 && got_gift=0 && type=('silver') ) GROUP BY equipment_id  [ RunTime:0.0000s ]
NOTIC: [8] Undefined index: silver_game_lose_times D:\workspace\machine\Application\Common\Common\function.php 第 259 行.
NOTIC: [8] Undefined index: silver_game_lose_times D:\workspace\machine\Application\Common\Common\function.php 第 259 行.
NOTIC: [8] Undefined index: silver_game_lose_times D:\workspace\machine\Application\Common\Common\function.php 第 259 行.
NOTIC: [8] Undefined index: silver_game_lose_times D:\workspace\machine\Application\Common\Common\function.php 第 259 行.
NOTIC: [8] Undefined index: silver_game_lose_times D:\workspace\machine\Application\Common\Common\function.php 第 259 行.
NOTIC: [8] Undefined index: silver_game_lose_times D:\workspace\machine\Application\Common\Common\function.php 第 259 行.
NOTIC: [8] Undefined index: silver_game_lose_times D:\workspace\machine\Application\Common\Common\function.php 第 259 行.
SQL: SELECT count(id) count,`equipment_id` FROM `tbl_game_log` WHERE ( end_time between 1529510400 and 1529596799 && type=('gold') ) GROUP BY equipment_id  [ RunTime:0.0010s ]
NOTIC: [8] Undefined index: gold_game_times D:\workspace\machine\Application\Common\Common\function.php 第 259 行.
NOTIC: [8] Undefined index: gold_game_times D:\workspace\machine\Application\Common\Common\function.php 第 259 行.
NOTIC: [8] Undefined index: gold_game_times D:\workspace\machine\Application\Common\Common\function.php 第 259 行.
NOTIC: [8] Undefined index: gold_game_times D:\workspace\machine\Application\Common\Common\function.php 第 259 行.
NOTIC: [8] Undefined index: gold_game_times D:\workspace\machine\Application\Common\Common\function.php 第 259 行.
SQL: SELECT count(id) count,`equipment_id` FROM `tbl_game_log` WHERE ( end_time between 1529510400 and 1529596799 && type=('silver') ) GROUP BY equipment_id  [ RunTime:0.0000s ]
NOTIC: [8] Undefined index: silver_game_times D:\workspace\machine\Application\Common\Common\function.php 第 259 行.
NOTIC: [8] Undefined index: silver_game_times D:\workspace\machine\Application\Common\Common\function.php 第 259 行.
NOTIC: [8] Undefined index: silver_game_times D:\workspace\machine\Application\Common\Common\function.php 第 259 行.
NOTIC: [8] Undefined index: silver_game_times D:\workspace\machine\Application\Common\Common\function.php 第 259 行.
NOTIC: [8] Undefined index: silver_game_times D:\workspace\machine\Application\Common\Common\function.php 第 259 行.
NOTIC: [8] Undefined index: silver_game_times D:\workspace\machine\Application\Common\Common\function.php 第 259 行.
NOTIC: [8] Undefined index: silver_game_times D:\workspace\machine\Application\Common\Common\function.php 第 259 行.
SQL: SHOW COLUMNS FROM `equipment_day_statistics` [ RunTime:0.0000s ]
SQL: INSERT INTO `equipment_day_statistics` (`equipment_id`,`run_count`,`success_number`,`fail_number`,`gold_game_win_times`,`silver_game_win_times`,`gold_game_lose_times`,`silver_game_lose_times`,`gold_game_times`,`silver_game_times`,`income_count`,`create_time`,`statistics_date`) VALUES ('2','0','0','0','0','0','0','0','0','0','0','1529633867','1529510400'),('8','1','0','1','0','0','1','0','1','0','0','1529633867','1529510400'),('9','0','0','0','0','0','0','0','0','0','0','1529633867','1529510400'),('10','0','0','0','0','0','0','0','0','0','0','1529633867','1529510400'),('11','18','4','14','4','0','14','0','18','0','0','1529633867','1529510400'),('12','0','0','0','0','0','0','0','0','0','0','1529633867','1529510400'),('13','0','0','0','0','0','0','0','0','0','0','1529633867','1529510400') [ RunTime:0.0840s ]
INFO: [ app_end ] --START--
INFO: Run Behavior\ShowPageTraceBehavior [ RunTime:0.002000s ]
INFO: [ app_end ] --END-- [ RunTime:0.002000s ]

[ 2018-06-22T10:28:31+08:00 ] 127.0.0.1 /index.php
INFO: [ app_init ] --START--
INFO: Run Behavior\BuildLiteBehavior [ RunTime:0.000000s ]
INFO: [ app_init ] --END-- [ RunTime:0.001000s ]
INFO: [ app_begin ] --START--
INFO: Run Behavior\ReadHtmlCacheBehavior [ RunTime:0.001000s ]
INFO: [ app_begin ] --END-- [ RunTime:0.001000s ]

[ 2018-06-22T11:00:36+08:00 ] 127.0.0.1 /Home/statistics/equipment_year_statistics
INFO: [ app_init ] --START--
INFO: Run Behavior\BuildLiteBehavior [ RunTime:0.000000s ]
INFO: [ app_init ] --END-- [ RunTime:0.000000s ]
INFO: [ app_begin ] --START--
INFO: Run Behavior\ReadHtmlCacheBehavior [ RunTime:0.000000s ]
INFO: [ app_begin ] --END-- [ RunTime:0.000000s ]
SQL: SHOW COLUMNS FROM `equipment_month_statistics` [ RunTime:0.0000s ]
SQL: SELECT * FROM `equipment_month_statistics` WHERE ( statistics_date between 1483200000 and 1514735999 )  [ RunTime:0.0010s ]

[ 2018-06-22T13:09:26+08:00 ] 127.0.0.1 /Home/statistics/equipment_year_statistics
INFO: [ app_init ] --START--
INFO: Run Behavior\BuildLiteBehavior [ RunTime:0.000000s ]
INFO: [ app_init ] --END-- [ RunTime:0.001000s ]
INFO: [ app_begin ] --START--
INFO: Run Behavior\ReadHtmlCacheBehavior [ RunTime:0.000000s ]
INFO: [ app_begin ] --END-- [ RunTime:0.000000s ]
SQL: SHOW COLUMNS FROM `equipment_month_statistics` [ RunTime:0.0010s ]
SQL: SELECT * FROM `equipment_month_statistics` WHERE ( statistics_date between 1514736000 and 1546271999 )  [ RunTime:0.0010s ]

[ 2018-06-22T13:10:00+08:00 ] 127.0.0.1 /Home/statistics/equipment_year_statistics
INFO: [ app_init ] --START--
INFO: Run Behavior\BuildLiteBehavior [ RunTime:0.000000s ]
INFO: [ app_init ] --END-- [ RunTime:0.001000s ]
INFO: [ app_begin ] --START--
INFO: Run Behavior\ReadHtmlCacheBehavior [ RunTime:0.000000s ]
INFO: [ app_begin ] --END-- [ RunTime:0.000000s ]
SQL: SHOW COLUMNS FROM `equipment_month_statistics` [ RunTime:0.0000s ]
SQL: SELECT * FROM `equipment_month_statistics` WHERE ( statistics_date between 1514736000 and 1546271999 ) ORDER BY id desc  [ RunTime:0.0010s ]

[ 2018-06-22T13:10:14+08:00 ] 127.0.0.1 /Home/statistics/equipment_year_statistics
INFO: [ app_init ] --START--
INFO: Run Behavior\BuildLiteBehavior [ RunTime:0.000000s ]
INFO: [ app_init ] --END-- [ RunTime:0.000000s ]
INFO: [ app_begin ] --START--
INFO: Run Behavior\ReadHtmlCacheBehavior [ RunTime:0.000000s ]
INFO: [ app_begin ] --END-- [ RunTime:0.000000s ]
SQL: SHOW COLUMNS FROM `equipment_month_statistics` [ RunTime:0.0000s ]
ERR: 1064:You have an error in your SQL syntax; check the manual that corresponds to your MySQL server version for the right syntax to use near 'aesc' at line 1
 [ SQL语句 ] : SELECT * FROM `equipment_month_statistics` WHERE ( statistics_date between 1514736000 and 1546271999 ) ORDER BY id aesc 
ERR: 1064:You have an error in your SQL syntax; check the manual that corresponds to your MySQL server version for the right syntax to use near 'aesc' at line 1
 [ SQL语句 ] : SELECT * FROM `equipment_month_statistics` WHERE ( statistics_date between 1514736000 and 1546271999 ) ORDER BY id aesc 

[ 2018-06-22T13:10:19+08:00 ] 127.0.0.1 /Home/statistics/equipment_year_statistics
INFO: [ app_init ] --START--
INFO: Run Behavior\BuildLiteBehavior [ RunTime:0.000000s ]
INFO: [ app_init ] --END-- [ RunTime:0.000000s ]
INFO: [ app_begin ] --START--
INFO: Run Behavior\ReadHtmlCacheBehavior [ RunTime:0.000000s ]
INFO: [ app_begin ] --END-- [ RunTime:0.000000s ]
SQL: SHOW COLUMNS FROM `equipment_month_statistics` [ RunTime:0.0010s ]
ERR: 1064:You have an error in your SQL syntax; check the manual that corresponds to your MySQL server version for the right syntax to use near 'des' at line 1
 [ SQL语句 ] : SELECT * FROM `equipment_month_statistics` WHERE ( statistics_date between 1514736000 and 1546271999 ) ORDER BY id des 
ERR: 1064:You have an error in your SQL syntax; check the manual that corresponds to your MySQL server version for the right syntax to use near 'des' at line 1
 [ SQL语句 ] : SELECT * FROM `equipment_month_statistics` WHERE ( statistics_date between 1514736000 and 1546271999 ) ORDER BY id des 

[ 2018-06-22T13:10:20+08:00 ] 127.0.0.1 /Home/statistics/equipment_year_statistics
INFO: [ app_init ] --START--
INFO: Run Behavior\BuildLiteBehavior [ RunTime:0.000000s ]
INFO: [ app_init ] --END-- [ RunTime:0.001000s ]
INFO: [ app_begin ] --START--
INFO: Run Behavior\ReadHtmlCacheBehavior [ RunTime:0.001000s ]
INFO: [ app_begin ] --END-- [ RunTime:0.001000s ]
SQL: SHOW COLUMNS FROM `equipment_month_statistics` [ RunTime:0.0010s ]
ERR: 1064:You have an error in your SQL syntax; check the manual that corresponds to your MySQL server version for the right syntax to use near 'des' at line 1
 [ SQL语句 ] : SELECT * FROM `equipment_month_statistics` WHERE ( statistics_date between 1514736000 and 1546271999 ) ORDER BY id des 
ERR: 1064:You have an error in your SQL syntax; check the manual that corresponds to your MySQL server version for the right syntax to use near 'des' at line 1
 [ SQL语句 ] : SELECT * FROM `equipment_month_statistics` WHERE ( statistics_date between 1514736000 and 1546271999 ) ORDER BY id des 

[ 2018-06-22T13:10:44+08:00 ] 127.0.0.1 /Home/statistics/equipment_year_statistics
INFO: [ app_init ] --START--
INFO: Run Behavior\BuildLiteBehavior [ RunTime:0.000000s ]
INFO: [ app_init ] --END-- [ RunTime:0.000000s ]
INFO: [ app_begin ] --START--
INFO: Run Behavior\ReadHtmlCacheBehavior [ RunTime:0.000000s ]
INFO: [ app_begin ] --END-- [ RunTime:0.000000s ]
SQL: SHOW COLUMNS FROM `equipment_month_statistics` [ RunTime:0.0010s ]
SQL: SELECT * FROM `equipment_month_statistics` WHERE ( statistics_date between 1514736000 and 1546271999 ) ORDER BY id asc  [ RunTime:0.0010s ]

