[ 2018-06-25T12:48:01+08:00 ] 127.0.0.1 /Public/Admin/zyupload/core/zyFile.js
INFO: [ app_init ] --START--
INFO: Run Behavior\BuildLiteBehavior [ RunTime:0.000012s ]
INFO: [ app_init ] --END-- [ RunTime:0.000304s ]
ERR: 无法加载模块:Public

[ 2018-06-25T12:48:01+08:00 ] 127.0.0.1 /Public/Admin/zyupload/control/css/zyUpload.css
INFO: [ app_init ] --START--
INFO: Run Behavior\BuildLiteBehavior [ RunTime:0.000014s ]
INFO: [ app_init ] --END-- [ RunTime:0.000312s ]
ERR: 无法加载模块:Public

[ 2018-06-25T12:48:01+08:00 ] 127.0.0.1 /Public/Admin/zyupload/control/js/zyUpload.js
INFO: [ app_init ] --START--
INFO: Run Behavior\BuildLiteBehavior [ RunTime:0.000015s ]
INFO: [ app_init ] --END-- [ RunTime:0.000396s ]
ERR: 无法加载模块:Public

[ 2018-06-25T12:48:01+08:00 ] 127.0.0.1 /Public/Admin/zyupload/core/zyFile.js
INFO: [ app_init ] --START--
INFO: Run Behavior\BuildLiteBehavior [ RunTime:0.000013s ]
INFO: [ app_init ] --END-- [ RunTime:0.000364s ]
ERR: 无法加载模块:Public

[ 2018-06-25T12:48:01+08:00 ] 127.0.0.1 /Public/Admin/zyupload/control/css/zyUpload.css
INFO: [ app_init ] --START--
INFO: Run Behavior\BuildLiteBehavior [ RunTime:0.000010s ]
INFO: [ app_init ] --END-- [ RunTime:0.000267s ]
ERR: 无法加载模块:Public

[ 2018-06-25T12:48:01+08:00 ] 127.0.0.1 /Public/Admin/zyupload/control/js/zyUpload.js
INFO: [ app_init ] --START--
INFO: Run Behavior\BuildLiteBehavior [ RunTime:0.000009s ]
INFO: [ app_init ] --END-- [ RunTime:0.000266s ]
ERR: 无法加载模块:Public

