<<<<<<< HEAD
[ 2018-06-27T11:34:59+08:00 ] 127.0.0.1 /favicon.ico
INFO: [ app_init ] --START--
INFO: Run Behavior\BuildLiteBehavior [ RunTime:0.000000s ]
INFO: [ app_init ] --END-- [ RunTime:0.000000s ]
ERR: 无法加载模块:Favicon
=======
[ 2018-06-27T09:48:51+08:00 ] 127.0.0.1 /Public/Admin/lib/echarts/3.4.3/echarts.js
INFO: [ app_init ] --START--
INFO: Run Behavior\BuildLiteBehavior [ RunTime:0.000013s ]
INFO: [ app_init ] --END-- [ RunTime:0.000393s ]
ERR: 无法加载模块:Public

[ 2018-06-27T09:48:51+08:00 ] 127.0.0.1 /Public/Admin/lib/echarts/3.4.3/echarts.js
INFO: [ app_init ] --START--
INFO: Run Behavior\BuildLiteBehavior [ RunTime:0.000010s ]
INFO: [ app_init ] --END-- [ RunTime:0.000344s ]
ERR: 无法加载模块:Public

[ 2018-06-27T09:49:00+08:00 ] 127.0.0.1 /Public/Admin/lib/echarts/3.4.3/echarts.js
INFO: [ app_init ] --START--
INFO: Run Behavior\BuildLiteBehavior [ RunTime:0.000011s ]
INFO: [ app_init ] --END-- [ RunTime:0.000287s ]
ERR: 无法加载模块:Public
>>>>>>> 7569e1ac3a877f562049eb6a897d5bfad1b45779

