[ 2018-06-27T11:34:59+08:00 ] 127.0.0.1 /admin
INFO: [ app_init ] --START--
INFO: Run Behavior\BuildLiteBehavior [ RunTime:0.000000s ]
INFO: [ app_init ] --END-- [ RunTime:0.000000s ]
INFO: [ app_begin ] --START--
INFO: Run Behavior\ReadHtmlCacheBehavior [ RunTime:0.001000s ]
INFO: [ app_begin ] --END-- [ RunTime:0.001000s ]

[ 2018-06-27T11:34:59+08:00 ] 127.0.0.1 /index.php/Admin/Login/login.html
INFO: [ app_init ] --START--
INFO: Run Behavior\BuildLiteBehavior [ RunTime:0.000000s ]
INFO: [ app_init ] --END-- [ RunTime:0.000000s ]
INFO: [ app_begin ] --START--
INFO: Run Behavior\ReadHtmlCacheBehavior [ RunTime:0.000000s ]
INFO: [ app_begin ] --END-- [ RunTime:0.000000s ]
INFO: [ view_parse ] --START--
INFO: [ template_filter ] --START--
INFO: Run Behavior\ContentReplaceBehavior [ RunTime:0.001000s ]
INFO: [ template_filter ] --END-- [ RunTime:0.001000s ]
INFO: Run Behavior\ParseTemplateBehavior [ RunTime:0.036002s ]
INFO: [ view_parse ] --END-- [ RunTime:0.036002s ]
INFO: [ view_filter ] --START--
INFO: Run Behavior\WriteHtmlCacheBehavior [ RunTime:0.001000s ]
INFO: [ view_filter ] --END-- [ RunTime:0.001000s ]
INFO: [ app_end ] --START--
INFO: Run Behavior\ShowPageTraceBehavior [ RunTime:0.000000s ]
INFO: [ app_end ] --END-- [ RunTime:0.000000s ]

[ 2018-06-27T11:34:59+08:00 ] 127.0.0.1 /admin
INFO: [ app_init ] --START--
INFO: Run Behavior\BuildLiteBehavior [ RunTime:0.000000s ]
INFO: [ app_init ] --END-- [ RunTime:0.001000s ]
INFO: [ app_begin ] --START--
INFO: Run Behavior\ReadHtmlCacheBehavior [ RunTime:0.001000s ]
INFO: [ app_begin ] --END-- [ RunTime:0.001000s ]

[ 2018-06-27T11:34:59+08:00 ] 127.0.0.1 /index.php/Admin/Login/captcha
INFO: [ app_init ] --START--
INFO: Run Behavior\BuildLiteBehavior [ RunTime:0.000000s ]
INFO: [ app_init ] --END-- [ RunTime:0.001000s ]
INFO: [ app_begin ] --START--
INFO: Run Behavior\ReadHtmlCacheBehavior [ RunTime:0.000000s ]
INFO: [ app_begin ] --END-- [ RunTime:0.001000s ]
INFO: [ app_end ] --START--
INFO: Run Behavior\ShowPageTraceBehavior [ RunTime:0.001000s ]
INFO: [ app_end ] --END-- [ RunTime:0.001000s ]

[ 2018-06-27T11:35:04+08:00 ] 127.0.0.1 /index.php/Admin/Login/login
INFO: [ app_init ] --START--
INFO: Run Behavior\BuildLiteBehavior [ RunTime:0.000000s ]
INFO: [ app_init ] --END-- [ RunTime:0.000000s ]
INFO: [ app_begin ] --START--
INFO: Run Behavior\ReadHtmlCacheBehavior [ RunTime:0.000000s ]
INFO: [ app_begin ] --END-- [ RunTime:0.000000s ]
SQL: SHOW COLUMNS FROM `manager` [ RunTime:0.0010s ]
SQL: SELECT * FROM `manager` WHERE `username` = 'ce3' LIMIT 1   [ RunTime:0.0000s ]
SQL: SHOW COLUMNS FROM `group` [ RunTime:0.0010s ]
SQL: SELECT * FROM `group` WHERE `pid` = 4  [ RunTime:0.0250s ]
INFO: [ view_parse ] --START--
INFO: [ template_filter ] --START--
INFO: Run Behavior\ContentReplaceBehavior [ RunTime:0.000000s ]
INFO: [ template_filter ] --END-- [ RunTime:0.001000s ]
INFO: Run Behavior\ParseTemplateBehavior [ RunTime:0.058003s ]
INFO: [ view_parse ] --END-- [ RunTime:0.058003s ]
INFO: [ view_filter ] --START--
INFO: Run Behavior\WriteHtmlCacheBehavior [ RunTime:0.000000s ]
INFO: [ view_filter ] --END-- [ RunTime:0.000000s ]
INFO: [ app_end ] --START--
INFO: Run Behavior\ShowPageTraceBehavior [ RunTime:0.001000s ]
INFO: [ app_end ] --END-- [ RunTime:0.001000s ]

[ 2018-06-27T11:35:05+08:00 ] 127.0.0.1 /index.php/Admin/Index/index.html
INFO: [ app_init ] --START--
INFO: Run Behavior\BuildLiteBehavior [ RunTime:0.000000s ]
INFO: [ app_init ] --END-- [ RunTime:0.000000s ]
INFO: [ app_begin ] --START--
INFO: Run Behavior\ReadHtmlCacheBehavior [ RunTime:0.000000s ]
INFO: [ app_begin ] --END-- [ RunTime:0.000000s ]
SQL: SHOW COLUMNS FROM `role` [ RunTime:0.0010s ]
SQL: SELECT * FROM `role` WHERE `role_id` = 3 LIMIT 1   [ RunTime:0.0010s ]
SQL: SHOW COLUMNS FROM `auth` [ RunTime:0.0010s ]
SQL: SELECT * FROM `auth` WHERE ( pid = 0 and id in (2,8,9,10,17,34,35,36,37,3,11,12,45,13,18,38,39,40,61,62,63,64,14,15,20,31,41,42,43,44) and is_nav = 1 )  [ RunTime:0.0010s ]
SQL: SELECT * FROM `auth` WHERE ( pid > 0 and id in (2,8,9,10,17,34,35,36,37,3,11,12,45,13,18,38,39,40,61,62,63,64,14,15,20,31,41,42,43,44) and is_nav = 1 )  [ RunTime:0.0120s ]
SQL: SHOW COLUMNS FROM `equipment` [ RunTime:0.0010s ]
NOTIC: [8] Use of undefined constant asc - assumed 'asc' D:\WWW\machine\Application\Admin\Controller\IndexController.class.php 第 28 行.
SQL: SELECT FROM_UNIXTIME(t3.end_time,'%Y%m%d') statistics_date,t2.price,t3.id as roomid,t3.got_gift FROM equipment t1 left join tbl_game_log as t3 on t3.equipment_id = t1.id left join goods as t2 on t1.goods_id=t2.id  WHERE t1.pid = '4' AND ( t3.end_time between 1529811305 and 1530070505 ) ORDER BY t1.id  [ RunTime:0.0010s ]
NOTIC: [8] Undefined index: income_count D:\WWW\machine\Application\Admin\Controller\IndexController.class.php 第 34 行.
NOTIC: [8] Undefined index: run_count D:\WWW\machine\Application\Admin\Controller\IndexController.class.php 第 35 行.
NOTIC: [8] Undefined index: success_number D:\WWW\machine\Application\Admin\Controller\IndexController.class.php 第 36 行.
NOTIC: [8] Undefined index: fail_number D:\WWW\machine\Application\Admin\Controller\IndexController.class.php 第 37 行.
NOTIC: [8] Undefined index: income_count D:\WWW\machine\Application\Admin\Controller\IndexController.class.php 第 40 行.
NOTIC: [8] Undefined index: income_count D:\WWW\machine\Application\Admin\Controller\IndexController.class.php 第 40 行.
SQL: SHOW COLUMNS FROM `tbl_game_log` [ RunTime:0.0010s ]
SQL: SELECT FROM_UNIXTIME(t1.end_time,'%Y%m%d') statistics_date,count(t1.id) count FROM tbl_game_log t1 left join equipment as t2 on t2.id = t1.equipment_id  WHERE ( t1.end_time between 1529811305 and 1530070505 ) AND t2.pid = '4' GROUP BY statistics_date  [ RunTime:0.0000s ]
NOTIC: [8] Undefined index: run_count D:\WWW\machine\Application\Admin\Controller\IndexController.class.php 第 60 行.
NOTIC: [8] Undefined index: run_count D:\WWW\machine\Application\Admin\Controller\IndexController.class.php 第 60 行.
NOTIC: [8] Undefined index: run_count D:\WWW\machine\Application\Admin\Controller\IndexController.class.php 第 60 行.
SQL: SELECT FROM_UNIXTIME(t1.end_time,'%Y%m%d') statistics_date,count('t1.id') success_number FROM tbl_game_log t1 left join equipment as t2 on t2.id = t1.equipment_id  WHERE t1.got_gift = 1 AND t2.pid = '4' AND ( t1.end_time between 1529811305 and 1530070505 ) GROUP BY statistics_date  [ RunTime:0.0000s ]
NOTIC: [8] Undefined index: success_number D:\WWW\machine\Application\Admin\Controller\IndexController.class.php 第 83 行.
NOTIC: [8] Undefined index: success_number D:\WWW\machine\Application\Admin\Controller\IndexController.class.php 第 83 行.
SQL: SELECT FROM_UNIXTIME(t1.end_time,'%Y%m%d') statistics_date,count('t1.got_gift') fail_number FROM tbl_game_log t1 left join equipment as t2 on t2.id = t1.equipment_id  WHERE t1.got_gift = 0 AND t2.pid = '4' AND ( t1.end_time between 1529811305 and 1530070505 ) GROUP BY statistics_date  [ RunTime:0.0010s ]
NOTIC: [8] Undefined index: fail_number D:\WWW\machine\Application\Admin\Controller\IndexController.class.php 第 105 行.
NOTIC: [8] Undefined index: fail_number D:\WWW\machine\Application\Admin\Controller\IndexController.class.php 第 105 行.
INFO: [ view_parse ] --START--
INFO: [ template_filter ] --START--
INFO: Run Behavior\ContentReplaceBehavior [ RunTime:0.000000s ]
INFO: [ template_filter ] --END-- [ RunTime:0.000000s ]
NOTIC: [8] Undefined index: id D:\WWW\machine\Application\Runtime\Cache\Admin\b595b808c2ebeeeb0478ffc30bb4e87a.php 第 133 行.
NOTIC: [8] Undefined index: id D:\WWW\machine\Application\Runtime\Cache\Admin\b595b808c2ebeeeb0478ffc30bb4e87a.php 第 133 行.
NOTIC: [8] Undefined index: run_count D:\WWW\machine\Application\Runtime\Cache\Admin\b595b808c2ebeeeb0478ffc30bb4e87a.php 第 135 行.
NOTIC: [8] Undefined index: success_number D:\WWW\machine\Application\Runtime\Cache\Admin\b595b808c2ebeeeb0478ffc30bb4e87a.php 第 136 行.
NOTIC: [8] Undefined index: fail_number D:\WWW\machine\Application\Runtime\Cache\Admin\b595b808c2ebeeeb0478ffc30bb4e87a.php 第 137 行.
NOTIC: [8] Undefined index: id D:\WWW\machine\Application\Runtime\Cache\Admin\b595b808c2ebeeeb0478ffc30bb4e87a.php 第 133 行.
NOTIC: [8] Undefined index: run_count D:\WWW\machine\Application\Runtime\Cache\Admin\b595b808c2ebeeeb0478ffc30bb4e87a.php 第 135 行.
NOTIC: [8] Undefined index: success_number D:\WWW\machine\Application\Runtime\Cache\Admin\b595b808c2ebeeeb0478ffc30bb4e87a.php 第 136 行.
NOTIC: [8] Undefined index: fail_number D:\WWW\machine\Application\Runtime\Cache\Admin\b595b808c2ebeeeb0478ffc30bb4e87a.php 第 137 行.
NOTIC: [8] Undefined variable: count D:\WWW\machine\Application\Runtime\Cache\Admin\b595b808c2ebeeeb0478ffc30bb4e87a.php 第 205 行.
INFO: Run Behavior\ParseTemplateBehavior [ RunTime:0.104006s ]
INFO: [ view_parse ] --END-- [ RunTime:0.104006s ]
INFO: [ view_filter ] --START--
INFO: Run Behavior\WriteHtmlCacheBehavior [ RunTime:0.000000s ]
INFO: [ view_filter ] --END-- [ RunTime:0.000000s ]
INFO: [ app_end ] --START--
INFO: Run Behavior\ShowPageTraceBehavior [ RunTime:0.000000s ]
INFO: [ app_end ] --END-- [ RunTime:0.000000s ]

[ 2018-06-27T11:35:06+08:00 ] 127.0.0.1 /index.php/Admin/Index/favicon.ico
INFO: [ app_init ] --START--
INFO: Run Behavior\BuildLiteBehavior [ RunTime:0.000000s ]
INFO: [ app_init ] --END-- [ RunTime:0.000000s ]

[ 2018-06-27T11:35:49+08:00 ] 127.0.0.1 /index.php/Admin/Equipment/index
INFO: [ app_init ] --START--
INFO: Run Behavior\BuildLiteBehavior [ RunTime:0.000000s ]
INFO: [ app_init ] --END-- [ RunTime:0.000000s ]
INFO: [ app_begin ] --START--
INFO: Run Behavior\ReadHtmlCacheBehavior [ RunTime:0.000000s ]
INFO: [ app_begin ] --END-- [ RunTime:0.000000s ]
SQL: SHOW COLUMNS FROM `equipment` [ RunTime:0.0010s ]
SQL: SELECT COUNT(*) AS tp_count FROM `equipment` WHERE `pid` = 4 LIMIT 1   [ RunTime:0.0000s ]
SQL: SHOW COLUMNS FROM `manager` [ RunTime:0.0000s ]
SQL: SELECT * FROM `manager` WHERE `pid` = 4 LIMIT 1   [ RunTime:0.0000s ]
SQL: SELECT `id` FROM `manager` WHERE `pid` = 4  [ RunTime:0.0000s ]
NOTIC: [8] Undefined variable: page D:\WWW\machine\Application\Admin\Controller\EquipmentController.class.php 第 46 行.
NOTIC: [8] Trying to get property of non-object D:\WWW\machine\Application\Admin\Controller\EquipmentController.class.php 第 46 行.
NOTIC: [8] Undefined variable: page D:\WWW\machine\Application\Admin\Controller\EquipmentController.class.php 第 46 行.
NOTIC: [8] Trying to get property of non-object D:\WWW\machine\Application\Admin\Controller\EquipmentController.class.php 第 46 行.
SQL: SELECT t1.*,t2.nickname,t2.equipment_ids,t3.*,t4.sn,t5.name as goods_name,t5.id as goods_id,t4.isOnline as isonline FROM equipment t1 left join manager as t2 on t1.owner = t2.id left join type as t3 on t3.type_id = t1.type left join machine as t4 on t4.uuid = t1.uuid left join goods as t5 on t1.goods_id = t5.id  WHERE ( t1.pid = 4 or t1.pid in (5,6,7) )  [ RunTime:0.0180s ]
SQL: SHOW COLUMNS FROM `manager` [ RunTime:0.0010s ]
SQL: SELECT t1.*,t2.* FROM manager t1 left join equipment as t2 on t2.owner = t1.id   WHERE t1.pid = '4'  [ RunTime:0.0010s ]
INFO: [ view_parse ] --START--
INFO: [ template_filter ] --START--
INFO: Run Behavior\ContentReplaceBehavior [ RunTime:0.000000s ]
INFO: [ template_filter ] --END-- [ RunTime:0.000000s ]
NOTIC: [8] Undefined variable: row_count D:\WWW\machine\Application\Runtime\Cache\Admin\78a6f9d2713211ce3b751d7107b15895.php 第 127 行.
NOTIC: [8] Undefined index: equipment_small_img D:\WWW\machine\Application\Runtime\Cache\Admin\78a6f9d2713211ce3b751d7107b15895.php 第 162 行.
NOTIC: [8] Undefined index: equipment_create_time D:\WWW\machine\Application\Runtime\Cache\Admin\78a6f9d2713211ce3b751d7107b15895.php 第 163 行.
NOTIC: [8] Undefined index: equipment_small_img D:\WWW\machine\Application\Runtime\Cache\Admin\78a6f9d2713211ce3b751d7107b15895.php 第 162 行.
NOTIC: [8] Undefined index: equipment_create_time D:\WWW\machine\Application\Runtime\Cache\Admin\78a6f9d2713211ce3b751d7107b15895.php 第 163 行.
NOTIC: [8] Undefined index: equipment_small_img D:\WWW\machine\Application\Runtime\Cache\Admin\78a6f9d2713211ce3b751d7107b15895.php 第 162 行.
NOTIC: [8] Undefined index: equipment_create_time D:\WWW\machine\Application\Runtime\Cache\Admin\78a6f9d2713211ce3b751d7107b15895.php 第 163 行.
NOTIC: [8] Undefined index: equipment_small_img D:\WWW\machine\Application\Runtime\Cache\Admin\78a6f9d2713211ce3b751d7107b15895.php 第 162 行.
NOTIC: [8] Undefined index: equipment_create_time D:\WWW\machine\Application\Runtime\Cache\Admin\78a6f9d2713211ce3b751d7107b15895.php 第 163 行.
NOTIC: [8] Undefined index: equipment_small_img D:\WWW\machine\Application\Runtime\Cache\Admin\78a6f9d2713211ce3b751d7107b15895.php 第 162 行.
NOTIC: [8] Undefined index: equipment_create_time D:\WWW\machine\Application\Runtime\Cache\Admin\78a6f9d2713211ce3b751d7107b15895.php 第 163 行.
NOTIC: [8] Undefined index: equipment_small_img D:\WWW\machine\Application\Runtime\Cache\Admin\78a6f9d2713211ce3b751d7107b15895.php 第 162 行.
NOTIC: [8] Undefined index: equipment_create_time D:\WWW\machine\Application\Runtime\Cache\Admin\78a6f9d2713211ce3b751d7107b15895.php 第 163 行.
NOTIC: [8] Undefined index: equipment_small_img D:\WWW\machine\Application\Runtime\Cache\Admin\78a6f9d2713211ce3b751d7107b15895.php 第 162 行.
NOTIC: [8] Undefined index: equipment_create_time D:\WWW\machine\Application\Runtime\Cache\Admin\78a6f9d2713211ce3b751d7107b15895.php 第 163 行.
INFO: Run Behavior\ParseTemplateBehavior [ RunTime:0.072004s ]
INFO: [ view_parse ] --END-- [ RunTime:0.072004s ]
INFO: [ view_filter ] --START--
INFO: Run Behavior\WriteHtmlCacheBehavior [ RunTime:0.000000s ]
INFO: [ view_filter ] --END-- [ RunTime:0.000000s ]
INFO: [ app_end ] --START--
INFO: Run Behavior\ShowPageTraceBehavior [ RunTime:0.000000s ]
INFO: [ app_end ] --END-- [ RunTime:0.000000s ]

[ 2018-06-27T11:35:49+08:00 ] 127.0.0.1 /index.php/Admin/Equipment/favicon.ico
INFO: [ app_init ] --START--
INFO: Run Behavior\BuildLiteBehavior [ RunTime:0.000000s ]
INFO: [ app_init ] --END-- [ RunTime:0.001000s ]

[ 2018-06-27T11:35:54+08:00 ] 127.0.0.1 /index.php/Admin/Equipment/detail/id/11
INFO: [ app_init ] --START--
INFO: Run Behavior\BuildLiteBehavior [ RunTime:0.000000s ]
INFO: [ app_init ] --END-- [ RunTime:0.000000s ]
INFO: [ app_begin ] --START--
INFO: Run Behavior\ReadHtmlCacheBehavior [ RunTime:0.000000s ]
INFO: [ app_begin ] --END-- [ RunTime:0.000000s ]
SQL: SHOW COLUMNS FROM `equipment` [ RunTime:0.0010s ]
SQL: SELECT * FROM equipment t1 left join type as t2 on t1.type = t2.type_id  WHERE `id` = '11' LIMIT 1   [ RunTime:0.0010s ]
SQL: SHOW COLUMNS FROM `equipmentpics` [ RunTime:0.0000s ]
SQL: SELECT * FROM `equipmentpics` WHERE `equipment_id` = 11  [ RunTime:0.0190s ]
SQL: SELECT * FROM `equipment` WHERE `id` = 11 LIMIT 1   [ RunTime:0.0010s ]
SQL: SELECT * FROM equipment t1 left join goods as t2 on t1.goods_id = t2.id left join goodspics as t3 on t3.goods_id = t2.id  WHERE t1.id = '11'  [ RunTime:0.0010s ]
SQL: SHOW COLUMNS FROM `machine` [ RunTime:0.0010s ]
SQL: SELECT `isOnline` FROM `machine` WHERE `uuid` = '7db77b3c-8563-4c2b-a2ce-78293418aa82' LIMIT 1   [ RunTime:0.0000s ]
SQL: SHOW COLUMNS FROM `equipment` [ RunTime:0.0010s ]
SQL: SELECT t2.price FROM equipment t1 left join goods as t2 on t2.id = t1.goods_id  WHERE t1.id = '11' LIMIT 1   [ RunTime:0.0010s ]
SQL: SHOW COLUMNS FROM `tbl_game_log` [ RunTime:0.0010s ]
SQL: SELECT * FROM `tbl_game_log` WHERE ( end_time between 1530028800 and 1530115199 ) AND `equipment_id` = 11  [ RunTime:0.0010s ]
SQL: SELECT * FROM `tbl_game_log` WHERE ( end_time between 1530028800 and 1530115199 ) AND `equipment_id` = 11 AND `type` = 'gold'  [ RunTime:0.0010s ]
SQL: SELECT * FROM `tbl_game_log` WHERE ( end_time between 1530028800 and 1530115199 ) AND `equipment_id` = 11 AND `type` = 'silver'  [ RunTime:0.0010s ]
SQL: SHOW COLUMNS FROM `equipment_day_statistics` [ RunTime:0.0000s ]
SQL: SELECT * FROM `equipment_day_statistics` WHERE `statistics_date` = 1529942400 AND `equipment_id` = 11 LIMIT 1   [ RunTime:0.0000s ]
SQL: SELECT * FROM `equipment_day_statistics` WHERE ( statistics_date between 1527782400 and 1530374399 ) AND `equipment_id` = 11  [ RunTime:0.0010s ]
NOTIC: [8] Undefined variable: month D:\WWW\machine\Application\Admin\Controller\EquipmentController.class.php 第 446 行.
NOTIC: [8] Undefined index: count D:\WWW\machine\Application\Admin\Controller\EquipmentController.class.php 第 446 行.
NOTIC: [8] Undefined index: gold D:\WWW\machine\Application\Admin\Controller\EquipmentController.class.php 第 447 行.
NOTIC: [8] Undefined index: silver D:\WWW\machine\Application\Admin\Controller\EquipmentController.class.php 第 448 行.
NOTIC: [8] Undefined index: income D:\WWW\machine\Application\Admin\Controller\EquipmentController.class.php 第 449 行.
SQL: SHOW COLUMNS FROM `equipment_month_statistics` [ RunTime:0.0010s ]
SQL: SELECT * FROM `equipment_month_statistics` WHERE `statistics_date` = 1525104000 AND `equipment_id` = 11 LIMIT 1   [ RunTime:0.0010s ]
SQL: SHOW COLUMNS FROM `tbl_game_log` [ RunTime:0.0000s ]
SQL: SELECT FROM_UNIXTIME(t1.end_time,'%Y%m%d') days,count(t1.id) count FROM tbl_game_log t1 WHERE ( t1.end_time between 1529552154 and 1530115200 and t1.equipment_id = 11 ) GROUP BY days  [ RunTime:0.0010s ]
NOTIC: [8] Undefined index: count D:\WWW\machine\Application\Admin\Controller\EquipmentController.class.php 第 520 行.
NOTIC: [8] Undefined index: count D:\WWW\machine\Application\Admin\Controller\EquipmentController.class.php 第 520 行.
SQL: SELECT FROM_UNIXTIME(t1.end_time,'%Y%m%d') days,count(t1.id) count FROM tbl_game_log t1 WHERE ( t1.end_time between 1529552154 and 1530115200 ) AND t1.equipment_id = '11' AND `got_gift` = 1 GROUP BY days  [ RunTime:0.0010s ]
NOTIC: [8] Undefined index: count D:\WWW\machine\Application\Admin\Controller\EquipmentController.class.php 第 550 行.
NOTIC: [8] Undefined index: count D:\WWW\machine\Application\Admin\Controller\EquipmentController.class.php 第 550 行.
NOTIC: [8] Undefined index: count D:\WWW\machine\Application\Admin\Controller\EquipmentController.class.php 第 550 行.
NOTIC: [8] Undefined index: count D:\WWW\machine\Application\Admin\Controller\EquipmentController.class.php 第 550 行.
SQL: SELECT FROM_UNIXTIME(t1.end_time,'%Y%m%d') days,count(t1.id) count FROM tbl_game_log t1 WHERE ( t1.end_time between 1529552154 and 1530115200 ) AND t1.equipment_id = '11' AND `got_gift` = 0 GROUP BY days  [ RunTime:0.0010s ]
NOTIC: [8] Undefined index: count D:\WWW\machine\Application\Admin\Controller\EquipmentController.class.php 第 578 行.
NOTIC: [8] Undefined index: count D:\WWW\machine\Application\Admin\Controller\EquipmentController.class.php 第 578 行.
NOTIC: [8] Undefined index: count D:\WWW\machine\Application\Admin\Controller\EquipmentController.class.php 第 578 行.
NOTIC: [8] Undefined variable: data D:\WWW\machine\Application\Admin\Controller\EquipmentController.class.php 第 620 行.
INFO: [ view_parse ] --START--
INFO: [ template_filter ] --START--
INFO: Run Behavior\ContentReplaceBehavior [ RunTime:0.000000s ]
INFO: [ template_filter ] --END-- [ RunTime:0.000000s ]
NOTIC: [8] Undefined index: equipment_introduce D:\WWW\machine\Application\Runtime\Cache\Admin\54746e89221da3b3c440acca3985ba94.php 第 151 行.
NOTIC: [8] Undefined variable: total D:\WWW\machine\Application\Runtime\Cache\Admin\54746e89221da3b3c440acca3985ba94.php 第 202 行.
NOTIC: [8] Undefined variable: total D:\WWW\machine\Application\Runtime\Cache\Admin\54746e89221da3b3c440acca3985ba94.php 第 211 行.
NOTIC: [8] Undefined variable: total D:\WWW\machine\Application\Runtime\Cache\Admin\54746e89221da3b3c440acca3985ba94.php 第 221 行.
NOTIC: [8] Undefined variable: total D:\WWW\machine\Application\Runtime\Cache\Admin\54746e89221da3b3c440acca3985ba94.php 第 229 行.
NOTIC: [8] Undefined variable: total D:\WWW\machine\Application\Runtime\Cache\Admin\54746e89221da3b3c440acca3985ba94.php 第 230 行.
NOTIC: [8] Undefined variable: total D:\WWW\machine\Application\Runtime\Cache\Admin\54746e89221da3b3c440acca3985ba94.php 第 264 行.
NOTIC: [8] Undefined variable: total D:\WWW\machine\Application\Runtime\Cache\Admin\54746e89221da3b3c440acca3985ba94.php 第 265 行.
NOTIC: [8] Undefined variable: total D:\WWW\machine\Application\Runtime\Cache\Admin\54746e89221da3b3c440acca3985ba94.php 第 268 行.
INFO: Run Behavior\ParseTemplateBehavior [ RunTime:0.129008s ]
INFO: [ view_parse ] --END-- [ RunTime:0.129008s ]
INFO: [ view_filter ] --START--
INFO: Run Behavior\WriteHtmlCacheBehavior [ RunTime:0.001000s ]
INFO: [ view_filter ] --END-- [ RunTime:0.001000s ]
INFO: [ app_end ] --START--
INFO: Run Behavior\ShowPageTraceBehavior [ RunTime:0.000000s ]
INFO: [ app_end ] --END-- [ RunTime:0.000000s ]

[ 2018-06-27T11:35:54+08:00 ] 127.0.0.1 /index.php/Admin/Equipment/detail/id/favicon.ico
INFO: [ app_init ] --START--
INFO: Run Behavior\BuildLiteBehavior [ RunTime:0.000000s ]
INFO: [ app_init ] --END-- [ RunTime:0.000000s ]

[ 2018-06-27T11:36:06+08:00 ] 127.0.0.1 /index.php/Admin/Equipment/detail/id/11
INFO: [ app_init ] --START--
INFO: Run Behavior\BuildLiteBehavior [ RunTime:0.000000s ]
INFO: [ app_init ] --END-- [ RunTime:0.001000s ]
INFO: [ app_begin ] --START--
INFO: Run Behavior\ReadHtmlCacheBehavior [ RunTime:0.001000s ]
INFO: [ app_begin ] --END-- [ RunTime:0.001000s ]
SQL: SHOW COLUMNS FROM `equipment` [ RunTime:0.0010s ]
SQL: SELECT * FROM equipment t1 left join type as t2 on t1.type = t2.type_id  WHERE `id` = '11' LIMIT 1   [ RunTime:0.0010s ]
SQL: SHOW COLUMNS FROM `equipmentpics` [ RunTime:0.0010s ]
SQL: SELECT * FROM `equipmentpics` WHERE `equipment_id` = 11  [ RunTime:0.0010s ]
SQL: SELECT * FROM `equipment` WHERE `id` = 11 LIMIT 1   [ RunTime:0.0010s ]
SQL: SELECT * FROM equipment t1 left join goods as t2 on t1.goods_id = t2.id left join goodspics as t3 on t3.goods_id = t2.id  WHERE t1.id = '11'  [ RunTime:0.0010s ]
SQL: SHOW COLUMNS FROM `machine` [ RunTime:0.0010s ]
SQL: SELECT `isOnline` FROM `machine` WHERE `uuid` = '7db77b3c-8563-4c2b-a2ce-78293418aa82' LIMIT 1   [ RunTime:0.0010s ]
SQL: SHOW COLUMNS FROM `equipment` [ RunTime:0.0010s ]
SQL: SELECT t2.price FROM equipment t1 left join goods as t2 on t2.id = t1.goods_id  WHERE t1.id = '11' LIMIT 1   [ RunTime:0.0010s ]
SQL: SHOW COLUMNS FROM `tbl_game_log` [ RunTime:0.0010s ]
SQL: SELECT * FROM `tbl_game_log` WHERE ( end_time between 1530028800 and 1530115199 ) AND `equipment_id` = 11  [ RunTime:0.0010s ]
SQL: SELECT * FROM `tbl_game_log` WHERE ( end_time between 1530028800 and 1530115199 ) AND `equipment_id` = 11 AND `type` = 'gold'  [ RunTime:0.0010s ]
SQL: SELECT * FROM `tbl_game_log` WHERE ( end_time between 1530028800 and 1530115199 ) AND `equipment_id` = 11 AND `type` = 'silver'  [ RunTime:0.0010s ]
SQL: SHOW COLUMNS FROM `equipment_day_statistics` [ RunTime:0.0010s ]
SQL: SELECT * FROM `equipment_day_statistics` WHERE `statistics_date` = 1529942400 AND `equipment_id` = 11 LIMIT 1   [ RunTime:0.0010s ]
SQL: SELECT * FROM `equipment_day_statistics` WHERE ( statistics_date between 1527782400 and 1530374399 ) AND `equipment_id` = 11  [ RunTime:0.0010s ]
NOTIC: [8] Undefined variable: month D:\WWW\machine\Application\Admin\Controller\EquipmentController.class.php 第 446 行.
NOTIC: [8] Undefined index: count D:\WWW\machine\Application\Admin\Controller\EquipmentController.class.php 第 446 行.
NOTIC: [8] Undefined index: gold D:\WWW\machine\Application\Admin\Controller\EquipmentController.class.php 第 447 行.
NOTIC: [8] Undefined index: silver D:\WWW\machine\Application\Admin\Controller\EquipmentController.class.php 第 448 行.
NOTIC: [8] Undefined index: income D:\WWW\machine\Application\Admin\Controller\EquipmentController.class.php 第 449 行.
SQL: SHOW COLUMNS FROM `equipment_month_statistics` [ RunTime:0.0010s ]
SQL: SELECT * FROM `equipment_month_statistics` WHERE `statistics_date` = 1525104000 AND `equipment_id` = 11 LIMIT 1   [ RunTime:0.0010s ]
SQL: SHOW COLUMNS FROM `tbl_game_log` [ RunTime:0.0010s ]
SQL: SELECT FROM_UNIXTIME(t1.end_time,'%Y%m%d') days,count(t1.id) count FROM tbl_game_log t1 WHERE ( t1.end_time between 1529552166 and 1530115200 and t1.equipment_id = 11 ) GROUP BY days  [ RunTime:0.0020s ]
NOTIC: [8] Undefined index: count D:\WWW\machine\Application\Admin\Controller\EquipmentController.class.php 第 520 行.
NOTIC: [8] Undefined index: count D:\WWW\machine\Application\Admin\Controller\EquipmentController.class.php 第 520 行.
SQL: SELECT FROM_UNIXTIME(t1.end_time,'%Y%m%d') days,count(t1.id) count FROM tbl_game_log t1 WHERE ( t1.end_time between 1529552166 and 1530115200 ) AND t1.equipment_id = '11' AND `got_gift` = 1 GROUP BY days  [ RunTime:0.0010s ]
NOTIC: [8] Undefined index: count D:\WWW\machine\Application\Admin\Controller\EquipmentController.class.php 第 550 行.
NOTIC: [8] Undefined index: count D:\WWW\machine\Application\Admin\Controller\EquipmentController.class.php 第 550 行.
NOTIC: [8] Undefined index: count D:\WWW\machine\Application\Admin\Controller\EquipmentController.class.php 第 550 行.
NOTIC: [8] Undefined index: count D:\WWW\machine\Application\Admin\Controller\EquipmentController.class.php 第 550 行.
SQL: SELECT FROM_UNIXTIME(t1.end_time,'%Y%m%d') days,count(t1.id) count FROM tbl_game_log t1 WHERE ( t1.end_time between 1529552166 and 1530115200 ) AND t1.equipment_id = '11' AND `got_gift` = 0 GROUP BY days  [ RunTime:0.0010s ]
NOTIC: [8] Undefined index: count D:\WWW\machine\Application\Admin\Controller\EquipmentController.class.php 第 578 行.
NOTIC: [8] Undefined index: count D:\WWW\machine\Application\Admin\Controller\EquipmentController.class.php 第 578 行.
NOTIC: [8] Undefined index: count D:\WWW\machine\Application\Admin\Controller\EquipmentController.class.php 第 578 行.
NOTIC: [8] Undefined variable: data D:\WWW\machine\Application\Admin\Controller\EquipmentController.class.php 第 620 行.
INFO: [ view_parse ] --START--
INFO: [ template_filter ] --START--
INFO: Run Behavior\ContentReplaceBehavior [ RunTime:0.000000s ]
INFO: [ template_filter ] --END-- [ RunTime:0.000000s ]
NOTIC: [8] Undefined index: equipment_introduce D:\WWW\machine\Application\Runtime\Cache\Admin\54746e89221da3b3c440acca3985ba94.php 第 151 行.
NOTIC: [8] Undefined variable: total D:\WWW\machine\Application\Runtime\Cache\Admin\54746e89221da3b3c440acca3985ba94.php 第 202 行.
NOTIC: [8] Undefined variable: total D:\WWW\machine\Application\Runtime\Cache\Admin\54746e89221da3b3c440acca3985ba94.php 第 211 行.
NOTIC: [8] Undefined variable: total D:\WWW\machine\Application\Runtime\Cache\Admin\54746e89221da3b3c440acca3985ba94.php 第 221 行.
NOTIC: [8] Undefined variable: total D:\WWW\machine\Application\Runtime\Cache\Admin\54746e89221da3b3c440acca3985ba94.php 第 229 行.
NOTIC: [8] Undefined variable: total D:\WWW\machine\Application\Runtime\Cache\Admin\54746e89221da3b3c440acca3985ba94.php 第 230 行.
NOTIC: [8] Undefined variable: total D:\WWW\machine\Application\Runtime\Cache\Admin\54746e89221da3b3c440acca3985ba94.php 第 264 行.
NOTIC: [8] Undefined variable: total D:\WWW\machine\Application\Runtime\Cache\Admin\54746e89221da3b3c440acca3985ba94.php 第 265 行.
NOTIC: [8] Undefined variable: total D:\WWW\machine\Application\Runtime\Cache\Admin\54746e89221da3b3c440acca3985ba94.php 第 268 行.
INFO: Run Behavior\ParseTemplateBehavior [ RunTime:0.084005s ]
INFO: [ view_parse ] --END-- [ RunTime:0.084005s ]
INFO: [ view_filter ] --START--
INFO: Run Behavior\WriteHtmlCacheBehavior [ RunTime:0.000000s ]
INFO: [ view_filter ] --END-- [ RunTime:0.000000s ]
INFO: [ app_end ] --START--
INFO: Run Behavior\ShowPageTraceBehavior [ RunTime:0.001000s ]
INFO: [ app_end ] --END-- [ RunTime:0.001000s ]

[ 2018-06-27T11:36:48+08:00 ] 127.0.0.1 /index.php/Admin/Equipment/index
INFO: [ app_init ] --START--
INFO: Run Behavior\BuildLiteBehavior [ RunTime:0.000000s ]
INFO: [ app_init ] --END-- [ RunTime:0.000000s ]
INFO: [ app_begin ] --START--
INFO: Run Behavior\ReadHtmlCacheBehavior [ RunTime:0.001000s ]
INFO: [ app_begin ] --END-- [ RunTime:0.001000s ]
SQL: SHOW COLUMNS FROM `equipment` [ RunTime:0.0020s ]
SQL: SELECT COUNT(*) AS tp_count FROM `equipment` WHERE `pid` = 4 LIMIT 1   [ RunTime:0.0000s ]
SQL: SHOW COLUMNS FROM `manager` [ RunTime:0.0010s ]
SQL: SELECT * FROM `manager` WHERE `pid` = 4 LIMIT 1   [ RunTime:0.0010s ]
SQL: SELECT `id` FROM `manager` WHERE `pid` = 4  [ RunTime:0.0000s ]
NOTIC: [8] Undefined variable: page D:\WWW\machine\Application\Admin\Controller\EquipmentController.class.php 第 46 行.
NOTIC: [8] Trying to get property of non-object D:\WWW\machine\Application\Admin\Controller\EquipmentController.class.php 第 46 行.
NOTIC: [8] Undefined variable: page D:\WWW\machine\Application\Admin\Controller\EquipmentController.class.php 第 46 行.
NOTIC: [8] Trying to get property of non-object D:\WWW\machine\Application\Admin\Controller\EquipmentController.class.php 第 46 行.
SQL: SELECT t1.*,t2.nickname,t2.equipment_ids,t3.*,t4.sn,t5.name as goods_name,t5.id as goods_id,t4.isOnline as isonline FROM equipment t1 left join manager as t2 on t1.owner = t2.id left join type as t3 on t3.type_id = t1.type left join machine as t4 on t4.uuid = t1.uuid left join goods as t5 on t1.goods_id = t5.id  WHERE ( t1.pid = 4 or t1.pid in (5,6,7) )  [ RunTime:0.0010s ]
SQL: SHOW COLUMNS FROM `manager` [ RunTime:0.0010s ]
SQL: SELECT t1.*,t2.* FROM manager t1 left join equipment as t2 on t2.owner = t1.id   WHERE t1.pid = '4'  [ RunTime:0.0010s ]
INFO: [ view_parse ] --START--
INFO: [ template_filter ] --START--
INFO: Run Behavior\ContentReplaceBehavior [ RunTime:0.000000s ]
INFO: [ template_filter ] --END-- [ RunTime:0.000000s ]
NOTIC: [8] Undefined variable: row_count D:\WWW\machine\Application\Runtime\Cache\Admin\78a6f9d2713211ce3b751d7107b15895.php 第 127 行.
NOTIC: [8] Undefined index: equipment_small_img D:\WWW\machine\Application\Runtime\Cache\Admin\78a6f9d2713211ce3b751d7107b15895.php 第 162 行.
NOTIC: [8] Undefined index: equipment_create_time D:\WWW\machine\Application\Runtime\Cache\Admin\78a6f9d2713211ce3b751d7107b15895.php 第 163 行.
NOTIC: [8] Undefined index: equipment_small_img D:\WWW\machine\Application\Runtime\Cache\Admin\78a6f9d2713211ce3b751d7107b15895.php 第 162 行.
NOTIC: [8] Undefined index: equipment_create_time D:\WWW\machine\Application\Runtime\Cache\Admin\78a6f9d2713211ce3b751d7107b15895.php 第 163 行.
NOTIC: [8] Undefined index: equipment_small_img D:\WWW\machine\Application\Runtime\Cache\Admin\78a6f9d2713211ce3b751d7107b15895.php 第 162 行.
NOTIC: [8] Undefined index: equipment_create_time D:\WWW\machine\Application\Runtime\Cache\Admin\78a6f9d2713211ce3b751d7107b15895.php 第 163 行.
NOTIC: [8] Undefined index: equipment_small_img D:\WWW\machine\Application\Runtime\Cache\Admin\78a6f9d2713211ce3b751d7107b15895.php 第 162 行.
NOTIC: [8] Undefined index: equipment_create_time D:\WWW\machine\Application\Runtime\Cache\Admin\78a6f9d2713211ce3b751d7107b15895.php 第 163 行.
NOTIC: [8] Undefined index: equipment_small_img D:\WWW\machine\Application\Runtime\Cache\Admin\78a6f9d2713211ce3b751d7107b15895.php 第 162 行.
NOTIC: [8] Undefined index: equipment_create_time D:\WWW\machine\Application\Runtime\Cache\Admin\78a6f9d2713211ce3b751d7107b15895.php 第 163 行.
NOTIC: [8] Undefined index: equipment_small_img D:\WWW\machine\Application\Runtime\Cache\Admin\78a6f9d2713211ce3b751d7107b15895.php 第 162 行.
NOTIC: [8] Undefined index: equipment_create_time D:\WWW\machine\Application\Runtime\Cache\Admin\78a6f9d2713211ce3b751d7107b15895.php 第 163 行.
NOTIC: [8] Undefined index: equipment_small_img D:\WWW\machine\Application\Runtime\Cache\Admin\78a6f9d2713211ce3b751d7107b15895.php 第 162 行.
NOTIC: [8] Undefined index: equipment_create_time D:\WWW\machine\Application\Runtime\Cache\Admin\78a6f9d2713211ce3b751d7107b15895.php 第 163 行.
INFO: Run Behavior\ParseTemplateBehavior [ RunTime:0.061004s ]
INFO: [ view_parse ] --END-- [ RunTime:0.061004s ]
INFO: [ view_filter ] --START--
INFO: Run Behavior\WriteHtmlCacheBehavior [ RunTime:0.000000s ]
INFO: [ view_filter ] --END-- [ RunTime:0.000000s ]
INFO: [ app_end ] --START--
INFO: Run Behavior\ShowPageTraceBehavior [ RunTime:0.001000s ]
INFO: [ app_end ] --END-- [ RunTime:0.001000s ]

[ 2018-06-27T11:36:49+08:00 ] 127.0.0.1 /index.php/Admin/Equipment/detail/id/8
INFO: [ app_init ] --START--
INFO: Run Behavior\BuildLiteBehavior [ RunTime:0.000000s ]
INFO: [ app_init ] --END-- [ RunTime:0.000000s ]
INFO: [ app_begin ] --START--
INFO: Run Behavior\ReadHtmlCacheBehavior [ RunTime:0.000000s ]
INFO: [ app_begin ] --END-- [ RunTime:0.000000s ]
SQL: SHOW COLUMNS FROM `equipment` [ RunTime:0.0010s ]
SQL: SELECT * FROM equipment t1 left join type as t2 on t1.type = t2.type_id  WHERE `id` = '8' LIMIT 1   [ RunTime:0.0010s ]
SQL: SHOW COLUMNS FROM `equipmentpics` [ RunTime:0.0010s ]
SQL: SELECT * FROM `equipmentpics` WHERE `equipment_id` = 8  [ RunTime:0.0000s ]
SQL: SELECT * FROM `equipment` WHERE `id` = 8 LIMIT 1   [ RunTime:0.0000s ]
SQL: SELECT * FROM equipment t1 left join goods as t2 on t1.goods_id = t2.id left join goodspics as t3 on t3.goods_id = t2.id  WHERE t1.id = '8'  [ RunTime:0.0020s ]
SQL: SHOW COLUMNS FROM `machine` [ RunTime:0.0010s ]
SQL: SELECT `isOnline` FROM `machine` WHERE `uuid` = 'ea6d0a0b-5c1b-47b3-8419-ec72ed475e45' LIMIT 1   [ RunTime:0.0000s ]
SQL: SHOW COLUMNS FROM `equipment` [ RunTime:0.0010s ]
SQL: SELECT t2.price FROM equipment t1 left join goods as t2 on t2.id = t1.goods_id  WHERE t1.id = '8' LIMIT 1   [ RunTime:0.0000s ]
SQL: SHOW COLUMNS FROM `tbl_game_log` [ RunTime:0.0010s ]
SQL: SELECT * FROM `tbl_game_log` WHERE ( end_time between 1530028800 and 1530115199 ) AND `equipment_id` = 8  [ RunTime:0.0000s ]
SQL: SELECT * FROM `tbl_game_log` WHERE ( end_time between 1530028800 and 1530115199 ) AND `equipment_id` = 8 AND `type` = 'gold'  [ RunTime:0.0000s ]
SQL: SELECT * FROM `tbl_game_log` WHERE ( end_time between 1530028800 and 1530115199 ) AND `equipment_id` = 8 AND `type` = 'silver'  [ RunTime:0.0010s ]
SQL: SHOW COLUMNS FROM `equipment_day_statistics` [ RunTime:0.0010s ]
SQL: SELECT * FROM `equipment_day_statistics` WHERE `statistics_date` = 1529942400 AND `equipment_id` = 8 LIMIT 1   [ RunTime:0.0010s ]
SQL: SELECT * FROM `equipment_day_statistics` WHERE ( statistics_date between 1527782400 and 1530374399 ) AND `equipment_id` = 8  [ RunTime:0.0010s ]
NOTIC: [8] Undefined variable: month D:\WWW\machine\Application\Admin\Controller\EquipmentController.class.php 第 446 行.
NOTIC: [8] Undefined index: count D:\WWW\machine\Application\Admin\Controller\EquipmentController.class.php 第 446 行.
NOTIC: [8] Undefined index: gold D:\WWW\machine\Application\Admin\Controller\EquipmentController.class.php 第 447 行.
NOTIC: [8] Undefined index: silver D:\WWW\machine\Application\Admin\Controller\EquipmentController.class.php 第 448 行.
NOTIC: [8] Undefined index: income D:\WWW\machine\Application\Admin\Controller\EquipmentController.class.php 第 449 行.
SQL: SHOW COLUMNS FROM `equipment_month_statistics` [ RunTime:0.0010s ]
SQL: SELECT * FROM `equipment_month_statistics` WHERE `statistics_date` = 1525104000 AND `equipment_id` = 8 LIMIT 1   [ RunTime:0.0010s ]
SQL: SHOW COLUMNS FROM `tbl_game_log` [ RunTime:0.0010s ]
SQL: SELECT FROM_UNIXTIME(t1.end_time,'%Y%m%d') days,count(t1.id) count FROM tbl_game_log t1 WHERE ( t1.end_time between 1529552209 and 1530115200 and t1.equipment_id = 8 ) GROUP BY days  [ RunTime:0.0010s ]
NOTIC: [8] Undefined index: count D:\WWW\machine\Application\Admin\Controller\EquipmentController.class.php 第 520 行.
NOTIC: [8] Undefined index: count D:\WWW\machine\Application\Admin\Controller\EquipmentController.class.php 第 520 行.
NOTIC: [8] Undefined index: count D:\WWW\machine\Application\Admin\Controller\EquipmentController.class.php 第 520 行.
SQL: SELECT FROM_UNIXTIME(t1.end_time,'%Y%m%d') days,count(t1.id) count FROM tbl_game_log t1 WHERE ( t1.end_time between 1529552209 and 1530115200 ) AND t1.equipment_id = '8' AND `got_gift` = 1 GROUP BY days  [ RunTime:0.0010s ]
NOTIC: [8] Undefined index: count D:\WWW\machine\Application\Admin\Controller\EquipmentController.class.php 第 550 行.
NOTIC: [8] Undefined index: count D:\WWW\machine\Application\Admin\Controller\EquipmentController.class.php 第 550 行.
NOTIC: [8] Undefined index: count D:\WWW\machine\Application\Admin\Controller\EquipmentController.class.php 第 550 行.
NOTIC: [8] Undefined index: count D:\WWW\machine\Application\Admin\Controller\EquipmentController.class.php 第 550 行.
NOTIC: [8] Undefined index: count D:\WWW\machine\Application\Admin\Controller\EquipmentController.class.php 第 550 行.
SQL: SELECT FROM_UNIXTIME(t1.end_time,'%Y%m%d') days,count(t1.id) count FROM tbl_game_log t1 WHERE ( t1.end_time between 1529552209 and 1530115200 ) AND t1.equipment_id = '8' AND `got_gift` = 0 GROUP BY days  [ RunTime:0.0010s ]
NOTIC: [8] Undefined index: count D:\WWW\machine\Application\Admin\Controller\EquipmentController.class.php 第 578 行.
NOTIC: [8] Undefined index: count D:\WWW\machine\Application\Admin\Controller\EquipmentController.class.php 第 578 行.
NOTIC: [8] Undefined index: count D:\WWW\machine\Application\Admin\Controller\EquipmentController.class.php 第 578 行.
NOTIC: [8] Undefined index: count D:\WWW\machine\Application\Admin\Controller\EquipmentController.class.php 第 578 行.
NOTIC: [8] Undefined index: count D:\WWW\machine\Application\Admin\Controller\EquipmentController.class.php 第 578 行.
NOTIC: [8] Undefined variable: data D:\WWW\machine\Application\Admin\Controller\EquipmentController.class.php 第 620 行.
INFO: [ view_parse ] --START--
INFO: [ template_filter ] --START--
INFO: Run Behavior\ContentReplaceBehavior [ RunTime:0.000000s ]
INFO: [ template_filter ] --END-- [ RunTime:0.000000s ]
NOTIC: [8] Undefined index: equipment_introduce D:\WWW\machine\Application\Runtime\Cache\Admin\54746e89221da3b3c440acca3985ba94.php 第 151 行.
NOTIC: [8] Undefined variable: total D:\WWW\machine\Application\Runtime\Cache\Admin\54746e89221da3b3c440acca3985ba94.php 第 202 行.
NOTIC: [8] Undefined variable: total D:\WWW\machine\Application\Runtime\Cache\Admin\54746e89221da3b3c440acca3985ba94.php 第 211 行.
NOTIC: [8] Undefined variable: total D:\WWW\machine\Application\Runtime\Cache\Admin\54746e89221da3b3c440acca3985ba94.php 第 221 行.
NOTIC: [8] Undefined variable: total D:\WWW\machine\Application\Runtime\Cache\Admin\54746e89221da3b3c440acca3985ba94.php 第 229 行.
NOTIC: [8] Undefined variable: total D:\WWW\machine\Application\Runtime\Cache\Admin\54746e89221da3b3c440acca3985ba94.php 第 230 行.
NOTIC: [8] Undefined variable: total D:\WWW\machine\Application\Runtime\Cache\Admin\54746e89221da3b3c440acca3985ba94.php 第 264 行.
NOTIC: [8] Undefined variable: total D:\WWW\machine\Application\Runtime\Cache\Admin\54746e89221da3b3c440acca3985ba94.php 第 265 行.
NOTIC: [8] Undefined variable: total D:\WWW\machine\Application\Runtime\Cache\Admin\54746e89221da3b3c440acca3985ba94.php 第 268 行.
INFO: Run Behavior\ParseTemplateBehavior [ RunTime:0.092005s ]
INFO: [ view_parse ] --END-- [ RunTime:0.092005s ]
INFO: [ view_filter ] --START--
INFO: Run Behavior\WriteHtmlCacheBehavior [ RunTime:0.001001s ]
INFO: [ view_filter ] --END-- [ RunTime:0.001001s ]
INFO: [ app_end ] --START--
INFO: Run Behavior\ShowPageTraceBehavior [ RunTime:0.000000s ]
INFO: [ app_end ] --END-- [ RunTime:0.000000s ]

[ 2018-06-27T11:37:53+08:00 ] 127.0.0.1 /index.php/Admin/Index/index
INFO: [ app_init ] --START--
INFO: Run Behavior\BuildLiteBehavior [ RunTime:0.000000s ]
INFO: [ app_init ] --END-- [ RunTime:0.000000s ]
INFO: [ app_begin ] --START--
INFO: Run Behavior\ReadHtmlCacheBehavior [ RunTime:0.001000s ]
INFO: [ app_begin ] --END-- [ RunTime:0.001000s ]
SQL: SHOW COLUMNS FROM `equipment` [ RunTime:0.0010s ]
NOTIC: [8] Use of undefined constant asc - assumed 'asc' D:\WWW\machine\Application\Admin\Controller\IndexController.class.php 第 28 行.
SQL: SELECT FROM_UNIXTIME(t3.end_time,'%Y%m%d') statistics_date,t2.price,t3.id as roomid,t3.got_gift FROM equipment t1 left join tbl_game_log as t3 on t3.equipment_id = t1.id left join goods as t2 on t1.goods_id=t2.id  WHERE t1.pid = '4' AND ( t3.end_time between 1529811473 and 1530070673 ) ORDER BY t1.id  [ RunTime:0.0020s ]
NOTIC: [8] Undefined index: income_count D:\WWW\machine\Application\Admin\Controller\IndexController.class.php 第 34 行.
NOTIC: [8] Undefined index: run_count D:\WWW\machine\Application\Admin\Controller\IndexController.class.php 第 35 行.
NOTIC: [8] Undefined index: success_number D:\WWW\machine\Application\Admin\Controller\IndexController.class.php 第 36 行.
NOTIC: [8] Undefined index: fail_number D:\WWW\machine\Application\Admin\Controller\IndexController.class.php 第 37 行.
NOTIC: [8] Undefined index: income_count D:\WWW\machine\Application\Admin\Controller\IndexController.class.php 第 40 行.
NOTIC: [8] Undefined index: income_count D:\WWW\machine\Application\Admin\Controller\IndexController.class.php 第 40 行.
SQL: SHOW COLUMNS FROM `tbl_game_log` [ RunTime:0.0010s ]
SQL: SELECT FROM_UNIXTIME(t1.end_time,'%Y%m%d') statistics_date,count(t1.id) count FROM tbl_game_log t1 left join equipment as t2 on t2.id = t1.equipment_id  WHERE ( t1.end_time between 1529811473 and 1530070673 ) AND t2.pid = '4' GROUP BY statistics_date  [ RunTime:0.0010s ]
NOTIC: [8] Undefined index: run_count D:\WWW\machine\Application\Admin\Controller\IndexController.class.php 第 60 行.
NOTIC: [8] Undefined index: run_count D:\WWW\machine\Application\Admin\Controller\IndexController.class.php 第 60 行.
NOTIC: [8] Undefined index: run_count D:\WWW\machine\Application\Admin\Controller\IndexController.class.php 第 60 行.
SQL: SELECT FROM_UNIXTIME(t1.end_time,'%Y%m%d') statistics_date,count('t1.id') success_number FROM tbl_game_log t1 left join equipment as t2 on t2.id = t1.equipment_id  WHERE t1.got_gift = 1 AND t2.pid = '4' AND ( t1.end_time between 1529811473 and 1530070673 ) GROUP BY statistics_date  [ RunTime:0.0010s ]
NOTIC: [8] Undefined index: success_number D:\WWW\machine\Application\Admin\Controller\IndexController.class.php 第 83 行.
NOTIC: [8] Undefined index: success_number D:\WWW\machine\Application\Admin\Controller\IndexController.class.php 第 83 行.
SQL: SELECT FROM_UNIXTIME(t1.end_time,'%Y%m%d') statistics_date,count('t1.got_gift') fail_number FROM tbl_game_log t1 left join equipment as t2 on t2.id = t1.equipment_id  WHERE t1.got_gift = 0 AND t2.pid = '4' AND ( t1.end_time between 1529811473 and 1530070673 ) GROUP BY statistics_date  [ RunTime:0.0010s ]
NOTIC: [8] Undefined index: fail_number D:\WWW\machine\Application\Admin\Controller\IndexController.class.php 第 105 行.
NOTIC: [8] Undefined index: fail_number D:\WWW\machine\Application\Admin\Controller\IndexController.class.php 第 105 行.
INFO: [ view_parse ] --START--
INFO: [ template_filter ] --START--
INFO: Run Behavior\ContentReplaceBehavior [ RunTime:0.000000s ]
INFO: [ template_filter ] --END-- [ RunTime:0.000000s ]
NOTIC: [8] Undefined index: id D:\WWW\machine\Application\Runtime\Cache\Admin\b595b808c2ebeeeb0478ffc30bb4e87a.php 第 133 行.
NOTIC: [8] Undefined index: id D:\WWW\machine\Application\Runtime\Cache\Admin\b595b808c2ebeeeb0478ffc30bb4e87a.php 第 133 行.
NOTIC: [8] Undefined index: run_count D:\WWW\machine\Application\Runtime\Cache\Admin\b595b808c2ebeeeb0478ffc30bb4e87a.php 第 135 行.
NOTIC: [8] Undefined index: success_number D:\WWW\machine\Application\Runtime\Cache\Admin\b595b808c2ebeeeb0478ffc30bb4e87a.php 第 136 行.
NOTIC: [8] Undefined index: fail_number D:\WWW\machine\Application\Runtime\Cache\Admin\b595b808c2ebeeeb0478ffc30bb4e87a.php 第 137 行.
NOTIC: [8] Undefined index: id D:\WWW\machine\Application\Runtime\Cache\Admin\b595b808c2ebeeeb0478ffc30bb4e87a.php 第 133 行.
NOTIC: [8] Undefined index: run_count D:\WWW\machine\Application\Runtime\Cache\Admin\b595b808c2ebeeeb0478ffc30bb4e87a.php 第 135 行.
NOTIC: [8] Undefined index: success_number D:\WWW\machine\Application\Runtime\Cache\Admin\b595b808c2ebeeeb0478ffc30bb4e87a.php 第 136 行.
NOTIC: [8] Undefined index: fail_number D:\WWW\machine\Application\Runtime\Cache\Admin\b595b808c2ebeeeb0478ffc30bb4e87a.php 第 137 行.
NOTIC: [8] Undefined variable: count D:\WWW\machine\Application\Runtime\Cache\Admin\b595b808c2ebeeeb0478ffc30bb4e87a.php 第 205 行.
INFO: Run Behavior\ParseTemplateBehavior [ RunTime:0.054003s ]
INFO: [ view_parse ] --END-- [ RunTime:0.054003s ]
INFO: [ view_filter ] --START--
INFO: Run Behavior\WriteHtmlCacheBehavior [ RunTime:0.000000s ]
INFO: [ view_filter ] --END-- [ RunTime:0.000000s ]
INFO: [ app_end ] --START--
INFO: Run Behavior\ShowPageTraceBehavior [ RunTime:0.001000s ]
INFO: [ app_end ] --END-- [ RunTime:0.001000s ]

[ 2018-06-27T11:38:02+08:00 ] 127.0.0.1 /index.php/Admin/Equipment/index
INFO: [ app_init ] --START--
INFO: Run Behavior\BuildLiteBehavior [ RunTime:0.000000s ]
INFO: [ app_init ] --END-- [ RunTime:0.001000s ]
INFO: [ app_begin ] --START--
INFO: Run Behavior\ReadHtmlCacheBehavior [ RunTime:0.001000s ]
INFO: [ app_begin ] --END-- [ RunTime:0.001000s ]
SQL: SHOW COLUMNS FROM `equipment` [ RunTime:0.0010s ]
SQL: SELECT COUNT(*) AS tp_count FROM `equipment` WHERE `pid` = 4 LIMIT 1   [ RunTime:0.0010s ]
SQL: SHOW COLUMNS FROM `manager` [ RunTime:0.0010s ]
SQL: SELECT * FROM `manager` WHERE `pid` = 4 LIMIT 1   [ RunTime:0.0000s ]
SQL: SELECT `id` FROM `manager` WHERE `pid` = 4  [ RunTime:0.0000s ]
NOTIC: [8] Undefined variable: page D:\WWW\machine\Application\Admin\Controller\EquipmentController.class.php 第 46 行.
NOTIC: [8] Trying to get property of non-object D:\WWW\machine\Application\Admin\Controller\EquipmentController.class.php 第 46 行.
NOTIC: [8] Undefined variable: page D:\WWW\machine\Application\Admin\Controller\EquipmentController.class.php 第 46 行.
NOTIC: [8] Trying to get property of non-object D:\WWW\machine\Application\Admin\Controller\EquipmentController.class.php 第 46 行.
SQL: SELECT t1.*,t2.nickname,t2.equipment_ids,t3.*,t4.sn,t5.name as goods_name,t5.id as goods_id,t4.isOnline as isonline FROM equipment t1 left join manager as t2 on t1.owner = t2.id left join type as t3 on t3.type_id = t1.type left join machine as t4 on t4.uuid = t1.uuid left join goods as t5 on t1.goods_id = t5.id  WHERE ( t1.pid = 4 or t1.pid in (5,6,7) )  [ RunTime:0.0020s ]
SQL: SHOW COLUMNS FROM `manager` [ RunTime:0.0010s ]
SQL: SELECT t1.*,t2.* FROM manager t1 left join equipment as t2 on t2.owner = t1.id   WHERE t1.pid = '4'  [ RunTime:0.0010s ]
INFO: [ view_parse ] --START--
INFO: [ template_filter ] --START--
INFO: Run Behavior\ContentReplaceBehavior [ RunTime:0.000000s ]
INFO: [ template_filter ] --END-- [ RunTime:0.001000s ]
NOTIC: [8] Undefined variable: row_count D:\WWW\machine\Application\Runtime\Cache\Admin\78a6f9d2713211ce3b751d7107b15895.php 第 127 行.
NOTIC: [8] Undefined index: equipment_small_img D:\WWW\machine\Application\Runtime\Cache\Admin\78a6f9d2713211ce3b751d7107b15895.php 第 162 行.
NOTIC: [8] Undefined index: equipment_create_time D:\WWW\machine\Application\Runtime\Cache\Admin\78a6f9d2713211ce3b751d7107b15895.php 第 163 行.
NOTIC: [8] Undefined index: equipment_small_img D:\WWW\machine\Application\Runtime\Cache\Admin\78a6f9d2713211ce3b751d7107b15895.php 第 162 行.
NOTIC: [8] Undefined index: equipment_create_time D:\WWW\machine\Application\Runtime\Cache\Admin\78a6f9d2713211ce3b751d7107b15895.php 第 163 行.
NOTIC: [8] Undefined index: equipment_small_img D:\WWW\machine\Application\Runtime\Cache\Admin\78a6f9d2713211ce3b751d7107b15895.php 第 162 行.
NOTIC: [8] Undefined index: equipment_create_time D:\WWW\machine\Application\Runtime\Cache\Admin\78a6f9d2713211ce3b751d7107b15895.php 第 163 行.
NOTIC: [8] Undefined index: equipment_small_img D:\WWW\machine\Application\Runtime\Cache\Admin\78a6f9d2713211ce3b751d7107b15895.php 第 162 行.
NOTIC: [8] Undefined index: equipment_create_time D:\WWW\machine\Application\Runtime\Cache\Admin\78a6f9d2713211ce3b751d7107b15895.php 第 163 行.
NOTIC: [8] Undefined index: equipment_small_img D:\WWW\machine\Application\Runtime\Cache\Admin\78a6f9d2713211ce3b751d7107b15895.php 第 162 行.
NOTIC: [8] Undefined index: equipment_create_time D:\WWW\machine\Application\Runtime\Cache\Admin\78a6f9d2713211ce3b751d7107b15895.php 第 163 行.
NOTIC: [8] Undefined index: equipment_small_img D:\WWW\machine\Application\Runtime\Cache\Admin\78a6f9d2713211ce3b751d7107b15895.php 第 162 行.
NOTIC: [8] Undefined index: equipment_create_time D:\WWW\machine\Application\Runtime\Cache\Admin\78a6f9d2713211ce3b751d7107b15895.php 第 163 行.
NOTIC: [8] Undefined index: equipment_small_img D:\WWW\machine\Application\Runtime\Cache\Admin\78a6f9d2713211ce3b751d7107b15895.php 第 162 行.
NOTIC: [8] Undefined index: equipment_create_time D:\WWW\machine\Application\Runtime\Cache\Admin\78a6f9d2713211ce3b751d7107b15895.php 第 163 行.
INFO: Run Behavior\ParseTemplateBehavior [ RunTime:0.061003s ]
INFO: [ view_parse ] --END-- [ RunTime:0.061003s ]
INFO: [ view_filter ] --START--
INFO: Run Behavior\WriteHtmlCacheBehavior [ RunTime:0.000000s ]
INFO: [ view_filter ] --END-- [ RunTime:0.001000s ]
INFO: [ app_end ] --START--
INFO: Run Behavior\ShowPageTraceBehavior [ RunTime:0.001000s ]
INFO: [ app_end ] --END-- [ RunTime:0.001000s ]

[ 2018-06-27T11:38:04+08:00 ] 127.0.0.1 /index.php/Admin/Equipment/detail/id/2
INFO: [ app_init ] --START--
INFO: Run Behavior\BuildLiteBehavior [ RunTime:0.000000s ]
INFO: [ app_init ] --END-- [ RunTime:0.001000s ]
INFO: [ app_begin ] --START--
INFO: Run Behavior\ReadHtmlCacheBehavior [ RunTime:0.001000s ]
INFO: [ app_begin ] --END-- [ RunTime:0.001000s ]
SQL: SHOW COLUMNS FROM `equipment` [ RunTime:0.0010s ]
SQL: SELECT * FROM equipment t1 left join type as t2 on t1.type = t2.type_id  WHERE `id` = '2' LIMIT 1   [ RunTime:0.0010s ]
SQL: SHOW COLUMNS FROM `equipmentpics` [ RunTime:0.0000s ]
SQL: SELECT * FROM `equipmentpics` WHERE `equipment_id` = 2  [ RunTime:0.0000s ]
SQL: SELECT * FROM `equipment` WHERE `id` = 2 LIMIT 1   [ RunTime:0.0010s ]
SQL: SELECT * FROM equipment t1 left join goods as t2 on t1.goods_id = t2.id left join goodspics as t3 on t3.goods_id = t2.id  WHERE t1.id = '2'  [ RunTime:0.0010s ]
SQL: SHOW COLUMNS FROM `machine` [ RunTime:0.0010s ]
SQL: SELECT `isOnline` FROM `machine` WHERE `uuid` = '1ea6c85e-aaca-41d5-b879-22edbee46acb' LIMIT 1   [ RunTime:0.0000s ]
SQL: SHOW COLUMNS FROM `equipment` [ RunTime:0.0020s ]
SQL: SELECT t2.price FROM equipment t1 left join goods as t2 on t2.id = t1.goods_id  WHERE t1.id = '2' LIMIT 1   [ RunTime:0.0000s ]
SQL: SHOW COLUMNS FROM `tbl_game_log` [ RunTime:0.0000s ]
SQL: SELECT * FROM `tbl_game_log` WHERE ( end_time between 1530028800 and 1530115199 ) AND `equipment_id` = 2  [ RunTime:0.0010s ]
SQL: SELECT * FROM `tbl_game_log` WHERE ( end_time between 1530028800 and 1530115199 ) AND `equipment_id` = 2 AND `type` = 'gold'  [ RunTime:0.0010s ]
SQL: SELECT * FROM `tbl_game_log` WHERE ( end_time between 1530028800 and 1530115199 ) AND `equipment_id` = 2 AND `type` = 'silver'  [ RunTime:0.0010s ]
SQL: SHOW COLUMNS FROM `equipment_day_statistics` [ RunTime:0.0010s ]
SQL: SELECT * FROM `equipment_day_statistics` WHERE `statistics_date` = 1529942400 AND `equipment_id` = 2 LIMIT 1   [ RunTime:0.0010s ]
SQL: SELECT * FROM `equipment_day_statistics` WHERE ( statistics_date between 1527782400 and 1530374399 ) AND `equipment_id` = 2  [ RunTime:0.0010s ]
NOTIC: [8] Undefined variable: month D:\WWW\machine\Application\Admin\Controller\EquipmentController.class.php 第 446 行.
NOTIC: [8] Undefined index: count D:\WWW\machine\Application\Admin\Controller\EquipmentController.class.php 第 446 行.
NOTIC: [8] Undefined index: gold D:\WWW\machine\Application\Admin\Controller\EquipmentController.class.php 第 447 行.
NOTIC: [8] Undefined index: silver D:\WWW\machine\Application\Admin\Controller\EquipmentController.class.php 第 448 行.
NOTIC: [8] Undefined index: income D:\WWW\machine\Application\Admin\Controller\EquipmentController.class.php 第 449 行.
SQL: SHOW COLUMNS FROM `equipment_month_statistics` [ RunTime:0.0010s ]
SQL: SELECT * FROM `equipment_month_statistics` WHERE `statistics_date` = 1525104000 AND `equipment_id` = 2 LIMIT 1   [ RunTime:0.0010s ]
SQL: SHOW COLUMNS FROM `tbl_game_log` [ RunTime:0.0010s ]
SQL: SELECT FROM_UNIXTIME(t1.end_time,'%Y%m%d') days,count(t1.id) count FROM tbl_game_log t1 WHERE ( t1.end_time between 1529552284 and 1530115200 and t1.equipment_id = 2 ) GROUP BY days  [ RunTime:0.0010s ]
NOTIC: [8] Undefined index: count D:\WWW\machine\Application\Admin\Controller\EquipmentController.class.php 第 520 行.
NOTIC: [8] Undefined index: count D:\WWW\machine\Application\Admin\Controller\EquipmentController.class.php 第 520 行.
NOTIC: [8] Undefined index: count D:\WWW\machine\Application\Admin\Controller\EquipmentController.class.php 第 520 行.
NOTIC: [8] Undefined index: count D:\WWW\machine\Application\Admin\Controller\EquipmentController.class.php 第 520 行.
NOTIC: [8] Undefined index: count D:\WWW\machine\Application\Admin\Controller\EquipmentController.class.php 第 520 行.
NOTIC: [8] Undefined index: count D:\WWW\machine\Application\Admin\Controller\EquipmentController.class.php 第 520 行.
NOTIC: [8] Undefined index: count D:\WWW\machine\Application\Admin\Controller\EquipmentController.class.php 第 520 行.
SQL: SELECT FROM_UNIXTIME(t1.end_time,'%Y%m%d') days,count(t1.id) count FROM tbl_game_log t1 WHERE ( t1.end_time between 1529552284 and 1530115200 ) AND t1.equipment_id = '2' AND `got_gift` = 1 GROUP BY days  [ RunTime:0.0000s ]
NOTIC: [8] Undefined index: count D:\WWW\machine\Application\Admin\Controller\EquipmentController.class.php 第 550 行.
NOTIC: [8] Undefined index: count D:\WWW\machine\Application\Admin\Controller\EquipmentController.class.php 第 550 行.
NOTIC: [8] Undefined index: count D:\WWW\machine\Application\Admin\Controller\EquipmentController.class.php 第 550 行.
NOTIC: [8] Undefined index: count D:\WWW\machine\Application\Admin\Controller\EquipmentController.class.php 第 550 行.
NOTIC: [8] Undefined index: count D:\WWW\machine\Application\Admin\Controller\EquipmentController.class.php 第 550 行.
NOTIC: [8] Undefined index: count D:\WWW\machine\Application\Admin\Controller\EquipmentController.class.php 第 550 行.
NOTIC: [8] Undefined index: count D:\WWW\machine\Application\Admin\Controller\EquipmentController.class.php 第 550 行.
SQL: SELECT FROM_UNIXTIME(t1.end_time,'%Y%m%d') days,count(t1.id) count FROM tbl_game_log t1 WHERE ( t1.end_time between 1529552284 and 1530115200 ) AND t1.equipment_id = '2' AND `got_gift` = 0 GROUP BY days  [ RunTime:0.0000s ]
NOTIC: [8] Undefined index: count D:\WWW\machine\Application\Admin\Controller\EquipmentController.class.php 第 578 行.
NOTIC: [8] Undefined index: count D:\WWW\machine\Application\Admin\Controller\EquipmentController.class.php 第 578 行.
NOTIC: [8] Undefined index: count D:\WWW\machine\Application\Admin\Controller\EquipmentController.class.php 第 578 行.
NOTIC: [8] Undefined index: count D:\WWW\machine\Application\Admin\Controller\EquipmentController.class.php 第 578 行.
NOTIC: [8] Undefined index: count D:\WWW\machine\Application\Admin\Controller\EquipmentController.class.php 第 578 行.
NOTIC: [8] Undefined index: count D:\WWW\machine\Application\Admin\Controller\EquipmentController.class.php 第 578 行.
NOTIC: [8] Undefined index: count D:\WWW\machine\Application\Admin\Controller\EquipmentController.class.php 第 578 行.
NOTIC: [8] Undefined variable: day D:\WWW\machine\Application\Admin\Controller\EquipmentController.class.php 第 616 行.
NOTIC: [8] Undefined variable: data D:\WWW\machine\Application\Admin\Controller\EquipmentController.class.php 第 620 行.
INFO: [ view_parse ] --START--
INFO: [ template_filter ] --START--
INFO: Run Behavior\ContentReplaceBehavior [ RunTime:0.000000s ]
INFO: [ template_filter ] --END-- [ RunTime:0.000000s ]
NOTIC: [8] Undefined index: equipment_introduce D:\WWW\machine\Application\Runtime\Cache\Admin\54746e89221da3b3c440acca3985ba94.php 第 151 行.
NOTIC: [8] Undefined variable: total D:\WWW\machine\Application\Runtime\Cache\Admin\54746e89221da3b3c440acca3985ba94.php 第 202 行.
NOTIC: [8] Undefined variable: total D:\WWW\machine\Application\Runtime\Cache\Admin\54746e89221da3b3c440acca3985ba94.php 第 211 行.
NOTIC: [8] Undefined variable: total D:\WWW\machine\Application\Runtime\Cache\Admin\54746e89221da3b3c440acca3985ba94.php 第 221 行.
NOTIC: [8] Undefined variable: total D:\WWW\machine\Application\Runtime\Cache\Admin\54746e89221da3b3c440acca3985ba94.php 第 229 行.
NOTIC: [8] Undefined variable: total D:\WWW\machine\Application\Runtime\Cache\Admin\54746e89221da3b3c440acca3985ba94.php 第 230 行.
NOTIC: [8] Undefined variable: total D:\WWW\machine\Application\Runtime\Cache\Admin\54746e89221da3b3c440acca3985ba94.php 第 264 行.
NOTIC: [8] Undefined variable: total D:\WWW\machine\Application\Runtime\Cache\Admin\54746e89221da3b3c440acca3985ba94.php 第 265 行.
NOTIC: [8] Undefined variable: total D:\WWW\machine\Application\Runtime\Cache\Admin\54746e89221da3b3c440acca3985ba94.php 第 268 行.
INFO: Run Behavior\ParseTemplateBehavior [ RunTime:0.090005s ]
INFO: [ view_parse ] --END-- [ RunTime:0.090005s ]
INFO: [ view_filter ] --START--
INFO: Run Behavior\WriteHtmlCacheBehavior [ RunTime:0.001000s ]
INFO: [ view_filter ] --END-- [ RunTime:0.001000s ]
INFO: [ app_end ] --START--
INFO: Run Behavior\ShowPageTraceBehavior [ RunTime:0.001000s ]
INFO: [ app_end ] --END-- [ RunTime:0.001000s ]

[ 2018-06-27T11:38:08+08:00 ] 127.0.0.1 /index.php/Admin/Equipment/detail/id/11
INFO: [ app_init ] --START--
INFO: Run Behavior\BuildLiteBehavior [ RunTime:0.000000s ]
INFO: [ app_init ] --END-- [ RunTime:0.001000s ]
INFO: [ app_begin ] --START--
INFO: Run Behavior\ReadHtmlCacheBehavior [ RunTime:0.001000s ]
INFO: [ app_begin ] --END-- [ RunTime:0.001000s ]
SQL: SHOW COLUMNS FROM `equipment` [ RunTime:0.0010s ]
SQL: SELECT * FROM equipment t1 left join type as t2 on t1.type = t2.type_id  WHERE `id` = '11' LIMIT 1   [ RunTime:0.0010s ]
SQL: SHOW COLUMNS FROM `equipmentpics` [ RunTime:0.0010s ]
SQL: SELECT * FROM `equipmentpics` WHERE `equipment_id` = 11  [ RunTime:0.0000s ]
SQL: SELECT * FROM `equipment` WHERE `id` = 11 LIMIT 1   [ RunTime:0.0000s ]
SQL: SELECT * FROM equipment t1 left join goods as t2 on t1.goods_id = t2.id left join goodspics as t3 on t3.goods_id = t2.id  WHERE t1.id = '11'  [ RunTime:0.0010s ]
SQL: SHOW COLUMNS FROM `machine` [ RunTime:0.0010s ]
SQL: SELECT `isOnline` FROM `machine` WHERE `uuid` = '7db77b3c-8563-4c2b-a2ce-78293418aa82' LIMIT 1   [ RunTime:0.0010s ]
SQL: SHOW COLUMNS FROM `equipment` [ RunTime:0.0010s ]
SQL: SELECT t2.price FROM equipment t1 left join goods as t2 on t2.id = t1.goods_id  WHERE t1.id = '11' LIMIT 1   [ RunTime:0.0000s ]
SQL: SHOW COLUMNS FROM `tbl_game_log` [ RunTime:0.0010s ]
SQL: SELECT * FROM `tbl_game_log` WHERE ( end_time between 1530028800 and 1530115199 ) AND `equipment_id` = 11  [ RunTime:0.0010s ]
SQL: SELECT * FROM `tbl_game_log` WHERE ( end_time between 1530028800 and 1530115199 ) AND `equipment_id` = 11 AND `type` = 'gold'  [ RunTime:0.0000s ]
SQL: SELECT * FROM `tbl_game_log` WHERE ( end_time between 1530028800 and 1530115199 ) AND `equipment_id` = 11 AND `type` = 'silver'  [ RunTime:0.0000s ]
SQL: SHOW COLUMNS FROM `equipment_day_statistics` [ RunTime:0.0010s ]
SQL: SELECT * FROM `equipment_day_statistics` WHERE `statistics_date` = 1529942400 AND `equipment_id` = 11 LIMIT 1   [ RunTime:0.0010s ]
SQL: SELECT * FROM `equipment_day_statistics` WHERE ( statistics_date between 1527782400 and 1530374399 ) AND `equipment_id` = 11  [ RunTime:0.0010s ]
NOTIC: [8] Undefined variable: month D:\WWW\machine\Application\Admin\Controller\EquipmentController.class.php 第 446 行.
NOTIC: [8] Undefined index: count D:\WWW\machine\Application\Admin\Controller\EquipmentController.class.php 第 446 行.
NOTIC: [8] Undefined index: gold D:\WWW\machine\Application\Admin\Controller\EquipmentController.class.php 第 447 行.
NOTIC: [8] Undefined index: silver D:\WWW\machine\Application\Admin\Controller\EquipmentController.class.php 第 448 行.
NOTIC: [8] Undefined index: income D:\WWW\machine\Application\Admin\Controller\EquipmentController.class.php 第 449 行.
SQL: SHOW COLUMNS FROM `equipment_month_statistics` [ RunTime:0.0010s ]
SQL: SELECT * FROM `equipment_month_statistics` WHERE `statistics_date` = 1525104000 AND `equipment_id` = 11 LIMIT 1   [ RunTime:0.0010s ]
SQL: SHOW COLUMNS FROM `tbl_game_log` [ RunTime:0.0010s ]
SQL: SELECT FROM_UNIXTIME(t1.end_time,'%Y%m%d') days,count(t1.id) count FROM tbl_game_log t1 WHERE ( t1.end_time between 1529552288 and 1530115200 and t1.equipment_id = 11 ) GROUP BY days  [ RunTime:0.0010s ]
NOTIC: [8] Undefined index: count D:\WWW\machine\Application\Admin\Controller\EquipmentController.class.php 第 520 行.
NOTIC: [8] Undefined index: count D:\WWW\machine\Application\Admin\Controller\EquipmentController.class.php 第 520 行.
SQL: SELECT FROM_UNIXTIME(t1.end_time,'%Y%m%d') days,count(t1.id) count FROM tbl_game_log t1 WHERE ( t1.end_time between 1529552288 and 1530115200 ) AND t1.equipment_id = '11' AND `got_gift` = 1 GROUP BY days  [ RunTime:0.0010s ]
NOTIC: [8] Undefined index: count D:\WWW\machine\Application\Admin\Controller\EquipmentController.class.php 第 550 行.
NOTIC: [8] Undefined index: count D:\WWW\machine\Application\Admin\Controller\EquipmentController.class.php 第 550 行.
NOTIC: [8] Undefined index: count D:\WWW\machine\Application\Admin\Controller\EquipmentController.class.php 第 550 行.
NOTIC: [8] Undefined index: count D:\WWW\machine\Application\Admin\Controller\EquipmentController.class.php 第 550 行.
SQL: SELECT FROM_UNIXTIME(t1.end_time,'%Y%m%d') days,count(t1.id) count FROM tbl_game_log t1 WHERE ( t1.end_time between 1529552288 and 1530115200 ) AND t1.equipment_id = '11' AND `got_gift` = 0 GROUP BY days  [ RunTime:0.0000s ]
NOTIC: [8] Undefined index: count D:\WWW\machine\Application\Admin\Controller\EquipmentController.class.php 第 578 行.
NOTIC: [8] Undefined index: count D:\WWW\machine\Application\Admin\Controller\EquipmentController.class.php 第 578 行.
NOTIC: [8] Undefined index: count D:\WWW\machine\Application\Admin\Controller\EquipmentController.class.php 第 578 行.
NOTIC: [8] Undefined variable: data D:\WWW\machine\Application\Admin\Controller\EquipmentController.class.php 第 620 行.
INFO: [ view_parse ] --START--
INFO: [ template_filter ] --START--
INFO: Run Behavior\ContentReplaceBehavior [ RunTime:0.000000s ]
INFO: [ template_filter ] --END-- [ RunTime:0.000000s ]
NOTIC: [8] Undefined index: equipment_introduce D:\WWW\machine\Application\Runtime\Cache\Admin\54746e89221da3b3c440acca3985ba94.php 第 151 行.
NOTIC: [8] Undefined variable: total D:\WWW\machine\Application\Runtime\Cache\Admin\54746e89221da3b3c440acca3985ba94.php 第 202 行.
NOTIC: [8] Undefined variable: total D:\WWW\machine\Application\Runtime\Cache\Admin\54746e89221da3b3c440acca3985ba94.php 第 211 行.
NOTIC: [8] Undefined variable: total D:\WWW\machine\Application\Runtime\Cache\Admin\54746e89221da3b3c440acca3985ba94.php 第 221 行.
NOTIC: [8] Undefined variable: total D:\WWW\machine\Application\Runtime\Cache\Admin\54746e89221da3b3c440acca3985ba94.php 第 229 行.
NOTIC: [8] Undefined variable: total D:\WWW\machine\Application\Runtime\Cache\Admin\54746e89221da3b3c440acca3985ba94.php 第 230 行.
NOTIC: [8] Undefined variable: total D:\WWW\machine\Application\Runtime\Cache\Admin\54746e89221da3b3c440acca3985ba94.php 第 264 行.
NOTIC: [8] Undefined variable: total D:\WWW\machine\Application\Runtime\Cache\Admin\54746e89221da3b3c440acca3985ba94.php 第 265 行.
NOTIC: [8] Undefined variable: total D:\WWW\machine\Application\Runtime\Cache\Admin\54746e89221da3b3c440acca3985ba94.php 第 268 行.
INFO: Run Behavior\ParseTemplateBehavior [ RunTime:0.091005s ]
INFO: [ view_parse ] --END-- [ RunTime:0.091005s ]
INFO: [ view_filter ] --START--
INFO: Run Behavior\WriteHtmlCacheBehavior [ RunTime:0.000000s ]
INFO: [ view_filter ] --END-- [ RunTime:0.000000s ]
INFO: [ app_end ] --START--
INFO: Run Behavior\ShowPageTraceBehavior [ RunTime:0.001000s ]
INFO: [ app_end ] --END-- [ RunTime:0.001000s ]

[ 2018-06-27T11:38:17+08:00 ] 127.0.0.1 /index.php/Admin/Index/index
INFO: [ app_init ] --START--
INFO: Run Behavior\BuildLiteBehavior [ RunTime:0.000000s ]
INFO: [ app_init ] --END-- [ RunTime:0.000000s ]
INFO: [ app_begin ] --START--
INFO: Run Behavior\ReadHtmlCacheBehavior [ RunTime:0.000000s ]
INFO: [ app_begin ] --END-- [ RunTime:0.000000s ]
SQL: SHOW COLUMNS FROM `equipment` [ RunTime:0.0010s ]
NOTIC: [8] Use of undefined constant asc - assumed 'asc' D:\WWW\machine\Application\Admin\Controller\IndexController.class.php 第 28 行.
SQL: SELECT FROM_UNIXTIME(t3.end_time,'%Y%m%d') statistics_date,t2.price,t3.id as roomid,t3.got_gift FROM equipment t1 left join tbl_game_log as t3 on t3.equipment_id = t1.id left join goods as t2 on t1.goods_id=t2.id  WHERE t1.pid = '4' AND ( t3.end_time between 1529811497 and 1530070697 ) ORDER BY t1.id  [ RunTime:0.0010s ]
NOTIC: [8] Undefined index: income_count D:\WWW\machine\Application\Admin\Controller\IndexController.class.php 第 34 行.
NOTIC: [8] Undefined index: run_count D:\WWW\machine\Application\Admin\Controller\IndexController.class.php 第 35 行.
NOTIC: [8] Undefined index: success_number D:\WWW\machine\Application\Admin\Controller\IndexController.class.php 第 36 行.
NOTIC: [8] Undefined index: fail_number D:\WWW\machine\Application\Admin\Controller\IndexController.class.php 第 37 行.
NOTIC: [8] Undefined index: income_count D:\WWW\machine\Application\Admin\Controller\IndexController.class.php 第 40 行.
NOTIC: [8] Undefined index: income_count D:\WWW\machine\Application\Admin\Controller\IndexController.class.php 第 40 行.
SQL: SHOW COLUMNS FROM `tbl_game_log` [ RunTime:0.0010s ]
SQL: SELECT FROM_UNIXTIME(t1.end_time,'%Y%m%d') statistics_date,count(t1.id) count FROM tbl_game_log t1 left join equipment as t2 on t2.id = t1.equipment_id  WHERE ( t1.end_time between 1529811497 and 1530070697 ) AND t2.pid = '4' GROUP BY statistics_date  [ RunTime:0.0010s ]
NOTIC: [8] Undefined index: run_count D:\WWW\machine\Application\Admin\Controller\IndexController.class.php 第 60 行.
NOTIC: [8] Undefined index: run_count D:\WWW\machine\Application\Admin\Controller\IndexController.class.php 第 60 行.
NOTIC: [8] Undefined index: run_count D:\WWW\machine\Application\Admin\Controller\IndexController.class.php 第 60 行.
SQL: SELECT FROM_UNIXTIME(t1.end_time,'%Y%m%d') statistics_date,count('t1.id') success_number FROM tbl_game_log t1 left join equipment as t2 on t2.id = t1.equipment_id  WHERE t1.got_gift = 1 AND t2.pid = '4' AND ( t1.end_time between 1529811497 and 1530070697 ) GROUP BY statistics_date  [ RunTime:0.0010s ]
NOTIC: [8] Undefined index: success_number D:\WWW\machine\Application\Admin\Controller\IndexController.class.php 第 83 行.
NOTIC: [8] Undefined index: success_number D:\WWW\machine\Application\Admin\Controller\IndexController.class.php 第 83 行.
SQL: SELECT FROM_UNIXTIME(t1.end_time,'%Y%m%d') statistics_date,count('t1.got_gift') fail_number FROM tbl_game_log t1 left join equipment as t2 on t2.id = t1.equipment_id  WHERE t1.got_gift = 0 AND t2.pid = '4' AND ( t1.end_time between 1529811497 and 1530070697 ) GROUP BY statistics_date  [ RunTime:0.0010s ]
NOTIC: [8] Undefined index: fail_number D:\WWW\machine\Application\Admin\Controller\IndexController.class.php 第 105 行.
NOTIC: [8] Undefined index: fail_number D:\WWW\machine\Application\Admin\Controller\IndexController.class.php 第 105 行.
INFO: [ view_parse ] --START--
INFO: [ template_filter ] --START--
INFO: Run Behavior\ContentReplaceBehavior [ RunTime:0.000000s ]
INFO: [ template_filter ] --END-- [ RunTime:0.000000s ]
NOTIC: [8] Undefined index: id D:\WWW\machine\Application\Runtime\Cache\Admin\b595b808c2ebeeeb0478ffc30bb4e87a.php 第 133 行.
NOTIC: [8] Undefined index: id D:\WWW\machine\Application\Runtime\Cache\Admin\b595b808c2ebeeeb0478ffc30bb4e87a.php 第 133 行.
NOTIC: [8] Undefined index: run_count D:\WWW\machine\Application\Runtime\Cache\Admin\b595b808c2ebeeeb0478ffc30bb4e87a.php 第 135 行.
NOTIC: [8] Undefined index: success_number D:\WWW\machine\Application\Runtime\Cache\Admin\b595b808c2ebeeeb0478ffc30bb4e87a.php 第 136 行.
NOTIC: [8] Undefined index: fail_number D:\WWW\machine\Application\Runtime\Cache\Admin\b595b808c2ebeeeb0478ffc30bb4e87a.php 第 137 行.
NOTIC: [8] Undefined index: id D:\WWW\machine\Application\Runtime\Cache\Admin\b595b808c2ebeeeb0478ffc30bb4e87a.php 第 133 行.
NOTIC: [8] Undefined index: run_count D:\WWW\machine\Application\Runtime\Cache\Admin\b595b808c2ebeeeb0478ffc30bb4e87a.php 第 135 行.
NOTIC: [8] Undefined index: success_number D:\WWW\machine\Application\Runtime\Cache\Admin\b595b808c2ebeeeb0478ffc30bb4e87a.php 第 136 行.
NOTIC: [8] Undefined index: fail_number D:\WWW\machine\Application\Runtime\Cache\Admin\b595b808c2ebeeeb0478ffc30bb4e87a.php 第 137 行.
NOTIC: [8] Undefined variable: count D:\WWW\machine\Application\Runtime\Cache\Admin\b595b808c2ebeeeb0478ffc30bb4e87a.php 第 205 行.
INFO: Run Behavior\ParseTemplateBehavior [ RunTime:0.053003s ]
INFO: [ view_parse ] --END-- [ RunTime:0.053003s ]
INFO: [ view_filter ] --START--
INFO: Run Behavior\WriteHtmlCacheBehavior [ RunTime:0.000000s ]
INFO: [ view_filter ] --END-- [ RunTime:0.000000s ]
INFO: [ app_end ] --START--
INFO: Run Behavior\ShowPageTraceBehavior [ RunTime:0.001000s ]
INFO: [ app_end ] --END-- [ RunTime:0.001000s ]

