[ 2018-06-29T14:31:57+08:00 ] 127.0.0.1 /index.php/Admin/Operating/equipment_edit/id/2
INFO: [ app_init ] --START--
INFO: Run Behavior\BuildLiteBehavior [ RunTime:0.000000s ]
INFO: [ app_init ] --END-- [ RunTime:0.001000s ]
INFO: [ app_begin ] --START--
INFO: Run Behavior\ReadHtmlCacheBehavior [ RunTime:0.000000s ]
INFO: [ app_begin ] --END-- [ RunTime:0.000000s ]
SQL: SHOW COLUMNS FROM `equipment` [ RunTime:0.0010s ]
SQL: SELECT * FROM equipment t1 left join type as t2 on t1.type = t2. type_id  WHERE `id` = '2' LIMIT 1   [ RunTime:0.0010s ]
SQL: SHOW COLUMNS FROM `equipment` [ RunTime:0.0020s ]
SQL: SELECT * FROM `equipment` WHERE `goods_id` = 4  [ RunTime:0.0010s ]
SQL: SHOW COLUMNS FROM `type` [ RunTime:0.0010s ]
SQL: SELECT * FROM `type`  [ RunTime:0.0000s ]
INFO: [ view_parse ] --START--
INFO: [ template_filter ] --START--
INFO: Run Behavior\ContentReplaceBehavior [ RunTime:0.000000s ]
INFO: [ template_filter ] --END-- [ RunTime:0.000000s ]
INFO: Run Behavior\ParseTemplateBehavior [ RunTime:0.063004s ]
INFO: [ view_parse ] --END-- [ RunTime:0.063004s ]
INFO: [ view_filter ] --START--
INFO: Run Behavior\WriteHtmlCacheBehavior [ RunTime:0.000000s ]
INFO: [ view_filter ] --END-- [ RunTime:0.000000s ]
INFO: [ app_end ] --START--
INFO: Run Behavior\ShowPageTraceBehavior [ RunTime:0.000000s ]
INFO: [ app_end ] --END-- [ RunTime:0.000000s ]

[ 2018-06-29T14:33:26+08:00 ] 127.0.0.1 /index.php/Admin/Operating/__PUBIC__/Admin/lib/My97DatePicker/4.8/WdatePicker.js
INFO: [ app_init ] --START--
INFO: Run Behavior\BuildLiteBehavior [ RunTime:0.000000s ]
INFO: [ app_init ] --END-- [ RunTime:0.000000s ]
INFO: [ app_begin ] --START--
INFO: Run Behavior\ReadHtmlCacheBehavior [ RunTime:0.001000s ]
INFO: [ app_begin ] --END-- [ RunTime:0.001000s ]
ERR: 非法操作:__PUBIC__

[ 2018-06-29T14:33:26+08:00 ] 127.0.0.1 /index.php/Admin/Operating/__PUBIC__/Admin/lib/jquery.validation/1.14.0/jquery.validate.js
INFO: [ app_init ] --START--
INFO: Run Behavior\BuildLiteBehavior [ RunTime:0.000000s ]
INFO: [ app_init ] --END-- [ RunTime:0.001001s ]
INFO: [ app_begin ] --START--
INFO: Run Behavior\ReadHtmlCacheBehavior [ RunTime:0.000000s ]
INFO: [ app_begin ] --END-- [ RunTime:0.000000s ]
ERR: 非法操作:__PUBIC__

[ 2018-06-29T14:33:26+08:00 ] 127.0.0.1 /index.php/Admin/Operating/__PUBIC__/Admin/lib/jquery.validation/1.14.0/validate-methods.js
INFO: [ app_init ] --START--
INFO: Run Behavior\BuildLiteBehavior [ RunTime:0.000000s ]
INFO: [ app_init ] --END-- [ RunTime:0.001001s ]
INFO: [ app_begin ] --START--
INFO: Run Behavior\ReadHtmlCacheBehavior [ RunTime:0.001000s ]
INFO: [ app_begin ] --END-- [ RunTime:0.001000s ]
ERR: 非法操作:__PUBIC__

[ 2018-06-29T14:33:26+08:00 ] 127.0.0.1 /index.php/Admin/Operating/__PUBIC__/Admin/lib/jquery.validation/1.14.0/messages_zh.js
INFO: [ app_init ] --START--
INFO: Run Behavior\BuildLiteBehavior [ RunTime:0.000000s ]
INFO: [ app_init ] --END-- [ RunTime:0.001000s ]
INFO: [ app_begin ] --START--
INFO: Run Behavior\ReadHtmlCacheBehavior [ RunTime:0.001000s ]
INFO: [ app_begin ] --END-- [ RunTime:0.001000s ]
ERR: 非法操作:__PUBIC__

[ 2018-06-29T14:37:38+08:00 ] 127.0.0.1 /index.php/Admin/Operating/equipment_edit/id/2
INFO: [ app_init ] --START--
INFO: Run Behavior\BuildLiteBehavior [ RunTime:0.000000s ]
INFO: [ app_init ] --END-- [ RunTime:0.001000s ]
INFO: [ app_begin ] --START--
INFO: Run Behavior\ReadHtmlCacheBehavior [ RunTime:0.001000s ]
INFO: [ app_begin ] --END-- [ RunTime:0.001000s ]
SQL: SHOW COLUMNS FROM `equipment` [ RunTime:0.0020s ]
SQL: SELECT * FROM equipment t1 left join type as t2 on t1.type = t2. type_id  WHERE `id` = '2' LIMIT 1   [ RunTime:0.0010s ]
SQL: SHOW COLUMNS FROM `equipment` [ RunTime:0.0010s ]
SQL: SELECT * FROM `equipment` WHERE `goods_id` = 4  [ RunTime:0.0010s ]
SQL: SHOW COLUMNS FROM `type` [ RunTime:0.0010s ]
SQL: SELECT * FROM `type`  [ RunTime:0.0010s ]
INFO: [ view_parse ] --START--
INFO: [ template_filter ] --START--
INFO: Run Behavior\ContentReplaceBehavior [ RunTime:0.000000s ]
INFO: [ template_filter ] --END-- [ RunTime:0.000000s ]
INFO: Run Behavior\ParseTemplateBehavior [ RunTime:0.062003s ]
INFO: [ view_parse ] --END-- [ RunTime:0.062003s ]
INFO: [ view_filter ] --START--
INFO: Run Behavior\WriteHtmlCacheBehavior [ RunTime:0.001000s ]
INFO: [ view_filter ] --END-- [ RunTime:0.001000s ]
INFO: [ app_end ] --START--
INFO: Run Behavior\ShowPageTraceBehavior [ RunTime:0.001000s ]
INFO: [ app_end ] --END-- [ RunTime:0.001000s ]

[ 2018-06-29T14:37:56+08:00 ] 127.0.0.1 /index.php/Admin/Operating/equipment_edit
INFO: [ app_init ] --START--
INFO: Run Behavior\BuildLiteBehavior [ RunTime:0.000000s ]
INFO: [ app_init ] --END-- [ RunTime:0.000000s ]
INFO: [ app_begin ] --START--
INFO: Run Behavior\ReadHtmlCacheBehavior [ RunTime:0.001000s ]
INFO: [ app_begin ] --END-- [ RunTime:0.001000s ]
SQL: SHOW COLUMNS FROM `equipment` [ RunTime:0.0010s ]
SQL: SELECT `uuid` FROM `equipment` WHERE `id` = 2 LIMIT 1   [ RunTime:0.0000s ]
SQL: SELECT * FROM `equipment` WHERE `id` = 2 LIMIT 1   [ RunTime:0.0000s ]
SQL: SELECT * FROM `equipment` WHERE `goods_id` = 4  [ RunTime:0.0010s ]
SQL: UPDATE `equipment` SET `id`='2',`price`='100',`time_limit`='38',`odds`='10',`odds2`='10',`odds3`='10',`odds4`='10',`odds5`='10',`level`='2' WHERE `id` = 2 [ RunTime:0.0490s ]
SQL: SHOW COLUMNS FROM `setting` [ RunTime:0.0010s ]
SQL: UPDATE `setting` SET `value`='(0   ,true ,true ,true ,1,true ,\"38\")' WHERE ( uuid in ('1ea6c85e-aaca-41d5-b879-22edbee46acb') and `key` = 'TIME_OF_GAME' ) [ RunTime:0.0410s ]
SQL: UPDATE `setting` SET `value`='(3   ,true ,true ,true ,1,true ,\"100\")' WHERE ( uuid in ('1ea6c85e-aaca-41d5-b879-22edbee46acb') and `key` = 'GAME_PRICE' ) [ RunTime:0.0410s ]
SQL: UPDATE `setting` SET `value`='(20   ,true ,true ,true ,1,true ,\"10\")' WHERE ( uuid in ('1ea6c85e-aaca-41d5-b879-22edbee46acb') and `key` = 'RATE' ) [ RunTime:0.0420s ]
SQL: UPDATE `equipment` SET `price`='100',`time_limit`='38',`odds`='10',`odds2`='10',`odds3`='10',`odds4`='10',`odds5`='10' WHERE ( id in (2) ) [ RunTime:0.0420s ]
INFO: [ view_parse ] --START--
INFO: [ template_filter ] --START--
INFO: Run Behavior\ContentReplaceBehavior [ RunTime:0.000000s ]
INFO: [ template_filter ] --END-- [ RunTime:0.000000s ]
INFO: Run Behavior\ParseTemplateBehavior [ RunTime:0.015001s ]
INFO: [ view_parse ] --END-- [ RunTime:0.015001s ]
INFO: [ view_filter ] --START--
INFO: Run Behavior\WriteHtmlCacheBehavior [ RunTime:0.000000s ]
INFO: [ view_filter ] --END-- [ RunTime:0.000000s ]
INFO: [ app_end ] --START--
INFO: Run Behavior\ShowPageTraceBehavior [ RunTime:0.001000s ]
INFO: [ app_end ] --END-- [ RunTime:0.001000s ]

[ 2018-06-29T14:37:57+08:00 ] 127.0.0.1 /index.php/Admin/Operating/operating.html
INFO: [ app_init ] --START--
INFO: Run Behavior\BuildLiteBehavior [ RunTime:0.000000s ]
INFO: [ app_init ] --END-- [ RunTime:0.000000s ]
INFO: [ app_begin ] --START--
INFO: Run Behavior\ReadHtmlCacheBehavior [ RunTime:0.000000s ]
INFO: [ app_begin ] --END-- [ RunTime:0.000000s ]
SQL: SHOW COLUMNS FROM `manager` [ RunTime:0.0010s ]
SQL: SELECT * FROM `manager` WHERE `pid` = 4  [ RunTime:0.0000s ]
SQL: SHOW COLUMNS FROM `equipment` [ RunTime:0.0010s ]
SQL: SELECT t1.*,t2.nickname,t2.equipment_ids,t3.*,t4.sn FROM equipment t1 left join manager as t2 on t1.owner = t2.id left join type as t3 on t3.type_id = t1.type left join machine as t4 on t4.uuid = t1.uuid  WHERE ( t1.pid = 4 or t1.pid in (5,6,7) )  [ RunTime:0.0010s ]
SQL: SHOW COLUMNS FROM `group` [ RunTime:0.0010s ]
SQL: SELECT * FROM `group` WHERE `pid` = 4  [ RunTime:0.0000s ]
SQL: SELECT `name` FROM `equipment` WHERE `group_id` = 82  [ RunTime:0.0010s ]
SQL: SELECT `nickname` FROM `manager` WHERE `group_id` = 82  [ RunTime:0.0000s ]
INFO: [ view_parse ] --START--
INFO: [ template_filter ] --START--
INFO: Run Behavior\ContentReplaceBehavior [ RunTime:0.000000s ]
INFO: [ template_filter ] --END-- [ RunTime:0.000000s ]
NOTIC: [8] Undefined index: equipment_small_img D:\WWW\machine\Application\Runtime\Cache\Admin\9f5fcf202bde3b55d6240837609bc485.php 第 130 行.
NOTIC: [8] Undefined index: equipment_small_img D:\WWW\machine\Application\Runtime\Cache\Admin\9f5fcf202bde3b55d6240837609bc485.php 第 130 行.
NOTIC: [8] Undefined index: equipment_small_img D:\WWW\machine\Application\Runtime\Cache\Admin\9f5fcf202bde3b55d6240837609bc485.php 第 130 行.
NOTIC: [8] Undefined index: equipment_small_img D:\WWW\machine\Application\Runtime\Cache\Admin\9f5fcf202bde3b55d6240837609bc485.php 第 130 行.
NOTIC: [8] Undefined index: equipment_small_img D:\WWW\machine\Application\Runtime\Cache\Admin\9f5fcf202bde3b55d6240837609bc485.php 第 130 行.
NOTIC: [8] Undefined index: equipment_small_img D:\WWW\machine\Application\Runtime\Cache\Admin\9f5fcf202bde3b55d6240837609bc485.php 第 130 行.
NOTIC: [8] Undefined index: equipment_small_img D:\WWW\machine\Application\Runtime\Cache\Admin\9f5fcf202bde3b55d6240837609bc485.php 第 130 行.
NOTIC: [8] Undefined index: article_author D:\WWW\machine\Application\Runtime\Cache\Admin\9f5fcf202bde3b55d6240837609bc485.php 第 169 行.
INFO: Run Behavior\ParseTemplateBehavior [ RunTime:0.060004s ]
INFO: [ view_parse ] --END-- [ RunTime:0.060004s ]
INFO: [ view_filter ] --START--
INFO: Run Behavior\WriteHtmlCacheBehavior [ RunTime:0.001000s ]
INFO: [ view_filter ] --END-- [ RunTime:0.001000s ]
INFO: [ app_end ] --START--
INFO: Run Behavior\ShowPageTraceBehavior [ RunTime:0.000000s ]
INFO: [ app_end ] --END-- [ RunTime:0.000000s ]

[ 2018-06-29T14:37:57+08:00 ] 127.0.0.1 /index.php/Admin/Operating/__PUBIC__/Admin/lib/jquery.validation/1.14.0/messages_zh.js
INFO: [ app_init ] --START--
INFO: Run Behavior\BuildLiteBehavior [ RunTime:0.000000s ]
INFO: [ app_init ] --END-- [ RunTime:0.000000s ]
INFO: [ app_begin ] --START--
INFO: Run Behavior\ReadHtmlCacheBehavior [ RunTime:0.001000s ]
INFO: [ app_begin ] --END-- [ RunTime:0.001000s ]
ERR: 非法操作:__PUBIC__

[ 2018-06-29T14:37:57+08:00 ] 127.0.0.1 /index.php/Admin/Operating/__PUBIC__/Admin/lib/jquery.validation/1.14.0/jquery.validate.js
INFO: [ app_init ] --START--
INFO: Run Behavior\BuildLiteBehavior [ RunTime:0.000000s ]
INFO: [ app_init ] --END-- [ RunTime:0.001000s ]
INFO: [ app_begin ] --START--
INFO: Run Behavior\ReadHtmlCacheBehavior [ RunTime:0.001000s ]
INFO: [ app_begin ] --END-- [ RunTime:0.001000s ]
ERR: 非法操作:__PUBIC__

[ 2018-06-29T14:37:57+08:00 ] 127.0.0.1 /index.php/Admin/Operating/__PUBIC__/Admin/lib/jquery.validation/1.14.0/validate-methods.js
INFO: [ app_init ] --START--
INFO: Run Behavior\BuildLiteBehavior [ RunTime:0.000000s ]
INFO: [ app_init ] --END-- [ RunTime:0.000000s ]
INFO: [ app_begin ] --START--
INFO: Run Behavior\ReadHtmlCacheBehavior [ RunTime:0.001000s ]
INFO: [ app_begin ] --END-- [ RunTime:0.001000s ]
ERR: 非法操作:__PUBIC__

[ 2018-06-29T14:37:57+08:00 ] 127.0.0.1 /index.php/Admin/Operating/__PUBIC__/Admin/lib/My97DatePicker/4.8/WdatePicker.js
INFO: [ app_init ] --START--
INFO: Run Behavior\BuildLiteBehavior [ RunTime:0.000000s ]
INFO: [ app_init ] --END-- [ RunTime:0.000000s ]
INFO: [ app_begin ] --START--
INFO: Run Behavior\ReadHtmlCacheBehavior [ RunTime:0.000000s ]
INFO: [ app_begin ] --END-- [ RunTime:0.000000s ]
ERR: 非法操作:__PUBIC__

[ 2018-06-29T14:37:57+08:00 ] 127.0.0.1 /index.php/Admin/Operating/__PUBIC__/Admin/lib/jquery.validation/1.14.0/jquery.validate.js
INFO: [ app_init ] --START--
INFO: Run Behavior\BuildLiteBehavior [ RunTime:0.000000s ]
INFO: [ app_init ] --END-- [ RunTime:0.000000s ]
INFO: [ app_begin ] --START--
INFO: Run Behavior\ReadHtmlCacheBehavior [ RunTime:0.000000s ]
INFO: [ app_begin ] --END-- [ RunTime:0.000000s ]
ERR: 非法操作:__PUBIC__

[ 2018-06-29T14:37:57+08:00 ] 127.0.0.1 /index.php/Admin/Operating/__PUBIC__/Admin/lib/jquery.validation/1.14.0/validate-methods.js
INFO: [ app_init ] --START--
INFO: Run Behavior\BuildLiteBehavior [ RunTime:0.000000s ]
INFO: [ app_init ] --END-- [ RunTime:0.000000s ]
INFO: [ app_begin ] --START--
INFO: Run Behavior\ReadHtmlCacheBehavior [ RunTime:0.000000s ]
INFO: [ app_begin ] --END-- [ RunTime:0.000000s ]
ERR: 非法操作:__PUBIC__

[ 2018-06-29T14:37:57+08:00 ] 127.0.0.1 /index.php/Admin/Operating/__PUBIC__/Admin/lib/jquery.validation/1.14.0/messages_zh.js
INFO: [ app_init ] --START--
INFO: Run Behavior\BuildLiteBehavior [ RunTime:0.000000s ]
INFO: [ app_init ] --END-- [ RunTime:0.001000s ]
INFO: [ app_begin ] --START--
INFO: Run Behavior\ReadHtmlCacheBehavior [ RunTime:0.001000s ]
INFO: [ app_begin ] --END-- [ RunTime:0.001000s ]
ERR: 非法操作:__PUBIC__

[ 2018-06-29T14:38:32+08:00 ] 127.0.0.1 /index.php/Admin/Operating/equipment_edit/id/2
INFO: [ app_init ] --START--
INFO: Run Behavior\BuildLiteBehavior [ RunTime:0.000000s ]
INFO: [ app_init ] --END-- [ RunTime:0.000000s ]
INFO: [ app_begin ] --START--
INFO: Run Behavior\ReadHtmlCacheBehavior [ RunTime:0.000000s ]
INFO: [ app_begin ] --END-- [ RunTime:0.000000s ]
SQL: SHOW COLUMNS FROM `equipment` [ RunTime:0.0010s ]
SQL: SELECT * FROM equipment t1 left join type as t2 on t1.type = t2. type_id  WHERE `id` = '2' LIMIT 1   [ RunTime:0.0010s ]
SQL: SHOW COLUMNS FROM `equipment` [ RunTime:0.0010s ]
SQL: SELECT * FROM `equipment` WHERE `goods_id` = 4  [ RunTime:0.0010s ]
SQL: SHOW COLUMNS FROM `type` [ RunTime:0.0000s ]
SQL: SELECT * FROM `type`  [ RunTime:0.0000s ]
INFO: [ view_parse ] --START--
INFO: [ template_filter ] --START--
INFO: Run Behavior\ContentReplaceBehavior [ RunTime:0.000000s ]
INFO: [ template_filter ] --END-- [ RunTime:0.000000s ]
INFO: Run Behavior\ParseTemplateBehavior [ RunTime:0.055003s ]
INFO: [ view_parse ] --END-- [ RunTime:0.055003s ]
INFO: [ view_filter ] --START--
INFO: Run Behavior\WriteHtmlCacheBehavior [ RunTime:0.001000s ]
INFO: [ view_filter ] --END-- [ RunTime:0.001000s ]
INFO: [ app_end ] --START--
INFO: Run Behavior\ShowPageTraceBehavior [ RunTime:0.000000s ]
INFO: [ app_end ] --END-- [ RunTime:0.000000s ]

[ 2018-06-29T15:03:01+08:00 ] 127.0.0.1 /index.php/Admin/Operating/__PUBIC__/Admin/lib/My97DatePicker/4.8/WdatePicker.js
INFO: [ app_init ] --START--
INFO: Run Behavior\BuildLiteBehavior [ RunTime:0.000000s ]
INFO: [ app_init ] --END-- [ RunTime:0.000000s ]
INFO: [ app_begin ] --START--
INFO: Run Behavior\ReadHtmlCacheBehavior [ RunTime:0.000000s ]
INFO: [ app_begin ] --END-- [ RunTime:0.000000s ]
ERR: 非法操作:__PUBIC__

[ 2018-06-29T15:03:01+08:00 ] 127.0.0.1 /index.php/Admin/Operating/__PUBIC__/Admin/lib/jquery.validation/1.14.0/jquery.validate.js
INFO: [ app_init ] --START--
INFO: Run Behavior\BuildLiteBehavior [ RunTime:0.000000s ]
INFO: [ app_init ] --END-- [ RunTime:0.001000s ]
INFO: [ app_begin ] --START--
INFO: Run Behavior\ReadHtmlCacheBehavior [ RunTime:0.001000s ]
INFO: [ app_begin ] --END-- [ RunTime:0.001000s ]
ERR: 非法操作:__PUBIC__

[ 2018-06-29T15:03:01+08:00 ] 127.0.0.1 /index.php/Admin/Operating/__PUBIC__/Admin/lib/jquery.validation/1.14.0/validate-methods.js
INFO: [ app_init ] --START--
INFO: Run Behavior\BuildLiteBehavior [ RunTime:0.000000s ]
INFO: [ app_init ] --END-- [ RunTime:0.000000s ]
INFO: [ app_begin ] --START--
INFO: Run Behavior\ReadHtmlCacheBehavior [ RunTime:0.001000s ]
INFO: [ app_begin ] --END-- [ RunTime:0.001000s ]
ERR: 非法操作:__PUBIC__

[ 2018-06-29T15:03:01+08:00 ] 127.0.0.1 /index.php/Admin/Operating/__PUBIC__/Admin/lib/jquery.validation/1.14.0/messages_zh.js
INFO: [ app_init ] --START--
INFO: Run Behavior\BuildLiteBehavior [ RunTime:0.000000s ]
INFO: [ app_init ] --END-- [ RunTime:0.000000s ]
INFO: [ app_begin ] --START--
INFO: Run Behavior\ReadHtmlCacheBehavior [ RunTime:0.001000s ]
INFO: [ app_begin ] --END-- [ RunTime:0.001000s ]
ERR: 非法操作:__PUBIC__

[ 2018-06-29T15:03:06+08:00 ] 127.0.0.1 /index.php/Admin/Operating/operating.html
INFO: [ app_init ] --START--
INFO: Run Behavior\BuildLiteBehavior [ RunTime:0.000000s ]
INFO: [ app_init ] --END-- [ RunTime:0.000000s ]
INFO: [ app_begin ] --START--
INFO: Run Behavior\ReadHtmlCacheBehavior [ RunTime:0.000000s ]
INFO: [ app_begin ] --END-- [ RunTime:0.000000s ]
SQL: SHOW COLUMNS FROM `manager` [ RunTime:0.0010s ]
SQL: SELECT * FROM `manager` WHERE `pid` = 4  [ RunTime:0.0010s ]
SQL: SHOW COLUMNS FROM `equipment` [ RunTime:0.0010s ]
SQL: SELECT t1.*,t2.nickname,t2.equipment_ids,t3.*,t4.sn FROM equipment t1 left join manager as t2 on t1.owner = t2.id left join type as t3 on t3.type_id = t1.type left join machine as t4 on t4.uuid = t1.uuid  WHERE ( t1.pid = 4 or t1.pid in (5,6,7) )  [ RunTime:0.0010s ]
SQL: SHOW COLUMNS FROM `group` [ RunTime:0.0010s ]
SQL: SELECT * FROM `group` WHERE `pid` = 4  [ RunTime:0.0010s ]
SQL: SELECT `name` FROM `equipment` WHERE `group_id` = 82  [ RunTime:0.0000s ]
SQL: SELECT `nickname` FROM `manager` WHERE `group_id` = 82  [ RunTime:0.0010s ]
INFO: [ view_parse ] --START--
INFO: [ template_filter ] --START--
INFO: Run Behavior\ContentReplaceBehavior [ RunTime:0.000000s ]
INFO: [ template_filter ] --END-- [ RunTime:0.000000s ]
NOTIC: [8] Undefined index: equipment_small_img D:\WWW\machine\Application\Runtime\Cache\Admin\9f5fcf202bde3b55d6240837609bc485.php 第 130 行.
NOTIC: [8] Undefined index: equipment_small_img D:\WWW\machine\Application\Runtime\Cache\Admin\9f5fcf202bde3b55d6240837609bc485.php 第 130 行.
NOTIC: [8] Undefined index: equipment_small_img D:\WWW\machine\Application\Runtime\Cache\Admin\9f5fcf202bde3b55d6240837609bc485.php 第 130 行.
NOTIC: [8] Undefined index: equipment_small_img D:\WWW\machine\Application\Runtime\Cache\Admin\9f5fcf202bde3b55d6240837609bc485.php 第 130 行.
NOTIC: [8] Undefined index: equipment_small_img D:\WWW\machine\Application\Runtime\Cache\Admin\9f5fcf202bde3b55d6240837609bc485.php 第 130 行.
NOTIC: [8] Undefined index: equipment_small_img D:\WWW\machine\Application\Runtime\Cache\Admin\9f5fcf202bde3b55d6240837609bc485.php 第 130 行.
NOTIC: [8] Undefined index: equipment_small_img D:\WWW\machine\Application\Runtime\Cache\Admin\9f5fcf202bde3b55d6240837609bc485.php 第 130 行.
NOTIC: [8] Undefined index: article_author D:\WWW\machine\Application\Runtime\Cache\Admin\9f5fcf202bde3b55d6240837609bc485.php 第 169 行.
INFO: Run Behavior\ParseTemplateBehavior [ RunTime:0.068004s ]
INFO: [ view_parse ] --END-- [ RunTime:0.068004s ]
INFO: [ view_filter ] --START--
INFO: Run Behavior\WriteHtmlCacheBehavior [ RunTime:0.001000s ]
INFO: [ view_filter ] --END-- [ RunTime:0.001000s ]
INFO: [ app_end ] --START--
INFO: Run Behavior\ShowPageTraceBehavior [ RunTime:0.000000s ]
INFO: [ app_end ] --END-- [ RunTime:0.000000s ]

[ 2018-06-29T15:03:06+08:00 ] 127.0.0.1 /index.php/Admin/Operating/__PUBIC__/Admin/lib/My97DatePicker/4.8/WdatePicker.js
INFO: [ app_init ] --START--
INFO: Run Behavior\BuildLiteBehavior [ RunTime:0.000000s ]
INFO: [ app_init ] --END-- [ RunTime:0.000000s ]
INFO: [ app_begin ] --START--
INFO: Run Behavior\ReadHtmlCacheBehavior [ RunTime:0.001000s ]
INFO: [ app_begin ] --END-- [ RunTime:0.001000s ]
ERR: 非法操作:__PUBIC__

[ 2018-06-29T15:03:06+08:00 ] 127.0.0.1 /index.php/Admin/Operating/__PUBIC__/Admin/lib/jquery.validation/1.14.0/validate-methods.js
INFO: [ app_init ] --START--
INFO: Run Behavior\BuildLiteBehavior [ RunTime:0.000000s ]
INFO: [ app_init ] --END-- [ RunTime:0.000000s ]
INFO: [ app_begin ] --START--
INFO: Run Behavior\ReadHtmlCacheBehavior [ RunTime:0.001000s ]
INFO: [ app_begin ] --END-- [ RunTime:0.001000s ]
ERR: 非法操作:__PUBIC__

[ 2018-06-29T15:03:07+08:00 ] 127.0.0.1 /index.php/Admin/Operating/__PUBIC__/Admin/lib/jquery.validation/1.14.0/jquery.validate.js
INFO: [ app_init ] --START--
INFO: Run Behavior\BuildLiteBehavior [ RunTime:0.000000s ]
INFO: [ app_init ] --END-- [ RunTime:0.000000s ]
INFO: [ app_begin ] --START--
INFO: Run Behavior\ReadHtmlCacheBehavior [ RunTime:0.001000s ]
INFO: [ app_begin ] --END-- [ RunTime:0.001000s ]
ERR: 非法操作:__PUBIC__

[ 2018-06-29T15:03:07+08:00 ] 127.0.0.1 /index.php/Admin/Operating/__PUBIC__/Admin/lib/jquery.validation/1.14.0/messages_zh.js
INFO: [ app_init ] --START--
INFO: Run Behavior\BuildLiteBehavior [ RunTime:0.000000s ]
INFO: [ app_init ] --END-- [ RunTime:0.000000s ]
INFO: [ app_begin ] --START--
INFO: Run Behavior\ReadHtmlCacheBehavior [ RunTime:0.000000s ]
INFO: [ app_begin ] --END-- [ RunTime:0.001000s ]
ERR: 非法操作:__PUBIC__

[ 2018-06-29T15:03:07+08:00 ] 127.0.0.1 /index.php/Admin/Operating/__PUBIC__/Admin/lib/jquery.validation/1.14.0/validate-methods.js
INFO: [ app_init ] --START--
INFO: Run Behavior\BuildLiteBehavior [ RunTime:0.000000s ]
INFO: [ app_init ] --END-- [ RunTime:0.000000s ]
INFO: [ app_begin ] --START--
INFO: Run Behavior\ReadHtmlCacheBehavior [ RunTime:0.000000s ]
INFO: [ app_begin ] --END-- [ RunTime:0.000000s ]
ERR: 非法操作:__PUBIC__

[ 2018-06-29T15:03:07+08:00 ] 127.0.0.1 /index.php/Admin/Operating/__PUBIC__/Admin/lib/jquery.validation/1.14.0/messages_zh.js
INFO: [ app_init ] --START--
INFO: Run Behavior\BuildLiteBehavior [ RunTime:0.000000s ]
INFO: [ app_init ] --END-- [ RunTime:0.001000s ]
INFO: [ app_begin ] --START--
INFO: Run Behavior\ReadHtmlCacheBehavior [ RunTime:0.001000s ]
INFO: [ app_begin ] --END-- [ RunTime:0.001000s ]
ERR: 非法操作:__PUBIC__

[ 2018-06-29T15:03:08+08:00 ] 127.0.0.1 /index.php/Admin/Operating/equipment_edit/id/2
INFO: [ app_init ] --START--
INFO: Run Behavior\BuildLiteBehavior [ RunTime:0.000000s ]
INFO: [ app_init ] --END-- [ RunTime:0.001000s ]
INFO: [ app_begin ] --START--
INFO: Run Behavior\ReadHtmlCacheBehavior [ RunTime:0.001000s ]
INFO: [ app_begin ] --END-- [ RunTime:0.001000s ]
SQL: SHOW COLUMNS FROM `equipment` [ RunTime:0.0010s ]
SQL: SELECT * FROM equipment t1 left join type as t2 on t1.type = t2. type_id  WHERE `id` = '2' LIMIT 1   [ RunTime:0.0010s ]
SQL: SHOW COLUMNS FROM `equipment` [ RunTime:0.0020s ]
SQL: SELECT * FROM `equipment` WHERE `goods_id` = 4  [ RunTime:0.0010s ]
SQL: SHOW COLUMNS FROM `type` [ RunTime:0.0010s ]
SQL: SELECT * FROM `type`  [ RunTime:0.0000s ]
INFO: [ view_parse ] --START--
INFO: [ template_filter ] --START--
INFO: Run Behavior\ContentReplaceBehavior [ RunTime:0.000000s ]
INFO: [ template_filter ] --END-- [ RunTime:0.000000s ]
INFO: Run Behavior\ParseTemplateBehavior [ RunTime:0.061004s ]
INFO: [ view_parse ] --END-- [ RunTime:0.061004s ]
INFO: [ view_filter ] --START--
INFO: Run Behavior\WriteHtmlCacheBehavior [ RunTime:0.001000s ]
INFO: [ view_filter ] --END-- [ RunTime:0.001000s ]
INFO: [ app_end ] --START--
INFO: Run Behavior\ShowPageTraceBehavior [ RunTime:0.000000s ]
INFO: [ app_end ] --END-- [ RunTime:0.000000s ]

[ 2018-06-29T15:03:17+08:00 ] 127.0.0.1 /index.php/Admin/Operating/equipment_edit
INFO: [ app_init ] --START--
INFO: Run Behavior\BuildLiteBehavior [ RunTime:0.000000s ]
INFO: [ app_init ] --END-- [ RunTime:0.000000s ]
INFO: [ app_begin ] --START--
INFO: Run Behavior\ReadHtmlCacheBehavior [ RunTime:0.000000s ]
INFO: [ app_begin ] --END-- [ RunTime:0.000000s ]
SQL: SHOW COLUMNS FROM `equipment` [ RunTime:0.0010s ]
SQL: SELECT `uuid` FROM `equipment` WHERE `id` = 2 LIMIT 1   [ RunTime:0.0010s ]
SQL: SELECT * FROM `equipment` WHERE `id` = 2 LIMIT 1   [ RunTime:0.0010s ]
SQL: SELECT * FROM `equipment` WHERE `goods_id` = 4  [ RunTime:0.0010s ]
SQL: UPDATE `equipment` SET `id`='2',`price`='100',`time_limit`='38',`odds`='20',`odds2`='20',`odds3`='20',`odds4`='20',`odds5`='20',`level`='2' WHERE `id` = 2 [ RunTime:0.0490s ]
SQL: SHOW COLUMNS FROM `setting` [ RunTime:0.0010s ]
SQL: UPDATE `setting` SET `value`='(0   ,true ,true ,true ,1,true ,\"38\")' WHERE ( uuid in ('1ea6c85e-aaca-41d5-b879-22edbee46acb') and `key` = 'TIME_OF_GAME' ) [ RunTime:0.0400s ]
SQL: UPDATE `setting` SET `value`='(3   ,true ,true ,true ,1,true ,\"100\")' WHERE ( uuid in ('1ea6c85e-aaca-41d5-b879-22edbee46acb') and `key` = 'GAME_PRICE' ) [ RunTime:0.0410s ]
SQL: UPDATE `setting` SET `value`='(20   ,true ,true ,true ,1,true ,\"20\")' WHERE ( uuid in ('1ea6c85e-aaca-41d5-b879-22edbee46acb') and `key` = 'RATE' ) [ RunTime:0.0420s ]
SQL: UPDATE `equipment` SET `price`='100',`time_limit`='38',`odds`='20',`odds2`='20',`odds3`='20',`odds4`='20',`odds5`='20' WHERE ( id in (2) ) [ RunTime:0.0420s ]
INFO: [ view_parse ] --START--
INFO: [ template_filter ] --START--
INFO: Run Behavior\ContentReplaceBehavior [ RunTime:0.000000s ]
INFO: [ template_filter ] --END-- [ RunTime:0.000000s ]
INFO: Run Behavior\ParseTemplateBehavior [ RunTime:0.021001s ]
INFO: [ view_parse ] --END-- [ RunTime:0.021001s ]
INFO: [ view_filter ] --START--
INFO: Run Behavior\WriteHtmlCacheBehavior [ RunTime:0.000000s ]
INFO: [ view_filter ] --END-- [ RunTime:0.000000s ]
INFO: [ app_end ] --START--
INFO: Run Behavior\ShowPageTraceBehavior [ RunTime:0.000000s ]
INFO: [ app_end ] --END-- [ RunTime:0.000000s ]

[ 2018-06-29T15:03:18+08:00 ] 127.0.0.1 /index.php/Admin/Operating/operating.html
INFO: [ app_init ] --START--
INFO: Run Behavior\BuildLiteBehavior [ RunTime:0.000000s ]
INFO: [ app_init ] --END-- [ RunTime:0.000000s ]
INFO: [ app_begin ] --START--
INFO: Run Behavior\ReadHtmlCacheBehavior [ RunTime:0.001000s ]
INFO: [ app_begin ] --END-- [ RunTime:0.001000s ]
SQL: SHOW COLUMNS FROM `manager` [ RunTime:0.0030s ]
SQL: SELECT * FROM `manager` WHERE `pid` = 4  [ RunTime:0.0010s ]
SQL: SHOW COLUMNS FROM `equipment` [ RunTime:0.0010s ]
SQL: SELECT t1.*,t2.nickname,t2.equipment_ids,t3.*,t4.sn FROM equipment t1 left join manager as t2 on t1.owner = t2.id left join type as t3 on t3.type_id = t1.type left join machine as t4 on t4.uuid = t1.uuid  WHERE ( t1.pid = 4 or t1.pid in (5,6,7) )  [ RunTime:0.0010s ]
SQL: SHOW COLUMNS FROM `group` [ RunTime:0.0010s ]
SQL: SELECT * FROM `group` WHERE `pid` = 4  [ RunTime:0.0000s ]
SQL: SELECT `name` FROM `equipment` WHERE `group_id` = 82  [ RunTime:0.0010s ]
SQL: SELECT `nickname` FROM `manager` WHERE `group_id` = 82  [ RunTime:0.0000s ]
INFO: [ view_parse ] --START--
INFO: [ template_filter ] --START--
INFO: Run Behavior\ContentReplaceBehavior [ RunTime:0.000000s ]
INFO: [ template_filter ] --END-- [ RunTime:0.000000s ]
NOTIC: [8] Undefined index: equipment_small_img D:\WWW\machine\Application\Runtime\Cache\Admin\9f5fcf202bde3b55d6240837609bc485.php 第 130 行.
NOTIC: [8] Undefined index: equipment_small_img D:\WWW\machine\Application\Runtime\Cache\Admin\9f5fcf202bde3b55d6240837609bc485.php 第 130 行.
NOTIC: [8] Undefined index: equipment_small_img D:\WWW\machine\Application\Runtime\Cache\Admin\9f5fcf202bde3b55d6240837609bc485.php 第 130 行.
NOTIC: [8] Undefined index: equipment_small_img D:\WWW\machine\Application\Runtime\Cache\Admin\9f5fcf202bde3b55d6240837609bc485.php 第 130 行.
NOTIC: [8] Undefined index: equipment_small_img D:\WWW\machine\Application\Runtime\Cache\Admin\9f5fcf202bde3b55d6240837609bc485.php 第 130 行.
NOTIC: [8] Undefined index: equipment_small_img D:\WWW\machine\Application\Runtime\Cache\Admin\9f5fcf202bde3b55d6240837609bc485.php 第 130 行.
NOTIC: [8] Undefined index: equipment_small_img D:\WWW\machine\Application\Runtime\Cache\Admin\9f5fcf202bde3b55d6240837609bc485.php 第 130 行.
NOTIC: [8] Undefined index: article_author D:\WWW\machine\Application\Runtime\Cache\Admin\9f5fcf202bde3b55d6240837609bc485.php 第 169 行.
INFO: Run Behavior\ParseTemplateBehavior [ RunTime:0.067004s ]
INFO: [ view_parse ] --END-- [ RunTime:0.067004s ]
INFO: [ view_filter ] --START--
INFO: Run Behavior\WriteHtmlCacheBehavior [ RunTime:0.000000s ]
INFO: [ view_filter ] --END-- [ RunTime:0.000000s ]
INFO: [ app_end ] --START--
INFO: Run Behavior\ShowPageTraceBehavior [ RunTime:0.000000s ]
INFO: [ app_end ] --END-- [ RunTime:0.000000s ]

[ 2018-06-29T15:03:19+08:00 ] 127.0.0.1 /index.php/Admin/Operating/__PUBIC__/Admin/lib/My97DatePicker/4.8/WdatePicker.js
INFO: [ app_init ] --START--
INFO: Run Behavior\BuildLiteBehavior [ RunTime:0.000000s ]
INFO: [ app_init ] --END-- [ RunTime:0.000000s ]
INFO: [ app_begin ] --START--
INFO: Run Behavior\ReadHtmlCacheBehavior [ RunTime:0.001000s ]
INFO: [ app_begin ] --END-- [ RunTime:0.001000s ]
ERR: 非法操作:__PUBIC__

[ 2018-06-29T15:03:19+08:00 ] 127.0.0.1 /index.php/Admin/Operating/__PUBIC__/Admin/lib/jquery.validation/1.14.0/messages_zh.js
INFO: [ app_init ] --START--
INFO: Run Behavior\BuildLiteBehavior [ RunTime:0.000000s ]
INFO: [ app_init ] --END-- [ RunTime:0.000000s ]
INFO: [ app_begin ] --START--
INFO: Run Behavior\ReadHtmlCacheBehavior [ RunTime:0.000000s ]
INFO: [ app_begin ] --END-- [ RunTime:0.000000s ]
ERR: 非法操作:__PUBIC__

[ 2018-06-29T15:03:19+08:00 ] 127.0.0.1 /index.php/Admin/Operating/__PUBIC__/Admin/lib/jquery.validation/1.14.0/jquery.validate.js
INFO: [ app_init ] --START--
INFO: Run Behavior\BuildLiteBehavior [ RunTime:0.000000s ]
INFO: [ app_init ] --END-- [ RunTime:0.001000s ]
INFO: [ app_begin ] --START--
INFO: Run Behavior\ReadHtmlCacheBehavior [ RunTime:0.001000s ]
INFO: [ app_begin ] --END-- [ RunTime:0.001000s ]
ERR: 非法操作:__PUBIC__

[ 2018-06-29T15:03:19+08:00 ] 127.0.0.1 /index.php/Admin/Operating/__PUBIC__/Admin/lib/jquery.validation/1.14.0/validate-methods.js
INFO: [ app_init ] --START--
INFO: Run Behavior\BuildLiteBehavior [ RunTime:0.000000s ]
INFO: [ app_init ] --END-- [ RunTime:0.000000s ]
INFO: [ app_begin ] --START--
INFO: Run Behavior\ReadHtmlCacheBehavior [ RunTime:0.001000s ]
INFO: [ app_begin ] --END-- [ RunTime:0.001000s ]
ERR: 非法操作:__PUBIC__

[ 2018-06-29T15:03:19+08:00 ] 127.0.0.1 /index.php/Admin/Operating/__PUBIC__/Admin/lib/My97DatePicker/4.8/WdatePicker.js
INFO: [ app_init ] --START--
INFO: Run Behavior\BuildLiteBehavior [ RunTime:0.000000s ]
INFO: [ app_init ] --END-- [ RunTime:0.000000s ]
INFO: [ app_begin ] --START--
INFO: Run Behavior\ReadHtmlCacheBehavior [ RunTime:0.000000s ]
INFO: [ app_begin ] --END-- [ RunTime:0.000000s ]
ERR: 非法操作:__PUBIC__

[ 2018-06-29T15:03:19+08:00 ] 127.0.0.1 /index.php/Admin/Operating/__PUBIC__/Admin/lib/jquery.validation/1.14.0/jquery.validate.js
INFO: [ app_init ] --START--
INFO: Run Behavior\BuildLiteBehavior [ RunTime:0.000000s ]
INFO: [ app_init ] --END-- [ RunTime:0.001000s ]
INFO: [ app_begin ] --START--
INFO: Run Behavior\ReadHtmlCacheBehavior [ RunTime:0.001000s ]
INFO: [ app_begin ] --END-- [ RunTime:0.001000s ]
ERR: 非法操作:__PUBIC__

[ 2018-06-29T15:03:19+08:00 ] 127.0.0.1 /index.php/Admin/Operating/__PUBIC__/Admin/lib/jquery.validation/1.14.0/validate-methods.js
INFO: [ app_init ] --START--
INFO: Run Behavior\BuildLiteBehavior [ RunTime:0.000000s ]
INFO: [ app_init ] --END-- [ RunTime:0.001000s ]
INFO: [ app_begin ] --START--
INFO: Run Behavior\ReadHtmlCacheBehavior [ RunTime:0.001000s ]
INFO: [ app_begin ] --END-- [ RunTime:0.001000s ]
ERR: 非法操作:__PUBIC__

[ 2018-06-29T15:03:19+08:00 ] 127.0.0.1 /index.php/Admin/Operating/__PUBIC__/Admin/lib/jquery.validation/1.14.0/messages_zh.js
INFO: [ app_init ] --START--
INFO: Run Behavior\BuildLiteBehavior [ RunTime:0.000000s ]
INFO: [ app_init ] --END-- [ RunTime:0.000000s ]
INFO: [ app_begin ] --START--
INFO: Run Behavior\ReadHtmlCacheBehavior [ RunTime:0.001001s ]
INFO: [ app_begin ] --END-- [ RunTime:0.001001s ]
ERR: 非法操作:__PUBIC__

[ 2018-06-29T15:03:35+08:00 ] 127.0.0.1 /index.php/Admin/Operating/equipment_edit/id/2
INFO: [ app_init ] --START--
INFO: Run Behavior\BuildLiteBehavior [ RunTime:0.000000s ]
INFO: [ app_init ] --END-- [ RunTime:0.000000s ]
INFO: [ app_begin ] --START--
INFO: Run Behavior\ReadHtmlCacheBehavior [ RunTime:0.000000s ]
INFO: [ app_begin ] --END-- [ RunTime:0.000000s ]
SQL: SHOW COLUMNS FROM `equipment` [ RunTime:0.0010s ]
SQL: SELECT * FROM equipment t1 left join type as t2 on t1.type = t2. type_id  WHERE `id` = '2' LIMIT 1   [ RunTime:0.0010s ]
SQL: SHOW COLUMNS FROM `equipment` [ RunTime:0.0010s ]
SQL: SELECT * FROM `equipment` WHERE `goods_id` = 4  [ RunTime:0.0010s ]
SQL: SHOW COLUMNS FROM `type` [ RunTime:0.0010s ]
SQL: SELECT * FROM `type`  [ RunTime:0.0000s ]
INFO: [ view_parse ] --START--
INFO: [ template_filter ] --START--
INFO: Run Behavior\ContentReplaceBehavior [ RunTime:0.000000s ]
INFO: [ template_filter ] --END-- [ RunTime:0.000000s ]
INFO: Run Behavior\ParseTemplateBehavior [ RunTime:0.058003s ]
INFO: [ view_parse ] --END-- [ RunTime:0.058003s ]
INFO: [ view_filter ] --START--
INFO: Run Behavior\WriteHtmlCacheBehavior [ RunTime:0.000000s ]
INFO: [ view_filter ] --END-- [ RunTime:0.000000s ]
INFO: [ app_end ] --START--
INFO: Run Behavior\ShowPageTraceBehavior [ RunTime:0.001000s ]
INFO: [ app_end ] --END-- [ RunTime:0.001000s ]

[ 2018-06-29T15:03:40+08:00 ] 127.0.0.1 /index.php/Admin/Operating/equipment_edit
INFO: [ app_init ] --START--
INFO: Run Behavior\BuildLiteBehavior [ RunTime:0.000000s ]
INFO: [ app_init ] --END-- [ RunTime:0.000000s ]
INFO: [ app_begin ] --START--
INFO: Run Behavior\ReadHtmlCacheBehavior [ RunTime:0.000000s ]
INFO: [ app_begin ] --END-- [ RunTime:0.000000s ]
SQL: SHOW COLUMNS FROM `equipment` [ RunTime:0.0020s ]
SQL: SELECT `uuid` FROM `equipment` WHERE `id` = 2 LIMIT 1   [ RunTime:0.0000s ]
SQL: SELECT * FROM `equipment` WHERE `id` = 2 LIMIT 1   [ RunTime:0.0000s ]
SQL: SELECT * FROM `equipment` WHERE `goods_id` = 4  [ RunTime:0.0010s ]
SQL: UPDATE `equipment` SET `id`='2',`price`='100',`time_limit`='38',`odds`='100',`odds2`='100',`odds3`='100',`odds4`='100',`odds5`='100',`level`='2' WHERE `id` = 2 [ RunTime:0.0550s ]
SQL: SHOW COLUMNS FROM `setting` [ RunTime:0.0010s ]
SQL: UPDATE `setting` SET `value`='(0   ,true ,true ,true ,1,true ,\"38\")' WHERE ( uuid in ('1ea6c85e-aaca-41d5-b879-22edbee46acb') and `key` = 'TIME_OF_GAME' ) [ RunTime:0.0410s ]
SQL: UPDATE `setting` SET `value`='(3   ,true ,true ,true ,1,true ,\"100\")' WHERE ( uuid in ('1ea6c85e-aaca-41d5-b879-22edbee46acb') and `key` = 'GAME_PRICE' ) [ RunTime:0.0410s ]
SQL: UPDATE `setting` SET `value`='(20   ,true ,true ,true ,1,true ,\"100\")' WHERE ( uuid in ('1ea6c85e-aaca-41d5-b879-22edbee46acb') and `key` = 'RATE' ) [ RunTime:0.0420s ]
SQL: UPDATE `equipment` SET `price`='100',`time_limit`='38',`odds`='100',`odds2`='100',`odds3`='100',`odds4`='100',`odds5`='100' WHERE ( id in (2) ) [ RunTime:0.0420s ]
INFO: [ view_parse ] --START--
INFO: [ template_filter ] --START--
INFO: Run Behavior\ContentReplaceBehavior [ RunTime:0.000000s ]
INFO: [ template_filter ] --END-- [ RunTime:0.000000s ]
INFO: Run Behavior\ParseTemplateBehavior [ RunTime:0.007001s ]
INFO: [ view_parse ] --END-- [ RunTime:0.007001s ]
INFO: [ view_filter ] --START--
INFO: Run Behavior\WriteHtmlCacheBehavior [ RunTime:0.001000s ]
INFO: [ view_filter ] --END-- [ RunTime:0.001000s ]
INFO: [ app_end ] --START--
INFO: Run Behavior\ShowPageTraceBehavior [ RunTime:0.001000s ]
INFO: [ app_end ] --END-- [ RunTime:0.001000s ]

[ 2018-06-29T15:03:41+08:00 ] 127.0.0.1 /index.php/Admin/Operating/operating.html
INFO: [ app_init ] --START--
INFO: Run Behavior\BuildLiteBehavior [ RunTime:0.000000s ]
INFO: [ app_init ] --END-- [ RunTime:0.000000s ]
INFO: [ app_begin ] --START--
INFO: Run Behavior\ReadHtmlCacheBehavior [ RunTime:0.000000s ]
INFO: [ app_begin ] --END-- [ RunTime:0.000000s ]
SQL: SHOW COLUMNS FROM `manager` [ RunTime:0.0010s ]
SQL: SELECT * FROM `manager` WHERE `pid` = 4  [ RunTime:0.0010s ]
SQL: SHOW COLUMNS FROM `equipment` [ RunTime:0.0010s ]
SQL: SELECT t1.*,t2.nickname,t2.equipment_ids,t3.*,t4.sn FROM equipment t1 left join manager as t2 on t1.owner = t2.id left join type as t3 on t3.type_id = t1.type left join machine as t4 on t4.uuid = t1.uuid  WHERE ( t1.pid = 4 or t1.pid in (5,6,7) )  [ RunTime:0.0020s ]
SQL: SHOW COLUMNS FROM `group` [ RunTime:0.0010s ]
SQL: SELECT * FROM `group` WHERE `pid` = 4  [ RunTime:0.0000s ]
SQL: SELECT `name` FROM `equipment` WHERE `group_id` = 82  [ RunTime:0.0010s ]
SQL: SELECT `nickname` FROM `manager` WHERE `group_id` = 82  [ RunTime:0.0000s ]
INFO: [ view_parse ] --START--
INFO: [ template_filter ] --START--
INFO: Run Behavior\ContentReplaceBehavior [ RunTime:0.000000s ]
INFO: [ template_filter ] --END-- [ RunTime:0.000000s ]
NOTIC: [8] Undefined index: equipment_small_img D:\WWW\machine\Application\Runtime\Cache\Admin\9f5fcf202bde3b55d6240837609bc485.php 第 130 行.
NOTIC: [8] Undefined index: equipment_small_img D:\WWW\machine\Application\Runtime\Cache\Admin\9f5fcf202bde3b55d6240837609bc485.php 第 130 行.
NOTIC: [8] Undefined index: equipment_small_img D:\WWW\machine\Application\Runtime\Cache\Admin\9f5fcf202bde3b55d6240837609bc485.php 第 130 行.
NOTIC: [8] Undefined index: equipment_small_img D:\WWW\machine\Application\Runtime\Cache\Admin\9f5fcf202bde3b55d6240837609bc485.php 第 130 行.
NOTIC: [8] Undefined index: equipment_small_img D:\WWW\machine\Application\Runtime\Cache\Admin\9f5fcf202bde3b55d6240837609bc485.php 第 130 行.
NOTIC: [8] Undefined index: equipment_small_img D:\WWW\machine\Application\Runtime\Cache\Admin\9f5fcf202bde3b55d6240837609bc485.php 第 130 行.
NOTIC: [8] Undefined index: equipment_small_img D:\WWW\machine\Application\Runtime\Cache\Admin\9f5fcf202bde3b55d6240837609bc485.php 第 130 行.
NOTIC: [8] Undefined index: article_author D:\WWW\machine\Application\Runtime\Cache\Admin\9f5fcf202bde3b55d6240837609bc485.php 第 169 行.
INFO: Run Behavior\ParseTemplateBehavior [ RunTime:0.077004s ]
INFO: [ view_parse ] --END-- [ RunTime:0.077004s ]
INFO: [ view_filter ] --START--
INFO: Run Behavior\WriteHtmlCacheBehavior [ RunTime:0.001000s ]
INFO: [ view_filter ] --END-- [ RunTime:0.001000s ]
INFO: [ app_end ] --START--
INFO: Run Behavior\ShowPageTraceBehavior [ RunTime:0.000000s ]
INFO: [ app_end ] --END-- [ RunTime:0.000000s ]

[ 2018-06-29T15:03:41+08:00 ] 127.0.0.1 /index.php/Admin/Operating/__PUBIC__/Admin/lib/jquery.validation/1.14.0/jquery.validate.js
INFO: [ app_init ] --START--
INFO: Run Behavior\BuildLiteBehavior [ RunTime:0.000000s ]
INFO: [ app_init ] --END-- [ RunTime:0.001000s ]
INFO: [ app_begin ] --START--
INFO: Run Behavior\ReadHtmlCacheBehavior [ RunTime:0.001000s ]
INFO: [ app_begin ] --END-- [ RunTime:0.001000s ]
ERR: 非法操作:__PUBIC__

[ 2018-06-29T15:03:41+08:00 ] 127.0.0.1 /index.php/Admin/Operating/__PUBIC__/Admin/lib/jquery.validation/1.14.0/messages_zh.js
INFO: [ app_init ] --START--
INFO: Run Behavior\BuildLiteBehavior [ RunTime:0.000000s ]
INFO: [ app_init ] --END-- [ RunTime:0.001000s ]
INFO: [ app_begin ] --START--
INFO: Run Behavior\ReadHtmlCacheBehavior [ RunTime:0.001000s ]
INFO: [ app_begin ] --END-- [ RunTime:0.001000s ]
ERR: 非法操作:__PUBIC__

[ 2018-06-29T15:03:41+08:00 ] 127.0.0.1 /index.php/Admin/Operating/__PUBIC__/Admin/lib/jquery.validation/1.14.0/validate-methods.js
INFO: [ app_init ] --START--
INFO: Run Behavior\BuildLiteBehavior [ RunTime:0.000000s ]
INFO: [ app_init ] --END-- [ RunTime:0.001000s ]
INFO: [ app_begin ] --START--
INFO: Run Behavior\ReadHtmlCacheBehavior [ RunTime:0.001000s ]
INFO: [ app_begin ] --END-- [ RunTime:0.001000s ]
ERR: 非法操作:__PUBIC__

[ 2018-06-29T15:03:41+08:00 ] 127.0.0.1 /index.php/Admin/Operating/__PUBIC__/Admin/lib/My97DatePicker/4.8/WdatePicker.js
INFO: [ app_init ] --START--
INFO: Run Behavior\BuildLiteBehavior [ RunTime:0.000000s ]
INFO: [ app_init ] --END-- [ RunTime:0.000000s ]
INFO: [ app_begin ] --START--
INFO: Run Behavior\ReadHtmlCacheBehavior [ RunTime:0.001000s ]
INFO: [ app_begin ] --END-- [ RunTime:0.001000s ]
ERR: 非法操作:__PUBIC__

[ 2018-06-29T15:03:41+08:00 ] 127.0.0.1 /index.php/Admin/Operating/__PUBIC__/Admin/lib/jquery.validation/1.14.0/jquery.validate.js
INFO: [ app_init ] --START--
INFO: Run Behavior\BuildLiteBehavior [ RunTime:0.000000s ]
INFO: [ app_init ] --END-- [ RunTime:0.000000s ]
INFO: [ app_begin ] --START--
INFO: Run Behavior\ReadHtmlCacheBehavior [ RunTime:0.000000s ]
INFO: [ app_begin ] --END-- [ RunTime:0.000000s ]
ERR: 非法操作:__PUBIC__

[ 2018-06-29T15:03:41+08:00 ] 127.0.0.1 /index.php/Admin/Operating/__PUBIC__/Admin/lib/jquery.validation/1.14.0/validate-methods.js
INFO: [ app_init ] --START--
INFO: Run Behavior\BuildLiteBehavior [ RunTime:0.000000s ]
INFO: [ app_init ] --END-- [ RunTime:0.000000s ]
INFO: [ app_begin ] --START--
INFO: Run Behavior\ReadHtmlCacheBehavior [ RunTime:0.001000s ]
INFO: [ app_begin ] --END-- [ RunTime:0.001000s ]
ERR: 非法操作:__PUBIC__

[ 2018-06-29T15:03:41+08:00 ] 127.0.0.1 /index.php/Admin/Operating/__PUBIC__/Admin/lib/jquery.validation/1.14.0/messages_zh.js
INFO: [ app_init ] --START--
INFO: Run Behavior\BuildLiteBehavior [ RunTime:0.000000s ]
INFO: [ app_init ] --END-- [ RunTime:0.000000s ]
INFO: [ app_begin ] --START--
INFO: Run Behavior\ReadHtmlCacheBehavior [ RunTime:0.000000s ]
INFO: [ app_begin ] --END-- [ RunTime:0.000000s ]
ERR: 非法操作:__PUBIC__

[ 2018-06-29T15:05:09+08:00 ] 127.0.0.1 /index.php/Admin/Operating/operating.html
INFO: [ app_init ] --START--
INFO: Run Behavior\BuildLiteBehavior [ RunTime:0.000000s ]
INFO: [ app_init ] --END-- [ RunTime:0.000000s ]
INFO: [ app_begin ] --START--
INFO: Run Behavior\ReadHtmlCacheBehavior [ RunTime:0.000000s ]
INFO: [ app_begin ] --END-- [ RunTime:0.000000s ]
SQL: SHOW COLUMNS FROM `manager` [ RunTime:0.0020s ]
SQL: SELECT * FROM `manager` WHERE `pid` = 4  [ RunTime:0.0010s ]
SQL: SHOW COLUMNS FROM `equipment` [ RunTime:0.0010s ]
SQL: SELECT t1.*,t2.nickname,t2.equipment_ids,t3.*,t4.sn FROM equipment t1 left join manager as t2 on t1.owner = t2.id left join type as t3 on t3.type_id = t1.type left join machine as t4 on t4.uuid = t1.uuid  WHERE ( t1.pid = 4 or t1.pid in (5,6,7) )  [ RunTime:0.0020s ]
SQL: SHOW COLUMNS FROM `group` [ RunTime:0.0010s ]
SQL: SELECT * FROM `group` WHERE `pid` = 4  [ RunTime:0.0010s ]
SQL: SELECT `name` FROM `equipment` WHERE `group_id` = 82  [ RunTime:0.0010s ]
SQL: SELECT `nickname` FROM `manager` WHERE `group_id` = 82  [ RunTime:0.0000s ]
INFO: [ view_parse ] --START--
INFO: [ template_filter ] --START--
INFO: Run Behavior\ContentReplaceBehavior [ RunTime:0.000000s ]
INFO: [ template_filter ] --END-- [ RunTime:0.001000s ]
NOTIC: [8] Undefined index: equipment_small_img D:\WWW\machine\Application\Runtime\Cache\Admin\9f5fcf202bde3b55d6240837609bc485.php 第 130 行.
NOTIC: [8] Undefined index: equipment_small_img D:\WWW\machine\Application\Runtime\Cache\Admin\9f5fcf202bde3b55d6240837609bc485.php 第 130 行.
NOTIC: [8] Undefined index: equipment_small_img D:\WWW\machine\Application\Runtime\Cache\Admin\9f5fcf202bde3b55d6240837609bc485.php 第 130 行.
NOTIC: [8] Undefined index: equipment_small_img D:\WWW\machine\Application\Runtime\Cache\Admin\9f5fcf202bde3b55d6240837609bc485.php 第 130 行.
NOTIC: [8] Undefined index: equipment_small_img D:\WWW\machine\Application\Runtime\Cache\Admin\9f5fcf202bde3b55d6240837609bc485.php 第 130 行.
NOTIC: [8] Undefined index: equipment_small_img D:\WWW\machine\Application\Runtime\Cache\Admin\9f5fcf202bde3b55d6240837609bc485.php 第 130 行.
NOTIC: [8] Undefined index: equipment_small_img D:\WWW\machine\Application\Runtime\Cache\Admin\9f5fcf202bde3b55d6240837609bc485.php 第 130 行.
NOTIC: [8] Undefined index: article_author D:\WWW\machine\Application\Runtime\Cache\Admin\9f5fcf202bde3b55d6240837609bc485.php 第 169 行.
INFO: Run Behavior\ParseTemplateBehavior [ RunTime:0.066004s ]
INFO: [ view_parse ] --END-- [ RunTime:0.067004s ]
INFO: [ view_filter ] --START--
INFO: Run Behavior\WriteHtmlCacheBehavior [ RunTime:0.000000s ]
INFO: [ view_filter ] --END-- [ RunTime:0.000000s ]
INFO: [ app_end ] --START--
INFO: Run Behavior\ShowPageTraceBehavior [ RunTime:0.001000s ]
INFO: [ app_end ] --END-- [ RunTime:0.001000s ]

[ 2018-06-29T15:05:09+08:00 ] 127.0.0.1 /index.php/Admin/Operating/__PUBIC__/Admin/lib/jquery.validation/1.14.0/validate-methods.js
INFO: [ app_init ] --START--
INFO: Run Behavior\BuildLiteBehavior [ RunTime:0.000000s ]
INFO: [ app_init ] --END-- [ RunTime:0.000000s ]
INFO: [ app_begin ] --START--
INFO: Run Behavior\ReadHtmlCacheBehavior [ RunTime:0.000000s ]
INFO: [ app_begin ] --END-- [ RunTime:0.000000s ]
ERR: 非法操作:__PUBIC__

[ 2018-06-29T15:05:09+08:00 ] 127.0.0.1 /index.php/Admin/Operating/__PUBIC__/Admin/lib/jquery.validation/1.14.0/messages_zh.js
INFO: [ app_init ] --START--
INFO: Run Behavior\BuildLiteBehavior [ RunTime:0.000000s ]
INFO: [ app_init ] --END-- [ RunTime:0.000000s ]
INFO: [ app_begin ] --START--
INFO: Run Behavior\ReadHtmlCacheBehavior [ RunTime:0.001000s ]
INFO: [ app_begin ] --END-- [ RunTime:0.001000s ]
ERR: 非法操作:__PUBIC__

[ 2018-06-29T15:05:09+08:00 ] 127.0.0.1 /index.php/Admin/Operating/__PUBIC__/Admin/lib/My97DatePicker/4.8/WdatePicker.js
INFO: [ app_init ] --START--
INFO: Run Behavior\BuildLiteBehavior [ RunTime:0.000000s ]
INFO: [ app_init ] --END-- [ RunTime:0.000000s ]
INFO: [ app_begin ] --START--
INFO: Run Behavior\ReadHtmlCacheBehavior [ RunTime:0.003000s ]
INFO: [ app_begin ] --END-- [ RunTime:0.004000s ]
ERR: 非法操作:__PUBIC__

[ 2018-06-29T15:05:09+08:00 ] 127.0.0.1 /index.php/Admin/Operating/__PUBIC__/Admin/lib/jquery.validation/1.14.0/jquery.validate.js
INFO: [ app_init ] --START--
INFO: Run Behavior\BuildLiteBehavior [ RunTime:0.000000s ]
INFO: [ app_init ] --END-- [ RunTime:0.000000s ]
INFO: [ app_begin ] --START--
INFO: Run Behavior\ReadHtmlCacheBehavior [ RunTime:0.001000s ]
INFO: [ app_begin ] --END-- [ RunTime:0.001000s ]
ERR: 非法操作:__PUBIC__

[ 2018-06-29T15:05:09+08:00 ] 127.0.0.1 /index.php/Admin/Operating/__PUBIC__/Admin/lib/jquery.validation/1.14.0/validate-methods.js
INFO: [ app_init ] --START--
INFO: Run Behavior\BuildLiteBehavior [ RunTime:0.000000s ]
INFO: [ app_init ] --END-- [ RunTime:0.001000s ]
INFO: [ app_begin ] --START--
INFO: Run Behavior\ReadHtmlCacheBehavior [ RunTime:0.001000s ]
INFO: [ app_begin ] --END-- [ RunTime:0.001000s ]
ERR: 非法操作:__PUBIC__

[ 2018-06-29T15:05:09+08:00 ] 127.0.0.1 /index.php/Admin/Operating/__PUBIC__/Admin/lib/jquery.validation/1.14.0/messages_zh.js
INFO: [ app_init ] --START--
INFO: Run Behavior\BuildLiteBehavior [ RunTime:0.000000s ]
INFO: [ app_init ] --END-- [ RunTime:0.000000s ]
INFO: [ app_begin ] --START--
INFO: Run Behavior\ReadHtmlCacheBehavior [ RunTime:0.000000s ]
INFO: [ app_begin ] --END-- [ RunTime:0.000000s ]
ERR: 非法操作:__PUBIC__

[ 2018-06-29T15:05:22+08:00 ] 127.0.0.1 /index.php/Admin/Operating/operating.html
INFO: [ app_init ] --START--
INFO: Run Behavior\BuildLiteBehavior [ RunTime:0.000000s ]
INFO: [ app_init ] --END-- [ RunTime:0.000000s ]
INFO: [ app_begin ] --START--
INFO: Run Behavior\ReadHtmlCacheBehavior [ RunTime:0.000000s ]
INFO: [ app_begin ] --END-- [ RunTime:0.000000s ]
SQL: SHOW COLUMNS FROM `manager` [ RunTime:0.0010s ]
SQL: SELECT * FROM `manager` WHERE `pid` = 4  [ RunTime:0.0010s ]
SQL: SHOW COLUMNS FROM `equipment` [ RunTime:0.0010s ]
SQL: SELECT t1.*,t2.nickname,t2.equipment_ids,t3.*,t4.sn FROM equipment t1 left join manager as t2 on t1.owner = t2.id left join type as t3 on t3.type_id = t1.type left join machine as t4 on t4.uuid = t1.uuid  WHERE ( t1.pid = 4 or t1.pid in (5,6,7) )  [ RunTime:0.0010s ]
SQL: SHOW COLUMNS FROM `group` [ RunTime:0.0000s ]
SQL: SELECT * FROM `group` WHERE `pid` = 4  [ RunTime:0.0010s ]
SQL: SELECT `name` FROM `equipment` WHERE `group_id` = 82  [ RunTime:0.0000s ]
SQL: SELECT `nickname` FROM `manager` WHERE `group_id` = 82  [ RunTime:0.0010s ]
INFO: [ view_parse ] --START--
INFO: [ template_filter ] --START--
INFO: Run Behavior\ContentReplaceBehavior [ RunTime:0.000000s ]
INFO: [ template_filter ] --END-- [ RunTime:0.000000s ]
NOTIC: [8] Undefined index: equipment_small_img D:\WWW\machine\Application\Runtime\Cache\Admin\9f5fcf202bde3b55d6240837609bc485.php 第 130 行.
NOTIC: [8] Undefined index: equipment_small_img D:\WWW\machine\Application\Runtime\Cache\Admin\9f5fcf202bde3b55d6240837609bc485.php 第 130 行.
NOTIC: [8] Undefined index: equipment_small_img D:\WWW\machine\Application\Runtime\Cache\Admin\9f5fcf202bde3b55d6240837609bc485.php 第 130 行.
NOTIC: [8] Undefined index: equipment_small_img D:\WWW\machine\Application\Runtime\Cache\Admin\9f5fcf202bde3b55d6240837609bc485.php 第 130 行.
NOTIC: [8] Undefined index: equipment_small_img D:\WWW\machine\Application\Runtime\Cache\Admin\9f5fcf202bde3b55d6240837609bc485.php 第 130 行.
NOTIC: [8] Undefined index: equipment_small_img D:\WWW\machine\Application\Runtime\Cache\Admin\9f5fcf202bde3b55d6240837609bc485.php 第 130 行.
NOTIC: [8] Undefined index: equipment_small_img D:\WWW\machine\Application\Runtime\Cache\Admin\9f5fcf202bde3b55d6240837609bc485.php 第 130 行.
NOTIC: [8] Undefined index: article_author D:\WWW\machine\Application\Runtime\Cache\Admin\9f5fcf202bde3b55d6240837609bc485.php 第 169 行.
INFO: Run Behavior\ParseTemplateBehavior [ RunTime:0.061003s ]
INFO: [ view_parse ] --END-- [ RunTime:0.061003s ]
INFO: [ view_filter ] --START--
INFO: Run Behavior\WriteHtmlCacheBehavior [ RunTime:0.001000s ]
INFO: [ view_filter ] --END-- [ RunTime:0.001000s ]
INFO: [ app_end ] --START--
INFO: Run Behavior\ShowPageTraceBehavior [ RunTime:0.001000s ]
INFO: [ app_end ] --END-- [ RunTime:0.001000s ]

[ 2018-06-29T15:05:22+08:00 ] 127.0.0.1 /index.php/Admin/Operating/__PUBIC__/Admin/lib/jquery.validation/1.14.0/jquery.validate.js
INFO: [ app_init ] --START--
INFO: Run Behavior\BuildLiteBehavior [ RunTime:0.000000s ]
INFO: [ app_init ] --END-- [ RunTime:0.000000s ]
INFO: [ app_begin ] --START--
INFO: Run Behavior\ReadHtmlCacheBehavior [ RunTime:0.002000s ]
INFO: [ app_begin ] --END-- [ RunTime:0.002000s ]
ERR: 非法操作:__PUBIC__

[ 2018-06-29T15:05:22+08:00 ] 127.0.0.1 /index.php/Admin/Operating/__PUBIC__/Admin/lib/My97DatePicker/4.8/WdatePicker.js
INFO: [ app_init ] --START--
INFO: Run Behavior\BuildLiteBehavior [ RunTime:0.000000s ]
INFO: [ app_init ] --END-- [ RunTime:0.000000s ]
INFO: [ app_begin ] --START--
INFO: Run Behavior\ReadHtmlCacheBehavior [ RunTime:0.000000s ]
INFO: [ app_begin ] --END-- [ RunTime:0.000000s ]
ERR: 非法操作:__PUBIC__

[ 2018-06-29T15:05:22+08:00 ] 127.0.0.1 /index.php/Admin/Operating/__PUBIC__/Admin/lib/jquery.validation/1.14.0/messages_zh.js
INFO: [ app_init ] --START--
INFO: Run Behavior\BuildLiteBehavior [ RunTime:0.000000s ]
INFO: [ app_init ] --END-- [ RunTime:0.001000s ]
INFO: [ app_begin ] --START--
INFO: Run Behavior\ReadHtmlCacheBehavior [ RunTime:0.001000s ]
INFO: [ app_begin ] --END-- [ RunTime:0.001000s ]
ERR: 非法操作:__PUBIC__

[ 2018-06-29T15:05:22+08:00 ] 127.0.0.1 /index.php/Admin/Operating/__PUBIC__/Admin/lib/jquery.validation/1.14.0/validate-methods.js
INFO: [ app_init ] --START--
INFO: Run Behavior\BuildLiteBehavior [ RunTime:0.000000s ]
INFO: [ app_init ] --END-- [ RunTime:0.000000s ]
INFO: [ app_begin ] --START--
INFO: Run Behavior\ReadHtmlCacheBehavior [ RunTime:0.000000s ]
INFO: [ app_begin ] --END-- [ RunTime:0.000000s ]
ERR: 非法操作:__PUBIC__

[ 2018-06-29T15:05:22+08:00 ] 127.0.0.1 /index.php/Admin/Operating/__PUBIC__/Admin/lib/jquery.validation/1.14.0/jquery.validate.js
INFO: [ app_init ] --START--
INFO: Run Behavior\BuildLiteBehavior [ RunTime:0.000000s ]
INFO: [ app_init ] --END-- [ RunTime:0.001000s ]
INFO: [ app_begin ] --START--
INFO: Run Behavior\ReadHtmlCacheBehavior [ RunTime:0.001000s ]
INFO: [ app_begin ] --END-- [ RunTime:0.001000s ]
ERR: 非法操作:__PUBIC__

[ 2018-06-29T15:05:22+08:00 ] 127.0.0.1 /index.php/Admin/Operating/__PUBIC__/Admin/lib/jquery.validation/1.14.0/validate-methods.js
INFO: [ app_init ] --START--
INFO: Run Behavior\BuildLiteBehavior [ RunTime:0.000000s ]
INFO: [ app_init ] --END-- [ RunTime:0.000000s ]
INFO: [ app_begin ] --START--
INFO: Run Behavior\ReadHtmlCacheBehavior [ RunTime:0.000000s ]
INFO: [ app_begin ] --END-- [ RunTime:0.001000s ]
ERR: 非法操作:__PUBIC__

[ 2018-06-29T15:05:22+08:00 ] 127.0.0.1 /index.php/Admin/Operating/__PUBIC__/Admin/lib/jquery.validation/1.14.0/messages_zh.js
INFO: [ app_init ] --START--
INFO: Run Behavior\BuildLiteBehavior [ RunTime:0.000000s ]
INFO: [ app_init ] --END-- [ RunTime:0.000000s ]
INFO: [ app_begin ] --START--
INFO: Run Behavior\ReadHtmlCacheBehavior [ RunTime:0.000000s ]
INFO: [ app_begin ] --END-- [ RunTime:0.000000s ]
ERR: 非法操作:__PUBIC__

